0.00e+00, -9.373436719e-05, -9.373436719e-05, -9.373436719e-05, -1.874687344e-04
1.00e-01, -9.302313465e-03, -9.302313465e-03, -9.302313465e-03, -1.860462693e-02
2.00e-01, -1.815975288e-02, -1.815975288e-02, -1.815975288e-02, -3.631950576e-02
3.00e-01, -2.663544941e-02, -2.663544941e-02, -2.663544941e-02, -5.327089883e-02
4.00e-01, -3.470711516e-02, -3.470711516e-02, -3.470711516e-02, -6.941423033e-02
5.00e-01, -4.236049917e-02, -4.236049917e-02, -4.236049917e-02, -8.472099834e-02
6.00e-01, -4.958881524e-02, -4.958881524e-02, -4.958881524e-02, -9.917763048e-02
7.00e-01, -5.639195593e-02, -5.639195593e-02, -5.639195592e-02, -1.127839118e-01
8.00e-01, -6.277557297e-02, -6.277557300e-02, -6.277557293e-02, -1.255511459e-01
9.00e-01, -6.875009706e-02, -6.875009713e-02, -6.875009697e-02, -1.375001941e-01
1.00e+00, -7.432975900e-02, -7.432975910e-02, -7.432975886e-02, -1.486595180e-01
1.10e+00, -7.953166019e-02, -7.953166031e-02, -7.953166001e-02, -1.590633203e-01
1.20e+00, -8.437492564e-02, -8.437492577e-02, -8.437492540e-02, -1.687498512e-01
1.30e+00, -8.887995949e-02, -8.887995963e-02, -8.887995921e-02, -1.777599189e-01
1.40e+00, -9.306781209e-02, -9.306781222e-02, -9.306781176e-02, -1.861356240e-01
1.50e+00, -9.695965888e-02, -9.695965900e-02, -9.695965849e-02, -1.939193176e-01
1.60e+00, -1.005763856e-01, -1.005763857e-01, -1.005763851e-01, -2.011527709e-01
1.70e+00, -1.039382698e-01, -1.039382699e-01, -1.039382694e-01, -2.078765394e-01
1.80e+00, -1.070647481e-01, -1.070647481e-01, -1.070647475e-01, -2.141294958e-01
1.90e+00, -1.099742553e-01, -1.099742554e-01, -1.099742547e-01, -2.199485103e-01
2.00e+00, -1.126841211e-01, -1.126841212e-01, -1.126841206e-01, -2.253682419e-01
2.10e+00, -1.152105170e-01, -1.152105171e-01, -1.152105164e-01, -2.304210337e-01
2.20e+00, -1.175684424e-01, -1.175684426e-01, -1.175684418e-01, -2.351368845e-01
2.30e+00, -1.197717385e-01, -1.197717387e-01, -1.197717379e-01, -2.395434768e-01
2.40e+00, -1.218331234e-01, -1.218331236e-01, -1.218331227e-01, -2.436662465e-01
2.50e+00, -1.237642424e-01, -1.237642424e-01, -1.237642415e-01, -2.475284842e-01
2.60e+00, -1.255757280e-01, -1.255757280e-01, -1.255757270e-01, -2.511514553e-01
2.70e+00, -1.272772666e-01, -1.272772665e-01, -1.272772655e-01, -2.545545324e-01
2.80e+00, -1.288776672e-01, -1.288776670e-01, -1.288776659e-01, -2.577553334e-01
2.90e+00, -1.303849308e-01, -1.303849305e-01, -1.303849294e-01, -2.607698605e-01
3.00e+00, -1.318063186e-01, -1.318063181e-01, -1.318063170e-01, -2.636126358e-01
3.10e+00, -1.331484172e-01, -1.331484166e-01, -1.331484154e-01, -2.662968328e-01
3.20e+00, -1.344172010e-01, -1.344172003e-01, -1.344171990e-01, -2.688344002e-01
3.30e+00, -1.356180903e-01, -1.356180895e-01, -1.356180882e-01, -2.712361787e-01
3.40e+00, -1.367560054e-01, -1.367560045e-01, -1.367560032e-01, -2.735120087e-01
3.50e+00, -1.378354159e-01, -1.378354149e-01, -1.378354136e-01, -2.756708296e-01
3.60e+00, -1.388603864e-01, -1.388603852e-01, -1.388603839e-01, -2.777207704e-01
3.70e+00, -1.398346174e-01, -1.398346161e-01, -1.398346148e-01, -2.796692322e-01
3.80e+00, -1.407614830e-01, -1.407614816e-01, -1.407614803e-01, -2.815229633e-01
3.90e+00, -1.416440642e-01, -1.416440627e-01, -1.416440614e-01, -2.832881255e-01
4.00e+00, -1.424851791e-01, -1.424851775e-01, -1.424851762e-01, -2.849703552e-01
4.10e+00, -1.432874100e-01, -1.432874082e-01, -1.432874069e-01, -2.865748167e-01
4.20e+00, -1.440531272e-01, -1.440531253e-01, -1.440531240e-01, -2.881062510e-01
4.30e+00, -1.447845109e-01, -1.447845090e-01, -1.447845077e-01, -2.895690184e-01
4.40e+00, -1.454835701e-01, -1.454835681e-01, -1.454835668e-01, -2.909671367e-01
4.50e+00, -1.461521595e-01, -1.461521574e-01, -1.461521560e-01, -2.923043153e-01
4.60e+00, -1.467919946e-01, -1.467919925e-01, -1.467919910e-01, -2.935839854e-01
4.70e+00, -1.474046654e-01, -1.474046632e-01, -1.474046616e-01, -2.948093268e-01
4.80e+00, -1.479916480e-01, -1.479916458e-01, -1.479916441e-01, -2.959832919e-01
4.90e+00, -1.485543153e-01, -1.485543131e-01, -1.485543112e-01, -2.971086264e-01
5.00e+00, -1.490939462e-01, -1.490939440e-01, -1.490939421e-01, -2.981878882e-01
5.10e+00, -1.496117343e-01, -1.496117322e-01, -1.496117301e-01, -2.992234644e-01
5.20e+00, -1.501087950e-01, -1.501087930e-01, -1.501087907e-01, -3.002175858e-01
5.30e+00, -1.505861724e-01, -1.505861703e-01, -1.505861680e-01, -3.011723405e-01
5.40e+00, -1.510448448e-01, -1.510448428e-01, -1.510448403e-01, -3.020896852e-01
5.50e+00, -1.514857305e-01, -1.514857285e-01, -1.514857259e-01, -3.029714566e-01
5.60e+00, -1.519096922e-01, -1.519096903e-01, -1.519096875e-01, -3.038193800e-01
5.70e+00, -1.523175416e-01, -1.523175396e-01, -1.523175368e-01, -3.046350787e-01
5.80e+00, -1.527100427e-01, -1.527100407e-01, -1.527100378e-01, -3.054200807e-01
5.90e+00, -1.530879157e-01, -1.530879137e-01, -1.530879107e-01, -3.061758268e-01
6.00e+00, -1.534518402e-01, -1.534518382e-01, -1.534518350e-01, -3.069036756e-01
6.10e+00, -1.538024576e-01, -1.538024555e-01, -1.538024523e-01, -3.076049103e-01
6.20e+00, -1.541403740e-01, -1.541403719e-01, -1.541403686e-01, -3.082807431e-01
6.30e+00, -1.544661628e-01, -1.544661606e-01, -1.544661572e-01, -3.089323204e-01
6.40e+00, -1.547803660e-01, -1.547803638e-01, -1.547803603e-01, -3.095607268e-01
6.50e+00, -1.550834974e-01, -1.550834950e-01, -1.550834915e-01, -3.101669893e-01
6.60e+00, -1.553760432e-01, -1.553760407e-01, -1.553760372e-01, -3.107520807e-01
6.70e+00, -1.556584645e-01, -1.556584620e-01, -1.556584584e-01, -3.113169233e-01
6.80e+00, -1.559311988e-01, -1.559311962e-01, -1.559311926e-01, -3.118623917e-01
6.90e+00, -1.561946608e-01, -1.561946582e-01, -1.561946545e-01, -3.123893157e-01
7.00e+00, -1.564492444e-01, -1.564492417e-01, -1.564492380e-01, -3.128984827e-01
7.10e+00, -1.566953234e-01, -1.566953206e-01, -1.566953169e-01, -3.133906406e-01
7.20e+00, -1.569332531e-01, -1.569332502e-01, -1.569332464e-01, -3.138664998e-01
7.30e+00, -1.571633711e-01, -1.571633680e-01, -1.571633643e-01, -3.143267356e-01
7.40e+00, -1.573859984e-01, -1.573859952e-01, -1.573859914e-01, -3.147719900e-01
7.50e+00, -1.576014401e-01, -1.576014369e-01, -1.576014331e-01, -3.152028734e-01
7.60e+00, -1.578099867e-01, -1.578099833e-01, -1.578099795e-01, -3.156199664e-01
7.70e+00, -1.580119144e-01, -1.580119110e-01, -1.580119072e-01, -3.160238217e-01
7.80e+00, -1.582074864e-01, -1.582074828e-01, -1.582074790e-01, -3.164149655e-01
7.90e+00, -1.583969531e-01, -1.583969494e-01, -1.583969456e-01, -3.167938988e-01
8.00e+00, -1.585805532e-01, -1.585805494e-01, -1.585805456e-01, -3.171610988e-01
8.10e+00, -1.587585140e-01, -1.587585102e-01, -1.587585065e-01, -3.175170204e-01
8.20e+00, -1.589310524e-01, -1.589310486e-01, -1.589310449e-01, -3.178620973e-01
8.30e+00, -1.590983752e-01, -1.590983713e-01, -1.590983676e-01, -3.181967427e-01
8.40e+00, -1.592606794e-01, -1.592606755e-01, -1.592606719e-01, -3.185213512e-01
8.50e+00, -1.594181532e-01, -1.594181492e-01, -1.594181458e-01, -3.188362988e-01
8.60e+00, -1.595709760e-01, -1.595709721e-01, -1.595709688e-01, -3.191419446e-01
8.70e+00, -1.597193195e-01, -1.597193155e-01, -1.597193124e-01, -3.194386316e-01
8.80e+00, -1.598633471e-01, -1.598633431e-01, -1.598633402e-01, -3.197266869e-01
8.90e+00, -1.600032153e-01, -1.600032113e-01, -1.600032086e-01, -3.200064235e-01
9.00e+00, -1.601390735e-01, -1.601390696e-01, -1.601390670e-01, -3.202781400e-01
9.10e+00, -1.602710645e-01, -1.602710606e-01, -1.602710583e-01, -3.205421222e-01
9.20e+00, -1.603993249e-01, -1.603993210e-01, -1.603993188e-01, -3.207986432e-01
9.30e+00, -1.605239853e-01, -1.605239815e-01, -1.605239794e-01, -3.210479641e-01
9.40e+00, -1.606451706e-01, -1.606451668e-01, -1.606451649e-01, -3.212903349e-01
9.50e+00, -1.607630005e-01, -1.607629967e-01, -1.607629949e-01, -3.215259947e-01
9.60e+00, -1.608775894e-01, -1.608775856e-01, -1.608775839e-01, -3.217551726e-01
9.70e+00, -1.609890469e-01, -1.609890432e-01, -1.609890416e-01, -3.219780879e-01
9.80e+00, -1.610974782e-01, -1.610974746e-01, -1.610974730e-01, -3.221949505e-01
9.90e+00, -1.612029839e-01, -1.612029802e-01, -1.612029788e-01, -3.224059619e-01
1.00e+01, -1.613056603e-01, -1.613056568e-01, -1.613056554e-01, -3.226113150e-01
1.01e+01, -1.614056002e-01, -1.614055967e-01, -1.614055954e-01, -3.228111948e-01
1.02e+01, -1.615028922e-01, -1.615028887e-01, -1.615028875e-01, -3.230057789e-01
1.03e+01, -1.615976214e-01, -1.615976180e-01, -1.615976168e-01, -3.231952375e-01
1.04e+01, -1.616898697e-01, -1.616898663e-01, -1.616898651e-01, -3.233797341e-01
1.05e+01, -1.617797154e-01, -1.617797121e-01, -1.617797109e-01, -3.235594256e-01
1.06e+01, -1.618672339e-01, -1.618672306e-01, -1.618672295e-01, -3.237344627e-01
1.07e+01, -1.619524977e-01, -1.619524945e-01, -1.619524934e-01, -3.239049904e-01
1.08e+01, -1.620355763e-01, -1.620355732e-01, -1.620355721e-01, -3.240711477e-01
1.09e+01, -1.621165367e-01, -1.621165336e-01, -1.621165325e-01, -3.242330685e-01
1.10e+01, -1.621954431e-01, -1.621954400e-01, -1.621954390e-01, -3.243908814e-01
1.11e+01, -1.622723575e-01, -1.622723545e-01, -1.622723535e-01, -3.245447103e-01
1.12e+01, -1.623473394e-01, -1.623473365e-01, -1.623473355e-01, -3.246946743e-01
1.13e+01, -1.624204462e-01, -1.624204433e-01, -1.624204423e-01, -3.248408879e-01
1.14e+01, -1.624917329e-01, -1.624917301e-01, -1.624917292e-01, -3.249834615e-01
1.15e+01, -1.625612529e-01, -1.625612502e-01, -1.625612492e-01, -3.251225016e-01
1.16e+01, -1.626290574e-01, -1.626290547e-01, -1.626290538e-01, -3.252581106e-01
1.17e+01, -1.626951957e-01, -1.626951931e-01, -1.626951922e-01, -3.253903873e-01
1.18e+01, -1.627597156e-01, -1.627597130e-01, -1.627597120e-01, -3.255194271e-01
1.19e+01, -1.628226628e-01, -1.628226603e-01, -1.628226594e-01, -3.256453217e-01
1.20e+01, -1.628840818e-01, -1.628840794e-01, -1.628840784e-01, -3.257681597e-01
1.21e+01, -1.629440153e-01, -1.629440129e-01, -1.629440119e-01, -3.258880268e-01
1.22e+01, -1.630025046e-01, -1.630025022e-01, -1.630025013e-01, -3.260050054e-01
1.23e+01, -1.630595894e-01, -1.630595872e-01, -1.630595862e-01, -3.261191752e-01
1.24e+01, -1.631153084e-01, -1.631153062e-01, -1.631153052e-01, -3.262306133e-01
1.25e+01, -1.631696988e-01, -1.631696966e-01, -1.631696956e-01, -3.263393940e-01
1.26e+01, -1.632227964e-01, -1.632227943e-01, -1.632227933e-01, -3.264455893e-01
1.27e+01, -1.632746360e-01, -1.632746340e-01, -1.632746330e-01, -3.265492687e-01
1.28e+01, -1.633252513e-01, -1.633252493e-01, -1.633252483e-01, -3.266504993e-01
1.29e+01, -1.633746748e-01, -1.633746728e-01, -1.633746718e-01, -3.267493463e-01
1.30e+01, -1.634229379e-01, -1.634229359e-01, -1.634229350e-01, -3.268458725e-01
1.31e+01, -1.634700710e-01, -1.634700691e-01, -1.634700681e-01, -3.269401388e-01
1.32e+01, -1.635161037e-01, -1.635161019e-01, -1.635161009e-01, -3.270322043e-01
1.33e+01, -1.635610645e-01, -1.635610627e-01, -1.635610617e-01, -3.271221259e-01
1.34e+01, -1.636049810e-01, -1.636049793e-01, -1.636049783e-01, -3.272099591e-01
1.35e+01, -1.636478801e-01, -1.636478784e-01, -1.636478774e-01, -3.272957573e-01
1.36e+01, -1.636897877e-01, -1.636897860e-01, -1.636897851e-01, -3.273795725e-01
1.37e+01, -1.637307290e-01, -1.637307274e-01, -1.637307264e-01, -3.274614551e-01
1.38e+01, -1.637707283e-01, -1.637707268e-01, -1.637707258e-01, -3.275414539e-01
1.39e+01, -1.638098095e-01, -1.638098080e-01, -1.638098070e-01, -3.276196163e-01
1.40e+01, -1.638479954e-01, -1.638479939e-01, -1.638479929e-01, -3.276959881e-01
1.41e+01, -1.638853083e-01, -1.638853069e-01, -1.638853059e-01, -3.277706140e-01
1.42e+01, -1.639217699e-01, -1.639217685e-01, -1.639217675e-01, -3.278435372e-01
1.43e+01, -1.639574011e-01, -1.639573998e-01, -1.639573988e-01, -3.279147998e-01
1.44e+01, -1.639922224e-01, -1.639922211e-01, -1.639922201e-01, -3.279844425e-01
1.45e+01, -1.640262536e-01, -1.640262523e-01, -1.640262514e-01, -3.280525049e-01
1.46e+01, -1.640595139e-01, -1.640595127e-01, -1.640595117e-01, -3.281190255e-01
1.47e+01, -1.640920220e-01, -1.640920208e-01, -1.640920199e-01, -3.281840418e-01
1.48e+01, -1.641237961e-01, -1.641237950e-01, -1.641237940e-01, -3.282475901e-01
1.49e+01, -1.641548539e-01, -1.641548528e-01, -1.641548518e-01, -3.283097056e-01
1.50e+01, -1.641852125e-01, -1.641852114e-01, -1.641852104e-01, -3.283704228e-01
1.51e+01, -1.642148886e-01, -1.642148875e-01, -1.642148866e-01, -3.284297751e-01
1.52e+01, -1.642438985e-01, -1.642438975e-01, -1.642438965e-01, -3.284877950e-01
1.53e+01, -1.642722580e-01, -1.642722570e-01, -1.642722560e-01, -3.285445140e-01
1.54e+01, -1.642999825e-01, -1.642999815e-01, -1.642999805e-01, -3.285999630e-01
1.55e+01, -1.643270869e-01, -1.643270859e-01, -1.643270850e-01, -3.286541719e-01
1.56e+01, -1.643535858e-01, -1.643535849e-01, -1.643535839e-01, -3.287071698e-01
1.57e+01, -1.643794934e-01, -1.643794925e-01, -1.643794916e-01, -3.287589851e-01
1.58e+01, -1.644048236e-01, -1.644048227e-01, -1.644048218e-01, -3.288096454e-01
1.59e+01, -1.644295897e-01, -1.644295888e-01, -1.644295879e-01, -3.288591776e-01
1.60e+01, -1.644538048e-01, -1.644538040e-01, -1.644538031e-01, -3.289076079e-01
1.61e+01, -1.644774818e-01, -1.644774810e-01, -1.644774800e-01, -3.289549619e-01
1.62e+01, -1.645006330e-01, -1.645006322e-01, -1.645006313e-01, -3.290012644e-01
1.63e+01, -1.645232706e-01, -1.645232699e-01, -1.645232689e-01, -3.290465396e-01
1.64e+01, -1.645454064e-01, -1.645454057e-01, -1.645454048e-01, -3.290908112e-01
1.65e+01, -1.645670519e-01, -1.645670512e-01, -1.645670503e-01, -3.291341022e-01
1.66e+01, -1.645882183e-01, -1.645882176e-01, -1.645882167e-01, -3.291764351e-01
1.67e+01, -1.646089165e-01, -1.646089159e-01, -1.646089150e-01, -3.292178316e-01
1.68e+01, -1.646291573e-01, -1.646291567e-01, -1.646291558e-01, -3.292583132e-01
1.69e+01, -1.646489511e-01, -1.646489505e-01, -1.646489496e-01, -3.292979007e-01
1.70e+01, -1.646683079e-01, -1.646683073e-01, -1.646683064e-01, -3.293366144e-01
1.71e+01, -1.646872377e-01, -1.646872371e-01, -1.646872362e-01, -3.293744740e-01
1.72e+01, -1.647057501e-01, -1.647057496e-01, -1.647057487e-01, -3.294114989e-01
1.73e+01, -1.647238546e-01, -1.647238541e-01, -1.647238532e-01, -3.294477080e-01
1.74e+01, -1.647415604e-01, -1.647415599e-01, -1.647415590e-01, -3.294831195e-01
1.75e+01, -1.647588764e-01, -1.647588759e-01, -1.647588750e-01, -3.295177515e-01
1.76e+01, -1.647758114e-01, -1.647758109e-01, -1.647758100e-01, -3.295516215e-01
1.77e+01, -1.647923739e-01, -1.647923734e-01, -1.647923726e-01, -3.295847466e-01
1.78e+01, -1.648085723e-01, -1.648085719e-01, -1.648085710e-01, -3.296171434e-01
1.79e+01, -1.648244147e-01, -1.648244143e-01, -1.648244135e-01, -3.296488283e-01
1.80e+01, -1.648399091e-01, -1.648399087e-01, -1.648399079e-01, -3.296798172e-01
1.81e+01, -1.648550633e-01, -1.648550629e-01, -1.648550621e-01, -3.297101255e-01
1.82e+01, -1.648698848e-01, -1.648698844e-01, -1.648698836e-01, -3.297397686e-01
1.83e+01, -1.648843810e-01, -1.648843807e-01, -1.648843799e-01, -3.297687611e-01
1.84e+01, -1.648985592e-01, -1.648985589e-01, -1.648985581e-01, -3.297971175e-01
1.85e+01, -1.649124265e-01, -1.649124262e-01, -1.649124254e-01, -3.298248520e-01
1.86e+01, -1.649259897e-01, -1.649259894e-01, -1.649259886e-01, -3.298519784e-01
1.87e+01, -1.649392555e-01, -1.649392552e-01, -1.649392544e-01, -3.298785101e-01
1.88e+01, -1.649522306e-01, -1.649522304e-01, -1.649522296e-01, -3.299044604e-01
1.89e+01, -1.649649215e-01, -1.649649212e-01, -1.649649204e-01, -3.299298420e-01
1.90e+01, -1.649773343e-01, -1.649773340e-01, -1.649773332e-01, -3.299546677e-01
1.91e+01, -1.649894752e-01, -1.649894749e-01, -1.649894742e-01, -3.299789495e-01
1.92e+01, -1.650013502e-01, -1.650013500e-01, -1.650013492e-01, -3.300026996e-01
1.93e+01, -1.650129653e-01, -1.650129651e-01, -1.650129643e-01, -3.300259298e-01
1.94e+01, -1.650243261e-01, -1.650243258e-01, -1.650243251e-01, -3.300486513e-01
1.95e+01, -1.650354381e-01, -1.650354379e-01, -1.650354372e-01, -3.300708755e-01
1.96e+01, -1.650463070e-01, -1.650463069e-01, -1.650463061e-01, -3.300926133e-01
1.97e+01, -1.650569381e-01, -1.650569379e-01, -1.650569372e-01, -3.301138755e-01
1.98e+01, -1.650673365e-01, -1.650673364e-01, -1.650673356e-01, -3.301346723e-01
1.99e+01, -1.650775075e-01, -1.650775073e-01, -1.650775066e-01, -3.301550142e-01
2.00e+01, -1.650874559e-01, -1.650874557e-01, -1.650874550e-01, -3.301749111e-01
2.01e+01, -1.650971867e-01, -1.650971865e-01, -1.650971858e-01, -3.301943727e-01
2.02e+01, -1.651067046e-01, -1.651067045e-01, -1.651067038e-01, -3.302134086e-01
2.03e+01, -1.651160144e-01, -1.651160143e-01, -1.651160136e-01, -3.302320282e-01
2.04e+01, -1.651251206e-01, -1.651251205e-01, -1.651251198e-01, -3.302502406e-01
2.05e+01, -1.651340276e-01, -1.651340275e-01, -1.651340268e-01, -3.302680546e-01
2.06e+01, -1.651427398e-01, -1.651427397e-01, -1.651427391e-01, -3.302854791e-01
2.07e+01, -1.651512616e-01, -1.651512615e-01, -1.651512608e-01, -3.303025226e-01
2.08e+01, -1.651595969e-01, -1.651595969e-01, -1.651595962e-01, -3.303191933e-01
2.09e+01, -1.651677501e-01, -1.651677500e-01, -1.651677493e-01, -3.303354996e-01
2.10e+01, -1.651757249e-01, -1.651757248e-01, -1.651757242e-01, -3.303514493e-01
2.11e+01, -1.651835254e-01, -1.651835253e-01, -1.651835247e-01, -3.303670502e-01
2.12e+01, -1.651911553e-01, -1.651911552e-01, -1.651911546e-01, -3.303823100e-01
2.13e+01, -1.651986183e-01, -1.651986183e-01, -1.651986176e-01, -3.303972362e-01
2.14e+01, -1.652059182e-01, -1.652059182e-01, -1.652059175e-01, -3.304118360e-01
2.15e+01, -1.652130585e-01, -1.652130584e-01, -1.652130578e-01, -3.304261165e-01
2.16e+01, -1.652200426e-01, -1.652200426e-01, -1.652200420e-01, -3.304400848e-01
2.17e+01, -1.652268741e-01, -1.652268740e-01, -1.652268734e-01, -3.304537477e-01
2.18e+01, -1.652335561e-01, -1.652335561e-01, -1.652335555e-01, -3.304671118e-01
2.19e+01, -1.652400921e-01, -1.652400920e-01, -1.652400915e-01, -3.304801837e-01
2.20e+01, -1.652464851e-01, -1.652464851e-01, -1.652464845e-01, -3.304929697e-01
2.21e+01, -1.652527383e-01, -1.652527383e-01, -1.652527377e-01, -3.305054762e-01
2.22e+01, -1.652588548e-01, -1.652588548e-01, -1.652588542e-01, -3.305177092e-01
2.23e+01, -1.652648375e-01, -1.652648375e-01, -1.652648369e-01, -3.305296746e-01
2.24e+01, -1.652706894e-01, -1.652706894e-01, -1.652706888e-01, -3.305413783e-01
2.25e+01, -1.652764132e-01, -1.652764133e-01, -1.652764127e-01, -3.305528261e-01
2.26e+01, -1.652820119e-01, -1.652820120e-01, -1.652820114e-01, -3.305640236e-01
2.27e+01, -1.652874882e-01, -1.652874882e-01, -1.652874877e-01, -3.305749761e-01
2.28e+01, -1.652928447e-01, -1.652928447e-01, -1.652928442e-01, -3.305856890e-01
2.29e+01, -1.652980840e-01, -1.652980840e-01, -1.652980835e-01, -3.305961676e-01
2.30e+01, -1.653032087e-01, -1.653032087e-01, -1.653032082e-01, -3.306064170e-01
2.31e+01, -1.653082213e-01, -1.653082213e-01, -1.653082208e-01, -3.306164422e-01
2.32e+01, -1.653131242e-01, -1.653131242e-01, -1.653131237e-01, -3.306262481e-01
2.33e+01, -1.653179199e-01, -1.653179199e-01, -1.653179194e-01, -3.306358394e-01
2.34e+01, -1.653226106e-01, -1.653226106e-01, -1.653226101e-01, -3.306452209e-01
2.35e+01, -1.653271987e-01, -1.653271988e-01, -1.653271983e-01, -3.306543971e-01
2.36e+01, -1.653316864e-01, -1.653316865e-01, -1.653316860e-01, -3.306633726e-01
2.37e+01, -1.653360759e-01, -1.653360760e-01, -1.653360755e-01, -3.306721516e-01
2.38e+01, -1.653403694e-01, -1.653403695e-01, -1.653403690e-01, -3.306807386e-01
2.39e+01, -1.653445689e-01, -1.653445690e-01, -1.653445685e-01, -3.306891376e-01
2.40e+01, -1.653486765e-01, -1.653486766e-01, -1.653486761e-01, -3.306973528e-01
2.41e+01, -1.653526942e-01, -1.653526943e-01, -1.653526938e-01, -3.307053882e-01
2.42e+01, -1.653566240e-01, -1.653566240e-01, -1.653566236e-01, -3.307132477e-01
2.43e+01, -1.653604677e-01, -1.653604678e-01, -1.653604673e-01, -3.307209352e-01
2.44e+01, -1.653642273e-01, -1.653642274e-01, -1.653642269e-01, -3.307284544e-01
2.45e+01, -1.653679046e-01, -1.653679047e-01, -1.653679042e-01, -3.307358090e-01
2.46e+01, -1.653715014e-01, -1.653715015e-01, -1.653715010e-01, -3.307430026e-01
2.47e+01, -1.653750195e-01, -1.653750195e-01, -1.653750191e-01, -3.307500387e-01
2.48e+01, -1.653784605e-01, -1.653784606e-01, -1.653784601e-01, -3.307569208e-01
2.49e+01, -1.653818262e-01, -1.653818262e-01, -1.653818258e-01, -3.307636521e-01
2.50e+01, -1.653851181e-01, -1.653851182e-01, -1.653851178e-01, -3.307702361e-01
2.51e+01, -1.653883380e-01, -1.653883381e-01, -1.653883377e-01, -3.307766759e-01
2.52e+01, -1.653914874e-01, -1.653914875e-01, -1.653914871e-01, -3.307829747e-01
2.53e+01, -1.653945678e-01, -1.653945679e-01, -1.653945675e-01, -3.307891355e-01
2.54e+01, -1.653975808e-01, -1.653975809e-01, -1.653975805e-01, -3.307951614e-01
2.55e+01, -1.654005277e-01, -1.654005278e-01, -1.654005274e-01, -3.308010553e-01
2.56e+01, -1.654034101e-01, -1.654034102e-01, -1.654034098e-01, -3.308068201e-01
2.57e+01, -1.654062294e-01, -1.654062295e-01, -1.654062291e-01, -3.308124587e-01
2.58e+01, -1.654089869e-01, -1.654089870e-01, -1.654089866e-01, -3.308179737e-01
2.59e+01, -1.654116840e-01, -1.654116841e-01, -1.654116837e-01, -3.308233679e-01
2.60e+01, -1.654143220e-01, -1.654143221e-01, -1.654143218e-01, -3.308286439e-01
2.61e+01, -1.654169022e-01, -1.654169023e-01, -1.654169020e-01, -3.308338044e-01
2.62e+01, -1.654194259e-01, -1.654194260e-01, -1.654194257e-01, -3.308388518e-01
2.63e+01, -1.654218943e-01, -1.654218944e-01, -1.654218941e-01, -3.308437885e-01
2.64e+01, -1.654243086e-01, -1.654243087e-01, -1.654243084e-01, -3.308486171e-01
2.65e+01, -1.654266700e-01, -1.654266701e-01, -1.654266698e-01, -3.308533399e-01
2.66e+01, -1.654289797e-01, -1.654289798e-01, -1.654289794e-01, -3.308579592e-01
2.67e+01, -1.654312387e-01, -1.654312388e-01, -1.654312385e-01, -3.308624773e-01
2.68e+01, -1.654334482e-01, -1.654334483e-01, -1.654334480e-01, -3.308668964e-01
2.69e+01, -1.654356093e-01, -1.654356094e-01, -1.654356091e-01, -3.308712186e-01
2.70e+01, -1.654377231e-01, -1.654377232e-01, -1.654377228e-01, -3.308754460e-01
2.71e+01, -1.654397905e-01, -1.654397906e-01, -1.654397902e-01, -3.308795809e-01
2.72e+01, -1.654418126e-01, -1.654418127e-01, -1.654418123e-01, -3.308836250e-01
2.73e+01, -1.654437903e-01, -1.654437904e-01, -1.654437901e-01, -3.308875806e-01
2.74e+01, -1.654457247e-01, -1.654457248e-01, -1.654457245e-01, -3.308914494e-01
2.75e+01, -1.654476167e-01, -1.654476168e-01, -1.654476165e-01, -3.308952334e-01
2.76e+01, -1.654494672e-01, -1.654494674e-01, -1.654494670e-01, -3.308989344e-01
2.77e+01, -1.654512772e-01, -1.654512773e-01, -1.654512770e-01, -3.309025543e-01
2.78e+01, -1.654530475e-01, -1.654530476e-01, -1.654530473e-01, -3.309060949e-01
2.79e+01, -1.654547789e-01, -1.654547790e-01, -1.654547787e-01, -3.309095578e-01
2.80e+01, -1.654564724e-01, -1.654564725e-01, -1.654564722e-01, -3.309129448e-01
2.81e+01, -1.654581288e-01, -1.654581289e-01, -1.654581286e-01, -3.309162575e-01
2.82e+01, -1.654597488e-01, -1.654597489e-01, -1.654597486e-01, -3.309194976e-01
2.83e+01, -1.654613333e-01, -1.654613334e-01, -1.654613332e-01, -3.309226666e-01
2.84e+01, -1.654628831e-01, -1.654628832e-01, -1.654628829e-01, -3.309257662e-01
2.85e+01, -1.654643989e-01, -1.654643990e-01, -1.654643987e-01, -3.309287977e-01
2.86e+01, -1.654658814e-01, -1.654658815e-01, -1.654658813e-01, -3.309317628e-01
2.87e+01, -1.654673315e-01, -1.654673316e-01, -1.654673313e-01, -3.309346629e-01
2.88e+01, -1.654687497e-01, -1.654687498e-01, -1.654687495e-01, -3.309374994e-01
2.89e+01, -1.654701368e-01, -1.654701369e-01, -1.654701367e-01, -3.309402736e-01
2.90e+01, -1.654714935e-01, -1.654714936e-01, -1.654714934e-01, -3.309429870e-01
2.91e+01, -1.654728205e-01, -1.654728206e-01, -1.654728203e-01, -3.309456409e-01
2.92e+01, -1.654741183e-01, -1.654741184e-01, -1.654741182e-01, -3.309482366e-01
2.93e+01, -1.654753877e-01, -1.654753878e-01, -1.654753875e-01, -3.309507753e-01
2.94e+01, -1.654766292e-01, -1.654766293e-01, -1.654766291e-01, -3.309532584e-01
2.95e+01, -1.654778435e-01, -1.654778436e-01, -1.654778434e-01, -3.309556870e-01
2.96e+01, -1.654790312e-01, -1.654790313e-01, -1.654790310e-01, -3.309580623e-01
2.97e+01, -1.654801928e-01, -1.654801929e-01, -1.654801926e-01, -3.309603855e-01
2.98e+01, -1.654813289e-01, -1.654813290e-01, -1.654813288e-01, -3.309626578e-01
2.99e+01, -1.654824401e-01, -1.654824402e-01, -1.654824400e-01, -3.309648802e-01
3.00e+01, -1.654835269e-01, -1.654835270e-01, -1.654835268e-01, -3.309670538e-01
3.01e+01, -1.654845899e-01, -1.654845900e-01, -1.654845898e-01, -3.309691798e-01
3.02e+01, -1.654856296e-01, -1.654856297e-01, -1.654856294e-01, -3.309712591e-01
3.03e+01, -1.654866464e-01, -1.654866465e-01, -1.654866463e-01, -3.309732928e-01
3.04e+01, -1.654876410e-01, -1.654876411e-01, -1.654876408e-01, -3.309752819e-01
3.05e+01, -1.654886137e-01, -1.654886138e-01, -1.654886136e-01, -3.309772274e-01
3.06e+01, -1.654895651e-01, -1.654895652e-01, -1.654895650e-01, -3.309791301e-01
3.07e+01, -1.654904956e-01, -1.654904957e-01, -1.654904955e-01, -3.309809911e-01
3.08e+01, -1.654914057e-01, -1.654914058e-01, -1.654914056e-01, -3.309828113e-01
3.09e+01, -1.654922958e-01, -1.654922959e-01, -1.654922957e-01, -3.309845916e-01
3.10e+01, -1.654931664e-01, -1.654931665e-01, -1.654931663e-01, -3.309863328e-01
3.11e+01, -1.654940179e-01, -1.654940180e-01, -1.654940178e-01, -3.309880358e-01
3.12e+01, -1.654948507e-01, -1.654948508e-01, -1.654948506e-01, -3.309897014e-01
3.13e+01, -1.654956652e-01, -1.654956653e-01, -1.654956651e-01, -3.309913304e-01
3.14e+01, -1.654964619e-01, -1.654964620e-01, -1.654964618e-01, -3.309929238e-01
3.15e+01, -1.654972411e-01, -1.654972412e-01, -1.654972410e-01, -3.309944821e-01
3.16e+01, -1.654980032e-01, -1.654980032e-01, -1.654980031e-01, -3.309960063e-01
3.17e+01, -1.654987485e-01, -1.654987486e-01, -1.654987484e-01, -3.309974970e-01
3.18e+01, -1.654994775e-01, -1.654994776e-01, -1.654994774e-01, -3.309989550e-01
3.19e+01, -1.655001905e-01, -1.655001906e-01, -1.655001904e-01, -3.310003811e-01
3.20e+01, -1.655008879e-01, -1.655008880e-01, -1.655008878e-01, -3.310017758e-01
3.21e+01, -1.655015700e-01, -1.655015700e-01, -1.655015699e-01, -3.310031399e-01
3.22e+01, -1.655022371e-01, -1.655022371e-01, -1.655022370e-01, -3.310044741e-01
3.23e+01, -1.655028895e-01, -1.655028896e-01, -1.655028894e-01, -3.310057790e-01
3.24e+01, -1.655035277e-01, -1.655035277e-01, -1.655035276e-01, -3.310070553e-01
3.25e+01, -1.655041518e-01, -1.655041519e-01, -1.655041517e-01, -3.310083036e-01
3.26e+01, -1.655047622e-01, -1.655047623e-01, -1.655047621e-01, -3.310095244e-01
3.27e+01, -1.655053593e-01, -1.655053593e-01, -1.655053592e-01, -3.310107185e-01
3.28e+01, -1.655059432e-01, -1.655059433e-01, -1.655059431e-01, -3.310118864e-01
3.29e+01, -1.655065143e-01, -1.655065144e-01, -1.655065143e-01, -3.310130287e-01
3.30e+01, -1.655070729e-01, -1.655070730e-01, -1.655070729e-01, -3.310141459e-01
3.31e+01, -1.655076193e-01, -1.655076193e-01, -1.655076192e-01, -3.310152385e-01
3.32e+01, -1.655081536e-01, -1.655081537e-01, -1.655081535e-01, -3.310163072e-01
3.33e+01, -1.655086762e-01, -1.655086763e-01, -1.655086762e-01, -3.310173525e-01
3.34e+01, -1.655091874e-01, -1.655091875e-01, -1.655091873e-01, -3.310183748e-01
3.35e+01, -1.655096873e-01, -1.655096874e-01, -1.655096872e-01, -3.310193746e-01
3.36e+01, -1.655101763e-01, -1.655101764e-01, -1.655101762e-01, -3.310203526e-01
3.37e+01, -1.655106545e-01, -1.655106546e-01, -1.655106544e-01, -3.310213090e-01
3.38e+01, -1.655111223e-01, -1.655111223e-01, -1.655111222e-01, -3.310222445e-01
3.39e+01, -1.655115797e-01, -1.655115798e-01, -1.655115797e-01, -3.310231595e-01
3.40e+01, -1.655120272e-01, -1.655120272e-01, -1.655120271e-01, -3.310240543e-01
3.41e+01, -1.655124648e-01, -1.655124648e-01, -1.655124647e-01, -3.310249296e-01
3.42e+01, -1.655128928e-01, -1.655128929e-01, -1.655128927e-01, -3.310257856e-01
3.43e+01, -1.655133114e-01, -1.655133115e-01, -1.655133113e-01, -3.310266228e-01
3.44e+01, -1.655137208e-01, -1.655137209e-01, -1.655137208e-01, -3.310274417e-01
3.45e+01, -1.655141213e-01, -1.655141214e-01, -1.655141212e-01, -3.310282426e-01
3.46e+01, -1.655145130e-01, -1.655145130e-01, -1.655145129e-01, -3.310290259e-01
3.47e+01, -1.655148960e-01, -1.655148961e-01, -1.655148960e-01, -3.310297920e-01
3.48e+01, -1.655152707e-01, -1.655152707e-01, -1.655152706e-01, -3.310305414e-01
3.49e+01, -1.655156371e-01, -1.655156372e-01, -1.655156371e-01, -3.310312742e-01
3.50e+01, -1.655159955e-01, -1.655159956e-01, -1.655159955e-01, -3.310319910e-01
3.51e+01, -1.655163460e-01, -1.655163461e-01, -1.655163460e-01, -3.310326921e-01
3.52e+01, -1.655166889e-01, -1.655166889e-01, -1.655166888e-01, -3.310333778e-01
3.53e+01, -1.655170242e-01, -1.655170243e-01, -1.655170242e-01, -3.310340484e-01
3.54e+01, -1.655173522e-01, -1.655173522e-01, -1.655173521e-01, -3.310347043e-01
3.55e+01, -1.655176729e-01, -1.655176730e-01, -1.655176729e-01, -3.310353459e-01
3.56e+01, -1.655179866e-01, -1.655179867e-01, -1.655179866e-01, -3.310359733e-01
3.57e+01, -1.655182935e-01, -1.655182935e-01, -1.655182934e-01, -3.310365870e-01
3.58e+01, -1.655185936e-01, -1.655185937e-01, -1.655185935e-01, -3.310371872e-01
3.59e+01, -1.655188871e-01, -1.655188872e-01, -1.655188871e-01, -3.310377742e-01
3.60e+01, -1.655191742e-01, -1.655191743e-01, -1.655191741e-01, -3.310383484e-01
3.61e+01, -1.655194550e-01, -1.655194550e-01, -1.655194549e-01, -3.310389100e-01
3.62e+01, -1.655197296e-01, -1.655197297e-01, -1.655197295e-01, -3.310394592e-01
3.63e+01, -1.655199982e-01, -1.655199982e-01, -1.655199981e-01, -3.310399964e-01
3.64e+01, -1.655202609e-01, -1.655202609e-01, -1.655202608e-01, -3.310405218e-01
3.65e+01, -1.655205178e-01, -1.655205179e-01, -1.655205178e-01, -3.310410357e-01
3.66e+01, -1.655207691e-01, -1.655207692e-01, -1.655207691e-01, -3.310415383e-01
3.67e+01, -1.655210149e-01, -1.655210150e-01, -1.655210149e-01, -3.310420298e-01
3.68e+01, -1.655212553e-01, -1.655212554e-01, -1.655212553e-01, -3.310425106e-01
3.69e+01, -1.655214904e-01, -1.655214905e-01, -1.655214904e-01, -3.310429808e-01
3.70e+01, -1.655217204e-01, -1.655217204e-01, -1.655217203e-01, -3.310434408e-01
3.71e+01, -1.655219453e-01, -1.655219453e-01, -1.655219452e-01, -3.310438906e-01
3.72e+01, -1.655221653e-01, -1.655221653e-01, -1.655221652e-01, -3.310443305e-01
3.73e+01, -1.655223804e-01, -1.655223805e-01, -1.655223804e-01, -3.310447608e-01
3.74e+01, -1.655225908e-01, -1.655225909e-01, -1.655225908e-01, -3.310451817e-01
3.75e+01, -1.655227967e-01, -1.655227967e-01, -1.655227966e-01, -3.310455933e-01
3.76e+01, -1.655229980e-01, -1.655229980e-01, -1.655229979e-01, -3.310459959e-01
3.77e+01, -1.655231948e-01, -1.655231949e-01, -1.655231948e-01, -3.310463897e-01
3.78e+01, -1.655233874e-01, -1.655233875e-01, -1.655233874e-01, -3.310467748e-01
3.79e+01, -1.655235757e-01, -1.655235758e-01, -1.655235757e-01, -3.310471515e-01
3.80e+01, -1.655237599e-01, -1.655237600e-01, -1.655237599e-01, -3.310475199e-01
3.81e+01, -1.655239401e-01, -1.655239402e-01, -1.655239401e-01, -3.310478802e-01
3.82e+01, -1.655241163e-01, -1.655241164e-01, -1.655241163e-01, -3.310482326e-01
3.83e+01, -1.655242887e-01, -1.655242887e-01, -1.655242886e-01, -3.310485773e-01
3.84e+01, -1.655244572e-01, -1.655244573e-01, -1.655244572e-01, -3.310489145e-01
3.85e+01, -1.655246221e-01, -1.655246221e-01, -1.655246221e-01, -3.310492442e-01
3.86e+01, -1.655247833e-01, -1.655247834e-01, -1.655247833e-01, -3.310495667e-01
3.87e+01, -1.655249411e-01, -1.655249411e-01, -1.655249410e-01, -3.310498821e-01
3.88e+01, -1.655250953e-01, -1.655250954e-01, -1.655250953e-01, -3.310501906e-01
3.89e+01, -1.655252462e-01, -1.655252462e-01, -1.655252462e-01, -3.310504924e-01
3.90e+01, -1.655253937e-01, -1.655253938e-01, -1.655253937e-01, -3.310507875e-01
3.91e+01, -1.655255381e-01, -1.655255381e-01, -1.655255380e-01, -3.310510761e-01
3.92e+01, -1.655256792e-01, -1.655256793e-01, -1.655256792e-01, -3.310513584e-01
3.93e+01, -1.655258173e-01, -1.655258173e-01, -1.655258173e-01, -3.310516346e-01
3.94e+01, -1.655259523e-01, -1.655259524e-01, -1.655259523e-01, -3.310519046e-01
3.95e+01, -1.655260844e-01, -1.655260844e-01, -1.655260844e-01, -3.310521688e-01
3.96e+01, -1.655262136e-01, -1.655262136e-01, -1.655262135e-01, -3.310524271e-01
3.97e+01, -1.655263399e-01, -1.655263399e-01, -1.655263399e-01, -3.310526798e-01
3.98e+01, -1.655264635e-01, -1.655264635e-01, -1.655264634e-01, -3.310529269e-01
3.99e+01, -1.655265843e-01, -1.655265844e-01, -1.655265843e-01, -3.310531686e-01
4.00e+01, -1.655267025e-01, -1.655267026e-01, -1.655267025e-01, -3.310534051e-01
4.01e+01, -1.655268181e-01, -1.655268182e-01, -1.655268181e-01, -3.310536363e-01
4.02e+01, -1.655269312e-01, -1.655269313e-01, -1.655269312e-01, -3.310538624e-01
4.03e+01, -1.655270418e-01, -1.655270419e-01, -1.655270418e-01, -3.310540836e-01
4.04e+01, -1.655271500e-01, -1.655271500e-01, -1.655271500e-01, -3.310543000e-01
4.05e+01, -1.655272558e-01, -1.655272558e-01, -1.655272558e-01, -3.310545116e-01
4.06e+01, -1.655273593e-01, -1.655273593e-01, -1.655273592e-01, -3.310547185e-01
4.07e+01, -1.655274605e-01, -1.655274605e-01, -1.655274605e-01, -3.310549210e-01
4.08e+01, -1.655275595e-01, -1.655275595e-01, -1.655275594e-01, -3.310551189e-01
4.09e+01, -1.655276563e-01, -1.655276563e-01, -1.655276563e-01, -3.310553126e-01
4.10e+01, -1.655277510e-01, -1.655277510e-01, -1.655277510e-01, -3.310555020e-01
4.11e+01, -1.655278436e-01, -1.655278436e-01, -1.655278436e-01, -3.310556872e-01
4.12e+01, -1.655279342e-01, -1.655279342e-01, -1.655279342e-01, -3.310558684e-01
4.13e+01, -1.655280228e-01, -1.655280228e-01, -1.655280228e-01, -3.310560456e-01
4.14e+01, -1.655281094e-01, -1.655281095e-01, -1.655281094e-01, -3.310562189e-01
4.15e+01, -1.655281942e-01, -1.655281942e-01, -1.655281942e-01, -3.310563884e-01
4.16e+01, -1.655282771e-01, -1.655282771e-01, -1.655282771e-01, -3.310565542e-01
4.17e+01, -1.655283582e-01, -1.655283582e-01, -1.655283582e-01, -3.310567164e-01
4.18e+01, -1.655284375e-01, -1.655284375e-01, -1.655284375e-01, -3.310568750e-01
4.19e+01, -1.655285150e-01, -1.655285151e-01, -1.655285150e-01, -3.310570301e-01
4.20e+01, -1.655285909e-01, -1.655285909e-01, -1.655285909e-01, -3.310571818e-01
4.21e+01, -1.655286651e-01, -1.655286651e-01, -1.655286651e-01, -3.310573302e-01
4.22e+01, -1.655287377e-01, -1.655287377e-01, -1.655287377e-01, -3.310574754e-01
4.23e+01, -1.655288087e-01, -1.655288087e-01, -1.655288086e-01, -3.310576173e-01
4.24e+01, -1.655288781e-01, -1.655288781e-01, -1.655288781e-01, -3.310577562e-01
4.25e+01, -1.655289460e-01, -1.655289460e-01, -1.655289460e-01, -3.310578920e-01
4.26e+01, -1.655290124e-01, -1.655290124e-01, -1.655290124e-01, -3.310580248e-01
4.27e+01, -1.655290774e-01, -1.655290774e-01, -1.655290773e-01, -3.310581547e-01
4.28e+01, -1.655291409e-01, -1.655291409e-01, -1.655291409e-01, -3.310582818e-01
4.29e+01, -1.655292030e-01, -1.655292031e-01, -1.655292030e-01, -3.310584061e-01
4.30e+01, -1.655292638e-01, -1.655292638e-01, -1.655292638e-01, -3.310585276e-01
4.31e+01, -1.655293233e-01, -1.655293233e-01, -1.655293232e-01, -3.310586465e-01
4.32e+01, -1.655293814e-01, -1.655293814e-01, -1.655293814e-01, -3.310587628e-01
4.33e+01, -1.655294383e-01, -1.655294383e-01, -1.655294382e-01, -3.310588765e-01
4.34e+01, -1.655294939e-01, -1.655294939e-01, -1.655294939e-01, -3.310589878e-01
4.35e+01, -1.655295483e-01, -1.655295483e-01, -1.655295483e-01, -3.310590966e-01
4.36e+01, -1.655296015e-01, -1.655296015e-01, -1.655296015e-01, -3.310592030e-01
4.37e+01, -1.655296535e-01, -1.655296536e-01, -1.655296535e-01, -3.310593071e-01
4.38e+01, -1.655297044e-01, -1.655297045e-01, -1.655297044e-01, -3.310594089e-01
4.39e+01, -1.655297542e-01, -1.655297543e-01, -1.655297542e-01, -3.310595084e-01
4.40e+01, -1.655298029e-01, -1.655298029e-01, -1.655298029e-01, -3.310596058e-01
4.41e+01, -1.655298505e-01, -1.655298506e-01, -1.655298505e-01, -3.310597011e-01
4.42e+01, -1.655298971e-01, -1.655298972e-01, -1.655298971e-01, -3.310597942e-01
4.43e+01, -1.655299427e-01, -1.655299427e-01, -1.655299427e-01, -3.310598854e-01
4.44e+01, -1.655299872e-01, -1.655299873e-01, -1.655299872e-01, -3.310599745e-01
4.45e+01, -1.655300308e-01, -1.655300309e-01, -1.655300308e-01, -3.310600617e-01
4.46e+01, -1.655300735e-01, -1.655300735e-01, -1.655300734e-01, -3.310601469e-01
4.47e+01, -1.655301151e-01, -1.655301152e-01, -1.655301151e-01, -3.310602303e-01
4.48e+01, -1.655301559e-01, -1.655301560e-01, -1.655301559e-01, -3.310603119e-01
4.49e+01, -1.655301958e-01, -1.655301958e-01, -1.655301958e-01, -3.310603916e-01
4.50e+01, -1.655302348e-01, -1.655302349e-01, -1.655302348e-01, -3.310604697e-01
4.51e+01, -1.655302730e-01, -1.655302730e-01, -1.655302730e-01, -3.310605460e-01
4.52e+01, -1.655303103e-01, -1.655303103e-01, -1.655303103e-01, -3.310606206e-01
4.53e+01, -1.655303468e-01, -1.655303468e-01, -1.655303468e-01, -3.310606936e-01
4.54e+01, -1.655303825e-01, -1.655303825e-01, -1.655303825e-01, -3.310607650e-01
4.55e+01, -1.655304174e-01, -1.655304175e-01, -1.655304174e-01, -3.310608349e-01
4.56e+01, -1.655304516e-01, -1.655304516e-01, -1.655304516e-01, -3.310609032e-01
4.57e+01, -1.655304850e-01, -1.655304850e-01, -1.655304850e-01, -3.310609700e-01
4.58e+01, -1.655305177e-01, -1.655305177e-01, -1.655305177e-01, -3.310610354e-01
4.59e+01, -1.655305496e-01, -1.655305497e-01, -1.655305496e-01, -3.310610993e-01
4.60e+01, -1.655305809e-01, -1.655305809e-01, -1.655305809e-01, -3.310611618e-01
4.61e+01, -1.655306115e-01, -1.655306115e-01, -1.655306114e-01, -3.310612229e-01
4.62e+01, -1.655306414e-01, -1.655306414e-01, -1.655306414e-01, -3.310612827e-01
4.63e+01, -1.655306706e-01, -1.655306706e-01, -1.655306706e-01, -3.310613412e-01
4.64e+01, -1.655306992e-01, -1.655306992e-01, -1.655306992e-01, -3.310613984e-01
4.65e+01, -1.655307272e-01, -1.655307272e-01, -1.655307272e-01, -3.310614544e-01
4.66e+01, -1.655307546e-01, -1.655307546e-01, -1.655307546e-01, -3.310615091e-01
4.67e+01, -1.655307813e-01, -1.655307814e-01, -1.655307813e-01, -3.310615627e-01
4.68e+01, -1.655308075e-01, -1.655308075e-01, -1.655308075e-01, -3.310616150e-01
4.69e+01, -1.655308331e-01, -1.655308331e-01, -1.655308331e-01, -3.310616662e-01
4.70e+01, -1.655308582e-01, -1.655308582e-01, -1.655308581e-01, -3.310617163e-01
4.71e+01, -1.655308827e-01, -1.655308827e-01, -1.655308826e-01, -3.310617653e-01
4.72e+01, -1.655309066e-01, -1.655309066e-01, -1.655309066e-01, -3.310618132e-01
4.73e+01, -1.655309300e-01, -1.655309301e-01, -1.655309300e-01, -3.310618601e-01
4.74e+01, -1.655309530e-01, -1.655309530e-01, -1.655309530e-01, -3.310619060e-01
4.75e+01, -1.655309754e-01, -1.655309754e-01, -1.655309754e-01, -3.310619508e-01
4.76e+01, -1.655309973e-01, -1.655309973e-01, -1.655309973e-01, -3.310619946e-01
4.77e+01, -1.655310188e-01, -1.655310188e-01, -1.655310188e-01, -3.310620375e-01
4.78e+01, -1.655310397e-01, -1.655310398e-01, -1.655310397e-01, -3.310620795e-01
4.79e+01, -1.655310603e-01, -1.655310603e-01, -1.655310602e-01, -3.310621205e-01
4.80e+01, -1.655310803e-01, -1.655310803e-01, -1.655310803e-01, -3.310621607e-01
4.81e+01, -1.655311000e-01, -1.655311000e-01, -1.655310999e-01, -3.310621999e-01
4.82e+01, -1.655311192e-01, -1.655311192e-01, -1.655311191e-01, -3.310622383e-01
4.83e+01, -1.655311379e-01, -1.655311380e-01, -1.655311379e-01, -3.310622759e-01
4.84e+01, -1.655311563e-01, -1.655311563e-01, -1.655311563e-01, -3.310623126e-01
4.85e+01, -1.655311743e-01, -1.655311743e-01, -1.655311743e-01, -3.310623485e-01
4.86e+01, -1.655311918e-01, -1.655311919e-01, -1.655311918e-01, -3.310623837e-01
4.87e+01, -1.655312090e-01, -1.655312090e-01, -1.655312090e-01, -3.310624180e-01
4.88e+01, -1.655312258e-01, -1.655312258e-01, -1.655312258e-01, -3.310624517e-01
4.89e+01, -1.655312423e-01, -1.655312423e-01, -1.655312423e-01, -3.310624845e-01
4.90e+01, -1.655312583e-01, -1.655312584e-01, -1.655312583e-01, -3.310625167e-01
4.91e+01, -1.655312741e-01, -1.655312741e-01, -1.655312741e-01, -3.310625482e-01
4.92e+01, -1.655312895e-01, -1.655312895e-01, -1.655312894e-01, -3.310625789e-01
4.93e+01, -1.655313045e-01, -1.655313045e-01, -1.655313045e-01, -3.310626090e-01
4.94e+01, -1.655313192e-01, -1.655313192e-01, -1.655313192e-01, -3.310626384e-01
4.95e+01, -1.655313336e-01, -1.655313336e-01, -1.655313336e-01, -3.310626672e-01
4.96e+01, -1.655313477e-01, -1.655313477e-01, -1.655313477e-01, -3.310626954e-01
4.97e+01, -1.655313615e-01, -1.655313615e-01, -1.655313615e-01, -3.310627229e-01
4.98e+01, -1.655313749e-01, -1.655313749e-01, -1.655313749e-01, -3.310627499e-01
4.99e+01, -1.655313881e-01, -1.655313881e-01, -1.655313881e-01, -3.310627762e-01
5.00e+01, -1.655314010e-01, -1.655314010e-01, -1.655314010e-01, -3.310628020e-01
5.01e+01, -1.655314136e-01, -1.655314136e-01, -1.655314136e-01, -3.310628272e-01
5.02e+01, -1.655314259e-01, -1.655314259e-01, -1.655314259e-01, -3.310628518e-01
5.03e+01, -1.655314380e-01, -1.655314380e-01, -1.655314380e-01, -3.310628760e-01
5.04e+01, -1.655314498e-01, -1.655314498e-01, -1.655314498e-01, -3.310628995e-01
5.05e+01, -1.655314613e-01, -1.655314613e-01, -1.655314613e-01, -3.310629226e-01
5.06e+01, -1.655314726e-01, -1.655314726e-01, -1.655314726e-01, -3.310629452e-01
5.07e+01, -1.655314836e-01, -1.655314836e-01, -1.655314836e-01, -3.310629672e-01
5.08e+01, -1.655314944e-01, -1.655314944e-01, -1.655314944e-01, -3.310629888e-01
5.09e+01, -1.655315050e-01, -1.655315050e-01, -1.655315050e-01, -3.310630099e-01
5.10e+01, -1.655315153e-01, -1.655315153e-01, -1.655315153e-01, -3.310630306e-01
5.11e+01, -1.655315254e-01, -1.655315254e-01, -1.655315254e-01, -3.310630508e-01
5.12e+01, -1.655315353e-01, -1.655315353e-01, -1.655315353e-01, -3.310630706e-01
5.13e+01, -1.655315449e-01, -1.655315449e-01, -1.655315449e-01, -3.310630899e-01
5.14e+01, -1.655315544e-01, -1.655315544e-01, -1.655315544e-01, -3.310631088e-01
5.15e+01, -1.655315636e-01, -1.655315636e-01, -1.655315636e-01, -3.310631273e-01
5.16e+01, -1.655315727e-01, -1.655315727e-01, -1.655315727e-01, -3.310631453e-01
5.17e+01, -1.655315815e-01, -1.655315815e-01, -1.655315815e-01, -3.310631630e-01
5.18e+01, -1.655315902e-01, -1.655315902e-01, -1.655315902e-01, -3.310631803e-01
5.19e+01, -1.655315986e-01, -1.655315986e-01, -1.655315986e-01, -3.310631973e-01
5.20e+01, -1.655316069e-01, -1.655316069e-01, -1.655316069e-01, -3.310632138e-01
5.21e+01, -1.655316150e-01, -1.655316150e-01, -1.655316150e-01, -3.310632300e-01
5.22e+01, -1.655316229e-01, -1.655316229e-01, -1.655316229e-01, -3.310632458e-01
5.23e+01, -1.655316307e-01, -1.655316307e-01, -1.655316306e-01, -3.310632613e-01
5.24e+01, -1.655316382e-01, -1.655316382e-01, -1.655316382e-01, -3.310632765e-01
5.25e+01, -1.655316456e-01, -1.655316456e-01, -1.655316456e-01, -3.310632913e-01
5.26e+01, -1.655316529e-01, -1.655316529e-01, -1.655316529e-01, -3.310633058e-01
5.27e+01, -1.655316600e-01, -1.655316600e-01, -1.655316600e-01, -3.310633199e-01
5.28e+01, -1.655316669e-01, -1.655316669e-01, -1.655316669e-01, -3.310633338e-01
5.29e+01, -1.655316737e-01, -1.655316737e-01, -1.655316737e-01, -3.310633474e-01
5.30e+01, -1.655316803e-01, -1.655316803e-01, -1.655316803e-01, -3.310633606e-01
5.31e+01, -1.655316868e-01, -1.655316868e-01, -1.655316868e-01, -3.310633736e-01
5.32e+01, -1.655316931e-01, -1.655316931e-01, -1.655316931e-01, -3.310633863e-01
5.33e+01, -1.655316993e-01, -1.655316993e-01, -1.655316993e-01, -3.310633987e-01
5.34e+01, -1.655317054e-01, -1.655317054e-01, -1.655317054e-01, -3.310634108e-01
5.35e+01, -1.655317114e-01, -1.655317114e-01, -1.655317113e-01, -3.310634227e-01
5.36e+01, -1.655317172e-01, -1.655317172e-01, -1.655317172e-01, -3.310634343e-01
5.37e+01, -1.655317228e-01, -1.655317228e-01, -1.655317228e-01, -3.310634457e-01
5.38e+01, -1.655317284e-01, -1.655317284e-01, -1.655317284e-01, -3.310634568e-01
5.39e+01, -1.655317338e-01, -1.655317338e-01, -1.655317338e-01, -3.310634677e-01
5.40e+01, -1.655317391e-01, -1.655317391e-01, -1.655317391e-01, -3.310634783e-01
5.41e+01, -1.655317443e-01, -1.655317443e-01, -1.655317443e-01, -3.310634887e-01
5.42e+01, -1.655317494e-01, -1.655317494e-01, -1.655317494e-01, -3.310634988e-01
5.43e+01, -1.655317544e-01, -1.655317544e-01, -1.655317544e-01, -3.310635088e-01
5.44e+01, -1.655317593e-01, -1.655317593e-01, -1.655317593e-01, -3.310635185e-01
5.45e+01, -1.655317640e-01, -1.655317640e-01, -1.655317640e-01, -3.310635280e-01
5.46e+01, -1.655317687e-01, -1.655317687e-01, -1.655317687e-01, -3.310635373e-01
5.47e+01, -1.655317732e-01, -1.655317732e-01, -1.655317732e-01, -3.310635465e-01
5.48e+01, -1.655317777e-01, -1.655317777e-01, -1.655317777e-01, -3.310635554e-01
5.49e+01, -1.655317820e-01, -1.655317820e-01, -1.655317820e-01, -3.310635641e-01
5.50e+01, -1.655317863e-01, -1.655317863e-01, -1.655317863e-01, -3.310635726e-01
5.51e+01, -1.655317905e-01, -1.655317905e-01, -1.655317905e-01, -3.310635809e-01
5.52e+01, -1.655317945e-01, -1.655317945e-01, -1.655317945e-01, -3.310635891e-01
5.53e+01, -1.655317985e-01, -1.655317985e-01, -1.655317985e-01, -3.310635970e-01
5.54e+01, -1.655318024e-01, -1.655318024e-01, -1.655318024e-01, -3.310636048e-01
5.55e+01, -1.655318062e-01, -1.655318062e-01, -1.655318062e-01, -3.310636125e-01
5.56e+01, -1.655318100e-01, -1.655318100e-01, -1.655318100e-01, -3.310636199e-01
5.57e+01, -1.655318136e-01, -1.655318136e-01, -1.655318136e-01, -3.310636272e-01
5.58e+01, -1.655318172e-01, -1.655318172e-01, -1.655318172e-01, -3.310636344e-01
5.59e+01, -1.655318207e-01, -1.655318207e-01, -1.655318207e-01, -3.310636414e-01
5.60e+01, -1.655318241e-01, -1.655318241e-01, -1.655318241e-01, -3.310636482e-01
5.61e+01, -1.655318274e-01, -1.655318274e-01, -1.655318274e-01, -3.310636549e-01
5.62e+01, -1.655318307e-01, -1.655318307e-01, -1.655318307e-01, -3.310636614e-01
5.63e+01, -1.655318339e-01, -1.655318339e-01, -1.655318339e-01, -3.310636678e-01
5.64e+01, -1.655318370e-01, -1.655318370e-01, -1.655318370e-01, -3.310636740e-01
5.65e+01, -1.655318401e-01, -1.655318401e-01, -1.655318401e-01, -3.310636802e-01
5.66e+01, -1.655318431e-01, -1.655318431e-01, -1.655318431e-01, -3.310636861e-01
5.67e+01, -1.655318460e-01, -1.655318460e-01, -1.655318460e-01, -3.310636920e-01
5.68e+01, -1.655318489e-01, -1.655318488e-01, -1.655318489e-01, -3.310636977e-01
5.69e+01, -1.655318517e-01, -1.655318516e-01, -1.655318517e-01, -3.310637033e-01
5.70e+01, -1.655318544e-01, -1.655318544e-01, -1.655318544e-01, -3.310637088e-01
5.71e+01, -1.655318571e-01, -1.655318571e-01, -1.655318571e-01, -3.310637141e-01
5.72e+01, -1.655318597e-01, -1.655318597e-01, -1.655318597e-01, -3.310637194e-01
5.73e+01, -1.655318623e-01, -1.655318622e-01, -1.655318623e-01, -3.310637245e-01
5.74e+01, -1.655318648e-01, -1.655318647e-01, -1.655318648e-01, -3.310637295e-01
5.75e+01, -1.655318672e-01, -1.655318672e-01, -1.655318672e-01, -3.310637344e-01
5.76e+01, -1.655318696e-01, -1.655318696e-01, -1.655318696e-01, -3.310637392e-01
5.77e+01, -1.655318720e-01, -1.655318719e-01, -1.655318720e-01, -3.310637439e-01
5.78e+01, -1.655318742e-01, -1.655318742e-01, -1.655318742e-01, -3.310637485e-01
5.79e+01, -1.655318765e-01, -1.655318765e-01, -1.655318765e-01, -3.310637530e-01
5.80e+01, -1.655318787e-01, -1.655318787e-01, -1.655318787e-01, -3.310637574e-01
5.81e+01, -1.655318808e-01, -1.655318808e-01, -1.655318808e-01, -3.310637617e-01
5.82e+01, -1.655318829e-01, -1.655318829e-01, -1.655318829e-01, -3.310637659e-01
5.83e+01, -1.655318850e-01, -1.655318850e-01, -1.655318850e-01, -3.310637700e-01
5.84e+01, -1.655318870e-01, -1.655318870e-01, -1.655318870e-01, -3.310637740e-01
5.85e+01, -1.655318890e-01, -1.655318889e-01, -1.655318890e-01, -3.310637779e-01
5.86e+01, -1.655318909e-01, -1.655318909e-01, -1.655318909e-01, -3.310637818e-01
5.87e+01, -1.655318928e-01, -1.655318927e-01, -1.655318928e-01, -3.310637855e-01
5.88e+01, -1.655318946e-01, -1.655318946e-01, -1.655318946e-01, -3.310637892e-01
5.89e+01, -1.655318964e-01, -1.655318964e-01, -1.655318964e-01, -3.310637928e-01
5.90e+01, -1.655318982e-01, -1.655318981e-01, -1.655318982e-01, -3.310637963e-01
5.91e+01, -1.655318999e-01, -1.655318999e-01, -1.655318999e-01, -3.310637998e-01
5.92e+01, -1.655319016e-01, -1.655319015e-01, -1.655319016e-01, -3.310638031e-01
5.93e+01, -1.655319032e-01, -1.655319032e-01, -1.655319032e-01, -3.310638064e-01
5.94e+01, -1.655319048e-01, -1.655319048e-01, -1.655319048e-01, -3.310638096e-01
5.95e+01, -1.655319064e-01, -1.655319064e-01, -1.655319064e-01, -3.310638128e-01
5.96e+01, -1.655319079e-01, -1.655319079e-01, -1.655319080e-01, -3.310638159e-01
5.97e+01, -1.655319095e-01, -1.655319094e-01, -1.655319095e-01, -3.310638189e-01
5.98e+01, -1.655319109e-01, -1.655319109e-01, -1.655319109e-01, -3.310638218e-01
5.99e+01, -1.655319124e-01, -1.655319123e-01, -1.655319124e-01, -3.310638247e-01
6.00e+01, -1.655319138e-01, -1.655319138e-01, -1.655319138e-01, -3.310638276e-01
6.01e+01, -1.655319152e-01, -1.655319151e-01, -1.655319152e-01, -3.310638303e-01
6.02e+01, -1.655319165e-01, -1.655319165e-01, -1.655319165e-01, -3.310638330e-01
6.03e+01, -1.655319178e-01, -1.655319178e-01, -1.655319178e-01, -3.310638357e-01
6.04e+01, -1.655319191e-01, -1.655319191e-01, -1.655319191e-01, -3.310638382e-01
6.05e+01, -1.655319204e-01, -1.655319204e-01, -1.655319204e-01, -3.310638408e-01
6.06e+01, -1.655319216e-01, -1.655319216e-01, -1.655319216e-01, -3.310638432e-01
6.07e+01, -1.655319228e-01, -1.655319228e-01, -1.655319228e-01, -3.310638457e-01
6.08e+01, -1.655319240e-01, -1.655319240e-01, -1.655319240e-01, -3.310638480e-01
6.09e+01, -1.655319252e-01, -1.655319252e-01, -1.655319252e-01, -3.310638503e-01
6.10e+01, -1.655319263e-01, -1.655319263e-01, -1.655319263e-01, -3.310638526e-01
6.11e+01, -1.655319274e-01, -1.655319274e-01, -1.655319274e-01, -3.310638548e-01
6.12e+01, -1.655319285e-01, -1.655319285e-01, -1.655319285e-01, -3.310638570e-01
6.13e+01, -1.655319296e-01, -1.655319295e-01, -1.655319296e-01, -3.310638591e-01
6.14e+01, -1.655319306e-01, -1.655319306e-01, -1.655319306e-01, -3.310638612e-01
6.15e+01, -1.655319316e-01, -1.655319316e-01, -1.655319316e-01, -3.310638632e-01
6.16e+01, -1.655319326e-01, -1.655319326e-01, -1.655319326e-01, -3.310638652e-01
6.17e+01, -1.655319336e-01, -1.655319336e-01, -1.655319336e-01, -3.310638671e-01
6.18e+01, -1.655319345e-01, -1.655319345e-01, -1.655319345e-01, -3.310638690e-01
6.19e+01, -1.655319355e-01, -1.655319354e-01, -1.655319355e-01, -3.310638709e-01
6.20e+01, -1.655319364e-01, -1.655319363e-01, -1.655319364e-01, -3.310638727e-01
6.21e+01, -1.655319373e-01, -1.655319372e-01, -1.655319373e-01, -3.310638745e-01
6.22e+01, -1.655319381e-01, -1.655319381e-01, -1.655319381e-01, -3.310638762e-01
6.23e+01, -1.655319390e-01, -1.655319390e-01, -1.655319390e-01, -3.310638779e-01
6.24e+01, -1.655319398e-01, -1.655319398e-01, -1.655319398e-01, -3.310638796e-01
6.25e+01, -1.655319406e-01, -1.655319406e-01, -1.655319406e-01, -3.310638812e-01
6.26e+01, -1.655319414e-01, -1.655319414e-01, -1.655319414e-01, -3.310638828e-01
6.27e+01, -1.655319422e-01, -1.655319422e-01, -1.655319422e-01, -3.310638844e-01
6.28e+01, -1.655319430e-01, -1.655319429e-01, -1.655319430e-01, -3.310638859e-01
6.29e+01, -1.655319437e-01, -1.655319437e-01, -1.655319437e-01, -3.310638874e-01
6.30e+01, -1.655319444e-01, -1.655319444e-01, -1.655319444e-01, -3.310638889e-01
6.31e+01, -1.655319451e-01, -1.655319451e-01, -1.655319452e-01, -3.310638903e-01
6.32e+01, -1.655319458e-01, -1.655319458e-01, -1.655319458e-01, -3.310638917e-01
6.33e+01, -1.655319465e-01, -1.655319465e-01, -1.655319465e-01, -3.310638930e-01
6.34e+01, -1.655319472e-01, -1.655319472e-01, -1.655319472e-01, -3.310638944e-01
6.35e+01, -1.655319478e-01, -1.655319478e-01, -1.655319479e-01, -3.310638957e-01
6.36e+01, -1.655319485e-01, -1.655319485e-01, -1.655319485e-01, -3.310638970e-01
6.37e+01, -1.655319491e-01, -1.655319491e-01, -1.655319491e-01, -3.310638982e-01
6.38e+01, -1.655319497e-01, -1.655319497e-01, -1.655319497e-01, -3.310638994e-01
6.39e+01, -1.655319503e-01, -1.655319503e-01, -1.655319503e-01, -3.310639006e-01
6.40e+01, -1.655319509e-01, -1.655319509e-01, -1.655319509e-01, -3.310639018e-01
6.41e+01, -1.655319515e-01, -1.655319515e-01, -1.655319515e-01, -3.310639030e-01
6.42e+01, -1.655319520e-01, -1.655319520e-01, -1.655319520e-01, -3.310639041e-01
6.43e+01, -1.655319526e-01, -1.655319526e-01, -1.655319526e-01, -3.310639052e-01
6.44e+01, -1.655319531e-01, -1.655319531e-01, -1.655319531e-01, -3.310639062e-01
6.45e+01, -1.655319537e-01, -1.655319536e-01, -1.655319537e-01, -3.310639073e-01
6.46e+01, -1.655319542e-01, -1.655319541e-01, -1.655319542e-01, -3.310639083e-01
6.47e+01, -1.655319547e-01, -1.655319546e-01, -1.655319547e-01, -3.310639093e-01
6.48e+01, -1.655319552e-01, -1.655319551e-01, -1.655319552e-01, -3.310639103e-01
6.49e+01, -1.655319556e-01, -1.655319556e-01, -1.655319556e-01, -3.310639113e-01
6.50e+01, -1.655319561e-01, -1.655319561e-01, -1.655319561e-01, -3.310639122e-01
6.51e+01, -1.655319566e-01, -1.655319566e-01, -1.655319566e-01, -3.310639131e-01
6.52e+01, -1.655319570e-01, -1.655319570e-01, -1.655319570e-01, -3.310639140e-01
6.53e+01, -1.655319575e-01, -1.655319574e-01, -1.655319575e-01, -3.310639149e-01
6.54e+01, -1.655319579e-01, -1.655319579e-01, -1.655319579e-01, -3.310639158e-01
6.55e+01, -1.655319583e-01, -1.655319583e-01, -1.655319583e-01, -3.310639166e-01
6.56e+01, -1.655319587e-01, -1.655319587e-01, -1.655319587e-01, -3.310639174e-01
6.57e+01, -1.655319591e-01, -1.655319591e-01, -1.655319591e-01, -3.310639182e-01
6.58e+01, -1.655319595e-01, -1.655319595e-01, -1.655319595e-01, -3.310639190e-01
6.59e+01, -1.655319599e-01, -1.655319599e-01, -1.655319599e-01, -3.310639198e-01
6.60e+01, -1.655319603e-01, -1.655319603e-01, -1.655319603e-01, -3.310639206e-01
6.61e+01, -1.655319607e-01, -1.655319606e-01, -1.655319607e-01, -3.310639213e-01
6.62e+01, -1.655319610e-01, -1.655319610e-01, -1.655319610e-01, -3.310639220e-01
6.63e+01, -1.655319614e-01, -1.655319614e-01, -1.655319614e-01, -3.310639227e-01
6.64e+01, -1.655319617e-01, -1.655319617e-01, -1.655319617e-01, -3.310639234e-01
6.65e+01, -1.655319621e-01, -1.655319620e-01, -1.655319621e-01, -3.310639241e-01
6.66e+01, -1.655319624e-01, -1.655319624e-01, -1.655319624e-01, -3.310639248e-01
6.67e+01, -1.655319627e-01, -1.655319627e-01, -1.655319627e-01, -3.310639254e-01
6.68e+01, -1.655319630e-01, -1.655319630e-01, -1.655319630e-01, -3.310639261e-01
6.69e+01, -1.655319633e-01, -1.655319633e-01, -1.655319633e-01, -3.310639267e-01
6.70e+01, -1.655319636e-01, -1.655319636e-01, -1.655319636e-01, -3.310639273e-01
6.71e+01, -1.655319639e-01, -1.655319639e-01, -1.655319639e-01, -3.310639279e-01
6.72e+01, -1.655319642e-01, -1.655319642e-01, -1.655319642e-01, -3.310639285e-01
6.73e+01, -1.655319645e-01, -1.655319645e-01, -1.655319645e-01, -3.310639290e-01
6.74e+01, -1.655319648e-01, -1.655319648e-01, -1.655319648e-01, -3.310639296e-01
6.75e+01, -1.655319651e-01, -1.655319651e-01, -1.655319651e-01, -3.310639301e-01
6.76e+01, -1.655319653e-01, -1.655319653e-01, -1.655319653e-01, -3.310639307e-01
6.77e+01, -1.655319656e-01, -1.655319656e-01, -1.655319656e-01, -3.310639312e-01
6.78e+01, -1.655319658e-01, -1.655319658e-01, -1.655319659e-01, -3.310639317e-01
6.79e+01, -1.655319661e-01, -1.655319661e-01, -1.655319661e-01, -3.310639322e-01
6.80e+01, -1.655319663e-01, -1.655319663e-01, -1.655319663e-01, -3.310639327e-01
6.81e+01, -1.655319666e-01, -1.655319666e-01, -1.655319666e-01, -3.310639332e-01
6.82e+01, -1.655319668e-01, -1.655319668e-01, -1.655319668e-01, -3.310639336e-01
6.83e+01, -1.655319670e-01, -1.655319670e-01, -1.655319670e-01, -3.310639341e-01
6.84e+01, -1.655319673e-01, -1.655319673e-01, -1.655319673e-01, -3.310639345e-01
6.85e+01, -1.655319675e-01, -1.655319675e-01, -1.655319675e-01, -3.310639350e-01
6.86e+01, -1.655319677e-01, -1.655319677e-01, -1.655319677e-01, -3.310639354e-01
6.87e+01, -1.655319679e-01, -1.655319679e-01, -1.655319679e-01, -3.310639358e-01
6.88e+01, -1.655319681e-01, -1.655319681e-01, -1.655319681e-01, -3.310639362e-01
6.89e+01, -1.655319683e-01, -1.655319683e-01, -1.655319683e-01, -3.310639366e-01
6.90e+01, -1.655319685e-01, -1.655319685e-01, -1.655319685e-01, -3.310639370e-01
6.91e+01, -1.655319687e-01, -1.655319687e-01, -1.655319687e-01, -3.310639374e-01
6.92e+01, -1.655319689e-01, -1.655319689e-01, -1.655319689e-01, -3.310639378e-01
6.93e+01, -1.655319691e-01, -1.655319691e-01, -1.655319691e-01, -3.310639382e-01
6.94e+01, -1.655319693e-01, -1.655319693e-01, -1.655319693e-01, -3.310639385e-01
6.95e+01, -1.655319694e-01, -1.655319694e-01, -1.655319694e-01, -3.310639389e-01
6.96e+01, -1.655319696e-01, -1.655319696e-01, -1.655319696e-01, -3.310639392e-01
6.97e+01, -1.655319698e-01, -1.655319698e-01, -1.655319698e-01, -3.310639396e-01
6.98e+01, -1.655319700e-01, -1.655319700e-01, -1.655319700e-01, -3.310639399e-01
6.99e+01, -1.655319701e-01, -1.655319701e-01, -1.655319701e-01, -3.310639402e-01
7.00e+01, -1.655319703e-01, -1.655319703e-01, -1.655319703e-01, -3.310639406e-01
7.01e+01, -1.655319704e-01, -1.655319704e-01, -1.655319704e-01, -3.310639409e-01
7.02e+01, -1.655319706e-01, -1.655319706e-01, -1.655319706e-01, -3.310639412e-01
7.03e+01, -1.655319707e-01, -1.655319707e-01, -1.655319707e-01, -3.310639415e-01
7.04e+01, -1.655319709e-01, -1.655319709e-01, -1.655319709e-01, -3.310639418e-01
7.05e+01, -1.655319710e-01, -1.655319710e-01, -1.655319710e-01, -3.310639421e-01
7.06e+01, -1.655319712e-01, -1.655319712e-01, -1.655319712e-01, -3.310639424e-01
7.07e+01, -1.655319713e-01, -1.655319713e-01, -1.655319713e-01, -3.310639426e-01
7.08e+01, -1.655319715e-01, -1.655319715e-01, -1.655319714e-01, -3.310639429e-01
7.09e+01, -1.655319716e-01, -1.655319716e-01, -1.655319716e-01, -3.310639432e-01
7.10e+01, -1.655319717e-01, -1.655319717e-01, -1.655319717e-01, -3.310639434e-01
7.11e+01, -1.655319718e-01, -1.655319719e-01, -1.655319718e-01, -3.310639437e-01
7.12e+01, -1.655319720e-01, -1.655319720e-01, -1.655319720e-01, -3.310639439e-01
7.13e+01, -1.655319721e-01, -1.655319721e-01, -1.655319721e-01, -3.310639442e-01
7.14e+01, -1.655319722e-01, -1.655319722e-01, -1.655319722e-01, -3.310639444e-01
7.15e+01, -1.655319723e-01, -1.655319723e-01, -1.655319723e-01, -3.310639447e-01
7.16e+01, -1.655319725e-01, -1.655319725e-01, -1.655319724e-01, -3.310639449e-01
7.17e+01, -1.655319726e-01, -1.655319726e-01, -1.655319726e-01, -3.310639451e-01
7.18e+01, -1.655319727e-01, -1.655319727e-01, -1.655319727e-01, -3.310639454e-01
7.19e+01, -1.655319728e-01, -1.655319728e-01, -1.655319728e-01, -3.310639456e-01
7.20e+01, -1.655319729e-01, -1.655319729e-01, -1.655319729e-01, -3.310639458e-01
7.21e+01, -1.655319730e-01, -1.655319730e-01, -1.655319730e-01, -3.310639460e-01
7.22e+01, -1.655319731e-01, -1.655319731e-01, -1.655319731e-01, -3.310639462e-01
7.23e+01, -1.655319732e-01, -1.655319732e-01, -1.655319732e-01, -3.310639464e-01
7.24e+01, -1.655319733e-01, -1.655319733e-01, -1.655319733e-01, -3.310639466e-01
7.25e+01, -1.655319734e-01, -1.655319734e-01, -1.655319734e-01, -3.310639468e-01
7.26e+01, -1.655319735e-01, -1.655319735e-01, -1.655319735e-01, -3.310639470e-01
7.27e+01, -1.655319736e-01, -1.655319736e-01, -1.655319736e-01, -3.310639472e-01
7.28e+01, -1.655319737e-01, -1.655319737e-01, -1.655319737e-01, -3.310639474e-01
7.29e+01, -1.655319738e-01, -1.655319738e-01, -1.655319738e-01, -3.310639476e-01
7.30e+01, -1.655319739e-01, -1.655319739e-01, -1.655319739e-01, -3.310639478e-01
7.31e+01, -1.655319740e-01, -1.655319740e-01, -1.655319740e-01, -3.310639480e-01
7.32e+01, -1.655319741e-01, -1.655319741e-01, -1.655319741e-01, -3.310639481e-01
7.33e+01, -1.655319742e-01, -1.655319742e-01, -1.655319741e-01, -3.310639483e-01
7.34e+01, -1.655319742e-01, -1.655319743e-01, -1.655319742e-01, -3.310639485e-01
7.35e+01, -1.655319743e-01, -1.655319743e-01, -1.655319743e-01, -3.310639487e-01
7.36e+01, -1.655319744e-01, -1.655319744e-01, -1.655319744e-01, -3.310639488e-01
7.37e+01, -1.655319745e-01, -1.655319745e-01, -1.655319745e-01, -3.310639490e-01
7.38e+01, -1.655319746e-01, -1.655319746e-01, -1.655319746e-01, -3.310639491e-01
7.39e+01, -1.655319746e-01, -1.655319747e-01, -1.655319746e-01, -3.310639493e-01
7.40e+01, -1.655319747e-01, -1.655319747e-01, -1.655319747e-01, -3.310639495e-01
7.41e+01, -1.655319748e-01, -1.655319748e-01, -1.655319748e-01, -3.310639496e-01
7.42e+01, -1.655319749e-01, -1.655319749e-01, -1.655319749e-01, -3.310639498e-01
7.43e+01, -1.655319749e-01, -1.655319750e-01, -1.655319749e-01, -3.310639499e-01
7.44e+01, -1.655319750e-01, -1.655319750e-01, -1.655319750e-01, -3.310639500e-01
7.45e+01, -1.655319751e-01, -1.655319751e-01, -1.655319751e-01, -3.310639502e-01
7.46e+01, -1.655319751e-01, -1.655319752e-01, -1.655319751e-01, -3.310639503e-01
7.47e+01, -1.655319752e-01, -1.655319752e-01, -1.655319752e-01, -3.310639504e-01
7.48e+01, -1.655319753e-01, -1.655319753e-01, -1.655319753e-01, -3.310639506e-01
7.49e+01, -1.655319753e-01, -1.655319754e-01, -1.655319753e-01, -3.310639507e-01
7.50e+01, -1.655319754e-01, -1.655319754e-01, -1.655319754e-01, -3.310639508e-01
7.51e+01, -1.655319755e-01, -1.655319755e-01, -1.655319755e-01, -3.310639509e-01
7.52e+01, -1.655319755e-01, -1.655319756e-01, -1.655319755e-01, -3.310639511e-01
7.53e+01, -1.655319756e-01, -1.655319756e-01, -1.655319756e-01, -3.310639512e-01
7.54e+01, -1.655319756e-01, -1.655319757e-01, -1.655319756e-01, -3.310639513e-01
7.55e+01, -1.655319757e-01, -1.655319757e-01, -1.655319757e-01, -3.310639514e-01
7.56e+01, -1.655319757e-01, -1.655319758e-01, -1.655319757e-01, -3.310639515e-01
7.57e+01, -1.655319758e-01, -1.655319758e-01, -1.655319758e-01, -3.310639516e-01
7.58e+01, -1.655319758e-01, -1.655319759e-01, -1.655319758e-01, -3.310639517e-01
7.59e+01, -1.655319759e-01, -1.655319759e-01, -1.655319759e-01, -3.310639518e-01
7.60e+01, -1.655319759e-01, -1.655319760e-01, -1.655319759e-01, -3.310639519e-01
7.61e+01, -1.655319760e-01, -1.655319760e-01, -1.655319760e-01, -3.310639520e-01
7.62e+01, -1.655319760e-01, -1.655319761e-01, -1.655319760e-01, -3.310639521e-01
7.63e+01, -1.655319761e-01, -1.655319761e-01, -1.655319761e-01, -3.310639522e-01
7.64e+01, -1.655319761e-01, -1.655319762e-01, -1.655319761e-01, -3.310639523e-01
7.65e+01, -1.655319762e-01, -1.655319762e-01, -1.655319762e-01, -3.310639524e-01
7.66e+01, -1.655319762e-01, -1.655319763e-01, -1.655319762e-01, -3.310639525e-01
7.67e+01, -1.655319763e-01, -1.655319763e-01, -1.655319763e-01, -3.310639526e-01
7.68e+01, -1.655319763e-01, -1.655319763e-01, -1.655319763e-01, -3.310639527e-01
7.69e+01, -1.655319764e-01, -1.655319764e-01, -1.655319764e-01, -3.310639527e-01
7.70e+01, -1.655319764e-01, -1.655319764e-01, -1.655319764e-01, -3.310639528e-01
7.71e+01, -1.655319765e-01, -1.655319765e-01, -1.655319765e-01, -3.310639529e-01
7.72e+01, -1.655319765e-01, -1.655319765e-01, -1.655319765e-01, -3.310639530e-01
7.73e+01, -1.655319766e-01, -1.655319766e-01, -1.655319765e-01, -3.310639531e-01
7.74e+01, -1.655319766e-01, -1.655319766e-01, -1.655319766e-01, -3.310639532e-01
7.75e+01, -1.655319766e-01, -1.655319767e-01, -1.655319766e-01, -3.310639533e-01
7.76e+01, -1.655319767e-01, -1.655319767e-01, -1.655319767e-01, -3.310639534e-01
7.77e+01, -1.655319767e-01, -1.655319768e-01, -1.655319767e-01, -3.310639535e-01
7.78e+01, -1.655319768e-01, -1.655319768e-01, -1.655319768e-01, -3.310639536e-01
7.79e+01, -1.655319768e-01, -1.655319769e-01, -1.655319768e-01, -3.310639537e-01
7.80e+01, -1.655319769e-01, -1.655319769e-01, -1.655319769e-01, -3.310639538e-01
7.81e+01, -1.655319769e-01, -1.655319770e-01, -1.655319769e-01, -3.310639539e-01
7.82e+01, -1.655319770e-01, -1.655319770e-01, -1.655319770e-01, -3.310639540e-01
7.83e+01, -1.655319770e-01, -1.655319771e-01, -1.655319770e-01, -3.310639541e-01
7.84e+01, -1.655319771e-01, -1.655319771e-01, -1.655319771e-01, -3.310639542e-01
7.85e+01, -1.655319771e-01, -1.655319772e-01, -1.655319771e-01, -3.310639543e-01
7.86e+01, -1.655319772e-01, -1.655319772e-01, -1.655319772e-01, -3.310639544e-01
7.87e+01, -1.655319772e-01, -1.655319773e-01, -1.655319772e-01, -3.310639545e-01
7.88e+01, -1.655319773e-01, -1.655319773e-01, -1.655319773e-01, -3.310639546e-01
7.89e+01, -1.655319773e-01, -1.655319774e-01, -1.655319773e-01, -3.310639547e-01
7.90e+01, -1.655319774e-01, -1.655319774e-01, -1.655319774e-01, -3.310639548e-01
7.91e+01, -1.655319774e-01, -1.655319775e-01, -1.655319774e-01, -3.310639549e-01
7.92e+01, -1.655319775e-01, -1.655319775e-01, -1.655319775e-01, -3.310639550e-01
7.93e+01, -1.655319775e-01, -1.655319776e-01, -1.655319775e-01, -3.310639551e-01
7.94e+01, -1.655319776e-01, -1.655319776e-01, -1.655319776e-01, -3.310639552e-01
7.95e+01, -1.655319776e-01, -1.655319777e-01, -1.655319776e-01, -3.310639553e-01
7.96e+01, -1.655319777e-01, -1.655319777e-01, -1.655319777e-01, -3.310639554e-01
7.97e+01, -1.655319777e-01, -1.655319778e-01, -1.655319777e-01, -3.310639555e-01
7.98e+01, -1.655319778e-01, -1.655319778e-01, -1.655319778e-01, -3.310639556e-01
7.99e+01, -1.655319778e-01, -1.655319779e-01, -1.655319778e-01, -3.310639557e-01
8.00e+01, -1.655319779e-01, -1.655319779e-01, -1.655319779e-01, -3.310639558e-01
8.01e+01, -1.655319779e-01, -1.655319779e-01, -1.655319779e-01, -3.310639559e-01
8.02e+01, -1.655319780e-01, -1.655319780e-01, -1.655319780e-01, -3.310639560e-01
8.03e+01, -1.655319780e-01, -1.655319780e-01, -1.655319780e-01, -3.310639560e-01
8.04e+01, -1.655319781e-01, -1.655319781e-01, -1.655319780e-01, -3.310639561e-01
8.05e+01, -1.655319781e-01, -1.655319781e-01, -1.655319781e-01, -3.310639562e-01
8.06e+01, -1.655319781e-01, -1.655319782e-01, -1.655319781e-01, -3.310639563e-01
8.07e+01, -1.655319782e-01, -1.655319782e-01, -1.655319782e-01, -3.310639564e-01
8.08e+01, -1.655319782e-01, -1.655319782e-01, -1.655319782e-01, -3.310639564e-01
8.09e+01, -1.655319782e-01, -1.655319783e-01, -1.655319782e-01, -3.310639565e-01
8.10e+01, -1.655319783e-01, -1.655319783e-01, -1.655319783e-01, -3.310639566e-01
8.11e+01, -1.655319783e-01, -1.655319783e-01, -1.655319783e-01, -3.310639566e-01
8.12e+01, -1.655319783e-01, -1.655319784e-01, -1.655319783e-01, -3.310639567e-01
8.13e+01, -1.655319784e-01, -1.655319784e-01, -1.655319784e-01, -3.310639567e-01
8.14e+01, -1.655319784e-01, -1.655319784e-01, -1.655319784e-01, -3.310639568e-01
8.15e+01, -1.655319784e-01, -1.655319784e-01, -1.655319784e-01, -3.310639569e-01
8.16e+01, -1.655319785e-01, -1.655319785e-01, -1.655319784e-01, -3.310639569e-01
8.17e+01, -1.655319785e-01, -1.655319785e-01, -1.655319785e-01, -3.310639570e-01
8.18e+01, -1.655319785e-01, -1.655319785e-01, -1.655319785e-01, -3.310639570e-01
8.19e+01, -1.655319785e-01, -1.655319786e-01, -1.655319785e-01, -3.310639571e-01
8.20e+01, -1.655319785e-01, -1.655319786e-01, -1.655319785e-01, -3.310639571e-01
8.21e+01, -1.655319786e-01, -1.655319786e-01, -1.655319786e-01, -3.310639571e-01
8.22e+01, -1.655319786e-01, -1.655319786e-01, -1.655319786e-01, -3.310639572e-01
8.23e+01, -1.655319786e-01, -1.655319786e-01, -1.655319786e-01, -3.310639572e-01
8.24e+01, -1.655319786e-01, -1.655319787e-01, -1.655319786e-01, -3.310639573e-01
8.25e+01, -1.655319786e-01, -1.655319787e-01, -1.655319786e-01, -3.310639573e-01
8.26e+01, -1.655319787e-01, -1.655319787e-01, -1.655319787e-01, -3.310639573e-01
8.27e+01, -1.655319787e-01, -1.655319787e-01, -1.655319787e-01, -3.310639574e-01
8.28e+01, -1.655319787e-01, -1.655319787e-01, -1.655319787e-01, -3.310639574e-01
8.29e+01, -1.655319787e-01, -1.655319787e-01, -1.655319787e-01, -3.310639574e-01
8.30e+01, -1.655319787e-01, -1.655319788e-01, -1.655319787e-01, -3.310639575e-01
8.31e+01, -1.655319787e-01, -1.655319788e-01, -1.655319787e-01, -3.310639575e-01
8.32e+01, -1.655319787e-01, -1.655319788e-01, -1.655319787e-01, -3.310639575e-01
8.33e+01, -1.655319788e-01, -1.655319788e-01, -1.655319788e-01, -3.310639575e-01
8.34e+01, -1.655319788e-01, -1.655319788e-01, -1.655319788e-01, -3.310639576e-01
8.35e+01, -1.655319788e-01, -1.655319788e-01, -1.655319788e-01, -3.310639576e-01
8.36e+01, -1.655319788e-01, -1.655319788e-01, -1.655319788e-01, -3.310639576e-01
8.37e+01, -1.655319788e-01, -1.655319788e-01, -1.655319788e-01, -3.310639576e-01
8.38e+01, -1.655319788e-01, -1.655319788e-01, -1.655319788e-01, -3.310639576e-01
8.39e+01, -1.655319788e-01, -1.655319789e-01, -1.655319788e-01, -3.310639577e-01
8.40e+01, -1.655319788e-01, -1.655319789e-01, -1.655319788e-01, -3.310639577e-01
8.41e+01, -1.655319788e-01, -1.655319789e-01, -1.655319788e-01, -3.310639577e-01
8.42e+01, -1.655319789e-01, -1.655319789e-01, -1.655319788e-01, -3.310639577e-01
8.43e+01, -1.655319789e-01, -1.655319789e-01, -1.655319789e-01, -3.310639577e-01
8.44e+01, -1.655319789e-01, -1.655319789e-01, -1.655319789e-01, -3.310639578e-01
8.45e+01, -1.655319789e-01, -1.655319789e-01, -1.655319789e-01, -3.310639578e-01
8.46e+01, -1.655319789e-01, -1.655319789e-01, -1.655319789e-01, -3.310639578e-01
8.47e+01, -1.655319789e-01, -1.655319789e-01, -1.655319789e-01, -3.310639578e-01
8.48e+01, -1.655319789e-01, -1.655319789e-01, -1.655319789e-01, -3.310639578e-01
8.49e+01, -1.655319789e-01, -1.655319789e-01, -1.655319789e-01, -3.310639578e-01
8.50e+01, -1.655319789e-01, -1.655319789e-01, -1.655319789e-01, -3.310639578e-01
8.51e+01, -1.655319789e-01, -1.655319790e-01, -1.655319789e-01, -3.310639579e-01
8.52e+01, -1.655319789e-01, -1.655319790e-01, -1.655319789e-01, -3.310639579e-01
8.53e+01, -1.655319789e-01, -1.655319790e-01, -1.655319789e-01, -3.310639579e-01
8.54e+01, -1.655319789e-01, -1.655319790e-01, -1.655319789e-01, -3.310639579e-01
8.55e+01, -1.655319789e-01, -1.655319790e-01, -1.655319789e-01, -3.310639579e-01
8.56e+01, -1.655319789e-01, -1.655319790e-01, -1.655319789e-01, -3.310639579e-01
8.57e+01, -1.655319790e-01, -1.655319790e-01, -1.655319789e-01, -3.310639579e-01
8.58e+01, -1.655319790e-01, -1.655319790e-01, -1.655319789e-01, -3.310639579e-01
8.59e+01, -1.655319790e-01, -1.655319790e-01, -1.655319790e-01, -3.310639579e-01
8.60e+01, -1.655319790e-01, -1.655319790e-01, -1.655319790e-01, -3.310639580e-01
8.61e+01, -1.655319790e-01, -1.655319790e-01, -1.655319790e-01, -3.310639580e-01
8.62e+01, -1.655319790e-01, -1.655319790e-01, -1.655319790e-01, -3.310639580e-01
8.63e+01, -1.655319790e-01, -1.655319790e-01, -1.655319790e-01, -3.310639580e-01
8.64e+01, -1.655319790e-01, -1.655319790e-01, -1.655319790e-01, -3.310639580e-01
8.65e+01, -1.655319790e-01, -1.655319790e-01, -1.655319790e-01, -3.310639580e-01
8.66e+01, -1.655319790e-01, -1.655319790e-01, -1.655319790e-01, -3.310639580e-01
8.67e+01, -1.655319790e-01, -1.655319790e-01, -1.655319790e-01, -3.310639580e-01
8.68e+01, -1.655319790e-01, -1.655319790e-01, -1.655319790e-01, -3.310639580e-01
8.69e+01, -1.655319790e-01, -1.655319790e-01, -1.655319790e-01, -3.310639580e-01
8.70e+01, -1.655319790e-01, -1.655319790e-01, -1.655319790e-01, -3.310639580e-01
8.71e+01, -1.655319790e-01, -1.655319790e-01, -1.655319790e-01, -3.310639580e-01
8.72e+01, -1.655319790e-01, -1.655319791e-01, -1.655319790e-01, -3.310639581e-01
8.73e+01, -1.655319790e-01, -1.655319791e-01, -1.655319790e-01, -3.310639581e-01
8.74e+01, -1.655319790e-01, -1.655319791e-01, -1.655319790e-01, -3.310639581e-01
8.75e+01, -1.655319790e-01, -1.655319791e-01, -1.655319790e-01, -3.310639581e-01
8.76e+01, -1.655319790e-01, -1.655319791e-01, -1.655319790e-01, -3.310639581e-01
8.77e+01, -1.655319790e-01, -1.655319791e-01, -1.655319790e-01, -3.310639581e-01
8.78e+01, -1.655319790e-01, -1.655319791e-01, -1.655319790e-01, -3.310639581e-01
8.79e+01, -1.655319790e-01, -1.655319791e-01, -1.655319790e-01, -3.310639581e-01
8.80e+01, -1.655319790e-01, -1.655319791e-01, -1.655319790e-01, -3.310639581e-01
8.81e+01, -1.655319791e-01, -1.655319791e-01, -1.655319790e-01, -3.310639581e-01
8.82e+01, -1.655319791e-01, -1.655319791e-01, -1.655319790e-01, -3.310639581e-01
8.83e+01, -1.655319791e-01, -1.655319791e-01, -1.655319790e-01, -3.310639581e-01
8.84e+01, -1.655319791e-01, -1.655319791e-01, -1.655319791e-01, -3.310639581e-01
8.85e+01, -1.655319791e-01, -1.655319791e-01, -1.655319791e-01, -3.310639581e-01
8.86e+01, -1.655319791e-01, -1.655319791e-01, -1.655319791e-01, -3.310639581e-01
8.87e+01, -1.655319791e-01, -1.655319791e-01, -1.655319791e-01, -3.310639581e-01
8.88e+01, -1.655319791e-01, -1.655319791e-01, -1.655319791e-01, -3.310639582e-01
8.89e+01, -1.655319791e-01, -1.655319791e-01, -1.655319791e-01, -3.310639582e-01
8.90e+01, -1.655319791e-01, -1.655319791e-01, -1.655319791e-01, -3.310639582e-01
8.91e+01, -1.655319791e-01, -1.655319791e-01, -1.655319791e-01, -3.310639582e-01
8.92e+01, -1.655319791e-01, -1.655319791e-01, -1.655319791e-01, -3.310639582e-01
8.93e+01, -1.655319791e-01, -1.655319791e-01, -1.655319791e-01, -3.310639582e-01
8.94e+01, -1.655319791e-01, -1.655319791e-01, -1.655319791e-01, -3.310639582e-01
8.95e+01, -1.655319791e-01, -1.655319791e-01, -1.655319791e-01, -3.310639582e-01
8.96e+01, -1.655319791e-01, -1.655319791e-01, -1.655319791e-01, -3.310639582e-01
8.97e+01, -1.655319791e-01, -1.655319791e-01, -1.655319791e-01, -3.310639582e-01
8.98e+01, -1.655319791e-01, -1.655319791e-01, -1.655319791e-01, -3.310639582e-01
8.99e+01, -1.655319791e-01, -1.655319791e-01, -1.655319791e-01, -3.310639582e-01
9.00e+01, -1.655319791e-01, -1.655319791e-01, -1.655319791e-01, -3.310639582e-01
9.01e+01, -1.655319791e-01, -1.655319791e-01, -1.655319791e-01, -3.310639582e-01
9.02e+01, -1.655319791e-01, -1.655319791e-01, -1.655319791e-01, -3.310639582e-01
9.03e+01, -1.655319791e-01, -1.655319791e-01, -1.655319791e-01, -3.310639582e-01
9.04e+01, -1.655319791e-01, -1.655319791e-01, -1.655319791e-01, -3.310639582e-01
9.05e+01, -1.655319791e-01, -1.655319791e-01, -1.655319791e-01, -3.310639582e-01
9.06e+01, -1.655319791e-01, -1.655319791e-01, -1.655319791e-01, -3.310639582e-01
9.07e+01, -1.655319791e-01, -1.655319791e-01, -1.655319791e-01, -3.310639582e-01
9.08e+01, -1.655319791e-01, -1.655319791e-01, -1.655319791e-01, -3.310639582e-01
9.09e+01, -1.655319791e-01, -1.655319791e-01, -1.655319791e-01, -3.310639582e-01
9.10e+01, -1.655319791e-01, -1.655319791e-01, -1.655319791e-01, -3.310639582e-01
9.11e+01, -1.655319791e-01, -1.655319791e-01, -1.655319791e-01, -3.310639582e-01
9.12e+01, -1.655319791e-01, -1.655319791e-01, -1.655319791e-01, -3.310639582e-01
9.13e+01, -1.655319791e-01, -1.655319791e-01, -1.655319791e-01, -3.310639583e-01
9.14e+01, -1.655319791e-01, -1.655319791e-01, -1.655319791e-01, -3.310639583e-01
9.15e+01, -1.655319791e-01, -1.655319791e-01, -1.655319791e-01, -3.310639583e-01
9.16e+01, -1.655319791e-01, -1.655319791e-01, -1.655319791e-01, -3.310639583e-01
9.17e+01, -1.655319791e-01, -1.655319791e-01, -1.655319791e-01, -3.310639583e-01
9.18e+01, -1.655319791e-01, -1.655319791e-01, -1.655319791e-01, -3.310639583e-01
9.19e+01, -1.655319791e-01, -1.655319791e-01, -1.655319791e-01, -3.310639583e-01
9.20e+01, -1.655319791e-01, -1.655319791e-01, -1.655319791e-01, -3.310639583e-01
9.21e+01, -1.655319791e-01, -1.655319791e-01, -1.655319791e-01, -3.310639583e-01
9.22e+01, -1.655319791e-01, -1.655319792e-01, -1.655319791e-01, -3.310639583e-01
9.23e+01, -1.655319791e-01, -1.655319792e-01, -1.655319791e-01, -3.310639583e-01
9.24e+01, -1.655319791e-01, -1.655319792e-01, -1.655319791e-01, -3.310639583e-01
9.25e+01, -1.655319791e-01, -1.655319792e-01, -1.655319791e-01, -3.310639583e-01
9.26e+01, -1.655319791e-01, -1.655319792e-01, -1.655319791e-01, -3.310639583e-01
9.27e+01, -1.655319791e-01, -1.655319792e-01, -1.655319791e-01, -3.310639583e-01
9.28e+01, -1.655319791e-01, -1.655319792e-01, -1.655319791e-01, -3.310639583e-01
9.29e+01, -1.655319791e-01, -1.655319792e-01, -1.655319791e-01, -3.310639583e-01
9.30e+01, -1.655319791e-01, -1.655319792e-01, -1.655319791e-01, -3.310639583e-01
9.31e+01, -1.655319791e-01, -1.655319792e-01, -1.655319791e-01, -3.310639583e-01
9.32e+01, -1.655319791e-01, -1.655319792e-01, -1.655319791e-01, -3.310639583e-01
9.33e+01, -1.655319791e-01, -1.655319792e-01, -1.655319791e-01, -3.310639583e-01
9.34e+01, -1.655319791e-01, -1.655319792e-01, -1.655319791e-01, -3.310639583e-01
9.35e+01, -1.655319791e-01, -1.655319792e-01, -1.655319791e-01, -3.310639583e-01
9.36e+01, -1.655319791e-01, -1.655319792e-01, -1.655319791e-01, -3.310639583e-01
9.37e+01, -1.655319792e-01, -1.655319792e-01, -1.655319791e-01, -3.310639583e-01
9.38e+01, -1.655319792e-01, -1.655319792e-01, -1.655319791e-01, -3.310639583e-01
9.39e+01, -1.655319792e-01, -1.655319792e-01, -1.655319791e-01, -3.310639583e-01
9.40e+01, -1.655319792e-01, -1.655319792e-01, -1.655319792e-01, -3.310639583e-01
9.41e+01, -1.655319792e-01, -1.655319792e-01, -1.655319792e-01, -3.310639583e-01
9.42e+01, -1.655319792e-01, -1.655319792e-01, -1.655319792e-01, -3.310639583e-01
9.43e+01, -1.655319792e-01, -1.655319792e-01, -1.655319792e-01, -3.310639583e-01
9.44e+01, -1.655319792e-01, -1.655319792e-01, -1.655319792e-01, -3.310639583e-01
9.45e+01, -1.655319792e-01, -1.655319792e-01, -1.655319792e-01, -3.310639583e-01
9.46e+01, -1.655319792e-01, -1.655319792e-01, -1.655319792e-01, -3.310639583e-01
9.47e+01, -1.655319792e-01, -1.655319792e-01, -1.655319792e-01, -3.310639583e-01
9.48e+01, -1.655319792e-01, -1.655319792e-01, -1.655319792e-01, -3.310639583e-01
9.49e+01, -1.655319792e-01, -1.655319792e-01, -1.655319792e-01, -3.310639583e-01
9.50e+01, -1.655319792e-01, -1.655319792e-01, -1.655319792e-01, -3.310639583e-01
9.51e+01, -1.655319792e-01, -1.655319792e-01, -1.655319792e-01, -3.310639583e-01
9.52e+01, -1.655319792e-01, -1.655319792e-01, -1.655319792e-01, -3.310639583e-01
9.53e+01, -1.655319792e-01, -1.655319792e-01, -1.655319792e-01, -3.310639583e-01
9.54e+01, -1.655319792e-01, -1.655319792e-01, -1.655319792e-01, -3.310639583e-01
9.55e+01, -1.655319792e-01, -1.655319792e-01, -1.655319792e-01, -3.310639583e-01
9.56e+01, -1.655319792e-01, -1.655319792e-01, -1.655319792e-01, -3.310639583e-01
9.57e+01, -1.655319792e-01, -1.655319792e-01, -1.655319792e-01, -3.310639583e-01
9.58e+01, -1.655319792e-01, -1.655319792e-01, -1.655319792e-01, -3.310639583e-01
9.59e+01, -1.655319792e-01, -1.655319792e-01, -1.655319792e-01, -3.310639583e-01
9.60e+01, -1.655319792e-01, -1.655319792e-01, -1.655319792e-01, -3.310639583e-01
9.61e+01, -1.655319792e-01, -1.655319792e-01, -1.655319792e-01, -3.310639583e-01
9.62e+01, -1.655319792e-01, -1.655319792e-01, -1.655319792e-01, -3.310639583e-01
9.63e+01, -1.655319792e-01, -1.655319792e-01, -1.655319792e-01, -3.310639583e-01
9.64e+01, -1.655319792e-01, -1.655319792e-01, -1.655319792e-01, -3.310639583e-01
9.65e+01, -1.655319792e-01, -1.655319792e-01, -1.655319792e-01, -3.310639583e-01
9.66e+01, -1.655319792e-01, -1.655319792e-01, -1.655319792e-01, -3.310639583e-01
9.67e+01, -1.655319792e-01, -1.655319792e-01, -1.655319792e-01, -3.310639583e-01
9.68e+01, -1.655319792e-01, -1.655319792e-01, -1.655319792e-01, -3.310639583e-01
9.69e+01, -1.655319792e-01, -1.655319792e-01, -1.655319792e-01, -3.310639583e-01
9.70e+01, -1.655319792e-01, -1.655319792e-01, -1.655319792e-01, -3.310639583e-01
9.71e+01, -1.655319792e-01, -1.655319792e-01, -1.655319792e-01, -3.310639583e-01
9.72e+01, -1.655319792e-01, -1.655319792e-01, -1.655319792e-01, -3.310639583e-01
9.73e+01, -1.655319792e-01, -1.655319792e-01, -1.655319792e-01, -3.310639584e-01
9.74e+01, -1.655319792e-01, -1.655319792e-01, -1.655319792e-01, -3.310639584e-01
9.75e+01, -1.655319792e-01, -1.655319792e-01, -1.655319792e-01, -3.310639584e-01
9.76e+01, -1.655319792e-01, -1.655319792e-01, -1.655319792e-01, -3.310639584e-01
9.77e+01, -1.655319792e-01, -1.655319792e-01, -1.655319792e-01, -3.310639584e-01
9.78e+01, -1.655319792e-01, -1.655319792e-01, -1.655319792e-01, -3.310639584e-01
9.79e+01, -1.655319792e-01, -1.655319792e-01, -1.655319792e-01, -3.310639584e-01
9.80e+01, -1.655319792e-01, -1.655319792e-01, -1.655319792e-01, -3.310639584e-01
9.81e+01, -1.655319792e-01, -1.655319792e-01, -1.655319792e-01, -3.310639584e-01
9.82e+01, -1.655319792e-01, -1.655319792e-01, -1.655319792e-01, -3.310639584e-01
9.83e+01, -1.655319792e-01, -1.655319792e-01, -1.655319792e-01, -3.310639584e-01
9.84e+01, -1.655319792e-01, -1.655319792e-01, -1.655319792e-01, -3.310639584e-01
9.85e+01, -1.655319792e-01, -1.655319792e-01, -1.655319792e-01, -3.310639584e-01
9.86e+01, -1.655319792e-01, -1.655319792e-01, -1.655319792e-01, -3.310639584e-01
9.87e+01, -1.655319792e-01, -1.655319792e-01, -1.655319792e-01, -3.310639584e-01
9.88e+01, -1.655319792e-01, -1.655319792e-01, -1.655319792e-01, -3.310639584e-01
9.89e+01, -1.655319792e-01, -1.655319792e-01, -1.655319792e-01, -3.310639584e-01
9.90e+01, -1.655319792e-01, -1.655319792e-01, -1.655319792e-01, -3.310639584e-01
9.91e+01, -1.655319792e-01, -1.655319792e-01, -1.655319792e-01, -3.310639584e-01
9.92e+01, -1.655319792e-01, -1.655319792e-01, -1.655319792e-01, -3.310639584e-01
9.93e+01, -1.655319792e-01, -1.655319792e-01, -1.655319792e-01, -3.310639584e-01
9.94e+01, -1.655319792e-01, -1.655319792e-01, -1.655319792e-01, -3.310639584e-01
9.95e+01, -1.655319792e-01, -1.655319792e-01, -1.655319792e-01, -3.310639584e-01
9.96e+01, -1.655319792e-01, -1.655319792e-01, -1.655319792e-01, -3.310639584e-01
9.97e+01, -1.655319792e-01, -1.655319792e-01, -1.655319792e-01, -3.310639584e-01
9.98e+01, -1.655319792e-01, -1.655319792e-01, -1.655319792e-01, -3.310639584e-01
9.99e+01, -1.655319792e-01, -1.655319792e-01, -1.655319792e-01, -3.310639584e-01
1.00e+02, -1.655319792e-01, -1.655319792e-01, -1.655319792e-01, -3.310639584e-01
