0.00e+00, -1.874999180e-04, -1.874999180e-04, -1.874999180e-04, -3.749998359e-04
1.00e-01, -1.886919297e-02, -1.886919358e-02, -1.886919387e-02, -3.773838694e-02
2.00e-01, -3.715818526e-02, -3.715818707e-02, -3.715818831e-02, -7.431637376e-02
3.00e-01, -5.470419318e-02, -5.470419606e-02, -5.470419898e-02, -1.094083921e-01
4.00e-01, -7.122417860e-02, -7.122418115e-02, -7.122418748e-02, -1.424483648e-01
5.00e-01, -8.651835804e-02, -8.651835625e-02, -8.651836993e-02, -1.730367228e-01
6.00e-01, -1.004723615e-01, -1.004723471e-01, -1.004723760e-01, -2.009447231e-01
7.00e-01, -1.130484474e-01, -1.130484064e-01, -1.130484639e-01, -2.260968785e-01
8.00e-01, -1.242702994e-01, -1.242702109e-01, -1.242703177e-01, -2.485405520e-01
9.00e-01, -1.342057573e-01, -1.342055932e-01, -1.342057786e-01, -2.684114194e-01
1.00e+00, -1.429506272e-01, -1.429503529e-01, -1.429506552e-01, -2.859010902e-01
1.10e+00, -1.506152824e-01, -1.506148587e-01, -1.506153254e-01, -3.012303110e-01
1.20e+00, -1.573146003e-01, -1.573139856e-01, -1.573146722e-01, -3.146288388e-01
1.30e+00, -1.631610431e-01, -1.631601966e-01, -1.631611655e-01, -3.263216034e-01
1.40e+00, -1.682603382e-01, -1.682592238e-01, -1.682605422e-01, -3.365200695e-01
1.50e+00, -1.727091236e-01, -1.727077134e-01, -1.727094511e-01, -3.454175254e-01
1.60e+00, -1.765939716e-01, -1.765922494e-01, -1.765944765e-01, -3.531871317e-01
1.70e+00, -1.799913177e-01, -1.799892831e-01, -1.799920668e-01, -3.599817784e-01
1.80e+00, -1.829679395e-01, -1.829656102e-01, -1.829690129e-01, -3.659350417e-01
1.90e+00, -1.855817347e-01, -1.855791490e-01, -1.855832257e-01, -3.711627396e-01
2.00e+00, -1.878826317e-01, -1.878798501e-01, -1.878846464e-01, -3.757647521e-01
2.10e+00, -1.899135271e-01, -1.899106329e-01, -1.899161833e-01, -3.798268956e-01
2.20e+00, -1.917111876e-01, -1.917082872e-01, -1.917146135e-01, -3.834227255e-01
2.30e+00, -1.933070820e-01, -1.933043036e-01, -1.933114145e-01, -3.866152000e-01
2.40e+00, -1.947281286e-01, -1.947256210e-01, -1.947335108e-01, -3.894581735e-01
2.50e+00, -1.959973539e-01, -1.959952842e-01, -1.960039331e-01, -3.919977141e-01
2.60e+00, -1.971344658e-01, -1.971330166e-01, -1.971423908e-01, -3.942732488e-01
2.70e+00, -1.981563476e-01, -1.981557139e-01, -1.981657658e-01, -3.963185516e-01
2.80e+00, -1.990774804e-01, -1.990778666e-01, -1.990885356e-01, -3.981625884e-01
2.90e+00, -1.999103043e-01, -1.999119201e-01, -1.999231336e-01, -3.998302387e-01
3.00e+00, -2.006655235e-01, -2.006685811e-01, -2.006802553e-01, -4.013429066e-01
3.10e+00, -2.013523666e-01, -2.013570766e-01, -2.013691180e-01, -4.027190408e-01
3.20e+00, -2.019788055e-01, -2.019853741e-01, -2.019976808e-01, -4.039745736e-01
3.30e+00, -2.025517412e-01, -2.025603675e-01, -2.025728299e-01, -4.051232924e-01
3.40e+00, -2.030771610e-01, -2.030880340e-01, -2.031005368e-01, -4.061771545e-01
3.50e+00, -2.035602713e-01, -2.035735680e-01, -2.035859909e-01, -4.071465535e-01
3.60e+00, -2.040056097e-01, -2.040214932e-01, -2.040337127e-01, -4.080405437e-01
3.70e+00, -2.044171407e-01, -2.044357588e-01, -2.044476486e-01, -4.088670321e-01
3.80e+00, -2.047983361e-01, -2.048198202e-01, -2.048312529e-01, -4.096329395e-01
3.90e+00, -2.051522433e-01, -2.051767083e-01, -2.051875559e-01, -4.103443383e-01
4.00e+00, -2.054815443e-01, -2.055090875e-01, -2.055192226e-01, -4.110065696e-01
4.10e+00, -2.057886047e-01, -2.058193062e-01, -2.058286026e-01, -4.116243423e-01
4.20e+00, -2.060755159e-01, -2.061094392e-01, -2.061177723e-01, -4.122018183e-01
4.30e+00, -2.063441318e-01, -2.063813236e-01, -2.063885717e-01, -4.127426848e-01
4.40e+00, -2.065960991e-01, -2.066365907e-01, -2.066426345e-01, -4.132502162e-01
4.50e+00, -2.068328841e-01, -2.068766916e-01, -2.068814156e-01, -4.137273275e-01
4.60e+00, -2.070557953e-01, -2.071029210e-01, -2.071062130e-01, -4.141766196e-01
4.70e+00, -2.072660030e-01, -2.073164363e-01, -2.073181881e-01, -4.146004182e-01
4.80e+00, -2.074645560e-01, -2.075182743e-01, -2.075183821e-01, -4.150008083e-01
4.90e+00, -2.076523966e-01, -2.077093666e-01, -2.077077306e-01, -4.153796626e-01
5.00e+00, -2.078303725e-01, -2.078905513e-01, -2.078870764e-01, -4.157386668e-01
5.10e+00, -2.079992484e-01, -2.080625845e-01, -2.080571799e-01, -4.160793418e-01
5.20e+00, -2.081597151e-01, -2.082261492e-01, -2.082187290e-01, -4.164030623e-01
5.30e+00, -2.083123979e-01, -2.083818643e-01, -2.083723472e-01, -4.167110730e-01
5.40e+00, -2.084578638e-01, -2.085302911e-01, -2.085186006e-01, -4.170045036e-01
5.50e+00, -2.085966276e-01, -2.086719395e-01, -2.086580043e-01, -4.172843810e-01
5.60e+00, -2.087291581e-01, -2.088072743e-01, -2.087910278e-01, -4.175516401e-01
5.70e+00, -2.088558821e-01, -2.089367188e-01, -2.089180997e-01, -4.178071338e-01
5.80e+00, -2.089771895e-01, -2.090606599e-01, -2.090396123e-01, -4.180516412e-01
5.90e+00, -2.090934365e-01, -2.091794516e-01, -2.091559249e-01, -4.182858754e-01
6.00e+00, -2.092049494e-01, -2.092934180e-01, -2.092673673e-01, -4.185104898e-01
6.10e+00, -2.093120271e-01, -2.094028565e-01, -2.093742427e-01, -4.187260842e-01
6.20e+00, -2.094149443e-01, -2.095080400e-01, -2.094768303e-01, -4.189332098e-01
6.30e+00, -2.095139537e-01, -2.096092197e-01, -2.095753877e-01, -4.191323741e-01
6.40e+00, -2.096092877e-01, -2.097066267e-01, -2.096701527e-01, -4.193240448e-01
6.50e+00, -2.097011611e-01, -2.098004741e-01, -2.097613455e-01, -4.195086538e-01
6.60e+00, -2.097897720e-01, -2.098909583e-01, -2.098491698e-01, -4.196866001e-01
6.70e+00, -2.098753039e-01, -2.099782608e-01, -2.099338152e-01, -4.198582533e-01
6.80e+00, -2.099579270e-01, -2.100625495e-01, -2.100154574e-01, -4.200239559e-01
6.90e+00, -2.100377990e-01, -2.101439797e-01, -2.100942604e-01, -4.201840261e-01
7.00e+00, -2.101150670e-01, -2.102226953e-01, -2.101703769e-01, -4.203387594e-01
7.10e+00, -2.101898678e-01, -2.102988298e-01, -2.102439496e-01, -4.204884315e-01
7.20e+00, -2.102623294e-01, -2.103725072e-01, -2.103151122e-01, -4.206332992e-01
7.30e+00, -2.103325714e-01, -2.104438428e-01, -2.103839898e-01, -4.207736027e-01
7.40e+00, -2.104007060e-01, -2.105129442e-01, -2.104506999e-01, -4.209095667e-01
7.50e+00, -2.104668388e-01, -2.105799115e-01, -2.105153529e-01, -4.210414021e-01
7.60e+00, -2.105310691e-01, -2.106448385e-01, -2.105780529e-01, -4.211693070e-01
7.70e+00, -2.105934908e-01, -2.107078130e-01, -2.106388980e-01, -4.212934679e-01
7.80e+00, -2.106541927e-01, -2.107689172e-01, -2.106979811e-01, -4.214140607e-01
7.90e+00, -2.107132591e-01, -2.108282286e-01, -2.107553899e-01, -4.215312518e-01
8.00e+00, -2.107707702e-01, -2.108858205e-01, -2.108112075e-01, -4.216451988e-01
8.10e+00, -2.108268023e-01, -2.109417618e-01, -2.108655130e-01, -4.217560514e-01
8.20e+00, -2.108814286e-01, -2.109961181e-01, -2.109183814e-01, -4.218639521e-01
8.30e+00, -2.109347192e-01, -2.110489519e-01, -2.109698842e-01, -4.219690369e-01
8.40e+00, -2.109867412e-01, -2.111003227e-01, -2.110200895e-01, -4.220714356e-01
8.50e+00, -2.110375595e-01, -2.111502876e-01, -2.110690624e-01, -4.221712730e-01
8.60e+00, -2.110872366e-01, -2.111989016e-01, -2.111168648e-01, -4.222686687e-01
8.70e+00, -2.111358330e-01, -2.112462175e-01, -2.111635564e-01, -4.223637380e-01
8.80e+00, -2.111834074e-01, -2.112922868e-01, -2.112091941e-01, -4.224565922e-01
8.90e+00, -2.112300168e-01, -2.113371593e-01, -2.112538325e-01, -4.225473390e-01
9.00e+00, -2.112757165e-01, -2.113808836e-01, -2.112975240e-01, -4.226360828e-01
9.10e+00, -2.113205608e-01, -2.114235075e-01, -2.113403191e-01, -4.227229249e-01
9.20e+00, -2.113646023e-01, -2.114650777e-01, -2.113822661e-01, -4.228079641e-01
9.30e+00, -2.114078926e-01, -2.115056404e-01, -2.114234119e-01, -4.228912966e-01
9.40e+00, -2.114504821e-01, -2.115452410e-01, -2.114638014e-01, -4.229730164e-01
9.50e+00, -2.114924199e-01, -2.115839247e-01, -2.115034780e-01, -4.230532151e-01
9.60e+00, -2.115337542e-01, -2.116217362e-01, -2.115424835e-01, -4.231319826e-01
9.70e+00, -2.115745317e-01, -2.116587198e-01, -2.115808585e-01, -4.232094067e-01
9.80e+00, -2.116147981e-01, -2.116949198e-01, -2.116186418e-01, -4.232855731e-01
9.90e+00, -2.116545977e-01, -2.117303797e-01, -2.116558712e-01, -4.233605657e-01
1.00e+01, -2.116939731e-01, -2.117651433e-01, -2.116925831e-01, -4.234344663e-01
1.01e+01, -2.117329657e-01, -2.117992534e-01, -2.117288123e-01, -4.235073543e-01
1.02e+01, -2.117716146e-01, -2.118327528e-01, -2.117645926e-01, -4.235793067e-01
1.03e+01, -2.118099573e-01, -2.118656832e-01, -2.117999562e-01, -4.236503978e-01
1.04e+01, -2.118480289e-01, -2.118980858e-01, -2.118349336e-01, -4.237206989e-01
1.05e+01, -2.118858620e-01, -2.119300003e-01, -2.118695541e-01, -4.237902776e-01
1.06e+01, -2.119234867e-01, -2.119614653e-01, -2.119038446e-01, -4.238591978e-01
1.07e+01, -2.119609299e-01, -2.119925176e-01, -2.119378305e-01, -4.239275187e-01
1.08e+01, -2.119982155e-01, -2.120231919e-01, -2.119715347e-01, -4.239952947e-01
1.09e+01, -2.120353638e-01, -2.120535205e-01, -2.120049776e-01, -4.240625746e-01
1.10e+01, -2.120723915e-01, -2.120835328e-01, -2.120381769e-01, -4.241294007e-01
1.11e+01, -2.121093115e-01, -2.121132550e-01, -2.120711471e-01, -4.241958090e-01
1.12e+01, -2.121461325e-01, -2.121427099e-01, -2.121038995e-01, -4.242618279e-01
1.13e+01, -2.121828593e-01, -2.121719162e-01, -2.121364419e-01, -4.243274783e-01
1.14e+01, -2.122194923e-01, -2.122008885e-01, -2.121687782e-01, -4.243927727e-01
1.15e+01, -2.122560278e-01, -2.122296372e-01, -2.122009085e-01, -4.244577157e-01
1.16e+01, -2.122924579e-01, -2.122581681e-01, -2.122328290e-01, -4.245223033e-01
1.17e+01, -2.123287708e-01, -2.122864825e-01, -2.122645319e-01, -4.245865234e-01
1.18e+01, -2.123649510e-01, -2.123145776e-01, -2.122960058e-01, -4.246503562e-01
1.19e+01, -2.124009797e-01, -2.123424463e-01, -2.123272358e-01, -4.247137746e-01
1.20e+01, -2.124368352e-01, -2.123700780e-01, -2.123582041e-01, -4.247767449e-01
1.21e+01, -2.124724933e-01, -2.123974586e-01, -2.123888902e-01, -4.248392281e-01
1.22e+01, -2.125079279e-01, -2.124245718e-01, -2.124192716e-01, -4.249011808e-01
1.23e+01, -2.125431117e-01, -2.124513989e-01, -2.124493246e-01, -4.249625568e-01
1.24e+01, -2.125780168e-01, -2.124779203e-01, -2.124790248e-01, -4.250233079e-01
1.25e+01, -2.126126152e-01, -2.125041158e-01, -2.125083482e-01, -4.250833861e-01
1.26e+01, -2.126468795e-01, -2.125299658e-01, -2.125372715e-01, -4.251427446e-01
1.27e+01, -2.126807835e-01, -2.125554517e-01, -2.125657735e-01, -4.252013391e-01
1.28e+01, -2.127143024e-01, -2.125805565e-01, -2.125938350e-01, -4.252591292e-01
1.29e+01, -2.127474135e-01, -2.126052662e-01, -2.126214402e-01, -4.253160799e-01
1.30e+01, -2.127800964e-01, -2.126295696e-01, -2.126485768e-01, -4.253721618e-01
1.31e+01, -2.128123332e-01, -2.126534591e-01, -2.126752366e-01, -4.254273526e-01
1.32e+01, -2.128441088e-01, -2.126769309e-01, -2.127014159e-01, -4.254816371e-01
1.33e+01, -2.128754104e-01, -2.126999857e-01, -2.127271157e-01, -4.255350078e-01
1.34e+01, -2.129062282e-01, -2.127226281e-01, -2.127523415e-01, -4.255874652e-01
1.35e+01, -2.129365548e-01, -2.127448674e-01, -2.127771038e-01, -4.256390173e-01
1.36e+01, -2.129663848e-01, -2.127667171e-01, -2.128014175e-01, -4.256896796e-01
1.37e+01, -2.129957155e-01, -2.127881948e-01, -2.128253018e-01, -4.257394747e-01
1.38e+01, -2.130245454e-01, -2.128093221e-01, -2.128487800e-01, -4.257884316e-01
1.39e+01, -2.130528750e-01, -2.128301241e-01, -2.128718784e-01, -4.258365850e-01
1.40e+01, -2.130807059e-01, -2.128506293e-01, -2.128946264e-01, -4.258839744e-01
1.41e+01, -2.131080407e-01, -2.128708692e-01, -2.129170554e-01, -4.259306435e-01
1.42e+01, -2.131348826e-01, -2.128908776e-01, -2.129391981e-01, -4.259766388e-01
1.43e+01, -2.131612354e-01, -2.129106903e-01, -2.129610878e-01, -4.260220091e-01
1.44e+01, -2.131871032e-01, -2.129303449e-01, -2.129827579e-01, -4.260668040e-01
1.45e+01, -2.132124900e-01, -2.129498797e-01, -2.130042404e-01, -4.261110734e-01
1.46e+01, -2.132373998e-01, -2.129693338e-01, -2.130255658e-01, -4.261548662e-01
1.47e+01, -2.132618362e-01, -2.129887464e-01, -2.130467621e-01, -4.261982298e-01
1.48e+01, -2.132858027e-01, -2.130081563e-01, -2.130678546e-01, -4.262412091e-01
1.49e+01, -2.133093022e-01, -2.130276015e-01, -2.130888648e-01, -4.262838457e-01
1.50e+01, -2.133323370e-01, -2.130471188e-01, -2.131098106e-01, -4.263261776e-01
1.51e+01, -2.133549090e-01, -2.130667433e-01, -2.131307057e-01, -4.263682387e-01
1.52e+01, -2.133770192e-01, -2.130865078e-01, -2.131515599e-01, -4.264100579e-01
1.53e+01, -2.133986678e-01, -2.131064425e-01, -2.131723785e-01, -4.264516592e-01
1.54e+01, -2.134198540e-01, -2.131265745e-01, -2.131931628e-01, -4.264930608e-01
1.55e+01, -2.134405756e-01, -2.131469269e-01, -2.132139099e-01, -4.265342749e-01
1.56e+01, -2.134608294e-01, -2.131675184e-01, -2.132346130e-01, -4.265753072e-01
1.57e+01, -2.134806102e-01, -2.131883626e-01, -2.132552613e-01, -4.266161561e-01
1.58e+01, -2.134999112e-01, -2.132094668e-01, -2.132758403e-01, -4.266568122e-01
1.59e+01, -2.135187236e-01, -2.132308317e-01, -2.132963313e-01, -4.266972578e-01
1.60e+01, -2.135370366e-01, -2.132524506e-01, -2.133167123e-01, -4.267374663e-01
1.61e+01, -2.135548373e-01, -2.132743083e-01, -2.133369570e-01, -4.267774018e-01
1.62e+01, -2.135721112e-01, -2.132963810e-01, -2.133570357e-01, -4.268170186e-01
1.63e+01, -2.135888423e-01, -2.133186358e-01, -2.133769151e-01, -4.268562621e-01
1.64e+01, -2.136050133e-01, -2.133410308e-01, -2.133965586e-01, -4.268950685e-01
1.65e+01, -2.136206069e-01, -2.133635155e-01, -2.134159268e-01, -4.269333661e-01
1.66e+01, -2.136356056e-01, -2.133860317e-01, -2.134349781e-01, -4.269710770e-01
1.67e+01, -2.136499934e-01, -2.134085145e-01, -2.134536696e-01, -4.270081183e-01
1.68e+01, -2.136637556e-01, -2.134308940e-01, -2.134719580e-01, -4.270444051e-01
1.69e+01, -2.136768805e-01, -2.134530970e-01, -2.134898005e-01, -4.270798520e-01
1.70e+01, -2.136893591e-01, -2.134750492e-01, -2.135071565e-01, -4.271143765e-01
1.71e+01, -2.137011865e-01, -2.134966769e-01, -2.135239879e-01, -4.271479009e-01
1.72e+01, -2.137123616e-01, -2.135179096e-01, -2.135402609e-01, -4.271803547e-01
1.73e+01, -2.137228876e-01, -2.135386812e-01, -2.135559462e-01, -4.272116766e-01
1.74e+01, -2.137327719e-01, -2.135589319e-01, -2.135710203e-01, -4.272418161e-01
1.75e+01, -2.137420262e-01, -2.135786094e-01, -2.135854655e-01, -4.272707341e-01
1.76e+01, -2.137506660e-01, -2.135976695e-01, -2.135992701e-01, -4.272984037e-01
1.77e+01, -2.137587101e-01, -2.136160769e-01, -2.136124286e-01, -4.273248104e-01
1.78e+01, -2.137661806e-01, -2.136338049e-01, -2.136249413e-01, -4.273499512e-01
1.79e+01, -2.137731019e-01, -2.136508355e-01, -2.136368139e-01, -4.273738342e-01
1.80e+01, -2.137795004e-01, -2.136671587e-01, -2.136480570e-01, -4.273964774e-01
1.81e+01, -2.137854039e-01, -2.136827722e-01, -2.136586854e-01, -4.274179077e-01
1.82e+01, -2.137908412e-01, -2.136976799e-01, -2.136687176e-01, -4.274381591e-01
1.83e+01, -2.137958413e-01, -2.137118919e-01, -2.136781749e-01, -4.274572721e-01
1.84e+01, -2.138004336e-01, -2.137254230e-01, -2.136870809e-01, -4.274752916e-01
1.85e+01, -2.138046466e-01, -2.137382920e-01, -2.136954607e-01, -4.274922663e-01
1.86e+01, -2.138085087e-01, -2.137505210e-01, -2.137033407e-01, -4.275082469e-01
1.87e+01, -2.138120470e-01, -2.137621343e-01, -2.137107476e-01, -4.275232859e-01
1.88e+01, -2.138152875e-01, -2.137731580e-01, -2.137177086e-01, -4.275374361e-01
1.89e+01, -2.138182551e-01, -2.137836193e-01, -2.137242504e-01, -4.275507498e-01
1.90e+01, -2.138209731e-01, -2.137935460e-01, -2.137303992e-01, -4.275632788e-01
1.91e+01, -2.138234636e-01, -2.138029659e-01, -2.137361805e-01, -4.275750734e-01
1.92e+01, -2.138257470e-01, -2.138119068e-01, -2.137416190e-01, -4.275861819e-01
1.93e+01, -2.138278425e-01, -2.138203957e-01, -2.137467382e-01, -4.275966509e-01
1.94e+01, -2.138297675e-01, -2.138284589e-01, -2.137515604e-01, -4.276065246e-01
1.95e+01, -2.138315383e-01, -2.138361219e-01, -2.137561068e-01, -4.276158446e-01
1.96e+01, -2.138331697e-01, -2.138434088e-01, -2.137603973e-01, -4.276246506e-01
1.97e+01, -2.138346752e-01, -2.138503430e-01, -2.137644506e-01, -4.276329792e-01
1.98e+01, -2.138360672e-01, -2.138569464e-01, -2.137682840e-01, -4.276408651e-01
1.99e+01, -2.138373569e-01, -2.138632396e-01, -2.137719138e-01, -4.276483402e-01
2.00e+01, -2.138385543e-01, -2.138692421e-01, -2.137753551e-01, -4.276554344e-01
2.01e+01, -2.138396686e-01, -2.138749723e-01, -2.137786218e-01, -4.276621751e-01
2.02e+01, -2.138407080e-01, -2.138804471e-01, -2.137817268e-01, -4.276685880e-01
2.03e+01, -2.138416799e-01, -2.138856826e-01, -2.137846820e-01, -4.276746963e-01
2.04e+01, -2.138425909e-01, -2.138906935e-01, -2.137874982e-01, -4.276805218e-01
2.05e+01, -2.138434469e-01, -2.138954936e-01, -2.137901856e-01, -4.276860841e-01
2.06e+01, -2.138442532e-01, -2.139000958e-01, -2.137927534e-01, -4.276914016e-01
2.07e+01, -2.138450145e-01, -2.139045118e-01, -2.137952101e-01, -4.276964909e-01
2.08e+01, -2.138457351e-01, -2.139087526e-01, -2.137975633e-01, -4.277013673e-01
2.09e+01, -2.138464187e-01, -2.139128285e-01, -2.137998201e-01, -4.277060449e-01
2.10e+01, -2.138470685e-01, -2.139167488e-01, -2.138019872e-01, -4.277105363e-01
2.11e+01, -2.138476877e-01, -2.139205222e-01, -2.138040702e-01, -4.277148534e-01
2.12e+01, -2.138482788e-01, -2.139241568e-01, -2.138060747e-01, -4.277190068e-01
2.13e+01, -2.138488441e-01, -2.139276599e-01, -2.138080057e-01, -4.277230065e-01
2.14e+01, -2.138493858e-01, -2.139310386e-01, -2.138098675e-01, -4.277268613e-01
2.15e+01, -2.138499058e-01, -2.139342991e-01, -2.138116643e-01, -4.277305795e-01
2.16e+01, -2.138504056e-01, -2.139374474e-01, -2.138133998e-01, -4.277341686e-01
2.17e+01, -2.138508869e-01, -2.139404889e-01, -2.138150775e-01, -4.277376356e-01
2.18e+01, -2.138513509e-01, -2.139434287e-01, -2.138167005e-01, -4.277409867e-01
2.19e+01, -2.138517988e-01, -2.139462715e-01, -2.138182717e-01, -4.277442280e-01
2.20e+01, -2.138522317e-01, -2.139490217e-01, -2.138197935e-01, -4.277473646e-01
2.21e+01, -2.138526507e-01, -2.139516833e-01, -2.138212684e-01, -4.277504016e-01
2.22e+01, -2.138530567e-01, -2.139542601e-01, -2.138226985e-01, -4.277533435e-01
2.23e+01, -2.138534503e-01, -2.139567556e-01, -2.138240859e-01, -4.277561945e-01
2.24e+01, -2.138538325e-01, -2.139591732e-01, -2.138254322e-01, -4.277589586e-01
2.25e+01, -2.138542040e-01, -2.139615158e-01, -2.138267393e-01, -4.277616394e-01
2.26e+01, -2.138545653e-01, -2.139637864e-01, -2.138280085e-01, -4.277642402e-01
2.27e+01, -2.138549172e-01, -2.139659877e-01, -2.138292412e-01, -4.277667641e-01
2.28e+01, -2.138552602e-01, -2.139681222e-01, -2.138304388e-01, -4.277692142e-01
2.29e+01, -2.138555949e-01, -2.139701924e-01, -2.138316024e-01, -4.277715931e-01
2.30e+01, -2.138559218e-01, -2.139722003e-01, -2.138327331e-01, -4.277739034e-01
2.31e+01, -2.138562414e-01, -2.139741482e-01, -2.138338318e-01, -4.277761475e-01
2.32e+01, -2.138565542e-01, -2.139760380e-01, -2.138348994e-01, -4.277783278e-01
2.33e+01, -2.138568608e-01, -2.139778716e-01, -2.138359369e-01, -4.277804462e-01
2.34e+01, -2.138571617e-01, -2.139796509e-01, -2.138369449e-01, -4.277825050e-01
2.35e+01, -2.138574571e-01, -2.139813775e-01, -2.138379242e-01, -4.277845059e-01
2.36e+01, -2.138577478e-01, -2.139830530e-01, -2.138388754e-01, -4.277864508e-01
2.37e+01, -2.138580340e-01, -2.139846790e-01, -2.138397992e-01, -4.277883414e-01
2.38e+01, -2.138583163e-01, -2.139862568e-01, -2.138406961e-01, -4.277901795e-01
2.39e+01, -2.138585950e-01, -2.139877880e-01, -2.138415667e-01, -4.277919665e-01
2.40e+01, -2.138588707e-01, -2.139892739e-01, -2.138424115e-01, -4.277937040e-01
2.41e+01, -2.138591438e-01, -2.139907156e-01, -2.138432308e-01, -4.277953934e-01
2.42e+01, -2.138594146e-01, -2.139921144e-01, -2.138440252e-01, -4.277970362e-01
2.43e+01, -2.138596838e-01, -2.139934716e-01, -2.138447951e-01, -4.277986336e-01
2.44e+01, -2.138599516e-01, -2.139947881e-01, -2.138455409e-01, -4.278001870e-01
2.45e+01, -2.138602185e-01, -2.139960651e-01, -2.138462628e-01, -4.278016976e-01
2.46e+01, -2.138604849e-01, -2.139973036e-01, -2.138469613e-01, -4.278031666e-01
2.47e+01, -2.138607514e-01, -2.139985046e-01, -2.138476366e-01, -4.278045951e-01
2.48e+01, -2.138610182e-01, -2.139996691e-01, -2.138482891e-01, -4.278059843e-01
2.49e+01, -2.138612859e-01, -2.140007979e-01, -2.138489191e-01, -4.278073353e-01
2.50e+01, -2.138615549e-01, -2.140018919e-01, -2.138495267e-01, -4.278086490e-01
2.51e+01, -2.138618255e-01, -2.140029521e-01, -2.138501124e-01, -4.278099266e-01
2.52e+01, -2.138620983e-01, -2.140039791e-01, -2.138506762e-01, -4.278111691e-01
2.53e+01, -2.138623736e-01, -2.140049739e-01, -2.138512185e-01, -4.278123773e-01
2.54e+01, -2.138626518e-01, -2.140059371e-01, -2.138517394e-01, -4.278135522e-01
2.55e+01, -2.138629335e-01, -2.140068695e-01, -2.138522391e-01, -4.278146948e-01
2.56e+01, -2.138632190e-01, -2.140077719e-01, -2.138527179e-01, -4.278158058e-01
2.57e+01, -2.138635087e-01, -2.140086448e-01, -2.138531759e-01, -4.278168863e-01
2.58e+01, -2.138638031e-01, -2.140094891e-01, -2.138536133e-01, -4.278179370e-01
2.59e+01, -2.138641026e-01, -2.140103052e-01, -2.138540302e-01, -4.278189587e-01
2.60e+01, -2.138644076e-01, -2.140110939e-01, -2.138544268e-01, -4.278199522e-01
2.61e+01, -2.138647185e-01, -2.140118557e-01, -2.138548032e-01, -4.278209183e-01
2.62e+01, -2.138650358e-01, -2.140125913e-01, -2.138551596e-01, -4.278218578e-01
2.63e+01, -2.138653599e-01, -2.140133012e-01, -2.138554961e-01, -4.278227714e-01
2.64e+01, -2.138656912e-01, -2.140139859e-01, -2.138558127e-01, -4.278236599e-01
2.65e+01, -2.138660301e-01, -2.140146459e-01, -2.138561096e-01, -4.278245238e-01
2.66e+01, -2.138663771e-01, -2.140152819e-01, -2.138563869e-01, -4.278253640e-01
2.67e+01, -2.138667326e-01, -2.140158942e-01, -2.138566447e-01, -4.278261810e-01
2.68e+01, -2.138670970e-01, -2.140164834e-01, -2.138568830e-01, -4.278269756e-01
2.69e+01, -2.138674708e-01, -2.140170499e-01, -2.138571019e-01, -4.278277484e-01
2.70e+01, -2.138678543e-01, -2.140175942e-01, -2.138573015e-01, -4.278285000e-01
2.71e+01, -2.138682481e-01, -2.140181167e-01, -2.138574817e-01, -4.278292310e-01
2.72e+01, -2.138686525e-01, -2.140186178e-01, -2.138576427e-01, -4.278299420e-01
2.73e+01, -2.138690681e-01, -2.140190979e-01, -2.138577844e-01, -4.278306336e-01
2.74e+01, -2.138694952e-01, -2.140195575e-01, -2.138579069e-01, -4.278313064e-01
2.75e+01, -2.138699343e-01, -2.140199969e-01, -2.138580102e-01, -4.278319609e-01
2.76e+01, -2.138703859e-01, -2.140204165e-01, -2.138580942e-01, -4.278325977e-01
2.77e+01, -2.138708504e-01, -2.140208166e-01, -2.138581591e-01, -4.278332174e-01
2.78e+01, -2.138713283e-01, -2.140211977e-01, -2.138582046e-01, -4.278338204e-01
2.79e+01, -2.138718200e-01, -2.140215599e-01, -2.138582309e-01, -4.278344072e-01
2.80e+01, -2.138723261e-01, -2.140219037e-01, -2.138582379e-01, -4.278349784e-01
2.81e+01, -2.138728471e-01, -2.140222293e-01, -2.138582254e-01, -4.278355345e-01
2.82e+01, -2.138733833e-01, -2.140225371e-01, -2.138581935e-01, -4.278360760e-01
2.83e+01, -2.138739354e-01, -2.140228274e-01, -2.138581421e-01, -4.278366033e-01
2.84e+01, -2.138745038e-01, -2.140231004e-01, -2.138580711e-01, -4.278371169e-01
2.85e+01, -2.138750890e-01, -2.140233564e-01, -2.138579804e-01, -4.278376173e-01
2.86e+01, -2.138756917e-01, -2.140235957e-01, -2.138578699e-01, -4.278381049e-01
2.87e+01, -2.138763122e-01, -2.140238185e-01, -2.138577395e-01, -4.278385802e-01
2.88e+01, -2.138769512e-01, -2.140240252e-01, -2.138575891e-01, -4.278390436e-01
2.89e+01, -2.138776092e-01, -2.140242158e-01, -2.138574184e-01, -4.278394956e-01
2.90e+01, -2.138782868e-01, -2.140243907e-01, -2.138572275e-01, -4.278399366e-01
2.91e+01, -2.138789845e-01, -2.140245500e-01, -2.138570161e-01, -4.278403671e-01
2.92e+01, -2.138797031e-01, -2.140246941e-01, -2.138567840e-01, -4.278407874e-01
2.93e+01, -2.138804429e-01, -2.140248230e-01, -2.138565311e-01, -4.278411981e-01
2.94e+01, -2.138812048e-01, -2.140249371e-01, -2.138562572e-01, -4.278415994e-01
2.95e+01, -2.138819892e-01, -2.140250365e-01, -2.138559621e-01, -4.278419919e-01
2.96e+01, -2.138827969e-01, -2.140251213e-01, -2.138556456e-01, -4.278423759e-01
2.97e+01, -2.138836285e-01, -2.140251919e-01, -2.138553074e-01, -4.278427519e-01
2.98e+01, -2.138844847e-01, -2.140252483e-01, -2.138549474e-01, -4.278431203e-01
2.99e+01, -2.138853662e-01, -2.140252908e-01, -2.138545653e-01, -4.278434815e-01
3.00e+01, -2.138862737e-01, -2.140253194e-01, -2.138541608e-01, -4.278438360e-01
3.01e+01, -2.138872078e-01, -2.140253345e-01, -2.138537337e-01, -4.278441841e-01
3.02e+01, -2.138881695e-01, -2.140253361e-01, -2.138532838e-01, -4.278445262e-01
3.03e+01, -2.138891593e-01, -2.140253244e-01, -2.138528107e-01, -4.278448629e-01
3.04e+01, -2.138901781e-01, -2.140252997e-01, -2.138523142e-01, -4.278451946e-01
3.05e+01, -2.138912266e-01, -2.140252619e-01, -2.138517939e-01, -4.278455216e-01
3.06e+01, -2.138923057e-01, -2.140252114e-01, -2.138512497e-01, -4.278458445e-01
3.07e+01, -2.138934163e-01, -2.140251482e-01, -2.138506811e-01, -4.278461637e-01
3.08e+01, -2.138945590e-01, -2.140250726e-01, -2.138500879e-01, -4.278464797e-01
3.09e+01, -2.138957349e-01, -2.140249846e-01, -2.138494697e-01, -4.278467928e-01
3.10e+01, -2.138969447e-01, -2.140248846e-01, -2.138488263e-01, -4.278471037e-01
3.11e+01, -2.138981894e-01, -2.140247725e-01, -2.138481574e-01, -4.278474129e-01
3.12e+01, -2.138994699e-01, -2.140246487e-01, -2.138474625e-01, -4.278477207e-01
3.13e+01, -2.139007871e-01, -2.140245133e-01, -2.138467414e-01, -4.278480278e-01
3.14e+01, -2.139021420e-01, -2.140243664e-01, -2.138459938e-01, -4.278483347e-01
3.15e+01, -2.139035354e-01, -2.140242083e-01, -2.138452192e-01, -4.278486420e-01
3.16e+01, -2.139049685e-01, -2.140240392e-01, -2.138444175e-01, -4.278489502e-01
3.17e+01, -2.139064422e-01, -2.140238594e-01, -2.138435883e-01, -4.278492599e-01
3.18e+01, -2.139079574e-01, -2.140236689e-01, -2.138427313e-01, -4.278495718e-01
3.19e+01, -2.139095153e-01, -2.140234681e-01, -2.138418462e-01, -4.278498864e-01
3.20e+01, -2.139111168e-01, -2.140232572e-01, -2.138409327e-01, -4.278502045e-01
3.21e+01, -2.139127629e-01, -2.140230366e-01, -2.138399905e-01, -4.278505267e-01
3.22e+01, -2.139144548e-01, -2.140228064e-01, -2.138390194e-01, -4.278508538e-01
3.23e+01, -2.139161934e-01, -2.140225671e-01, -2.138380192e-01, -4.278511864e-01
3.24e+01, -2.139179798e-01, -2.140223189e-01, -2.138369895e-01, -4.278515255e-01
3.25e+01, -2.139198151e-01, -2.140220622e-01, -2.138359302e-01, -4.278518717e-01
3.26e+01, -2.139217002e-01, -2.140217974e-01, -2.138348412e-01, -4.278522259e-01
3.27e+01, -2.139236363e-01, -2.140215249e-01, -2.138337223e-01, -4.278525890e-01
3.28e+01, -2.139256243e-01, -2.140212451e-01, -2.138325734e-01, -4.278529619e-01
3.29e+01, -2.139276653e-01, -2.140209586e-01, -2.138313944e-01, -4.278533455e-01
3.30e+01, -2.139297602e-01, -2.140206658e-01, -2.138301853e-01, -4.278537409e-01
3.31e+01, -2.139319100e-01, -2.140203674e-01, -2.138289462e-01, -4.278541490e-01
3.32e+01, -2.139341157e-01, -2.140200638e-01, -2.138276770e-01, -4.278545710e-01
3.33e+01, -2.139363781e-01, -2.140197558e-01, -2.138263779e-01, -4.278550079e-01
3.34e+01, -2.139386982e-01, -2.140194439e-01, -2.138250492e-01, -4.278554609e-01
3.35e+01, -2.139410767e-01, -2.140191290e-01, -2.138236911e-01, -4.278559312e-01
3.36e+01, -2.139435144e-01, -2.140188118e-01, -2.138223038e-01, -4.278564200e-01
3.37e+01, -2.139460120e-01, -2.140184931e-01, -2.138208878e-01, -4.278569286e-01
3.38e+01, -2.139485701e-01, -2.140181739e-01, -2.138194437e-01, -4.278574584e-01
3.39e+01, -2.139511892e-01, -2.140178550e-01, -2.138179719e-01, -4.278580108e-01
3.40e+01, -2.139538699e-01, -2.140175375e-01, -2.138164732e-01, -4.278585870e-01
3.41e+01, -2.139566124e-01, -2.140172223e-01, -2.138149483e-01, -4.278591887e-01
3.42e+01, -2.139594171e-01, -2.140169107e-01, -2.138133981e-01, -4.278598173e-01
3.43e+01, -2.139622841e-01, -2.140166038e-01, -2.138118237e-01, -4.278604744e-01
3.44e+01, -2.139652133e-01, -2.140163028e-01, -2.138102261e-01, -4.278611615e-01
3.45e+01, -2.139682047e-01, -2.140160090e-01, -2.138086066e-01, -4.278618802e-01
3.46e+01, -2.139712580e-01, -2.140157238e-01, -2.138069667e-01, -4.278626323e-01
3.47e+01, -2.139743727e-01, -2.140154486e-01, -2.138053078e-01, -4.278634194e-01
3.48e+01, -2.139775483e-01, -2.140151848e-01, -2.138036316e-01, -4.278642432e-01
3.49e+01, -2.139807839e-01, -2.140149340e-01, -2.138019401e-01, -4.278651053e-01
3.50e+01, -2.139840786e-01, -2.140146978e-01, -2.138002352e-01, -4.278660077e-01
3.51e+01, -2.139874312e-01, -2.140144777e-01, -2.137985190e-01, -4.278669520e-01
3.52e+01, -2.139908403e-01, -2.140142755e-01, -2.137967940e-01, -4.278679399e-01
3.53e+01, -2.139943044e-01, -2.140140929e-01, -2.137950626e-01, -4.278689733e-01
3.54e+01, -2.139978215e-01, -2.140139315e-01, -2.137933277e-01, -4.278700538e-01
3.55e+01, -2.140013897e-01, -2.140137932e-01, -2.137915921e-01, -4.278711833e-01
3.56e+01, -2.140050066e-01, -2.140136798e-01, -2.137898588e-01, -4.278723634e-01
3.57e+01, -2.140086696e-01, -2.140135929e-01, -2.137881313e-01, -4.278735959e-01
3.58e+01, -2.140123761e-01, -2.140135345e-01, -2.137864130e-01, -4.278748824e-01
3.59e+01, -2.140161229e-01, -2.140135063e-01, -2.137847076e-01, -4.278762245e-01
3.60e+01, -2.140199068e-01, -2.140135100e-01, -2.137830190e-01, -4.278776238e-01
3.61e+01, -2.140237242e-01, -2.140135474e-01, -2.137813513e-01, -4.278790819e-01
3.62e+01, -2.140275714e-01, -2.140136201e-01, -2.137797089e-01, -4.278806003e-01
3.63e+01, -2.140314443e-01, -2.140137299e-01, -2.137780962e-01, -4.278821802e-01
3.64e+01, -2.140353388e-01, -2.140138782e-01, -2.137765179e-01, -4.278838232e-01
3.65e+01, -2.140392504e-01, -2.140140664e-01, -2.137749789e-01, -4.278855305e-01
3.66e+01, -2.140431744e-01, -2.140142961e-01, -2.137734842e-01, -4.278873032e-01
3.67e+01, -2.140471061e-01, -2.140145684e-01, -2.137720393e-01, -4.278891425e-01
3.68e+01, -2.140510403e-01, -2.140148846e-01, -2.137706494e-01, -4.278910495e-01
3.69e+01, -2.140549720e-01, -2.140152455e-01, -2.137693201e-01, -4.278930251e-01
3.70e+01, -2.140588959e-01, -2.140156521e-01, -2.137680572e-01, -4.278950702e-01
3.71e+01, -2.140628064e-01, -2.140161051e-01, -2.137668666e-01, -4.278971854e-01
3.72e+01, -2.140666982e-01, -2.140166051e-01, -2.137657542e-01, -4.278993716e-01
3.73e+01, -2.140705655e-01, -2.140171523e-01, -2.137647261e-01, -4.279016293e-01
3.74e+01, -2.140744029e-01, -2.140177469e-01, -2.137637884e-01, -4.279039588e-01
3.75e+01, -2.140782046e-01, -2.140183888e-01, -2.137629475e-01, -4.279063606e-01
3.76e+01, -2.140819650e-01, -2.140190779e-01, -2.137622095e-01, -4.279088349e-01
3.77e+01, -2.140856784e-01, -2.140198136e-01, -2.137615807e-01, -4.279113819e-01
3.78e+01, -2.140893393e-01, -2.140205953e-01, -2.137610674e-01, -4.279140014e-01
3.79e+01, -2.140929421e-01, -2.140214219e-01, -2.137606758e-01, -4.279166933e-01
3.80e+01, -2.140964815e-01, -2.140222924e-01, -2.137604120e-01, -4.279194573e-01
3.81e+01, -2.140999520e-01, -2.140232054e-01, -2.137602821e-01, -4.279222930e-01
3.82e+01, -2.141033486e-01, -2.140241591e-01, -2.137602918e-01, -4.279251997e-01
3.83e+01, -2.141066662e-01, -2.140251519e-01, -2.137604470e-01, -4.279281767e-01
3.84e+01, -2.141099000e-01, -2.140261815e-01, -2.137607530e-01, -4.279312230e-01
3.85e+01, -2.141130453e-01, -2.140272457e-01, -2.137612151e-01, -4.279343374e-01
3.86e+01, -2.141160978e-01, -2.140283420e-01, -2.137618381e-01, -4.279375186e-01
3.87e+01, -2.141190531e-01, -2.140294677e-01, -2.137626267e-01, -4.279407650e-01
3.88e+01, -2.141219073e-01, -2.140306199e-01, -2.137635851e-01, -4.279440748e-01
3.89e+01, -2.141246567e-01, -2.140317955e-01, -2.137647169e-01, -4.279474461e-01
3.90e+01, -2.141272978e-01, -2.140329914e-01, -2.137660256e-01, -4.279508766e-01
3.91e+01, -2.141298275e-01, -2.140342042e-01, -2.137675140e-01, -4.279543638e-01
3.92e+01, -2.141322428e-01, -2.140354303e-01, -2.137691843e-01, -4.279579050e-01
3.93e+01, -2.141345412e-01, -2.140366663e-01, -2.137710384e-01, -4.279614972e-01
3.94e+01, -2.141367202e-01, -2.140379085e-01, -2.137730773e-01, -4.279651374e-01
3.95e+01, -2.141387781e-01, -2.140391532e-01, -2.137753017e-01, -4.279688220e-01
3.96e+01, -2.141407129e-01, -2.140403967e-01, -2.137777114e-01, -4.279725473e-01
3.97e+01, -2.141425235e-01, -2.140416353e-01, -2.137803056e-01, -4.279763096e-01
3.98e+01, -2.141442087e-01, -2.140428652e-01, -2.137830831e-01, -4.279801046e-01
3.99e+01, -2.141457678e-01, -2.140440828e-01, -2.137860417e-01, -4.279839282e-01
4.00e+01, -2.141472006e-01, -2.140452846e-01, -2.137891786e-01, -4.279877759e-01
4.01e+01, -2.141485070e-01, -2.140464671e-01, -2.137924904e-01, -4.279916430e-01
4.02e+01, -2.141496872e-01, -2.140476268e-01, -2.137959731e-01, -4.279955247e-01
4.03e+01, -2.141507420e-01, -2.140487606e-01, -2.137996219e-01, -4.279994163e-01
4.04e+01, -2.141516724e-01, -2.140498655e-01, -2.138034314e-01, -4.280033129e-01
4.05e+01, -2.141524797e-01, -2.140509385e-01, -2.138073958e-01, -4.280072093e-01
4.06e+01, -2.141531656e-01, -2.140519770e-01, -2.138115085e-01, -4.280111007e-01
4.07e+01, -2.141537321e-01, -2.140529785e-01, -2.138157626e-01, -4.280149821e-01
4.08e+01, -2.141541816e-01, -2.140539409e-01, -2.138201504e-01, -4.280188486e-01
4.09e+01, -2.141545168e-01, -2.140548623e-01, -2.138246640e-01, -4.280226955e-01
4.10e+01, -2.141547407e-01, -2.140557409e-01, -2.138292953e-01, -4.280265179e-01
4.11e+01, -2.141548567e-01, -2.140565753e-01, -2.138340354e-01, -4.280303116e-01
4.12e+01, -2.141548682e-01, -2.140573645e-01, -2.138388755e-01, -4.280340721e-01
4.13e+01, -2.141547792e-01, -2.140581075e-01, -2.138438065e-01, -4.280377955e-01
4.14e+01, -2.141545938e-01, -2.140588038e-01, -2.138488191e-01, -4.280414778e-01
4.15e+01, -2.141543165e-01, -2.140594532e-01, -2.138539039e-01, -4.280451157e-01
4.16e+01, -2.141539518e-01, -2.140600556e-01, -2.138590515e-01, -4.280487059e-01
4.17e+01, -2.141535046e-01, -2.140606113e-01, -2.138642525e-01, -4.280522456e-01
4.18e+01, -2.141529799e-01, -2.140611209e-01, -2.138694975e-01, -4.280557322e-01
4.19e+01, -2.141523828e-01, -2.140615852e-01, -2.138747774e-01, -4.280591636e-01
4.20e+01, -2.141517187e-01, -2.140620052e-01, -2.138800831e-01, -4.280625380e-01
4.21e+01, -2.141509928e-01, -2.140623822e-01, -2.138854057e-01, -4.280658538e-01
4.22e+01, -2.141502107e-01, -2.140627177e-01, -2.138907368e-01, -4.280691101e-01
4.23e+01, -2.141493780e-01, -2.140630133e-01, -2.138960679e-01, -4.280723061e-01
4.24e+01, -2.141485001e-01, -2.140632711e-01, -2.139013910e-01, -4.280754414e-01
4.25e+01, -2.141475826e-01, -2.140634928e-01, -2.139066987e-01, -4.280785160e-01
4.26e+01, -2.141466310e-01, -2.140636809e-01, -2.139119835e-01, -4.280815303e-01
4.27e+01, -2.141456509e-01, -2.140638375e-01, -2.139172386e-01, -4.280844846e-01
4.28e+01, -2.141446476e-01, -2.140639650e-01, -2.139224574e-01, -4.280873801e-01
4.29e+01, -2.141436266e-01, -2.140640661e-01, -2.139276340e-01, -4.280902178e-01
4.30e+01, -2.141425929e-01, -2.140641431e-01, -2.139327627e-01, -4.280929991e-01
4.31e+01, -2.141415517e-01, -2.140641988e-01, -2.139378381e-01, -4.280957257e-01
4.32e+01, -2.141405079e-01, -2.140642358e-01, -2.139428555e-01, -4.280983995e-01
4.33e+01, -2.141394664e-01, -2.140642569e-01, -2.139478105e-01, -4.281010225e-01
4.34e+01, -2.141384319e-01, -2.140642647e-01, -2.139526989e-01, -4.281035970e-01
4.35e+01, -2.141374087e-01, -2.140642619e-01, -2.139575173e-01, -4.281061253e-01
4.36e+01, -2.141364012e-01, -2.140642513e-01, -2.139622623e-01, -4.281086099e-01
4.37e+01, -2.141354136e-01, -2.140642356e-01, -2.139669312e-01, -4.281110536e-01
4.38e+01, -2.141344497e-01, -2.140642173e-01, -2.139715213e-01, -4.281134589e-01
4.39e+01, -2.141335133e-01, -2.140641993e-01, -2.139760306e-01, -4.281158288e-01
4.40e+01, -2.141326080e-01, -2.140641839e-01, -2.139804571e-01, -4.281181660e-01
4.41e+01, -2.141317372e-01, -2.140641739e-01, -2.139847994e-01, -4.281204736e-01
4.42e+01, -2.141309040e-01, -2.140641717e-01, -2.139890562e-01, -4.281227546e-01
4.43e+01, -2.141301115e-01, -2.140641797e-01, -2.139932265e-01, -4.281250118e-01
4.44e+01, -2.141293626e-01, -2.140642005e-01, -2.139973095e-01, -4.281272484e-01
4.45e+01, -2.141286599e-01, -2.140642363e-01, -2.140013048e-01, -4.281294674e-01
4.46e+01, -2.141280060e-01, -2.140642895e-01, -2.140052121e-01, -4.281316718e-01
4.47e+01, -2.141274033e-01, -2.140643624e-01, -2.140090311e-01, -4.281338646e-01
4.48e+01, -2.141268539e-01, -2.140644572e-01, -2.140127621e-01, -4.281360488e-01
4.49e+01, -2.141263600e-01, -2.140645760e-01, -2.140164050e-01, -4.281382273e-01
4.50e+01, -2.141259236e-01, -2.140647209e-01, -2.140199604e-01, -4.281404032e-01
4.51e+01, -2.141255464e-01, -2.140648940e-01, -2.140234285e-01, -4.281425793e-01
4.52e+01, -2.141252302e-01, -2.140650974e-01, -2.140268100e-01, -4.281447584e-01
4.53e+01, -2.141249766e-01, -2.140653329e-01, -2.140301053e-01, -4.281469432e-01
4.54e+01, -2.141247870e-01, -2.140656025e-01, -2.140333152e-01, -4.281491364e-01
4.55e+01, -2.141246629e-01, -2.140659080e-01, -2.140364402e-01, -4.281513407e-01
4.56e+01, -2.141246054e-01, -2.140662513e-01, -2.140394812e-01, -4.281535586e-01
4.57e+01, -2.141246158e-01, -2.140666340e-01, -2.140424387e-01, -4.281557924e-01
4.58e+01, -2.141246951e-01, -2.140670578e-01, -2.140453136e-01, -4.281580443e-01
4.59e+01, -2.141248442e-01, -2.140675243e-01, -2.140481065e-01, -4.281603167e-01
4.60e+01, -2.141250640e-01, -2.140680351e-01, -2.140508180e-01, -4.281626114e-01
4.61e+01, -2.141253553e-01, -2.140685914e-01, -2.140534488e-01, -4.281649303e-01
4.62e+01, -2.141257185e-01, -2.140691947e-01, -2.140559993e-01, -4.281672750e-01
4.63e+01, -2.141261543e-01, -2.140698462e-01, -2.140584702e-01, -4.281696471e-01
4.64e+01, -2.141266629e-01, -2.140705469e-01, -2.140608618e-01, -4.281720477e-01
4.65e+01, -2.141272446e-01, -2.140712979e-01, -2.140631745e-01, -4.281744780e-01
4.66e+01, -2.141278993e-01, -2.140720999e-01, -2.140654087e-01, -4.281769386e-01
4.67e+01, -2.141286271e-01, -2.140729536e-01, -2.140675645e-01, -4.281794302e-01
4.68e+01, -2.141294276e-01, -2.140738596e-01, -2.140696421e-01, -4.281819529e-01
4.69e+01, -2.141303003e-01, -2.140748181e-01, -2.140716417e-01, -4.281845068e-01
4.70e+01, -2.141312446e-01, -2.140758292e-01, -2.140735633e-01, -4.281870914e-01
4.71e+01, -2.141322594e-01, -2.140768928e-01, -2.140754070e-01, -4.281897062e-01
4.72e+01, -2.141333438e-01, -2.140780085e-01, -2.140771728e-01, -4.281923501e-01
4.73e+01, -2.141344963e-01, -2.140791757e-01, -2.140788605e-01, -4.281950218e-01
4.74e+01, -2.141357153e-01, -2.140803936e-01, -2.140804704e-01, -4.281977196e-01
4.75e+01, -2.141369990e-01, -2.140816609e-01, -2.140820024e-01, -4.282004415e-01
4.76e+01, -2.141383450e-01, -2.140829764e-01, -2.140834565e-01, -4.282031853e-01
4.77e+01, -2.141397510e-01, -2.140843381e-01, -2.140848331e-01, -4.282059481e-01
4.78e+01, -2.141412143e-01, -2.140857441e-01, -2.140861323e-01, -4.282087271e-01
4.79e+01, -2.141427319e-01, -2.140871922e-01, -2.140873545e-01, -4.282115191e-01
4.80e+01, -2.141443005e-01, -2.140886797e-01, -2.140885004e-01, -4.282143204e-01
4.81e+01, -2.141459166e-01, -2.140902037e-01, -2.140895706e-01, -4.282171273e-01
4.82e+01, -2.141475763e-01, -2.140917612e-01, -2.140905662e-01, -4.282199358e-01
4.83e+01, -2.141492758e-01, -2.140933486e-01, -2.140914882e-01, -4.282227418e-01
4.84e+01, -2.141510107e-01, -2.140949625e-01, -2.140923382e-01, -4.282255409e-01
4.85e+01, -2.141527767e-01, -2.140965989e-01, -2.140931177e-01, -4.282283289e-01
4.86e+01, -2.141545691e-01, -2.140982538e-01, -2.140938289e-01, -4.282311012e-01
4.87e+01, -2.141563833e-01, -2.140999231e-01, -2.140944738e-01, -4.282338534e-01
4.88e+01, -2.141582145e-01, -2.141016025e-01, -2.140950550e-01, -4.282365813e-01
4.89e+01, -2.141600577e-01, -2.141032876e-01, -2.140955752e-01, -4.282392803e-01
4.90e+01, -2.141619081e-01, -2.141049739e-01, -2.140960376e-01, -4.282419464e-01
4.91e+01, -2.141637608e-01, -2.141066571e-01, -2.140964454e-01, -4.282445756e-01
4.92e+01, -2.141656110e-01, -2.141083328e-01, -2.140968022e-01, -4.282471639e-01
4.93e+01, -2.141674538e-01, -2.141099965e-01, -2.140971116e-01, -4.282497079e-01
4.94e+01, -2.141692846e-01, -2.141116440e-01, -2.140973776e-01, -4.282522041e-01
4.95e+01, -2.141710988e-01, -2.141132712e-01, -2.140976044e-01, -4.282546496e-01
4.96e+01, -2.141728922e-01, -2.141148741e-01, -2.140977959e-01, -4.282570415e-01
4.97e+01, -2.141746605e-01, -2.141164488e-01, -2.140979567e-01, -4.282593773e-01
4.98e+01, -2.141763999e-01, -2.141179918e-01, -2.140980909e-01, -4.282616551e-01
4.99e+01, -2.141781065e-01, -2.141194997e-01, -2.140982029e-01, -4.282638728e-01
5.00e+01, -2.141797771e-01, -2.141209693e-01, -2.140982971e-01, -4.282660290e-01
5.01e+01, -2.141814084e-01, -2.141223978e-01, -2.140983777e-01, -4.282681226e-01
5.02e+01, -2.141829975e-01, -2.141237826e-01, -2.140984488e-01, -4.282701525e-01
5.03e+01, -2.141845418e-01, -2.141251212e-01, -2.140985145e-01, -4.282721183e-01
5.04e+01, -2.141860391e-01, -2.141264116e-01, -2.140985788e-01, -4.282740196e-01
5.05e+01, -2.141874872e-01, -2.141276521e-01, -2.140986453e-01, -4.282758564e-01
5.06e+01, -2.141888845e-01, -2.141288410e-01, -2.140987176e-01, -4.282776288e-01
5.07e+01, -2.141902294e-01, -2.141299772e-01, -2.140987992e-01, -4.282793372e-01
5.08e+01, -2.141915208e-01, -2.141310597e-01, -2.140988930e-01, -4.282809823e-01
5.09e+01, -2.141927578e-01, -2.141320877e-01, -2.140990019e-01, -4.282825649e-01
5.10e+01, -2.141939397e-01, -2.141330607e-01, -2.140991287e-01, -4.282840860e-01
5.11e+01, -2.141950660e-01, -2.141339784e-01, -2.140992756e-01, -4.282855467e-01
5.12e+01, -2.141961366e-01, -2.141348409e-01, -2.140994449e-01, -4.282869482e-01
5.13e+01, -2.141971514e-01, -2.141356482e-01, -2.140996384e-01, -4.282882920e-01
5.14e+01, -2.141981106e-01, -2.141364008e-01, -2.140998578e-01, -4.282895795e-01
5.15e+01, -2.141990147e-01, -2.141370991e-01, -2.141001045e-01, -4.282908122e-01
5.16e+01, -2.141998642e-01, -2.141377438e-01, -2.141003796e-01, -4.282919917e-01
5.17e+01, -2.142006597e-01, -2.141383358e-01, -2.141006841e-01, -4.282931197e-01
5.18e+01, -2.142014022e-01, -2.141388759e-01, -2.141010187e-01, -4.282941979e-01
5.19e+01, -2.142020926e-01, -2.141393654e-01, -2.141013839e-01, -4.282952279e-01
5.20e+01, -2.142027319e-01, -2.141398054e-01, -2.141017802e-01, -4.282962116e-01
5.21e+01, -2.142033213e-01, -2.141401971e-01, -2.141022075e-01, -4.282971506e-01
5.22e+01, -2.142038622e-01, -2.141405419e-01, -2.141026658e-01, -4.282980466e-01
5.23e+01, -2.142043557e-01, -2.141408412e-01, -2.141031551e-01, -4.282989013e-01
5.24e+01, -2.142048033e-01, -2.141410965e-01, -2.141036748e-01, -4.282997164e-01
5.25e+01, -2.142052065e-01, -2.141413093e-01, -2.141042247e-01, -4.283004936e-01
5.26e+01, -2.142055666e-01, -2.141414811e-01, -2.141048040e-01, -4.283012345e-01
5.27e+01, -2.142058853e-01, -2.141416135e-01, -2.141054122e-01, -4.283019407e-01
5.28e+01, -2.142061639e-01, -2.141417082e-01, -2.141060483e-01, -4.283026136e-01
5.29e+01, -2.142064040e-01, -2.141417666e-01, -2.141067116e-01, -4.283032548e-01
5.30e+01, -2.142066072e-01, -2.141417904e-01, -2.141074011e-01, -4.283038658e-01
5.31e+01, -2.142067750e-01, -2.141417812e-01, -2.141081157e-01, -4.283044479e-01
5.32e+01, -2.142069088e-01, -2.141417405e-01, -2.141088545e-01, -4.283050026e-01
5.33e+01, -2.142070103e-01, -2.141416700e-01, -2.141096163e-01, -4.283055310e-01
5.34e+01, -2.142070809e-01, -2.141415711e-01, -2.141103999e-01, -4.283060346e-01
5.35e+01, -2.142071220e-01, -2.141414453e-01, -2.141112043e-01, -4.283065144e-01
5.36e+01, -2.142071352e-01, -2.141412942e-01, -2.141120282e-01, -4.283069717e-01
5.37e+01, -2.142071218e-01, -2.141411192e-01, -2.141128704e-01, -4.283074076e-01
5.38e+01, -2.142070832e-01, -2.141409217e-01, -2.141137297e-01, -4.283078230e-01
5.39e+01, -2.142070208e-01, -2.141407030e-01, -2.141146049e-01, -4.283082191e-01
5.40e+01, -2.142069358e-01, -2.141404647e-01, -2.141154948e-01, -4.283085968e-01
5.41e+01, -2.142068296e-01, -2.141402078e-01, -2.141163982e-01, -4.283089571e-01
5.42e+01, -2.142067033e-01, -2.141399338e-01, -2.141173140e-01, -4.283093007e-01
5.43e+01, -2.142065583e-01, -2.141396438e-01, -2.141182409e-01, -4.283096286e-01
5.44e+01, -2.142063955e-01, -2.141393389e-01, -2.141191779e-01, -4.283099416e-01
5.45e+01, -2.142062163e-01, -2.141390205e-01, -2.141201237e-01, -4.283102403e-01
5.46e+01, -2.142060216e-01, -2.141386894e-01, -2.141210774e-01, -4.283105256e-01
5.47e+01, -2.142058124e-01, -2.141383468e-01, -2.141220378e-01, -4.283107980e-01
5.48e+01, -2.142055898e-01, -2.141379937e-01, -2.141230039e-01, -4.283110583e-01
5.49e+01, -2.142053548e-01, -2.141376311e-01, -2.141239748e-01, -4.283113071e-01
5.50e+01, -2.142051082e-01, -2.141372598e-01, -2.141249493e-01, -4.283115449e-01
5.51e+01, -2.142048509e-01, -2.141368808e-01, -2.141259267e-01, -4.283117723e-01
5.52e+01, -2.142045839e-01, -2.141364949e-01, -2.141269059e-01, -4.283119897e-01
5.53e+01, -2.142043077e-01, -2.141361028e-01, -2.141278861e-01, -4.283121978e-01
5.54e+01, -2.142040234e-01, -2.141357055e-01, -2.141288665e-01, -4.283123969e-01
5.55e+01, -2.142037315e-01, -2.141353036e-01, -2.141298463e-01, -4.283125876e-01
5.56e+01, -2.142034327e-01, -2.141348977e-01, -2.141308246e-01, -4.283127701e-01
5.57e+01, -2.142031279e-01, -2.141344887e-01, -2.141318009e-01, -4.283129449e-01
5.58e+01, -2.142028174e-01, -2.141340770e-01, -2.141327743e-01, -4.283131124e-01
5.59e+01, -2.142025021e-01, -2.141336632e-01, -2.141337441e-01, -4.283132730e-01
5.60e+01, -2.142021824e-01, -2.141332480e-01, -2.141347099e-01, -4.283134269e-01
5.61e+01, -2.142018589e-01, -2.141328319e-01, -2.141356709e-01, -4.283135744e-01
5.62e+01, -2.142015320e-01, -2.141324153e-01, -2.141366266e-01, -4.283137159e-01
5.63e+01, -2.142012024e-01, -2.141319987e-01, -2.141375765e-01, -4.283138517e-01
5.64e+01, -2.142008704e-01, -2.141315826e-01, -2.141385200e-01, -4.283139820e-01
5.65e+01, -2.142005364e-01, -2.141311674e-01, -2.141394567e-01, -4.283141070e-01
5.66e+01, -2.142002009e-01, -2.141307534e-01, -2.141403861e-01, -4.283142270e-01
5.67e+01, -2.141998643e-01, -2.141303411e-01, -2.141413079e-01, -4.283143422e-01
5.68e+01, -2.141995269e-01, -2.141299308e-01, -2.141422215e-01, -4.283144528e-01
5.69e+01, -2.141991890e-01, -2.141295228e-01, -2.141431268e-01, -4.283145590e-01
5.70e+01, -2.141988511e-01, -2.141291174e-01, -2.141440232e-01, -4.283146611e-01
5.71e+01, -2.141985133e-01, -2.141287148e-01, -2.141449105e-01, -4.283147591e-01
5.72e+01, -2.141981760e-01, -2.141283155e-01, -2.141457885e-01, -4.283148533e-01
5.73e+01, -2.141978394e-01, -2.141279194e-01, -2.141466568e-01, -4.283149437e-01
5.74e+01, -2.141975037e-01, -2.141275270e-01, -2.141475152e-01, -4.283150306e-01
5.75e+01, -2.141971693e-01, -2.141271385e-01, -2.141483634e-01, -4.283151141e-01
5.76e+01, -2.141968363e-01, -2.141267539e-01, -2.141492014e-01, -4.283151944e-01
5.77e+01, -2.141965050e-01, -2.141263735e-01, -2.141500288e-01, -4.283152715e-01
5.78e+01, -2.141961754e-01, -2.141259974e-01, -2.141508455e-01, -4.283153455e-01
5.79e+01, -2.141958478e-01, -2.141256258e-01, -2.141516514e-01, -4.283154167e-01
5.80e+01, -2.141955224e-01, -2.141252588e-01, -2.141524464e-01, -4.283154851e-01
5.81e+01, -2.141951992e-01, -2.141248966e-01, -2.141532302e-01, -4.283155507e-01
5.82e+01, -2.141948785e-01, -2.141245393e-01, -2.141540029e-01, -4.283156138e-01
5.83e+01, -2.141945603e-01, -2.141241868e-01, -2.141547643e-01, -4.283156743e-01
5.84e+01, -2.141942448e-01, -2.141238395e-01, -2.141555144e-01, -4.283157324e-01
5.85e+01, -2.141939321e-01, -2.141234972e-01, -2.141562531e-01, -4.283157882e-01
5.86e+01, -2.141936222e-01, -2.141231601e-01, -2.141569803e-01, -4.283158417e-01
5.87e+01, -2.141933153e-01, -2.141228283e-01, -2.141576961e-01, -4.283158931e-01
5.88e+01, -2.141930114e-01, -2.141225017e-01, -2.141584003e-01, -4.283159423e-01
5.89e+01, -2.141927107e-01, -2.141221805e-01, -2.141590930e-01, -4.283159895e-01
5.90e+01, -2.141924131e-01, -2.141218647e-01, -2.141597743e-01, -4.283160347e-01
5.91e+01, -2.141921187e-01, -2.141215542e-01, -2.141604440e-01, -4.283160780e-01
5.92e+01, -2.141918277e-01, -2.141212492e-01, -2.141611022e-01, -4.283161194e-01
5.93e+01, -2.141915399e-01, -2.141209497e-01, -2.141617490e-01, -4.283161590e-01
5.94e+01, -2.141912556e-01, -2.141206555e-01, -2.141623843e-01, -4.283161969e-01
5.95e+01, -2.141909746e-01, -2.141203669e-01, -2.141630082e-01, -4.283162331e-01
5.96e+01, -2.141906971e-01, -2.141200837e-01, -2.141636208e-01, -4.283162677e-01
5.97e+01, -2.141904230e-01, -2.141198059e-01, -2.141642220e-01, -4.283163006e-01
5.98e+01, -2.141901524e-01, -2.141195336e-01, -2.141648121e-01, -4.283163320e-01
5.99e+01, -2.141898853e-01, -2.141192667e-01, -2.141653909e-01, -4.283163620e-01
6.00e+01, -2.141896217e-01, -2.141190052e-01, -2.141659587e-01, -4.283163904e-01
6.01e+01, -2.141893616e-01, -2.141187491e-01, -2.141665154e-01, -4.283164174e-01
6.02e+01, -2.141891050e-01, -2.141184983e-01, -2.141670612e-01, -4.283164430e-01
6.03e+01, -2.141888519e-01, -2.141182529e-01, -2.141675962e-01, -4.283164673e-01
6.04e+01, -2.141886023e-01, -2.141180128e-01, -2.141681203e-01, -4.283164903e-01
6.05e+01, -2.141883562e-01, -2.141177779e-01, -2.141686338e-01, -4.283165120e-01
6.06e+01, -2.141881136e-01, -2.141175483e-01, -2.141691367e-01, -4.283165324e-01
6.07e+01, -2.141878745e-01, -2.141173238e-01, -2.141696291e-01, -4.283165517e-01
6.08e+01, -2.141876389e-01, -2.141171045e-01, -2.141701111e-01, -4.283165697e-01
6.09e+01, -2.141874067e-01, -2.141168903e-01, -2.141705828e-01, -4.283165866e-01
6.10e+01, -2.141871780e-01, -2.141166812e-01, -2.141710444e-01, -4.283166024e-01
6.11e+01, -2.141869526e-01, -2.141164771e-01, -2.141714959e-01, -4.283166171e-01
6.12e+01, -2.141867307e-01, -2.141162779e-01, -2.141719374e-01, -4.283166307e-01
6.13e+01, -2.141865121e-01, -2.141160836e-01, -2.141723691e-01, -4.283166432e-01
6.14e+01, -2.141862969e-01, -2.141158942e-01, -2.141727911e-01, -4.283166548e-01
6.15e+01, -2.141860850e-01, -2.141157096e-01, -2.141732035e-01, -4.283166653e-01
6.16e+01, -2.141858763e-01, -2.141155298e-01, -2.141736063e-01, -4.283166749e-01
6.17e+01, -2.141856710e-01, -2.141153546e-01, -2.141739998e-01, -4.283166836e-01
6.18e+01, -2.141854689e-01, -2.141151841e-01, -2.141743840e-01, -4.283166913e-01
6.19e+01, -2.141852699e-01, -2.141150182e-01, -2.141747591e-01, -4.283166981e-01
6.20e+01, -2.141850742e-01, -2.141148568e-01, -2.141751251e-01, -4.283167040e-01
6.21e+01, -2.141848816e-01, -2.141146998e-01, -2.141754822e-01, -4.283167091e-01
6.22e+01, -2.141846921e-01, -2.141145473e-01, -2.141758306e-01, -4.283167133e-01
6.23e+01, -2.141845057e-01, -2.141143991e-01, -2.141761703e-01, -4.283167167e-01
6.24e+01, -2.141843223e-01, -2.141142553e-01, -2.141765014e-01, -4.283167193e-01
6.25e+01, -2.141841419e-01, -2.141141156e-01, -2.141768241e-01, -4.283167211e-01
6.26e+01, -2.141839645e-01, -2.141139802e-01, -2.141771385e-01, -4.283167222e-01
6.27e+01, -2.141837901e-01, -2.141138488e-01, -2.141774448e-01, -4.283167225e-01
6.28e+01, -2.141836185e-01, -2.141137216e-01, -2.141777430e-01, -4.283167220e-01
6.29e+01, -2.141834498e-01, -2.141135983e-01, -2.141780332e-01, -4.283167208e-01
6.30e+01, -2.141832839e-01, -2.141134790e-01, -2.141783156e-01, -4.283167190e-01
6.31e+01, -2.141831208e-01, -2.141133635e-01, -2.141785903e-01, -4.283167164e-01
6.32e+01, -2.141829605e-01, -2.141132519e-01, -2.141788574e-01, -4.283167132e-01
6.33e+01, -2.141828029e-01, -2.141131440e-01, -2.141791171e-01, -4.283167093e-01
6.34e+01, -2.141826479e-01, -2.141130398e-01, -2.141793694e-01, -4.283167048e-01
6.35e+01, -2.141824956e-01, -2.141129393e-01, -2.141796145e-01, -4.283166996e-01
6.36e+01, -2.141823459e-01, -2.141128424e-01, -2.141798524e-01, -4.283166938e-01
6.37e+01, -2.141821988e-01, -2.141127490e-01, -2.141800834e-01, -4.283166874e-01
6.38e+01, -2.141820542e-01, -2.141126590e-01, -2.141803074e-01, -4.283166805e-01
6.39e+01, -2.141819122e-01, -2.141125725e-01, -2.141805247e-01, -4.283166729e-01
6.40e+01, -2.141817725e-01, -2.141124894e-01, -2.141807354e-01, -4.283166648e-01
6.41e+01, -2.141816353e-01, -2.141124095e-01, -2.141809394e-01, -4.283166562e-01
6.42e+01, -2.141815005e-01, -2.141123329e-01, -2.141811371e-01, -4.283166470e-01
6.43e+01, -2.141813681e-01, -2.141122595e-01, -2.141813284e-01, -4.283166373e-01
6.44e+01, -2.141812379e-01, -2.141121892e-01, -2.141815134e-01, -4.283166270e-01
6.45e+01, -2.141811100e-01, -2.141121220e-01, -2.141816924e-01, -4.283166163e-01
6.46e+01, -2.141809844e-01, -2.141120578e-01, -2.141818654e-01, -4.283166050e-01
6.47e+01, -2.141808610e-01, -2.141119966e-01, -2.141820324e-01, -4.283165933e-01
6.48e+01, -2.141807398e-01, -2.141119383e-01, -2.141821936e-01, -4.283165811e-01
6.49e+01, -2.141806207e-01, -2.141118828e-01, -2.141823492e-01, -4.283165685e-01
6.50e+01, -2.141805037e-01, -2.141118302e-01, -2.141824991e-01, -4.283165553e-01
6.51e+01, -2.141803887e-01, -2.141117804e-01, -2.141826436e-01, -4.283165418e-01
6.52e+01, -2.141802758e-01, -2.141117332e-01, -2.141827827e-01, -4.283165278e-01
6.53e+01, -2.141801650e-01, -2.141116887e-01, -2.141829164e-01, -4.283165134e-01
6.54e+01, -2.141800560e-01, -2.141116469e-01, -2.141830450e-01, -4.283164986e-01
6.55e+01, -2.141799491e-01, -2.141116075e-01, -2.141831684e-01, -4.283164834e-01
6.56e+01, -2.141798440e-01, -2.141115707e-01, -2.141832869e-01, -4.283164678e-01
6.57e+01, -2.141797408e-01, -2.141115364e-01, -2.141834004e-01, -4.283164518e-01
6.58e+01, -2.141796394e-01, -2.141115045e-01, -2.141835091e-01, -4.283164354e-01
6.59e+01, -2.141795399e-01, -2.141114749e-01, -2.141836131e-01, -4.283164186e-01
6.60e+01, -2.141794421e-01, -2.141114477e-01, -2.141837124e-01, -4.283164015e-01
6.61e+01, -2.141793461e-01, -2.141114228e-01, -2.141838072e-01, -4.283163841e-01
6.62e+01, -2.141792518e-01, -2.141114001e-01, -2.141838975e-01, -4.283163662e-01
6.63e+01, -2.141791592e-01, -2.141113795e-01, -2.141839835e-01, -4.283163481e-01
6.64e+01, -2.141790682e-01, -2.141113612e-01, -2.141840651e-01, -4.283163296e-01
6.65e+01, -2.141789788e-01, -2.141113449e-01, -2.141841425e-01, -4.283163108e-01
6.66e+01, -2.141788911e-01, -2.141113306e-01, -2.141842158e-01, -4.283162917e-01
6.67e+01, -2.141788049e-01, -2.141113184e-01, -2.141842851e-01, -4.283162723e-01
6.68e+01, -2.141787203e-01, -2.141113082e-01, -2.141843504e-01, -4.283162526e-01
6.69e+01, -2.141786372e-01, -2.141112999e-01, -2.141844118e-01, -4.283162326e-01
6.70e+01, -2.141785556e-01, -2.141112935e-01, -2.141844694e-01, -4.283162123e-01
6.71e+01, -2.141784754e-01, -2.141112889e-01, -2.141845233e-01, -4.283161917e-01
6.72e+01, -2.141783967e-01, -2.141112862e-01, -2.141845735e-01, -4.283161709e-01
6.73e+01, -2.141783193e-01, -2.141112852e-01, -2.141846201e-01, -4.283161498e-01
6.74e+01, -2.141782434e-01, -2.141112860e-01, -2.141846632e-01, -4.283161284e-01
6.75e+01, -2.141781688e-01, -2.141112885e-01, -2.141847029e-01, -4.283161068e-01
6.76e+01, -2.141780955e-01, -2.141112926e-01, -2.141847393e-01, -4.283160849e-01
6.77e+01, -2.141780235e-01, -2.141112984e-01, -2.141847723e-01, -4.283160628e-01
6.78e+01, -2.141779528e-01, -2.141113057e-01, -2.141848022e-01, -4.283160405e-01
6.79e+01, -2.141778834e-01, -2.141113146e-01, -2.141848288e-01, -4.283160179e-01
6.80e+01, -2.141778152e-01, -2.141113250e-01, -2.141848524e-01, -4.283159951e-01
6.81e+01, -2.141777482e-01, -2.141113369e-01, -2.141848730e-01, -4.283159721e-01
6.82e+01, -2.141776824e-01, -2.141113503e-01, -2.141848906e-01, -4.283159489e-01
6.83e+01, -2.141776178e-01, -2.141113651e-01, -2.141849053e-01, -4.283159255e-01
6.84e+01, -2.141775543e-01, -2.141113813e-01, -2.141849172e-01, -4.283159018e-01
6.85e+01, -2.141774919e-01, -2.141113988e-01, -2.141849264e-01, -4.283158780e-01
6.86e+01, -2.141774306e-01, -2.141114176e-01, -2.141849328e-01, -4.283158540e-01
6.87e+01, -2.141773703e-01, -2.141114377e-01, -2.141849366e-01, -4.283158298e-01
6.88e+01, -2.141773112e-01, -2.141114591e-01, -2.141849378e-01, -4.283158054e-01
6.89e+01, -2.141772530e-01, -2.141114818e-01, -2.141849365e-01, -4.283157808e-01
6.90e+01, -2.141771959e-01, -2.141115056e-01, -2.141849327e-01, -4.283157561e-01
6.91e+01, -2.141771398e-01, -2.141115306e-01, -2.141849265e-01, -4.283157312e-01
6.92e+01, -2.141770846e-01, -2.141115567e-01, -2.141849179e-01, -4.283157062e-01
6.93e+01, -2.141770304e-01, -2.141115840e-01, -2.141849070e-01, -4.283156809e-01
6.94e+01, -2.141769771e-01, -2.141116123e-01, -2.141848939e-01, -4.283156556e-01
6.95e+01, -2.141769247e-01, -2.141116418e-01, -2.141848786e-01, -4.283156301e-01
6.96e+01, -2.141768733e-01, -2.141116722e-01, -2.141848611e-01, -4.283156044e-01
6.97e+01, -2.141768227e-01, -2.141117037e-01, -2.141848416e-01, -4.283155786e-01
6.98e+01, -2.141767729e-01, -2.141117361e-01, -2.141848200e-01, -4.283155527e-01
6.99e+01, -2.141767240e-01, -2.141117695e-01, -2.141847964e-01, -4.283155266e-01
7.00e+01, -2.141766760e-01, -2.141118038e-01, -2.141847708e-01, -4.283155004e-01
7.01e+01, -2.141766287e-01, -2.141118390e-01, -2.141847434e-01, -4.283154741e-01
7.02e+01, -2.141765822e-01, -2.141118752e-01, -2.141847141e-01, -4.283154476e-01
7.03e+01, -2.141765365e-01, -2.141119121e-01, -2.141846830e-01, -4.283154211e-01
7.04e+01, -2.141764916e-01, -2.141119500e-01, -2.141846501e-01, -4.283153944e-01
7.05e+01, -2.141764474e-01, -2.141119886e-01, -2.141846155e-01, -4.283153676e-01
7.06e+01, -2.141764039e-01, -2.141120280e-01, -2.141845792e-01, -4.283153407e-01
7.07e+01, -2.141763611e-01, -2.141120682e-01, -2.141845413e-01, -4.283153138e-01
7.08e+01, -2.141763190e-01, -2.141121092e-01, -2.141845018e-01, -4.283152867e-01
7.09e+01, -2.141762776e-01, -2.141121508e-01, -2.141844608e-01, -4.283152595e-01
7.10e+01, -2.141762369e-01, -2.141121932e-01, -2.141844182e-01, -4.283152322e-01
7.11e+01, -2.141761968e-01, -2.141122363e-01, -2.141843742e-01, -4.283152049e-01
7.12e+01, -2.141761574e-01, -2.141122800e-01, -2.141843288e-01, -4.283151774e-01
7.13e+01, -2.141761186e-01, -2.141123244e-01, -2.141842819e-01, -4.283151499e-01
7.14e+01, -2.141760804e-01, -2.141123694e-01, -2.141842337e-01, -4.283151223e-01
7.15e+01, -2.141760427e-01, -2.141124150e-01, -2.141841842e-01, -4.283150946e-01
7.16e+01, -2.141760057e-01, -2.141124612e-01, -2.141841334e-01, -4.283150668e-01
7.17e+01, -2.141759692e-01, -2.141125080e-01, -2.141840813e-01, -4.283150390e-01
7.18e+01, -2.141759333e-01, -2.141125553e-01, -2.141840280e-01, -4.283150111e-01
7.19e+01, -2.141758980e-01, -2.141126032e-01, -2.141839736e-01, -4.283149832e-01
7.20e+01, -2.141758632e-01, -2.141126516e-01, -2.141839180e-01, -4.283149551e-01
7.21e+01, -2.141758288e-01, -2.141127005e-01, -2.141838613e-01, -4.283149271e-01
7.22e+01, -2.141757951e-01, -2.141127498e-01, -2.141838035e-01, -4.283148989e-01
7.23e+01, -2.141757618e-01, -2.141127997e-01, -2.141837447e-01, -4.283148707e-01
7.24e+01, -2.141757289e-01, -2.141128500e-01, -2.141836848e-01, -4.283148425e-01
7.25e+01, -2.141756966e-01, -2.141129007e-01, -2.141836240e-01, -4.283148142e-01
7.26e+01, -2.141756647e-01, -2.141129519e-01, -2.141835622e-01, -4.283147859e-01
7.27e+01, -2.141756333e-01, -2.141130035e-01, -2.141834994e-01, -4.283147575e-01
7.28e+01, -2.141756023e-01, -2.141130555e-01, -2.141834358e-01, -4.283147291e-01
7.29e+01, -2.141755718e-01, -2.141131078e-01, -2.141833713e-01, -4.283147006e-01
7.30e+01, -2.141755416e-01, -2.141131605e-01, -2.141833060e-01, -4.283146721e-01
7.31e+01, -2.141755119e-01, -2.141132136e-01, -2.141832398e-01, -4.283146435e-01
7.32e+01, -2.141754826e-01, -2.141132670e-01, -2.141831729e-01, -4.283146150e-01
7.33e+01, -2.141754537e-01, -2.141133207e-01, -2.141831052e-01, -4.283145864e-01
7.34e+01, -2.141754252e-01, -2.141133748e-01, -2.141830367e-01, -4.283145577e-01
7.35e+01, -2.141753970e-01, -2.141134291e-01, -2.141829675e-01, -4.283145291e-01
7.36e+01, -2.141753692e-01, -2.141134837e-01, -2.141828977e-01, -4.283145004e-01
7.37e+01, -2.141753418e-01, -2.141135386e-01, -2.141828272e-01, -4.283144717e-01
7.38e+01, -2.141753147e-01, -2.141135938e-01, -2.141827560e-01, -4.283144430e-01
7.39e+01, -2.141752879e-01, -2.141136492e-01, -2.141826843e-01, -4.283144142e-01
7.40e+01, -2.141752615e-01, -2.141137048e-01, -2.141826119e-01, -4.283143855e-01
7.41e+01, -2.141752354e-01, -2.141137607e-01, -2.141825389e-01, -4.283143567e-01
7.42e+01, -2.141752096e-01, -2.141138168e-01, -2.141824655e-01, -4.283143279e-01
7.43e+01, -2.141751841e-01, -2.141138731e-01, -2.141823914e-01, -4.283142991e-01
7.44e+01, -2.141751589e-01, -2.141139296e-01, -2.141823169e-01, -4.283142703e-01
7.45e+01, -2.141751340e-01, -2.141139863e-01, -2.141822419e-01, -4.283142415e-01
7.46e+01, -2.141751094e-01, -2.141140431e-01, -2.141821664e-01, -4.283142126e-01
7.47e+01, -2.141750851e-01, -2.141141002e-01, -2.141820905e-01, -4.283141838e-01
7.48e+01, -2.141750610e-01, -2.141141573e-01, -2.141820141e-01, -4.283141550e-01
7.49e+01, -2.141750372e-01, -2.141142147e-01, -2.141819373e-01, -4.283141261e-01
7.50e+01, -2.141750137e-01, -2.141142721e-01, -2.141818601e-01, -4.283140973e-01
7.51e+01, -2.141749904e-01, -2.141143297e-01, -2.141817826e-01, -4.283140685e-01
7.52e+01, -2.141749673e-01, -2.141143874e-01, -2.141817047e-01, -4.283140396e-01
7.53e+01, -2.141749445e-01, -2.141144452e-01, -2.141816265e-01, -4.283140108e-01
7.54e+01, -2.141749219e-01, -2.141145032e-01, -2.141815479e-01, -4.283139820e-01
7.55e+01, -2.141748996e-01, -2.141145612e-01, -2.141814690e-01, -4.283139532e-01
7.56e+01, -2.141748774e-01, -2.141146193e-01, -2.141813899e-01, -4.283139243e-01
7.57e+01, -2.141748555e-01, -2.141146774e-01, -2.141813104e-01, -4.283138955e-01
7.58e+01, -2.141748337e-01, -2.141147357e-01, -2.141812307e-01, -4.283138668e-01
7.59e+01, -2.141748122e-01, -2.141147940e-01, -2.141811508e-01, -4.283138380e-01
7.60e+01, -2.141747908e-01, -2.141148523e-01, -2.141810706e-01, -4.283138092e-01
7.61e+01, -2.141747697e-01, -2.141149107e-01, -2.141809903e-01, -4.283137805e-01
7.62e+01, -2.141747487e-01, -2.141149692e-01, -2.141809097e-01, -4.283137517e-01
7.63e+01, -2.141747279e-01, -2.141150277e-01, -2.141808289e-01, -4.283137230e-01
7.64e+01, -2.141747073e-01, -2.141150862e-01, -2.141807480e-01, -4.283136943e-01
7.65e+01, -2.141746869e-01, -2.141151447e-01, -2.141806669e-01, -4.283136656e-01
7.66e+01, -2.141746666e-01, -2.141152032e-01, -2.141805856e-01, -4.283136370e-01
7.67e+01, -2.141746464e-01, -2.141152618e-01, -2.141805043e-01, -4.283136083e-01
7.68e+01, -2.141746264e-01, -2.141153203e-01, -2.141804228e-01, -4.283135797e-01
7.69e+01, -2.141746066e-01, -2.141153788e-01, -2.141803412e-01, -4.283135511e-01
7.70e+01, -2.141745869e-01, -2.141154374e-01, -2.141802595e-01, -4.283135225e-01
7.71e+01, -2.141745674e-01, -2.141154959e-01, -2.141801777e-01, -4.283134940e-01
7.72e+01, -2.141745480e-01, -2.141155544e-01, -2.141800958e-01, -4.283134654e-01
7.73e+01, -2.141745287e-01, -2.141156128e-01, -2.141800139e-01, -4.283134369e-01
7.74e+01, -2.141745095e-01, -2.141156713e-01, -2.141799319e-01, -4.283134085e-01
7.75e+01, -2.141744905e-01, -2.141157296e-01, -2.141798499e-01, -4.283133800e-01
7.76e+01, -2.141744716e-01, -2.141157880e-01, -2.141797679e-01, -4.283133516e-01
7.77e+01, -2.141744528e-01, -2.141158463e-01, -2.141796858e-01, -4.283133233e-01
7.78e+01, -2.141744341e-01, -2.141159045e-01, -2.141796037e-01, -4.283132949e-01
7.79e+01, -2.141744155e-01, -2.141159627e-01, -2.141795217e-01, -4.283132666e-01
7.80e+01, -2.141743970e-01, -2.141160208e-01, -2.141794396e-01, -4.283132383e-01
7.81e+01, -2.141743787e-01, -2.141160789e-01, -2.141793575e-01, -4.283132101e-01
7.82e+01, -2.141743604e-01, -2.141161369e-01, -2.141792755e-01, -4.283131818e-01
7.83e+01, -2.141743422e-01, -2.141161948e-01, -2.141791935e-01, -4.283131537e-01
7.84e+01, -2.141743241e-01, -2.141162526e-01, -2.141791116e-01, -4.283131255e-01
7.85e+01, -2.141743061e-01, -2.141163104e-01, -2.141790297e-01, -4.283130974e-01
7.86e+01, -2.141742882e-01, -2.141163680e-01, -2.141789478e-01, -4.283130693e-01
7.87e+01, -2.141742703e-01, -2.141164256e-01, -2.141788661e-01, -4.283130413e-01
7.88e+01, -2.141742525e-01, -2.141164831e-01, -2.141787844e-01, -4.283130133e-01
7.89e+01, -2.141742348e-01, -2.141165404e-01, -2.141787027e-01, -4.283129853e-01
7.90e+01, -2.141742172e-01, -2.141165977e-01, -2.141786212e-01, -4.283129574e-01
7.91e+01, -2.141741997e-01, -2.141166549e-01, -2.141785398e-01, -4.283129296e-01
7.92e+01, -2.141741822e-01, -2.141167119e-01, -2.141784585e-01, -4.283129017e-01
7.93e+01, -2.141741648e-01, -2.141167689e-01, -2.141783773e-01, -4.283128739e-01
7.94e+01, -2.141741474e-01, -2.141168257e-01, -2.141782962e-01, -4.283128462e-01
7.95e+01, -2.141741301e-01, -2.141168824e-01, -2.141782152e-01, -4.283128185e-01
7.96e+01, -2.141741128e-01, -2.141169390e-01, -2.141781343e-01, -4.283127908e-01
7.97e+01, -2.141740957e-01, -2.141169955e-01, -2.141780536e-01, -4.283127632e-01
7.98e+01, -2.141740785e-01, -2.141170518e-01, -2.141779731e-01, -4.283127356e-01
7.99e+01, -2.141740614e-01, -2.141171080e-01, -2.141778927e-01, -4.283127081e-01
8.00e+01, -2.141740444e-01, -2.141171641e-01, -2.141778124e-01, -4.283126806e-01
8.01e+01, -2.141740274e-01, -2.141172201e-01, -2.141777323e-01, -4.283126531e-01
8.02e+01, -2.141740104e-01, -2.141172759e-01, -2.141776524e-01, -4.283126258e-01
8.03e+01, -2.141739935e-01, -2.141173315e-01, -2.141775726e-01, -4.283125984e-01
8.04e+01, -2.141739766e-01, -2.141173871e-01, -2.141774930e-01, -4.283125711e-01
8.05e+01, -2.141739597e-01, -2.141174425e-01, -2.141774136e-01, -4.283125439e-01
8.06e+01, -2.141739429e-01, -2.141174977e-01, -2.141773343e-01, -4.283125166e-01
8.07e+01, -2.141739261e-01, -2.141175528e-01, -2.141772553e-01, -4.283124895e-01
8.08e+01, -2.141739094e-01, -2.141176077e-01, -2.141771764e-01, -4.283124624e-01
8.09e+01, -2.141738927e-01, -2.141176625e-01, -2.141770978e-01, -4.283124353e-01
8.10e+01, -2.141738760e-01, -2.141177172e-01, -2.141770193e-01, -4.283124083e-01
8.11e+01, -2.141738593e-01, -2.141177717e-01, -2.141769411e-01, -4.283123813e-01
8.12e+01, -2.141738427e-01, -2.141178260e-01, -2.141768630e-01, -4.283123544e-01
8.13e+01, -2.141738260e-01, -2.141178801e-01, -2.141767852e-01, -4.283123276e-01
8.14e+01, -2.141738094e-01, -2.141179342e-01, -2.141767076e-01, -4.283123008e-01
8.15e+01, -2.141737928e-01, -2.141179880e-01, -2.141766302e-01, -4.283122740e-01
8.16e+01, -2.141737763e-01, -2.141180417e-01, -2.141765530e-01, -4.283122473e-01
8.17e+01, -2.141737597e-01, -2.141180952e-01, -2.141764761e-01, -4.283122207e-01
8.18e+01, -2.141737432e-01, -2.141181485e-01, -2.141763994e-01, -4.283121941e-01
8.19e+01, -2.141737266e-01, -2.141182017e-01, -2.141763229e-01, -4.283121675e-01
8.20e+01, -2.141737101e-01, -2.141182547e-01, -2.141762466e-01, -4.283121410e-01
8.21e+01, -2.141736936e-01, -2.141183076e-01, -2.141761706e-01, -4.283121146e-01
8.22e+01, -2.141736771e-01, -2.141183603e-01, -2.141760949e-01, -4.283120882e-01
8.23e+01, -2.141736606e-01, -2.141184128e-01, -2.141760194e-01, -4.283120618e-01
8.24e+01, -2.141736441e-01, -2.141184651e-01, -2.141759441e-01, -4.283120356e-01
8.25e+01, -2.141736277e-01, -2.141185172e-01, -2.141758691e-01, -4.283120093e-01
8.26e+01, -2.141736112e-01, -2.141185692e-01, -2.141757943e-01, -4.283119832e-01
8.27e+01, -2.141735947e-01, -2.141186210e-01, -2.141757198e-01, -4.283119570e-01
8.28e+01, -2.141735783e-01, -2.141186726e-01, -2.141756456e-01, -4.283119310e-01
8.29e+01, -2.141735618e-01, -2.141187241e-01, -2.141755716e-01, -4.283119050e-01
8.30e+01, -2.141735453e-01, -2.141187753e-01, -2.141754978e-01, -4.283118790e-01
8.31e+01, -2.141735289e-01, -2.141188264e-01, -2.141754244e-01, -4.283118531e-01
8.32e+01, -2.141735124e-01, -2.141188773e-01, -2.141753512e-01, -4.283118273e-01
8.33e+01, -2.141734959e-01, -2.141189280e-01, -2.141752782e-01, -4.283118015e-01
8.34e+01, -2.141734795e-01, -2.141189786e-01, -2.141752055e-01, -4.283117757e-01
8.35e+01, -2.141734630e-01, -2.141190289e-01, -2.141751331e-01, -4.283117500e-01
8.36e+01, -2.141734465e-01, -2.141190791e-01, -2.141750610e-01, -4.283117244e-01
8.37e+01, -2.141734300e-01, -2.141191291e-01, -2.141749892e-01, -4.283116989e-01
8.38e+01, -2.141734135e-01, -2.141191789e-01, -2.141749176e-01, -4.283116734e-01
8.39e+01, -2.141733970e-01, -2.141192286e-01, -2.141748463e-01, -4.283116479e-01
8.40e+01, -2.141733805e-01, -2.141192780e-01, -2.141747753e-01, -4.283116225e-01
8.41e+01, -2.141733640e-01, -2.141193273e-01, -2.141747045e-01, -4.283115972e-01
8.42e+01, -2.141733474e-01, -2.141193763e-01, -2.141746341e-01, -4.283115719e-01
8.43e+01, -2.141733309e-01, -2.141194252e-01, -2.141745639e-01, -4.283115467e-01
8.44e+01, -2.141733144e-01, -2.141194739e-01, -2.141744940e-01, -4.283115215e-01
8.45e+01, -2.141732978e-01, -2.141195224e-01, -2.141744244e-01, -4.283114964e-01
8.46e+01, -2.141732812e-01, -2.141195707e-01, -2.141743550e-01, -4.283114713e-01
8.47e+01, -2.141732646e-01, -2.141196189e-01, -2.141742860e-01, -4.283114463e-01
8.48e+01, -2.141732480e-01, -2.141196668e-01, -2.141742172e-01, -4.283114214e-01
8.49e+01, -2.141732314e-01, -2.141197146e-01, -2.141741488e-01, -4.283113965e-01
8.50e+01, -2.141732148e-01, -2.141197622e-01, -2.141740806e-01, -4.283113717e-01
8.51e+01, -2.141731982e-01, -2.141198096e-01, -2.141740127e-01, -4.283113469e-01
8.52e+01, -2.141731815e-01, -2.141198568e-01, -2.141739451e-01, -4.283113222e-01
8.53e+01, -2.141731648e-01, -2.141199038e-01, -2.141738777e-01, -4.283112976e-01
8.54e+01, -2.141731481e-01, -2.141199506e-01, -2.141738107e-01, -4.283112730e-01
8.55e+01, -2.141731314e-01, -2.141199973e-01, -2.141737440e-01, -4.283112484e-01
8.56e+01, -2.141731147e-01, -2.141200437e-01, -2.141736775e-01, -4.283112240e-01
8.57e+01, -2.141730980e-01, -2.141200900e-01, -2.141736114e-01, -4.283111996e-01
8.58e+01, -2.141730812e-01, -2.141201361e-01, -2.141735455e-01, -4.283111752e-01
8.59e+01, -2.141730645e-01, -2.141201820e-01, -2.141734799e-01, -4.283111509e-01
8.60e+01, -2.141730477e-01, -2.141202277e-01, -2.141734146e-01, -4.283111267e-01
8.61e+01, -2.141730309e-01, -2.141202732e-01, -2.141733497e-01, -4.283111025e-01
8.62e+01, -2.141730140e-01, -2.141203185e-01, -2.141732850e-01, -4.283110784e-01
8.63e+01, -2.141729972e-01, -2.141203637e-01, -2.141732206e-01, -4.283110543e-01
8.64e+01, -2.141729803e-01, -2.141204087e-01, -2.141731564e-01, -4.283110303e-01
8.65e+01, -2.141729634e-01, -2.141204534e-01, -2.141730926e-01, -4.283110063e-01
8.66e+01, -2.141729465e-01, -2.141204980e-01, -2.141730291e-01, -4.283109824e-01
8.67e+01, -2.141729296e-01, -2.141205424e-01, -2.141729659e-01, -4.283109586e-01
8.68e+01, -2.141729127e-01, -2.141205867e-01, -2.141729029e-01, -4.283109348e-01
8.69e+01, -2.141728957e-01, -2.141206307e-01, -2.141728403e-01, -4.283109111e-01
8.70e+01, -2.141728787e-01, -2.141206746e-01, -2.141727779e-01, -4.283108875e-01
8.71e+01, -2.141728617e-01, -2.141207182e-01, -2.141727158e-01, -4.283108639e-01
8.72e+01, -2.141728447e-01, -2.141207617e-01, -2.141726541e-01, -4.283108403e-01
8.73e+01, -2.141728277e-01, -2.141208050e-01, -2.141725926e-01, -4.283108168e-01
8.74e+01, -2.141728106e-01, -2.141208481e-01, -2.141725314e-01, -4.283107934e-01
8.75e+01, -2.141727935e-01, -2.141208911e-01, -2.141724705e-01, -4.283107701e-01
8.76e+01, -2.141727764e-01, -2.141209338e-01, -2.141724099e-01, -4.283107468e-01
8.77e+01, -2.141727593e-01, -2.141209764e-01, -2.141723496e-01, -4.283107235e-01
8.78e+01, -2.141727421e-01, -2.141210188e-01, -2.141722895e-01, -4.283107003e-01
8.79e+01, -2.141727250e-01, -2.141210610e-01, -2.141722298e-01, -4.283106772e-01
8.80e+01, -2.141727078e-01, -2.141211031e-01, -2.141721703e-01, -4.283106541e-01
8.81e+01, -2.141726906e-01, -2.141211449e-01, -2.141721112e-01, -4.283106311e-01
8.82e+01, -2.141726733e-01, -2.141211866e-01, -2.141720523e-01, -4.283106082e-01
8.83e+01, -2.141726561e-01, -2.141212281e-01, -2.141719937e-01, -4.283105853e-01
8.84e+01, -2.141726388e-01, -2.141212694e-01, -2.141719354e-01, -4.283105624e-01
8.85e+01, -2.141726215e-01, -2.141213106e-01, -2.141718774e-01, -4.283105396e-01
8.86e+01, -2.141726042e-01, -2.141213515e-01, -2.141718197e-01, -4.283105169e-01
8.87e+01, -2.141725869e-01, -2.141213923e-01, -2.141717622e-01, -4.283104943e-01
8.88e+01, -2.141725695e-01, -2.141214329e-01, -2.141717050e-01, -4.283104717e-01
8.89e+01, -2.141725521e-01, -2.141214734e-01, -2.141716482e-01, -4.283104491e-01
8.90e+01, -2.141725347e-01, -2.141215136e-01, -2.141715916e-01, -4.283104266e-01
8.91e+01, -2.141725173e-01, -2.141215537e-01, -2.141715353e-01, -4.283104042e-01
8.92e+01, -2.141724999e-01, -2.141215936e-01, -2.141714792e-01, -4.283103818e-01
8.93e+01, -2.141724824e-01, -2.141216334e-01, -2.141714235e-01, -4.283103595e-01
8.94e+01, -2.141724649e-01, -2.141216730e-01, -2.141713680e-01, -4.283103373e-01
8.95e+01, -2.141724474e-01, -2.141217124e-01, -2.141713128e-01, -4.283103151e-01
8.96e+01, -2.141724299e-01, -2.141217516e-01, -2.141712579e-01, -4.283102929e-01
8.97e+01, -2.141724123e-01, -2.141217906e-01, -2.141712033e-01, -4.283102708e-01
8.98e+01, -2.141723947e-01, -2.141218295e-01, -2.141711489e-01, -4.283102488e-01
8.99e+01, -2.141723772e-01, -2.141218683e-01, -2.141710948e-01, -4.283102268e-01
9.00e+01, -2.141723595e-01, -2.141219068e-01, -2.141710410e-01, -4.283102049e-01
9.01e+01, -2.141723419e-01, -2.141219452e-01, -2.141709875e-01, -4.283101831e-01
9.02e+01, -2.141723243e-01, -2.141219834e-01, -2.141709343e-01, -4.283101613e-01
9.03e+01, -2.141723066e-01, -2.141220215e-01, -2.141708813e-01, -4.283101395e-01
9.04e+01, -2.141722889e-01, -2.141220593e-01, -2.141708286e-01, -4.283101179e-01
9.05e+01, -2.141722712e-01, -2.141220971e-01, -2.141707761e-01, -4.283100962e-01
9.06e+01, -2.141722534e-01, -2.141221346e-01, -2.141707239e-01, -4.283100747e-01
9.07e+01, -2.141722357e-01, -2.141221720e-01, -2.141706720e-01, -4.283100532e-01
9.08e+01, -2.141722179e-01, -2.141222092e-01, -2.141706204e-01, -4.283100317e-01
9.09e+01, -2.141722001e-01, -2.141222463e-01, -2.141705690e-01, -4.283100103e-01
9.10e+01, -2.141721823e-01, -2.141222832e-01, -2.141705179e-01, -4.283099890e-01
9.11e+01, -2.141721645e-01, -2.141223200e-01, -2.141704671e-01, -4.283099677e-01
9.12e+01, -2.141721466e-01, -2.141223565e-01, -2.141704165e-01, -4.283099465e-01
9.13e+01, -2.141721288e-01, -2.141223930e-01, -2.141703662e-01, -4.283099253e-01
9.14e+01, -2.141721109e-01, -2.141224292e-01, -2.141703162e-01, -4.283099042e-01
9.15e+01, -2.141720930e-01, -2.141224653e-01, -2.141702664e-01, -4.283098831e-01
9.16e+01, -2.141720750e-01, -2.141225013e-01, -2.141702169e-01, -4.283098621e-01
9.17e+01, -2.141720571e-01, -2.141225371e-01, -2.141701676e-01, -4.283098412e-01
9.18e+01, -2.141720391e-01, -2.141225727e-01, -2.141701186e-01, -4.283098203e-01
9.19e+01, -2.141720212e-01, -2.141226082e-01, -2.141700698e-01, -4.283097995e-01
9.20e+01, -2.141720032e-01, -2.141226435e-01, -2.141700213e-01, -4.283097787e-01
9.21e+01, -2.141719852e-01, -2.141226787e-01, -2.141699731e-01, -4.283097580e-01
9.22e+01, -2.141719671e-01, -2.141227137e-01, -2.141699251e-01, -4.283097373e-01
9.23e+01, -2.141719491e-01, -2.141227486e-01, -2.141698774e-01, -4.283097167e-01
9.24e+01, -2.141719310e-01, -2.141227833e-01, -2.141698299e-01, -4.283096962e-01
9.25e+01, -2.141719129e-01, -2.141228179e-01, -2.141697827e-01, -4.283096757e-01
9.26e+01, -2.141718948e-01, -2.141228523e-01, -2.141697357e-01, -4.283096552e-01
9.27e+01, -2.141718767e-01, -2.141228866e-01, -2.141696890e-01, -4.283096348e-01
9.28e+01, -2.141718586e-01, -2.141229207e-01, -2.141696425e-01, -4.283096145e-01
9.29e+01, -2.141718404e-01, -2.141229547e-01, -2.141695962e-01, -4.283095942e-01
9.30e+01, -2.141718223e-01, -2.141229885e-01, -2.141695502e-01, -4.283095740e-01
9.31e+01, -2.141718041e-01, -2.141230222e-01, -2.141695045e-01, -4.283095539e-01
9.32e+01, -2.141717859e-01, -2.141230557e-01, -2.141694590e-01, -4.283095337e-01
9.33e+01, -2.141717677e-01, -2.141230891e-01, -2.141694137e-01, -4.283095137e-01
9.34e+01, -2.141717495e-01, -2.141231224e-01, -2.141693687e-01, -4.283094937e-01
9.35e+01, -2.141717312e-01, -2.141231555e-01, -2.141693239e-01, -4.283094737e-01
9.36e+01, -2.141717130e-01, -2.141231884e-01, -2.141692793e-01, -4.283094538e-01
9.37e+01, -2.141716947e-01, -2.141232213e-01, -2.141692350e-01, -4.283094340e-01
9.38e+01, -2.141716764e-01, -2.141232540e-01, -2.141691910e-01, -4.283094142e-01
9.39e+01, -2.141716581e-01, -2.141232865e-01, -2.141691471e-01, -4.283093945e-01
9.40e+01, -2.141716398e-01, -2.141233189e-01, -2.141691035e-01, -4.283093748e-01
9.41e+01, -2.141716215e-01, -2.141233512e-01, -2.141690601e-01, -4.283093552e-01
9.42e+01, -2.141716032e-01, -2.141233833e-01, -2.141690170e-01, -4.283093356e-01
9.43e+01, -2.141715848e-01, -2.141234153e-01, -2.141689741e-01, -4.283093161e-01
9.44e+01, -2.141715664e-01, -2.141234471e-01, -2.141689314e-01, -4.283092967e-01
9.45e+01, -2.141715481e-01, -2.141234789e-01, -2.141688890e-01, -4.283092773e-01
9.46e+01, -2.141715297e-01, -2.141235104e-01, -2.141688467e-01, -4.283092579e-01
9.47e+01, -2.141715113e-01, -2.141235419e-01, -2.141688047e-01, -4.283092386e-01
9.48e+01, -2.141714929e-01, -2.141235732e-01, -2.141687629e-01, -4.283092194e-01
9.49e+01, -2.141714745e-01, -2.141236044e-01, -2.141687214e-01, -4.283092002e-01
9.50e+01, -2.141714560e-01, -2.141236354e-01, -2.141686801e-01, -4.283091810e-01
9.51e+01, -2.141714376e-01, -2.141236664e-01, -2.141686390e-01, -4.283091619e-01
9.52e+01, -2.141714191e-01, -2.141236972e-01, -2.141685981e-01, -4.283091429e-01
9.53e+01, -2.141714007e-01, -2.141237278e-01, -2.141685574e-01, -4.283091239e-01
9.54e+01, -2.141713822e-01, -2.141237584e-01, -2.141685169e-01, -4.283091050e-01
9.55e+01, -2.141713637e-01, -2.141237888e-01, -2.141684767e-01, -4.283090861e-01
9.56e+01, -2.141713452e-01, -2.141238190e-01, -2.141684367e-01, -4.283090673e-01
9.57e+01, -2.141713267e-01, -2.141238492e-01, -2.141683969e-01, -4.283090485e-01
9.58e+01, -2.141713082e-01, -2.141238792e-01, -2.141683573e-01, -4.283090298e-01
9.59e+01, -2.141712896e-01, -2.141239091e-01, -2.141683179e-01, -4.283090111e-01
9.60e+01, -2.141712711e-01, -2.141239389e-01, -2.141682787e-01, -4.283089925e-01
9.61e+01, -2.141712526e-01, -2.141239686e-01, -2.141682398e-01, -4.283089739e-01
9.62e+01, -2.141712340e-01, -2.141239981e-01, -2.141682010e-01, -4.283089554e-01
9.63e+01, -2.141712154e-01, -2.141240275e-01, -2.141681625e-01, -4.283089369e-01
9.64e+01, -2.141711969e-01, -2.141240568e-01, -2.141681241e-01, -4.283089185e-01
9.65e+01, -2.141711783e-01, -2.141240860e-01, -2.141680860e-01, -4.283089002e-01
9.66e+01, -2.141711597e-01, -2.141241150e-01, -2.141680481e-01, -4.283088819e-01
9.67e+01, -2.141711411e-01, -2.141241439e-01, -2.141680103e-01, -4.283088636e-01
9.68e+01, -2.141711225e-01, -2.141241728e-01, -2.141679728e-01, -4.283088454e-01
9.69e+01, -2.141711039e-01, -2.141242015e-01, -2.141679355e-01, -4.283088272e-01
9.70e+01, -2.141710853e-01, -2.141242300e-01, -2.141678984e-01, -4.283088091e-01
9.71e+01, -2.141710667e-01, -2.141242585e-01, -2.141678615e-01, -4.283087911e-01
9.72e+01, -2.141710480e-01, -2.141242868e-01, -2.141678247e-01, -4.283087731e-01
9.73e+01, -2.141710294e-01, -2.141243151e-01, -2.141677882e-01, -4.283087551e-01
9.74e+01, -2.141710108e-01, -2.141243432e-01, -2.141677519e-01, -4.283087372e-01
9.75e+01, -2.141709921e-01, -2.141243712e-01, -2.141677157e-01, -4.283087194e-01
9.76e+01, -2.141709735e-01, -2.141243991e-01, -2.141676798e-01, -4.283087015e-01
9.77e+01, -2.141709548e-01, -2.141244269e-01, -2.141676440e-01, -4.283086838e-01
9.78e+01, -2.141709361e-01, -2.141244546e-01, -2.141676084e-01, -4.283086661e-01
9.79e+01, -2.141709175e-01, -2.141244821e-01, -2.141675731e-01, -4.283086484e-01
9.80e+01, -2.141708988e-01, -2.141245096e-01, -2.141675379e-01, -4.283086308e-01
9.81e+01, -2.141708801e-01, -2.141245369e-01, -2.141675029e-01, -4.283086133e-01
9.82e+01, -2.141708614e-01, -2.141245641e-01, -2.141674681e-01, -4.283085958e-01
9.83e+01, -2.141708428e-01, -2.141245913e-01, -2.141674334e-01, -4.283085783e-01
9.84e+01, -2.141708241e-01, -2.141246183e-01, -2.141673990e-01, -4.283085609e-01
9.85e+01, -2.141708054e-01, -2.141246452e-01, -2.141673647e-01, -4.283085435e-01
9.86e+01, -2.141707867e-01, -2.141246720e-01, -2.141673306e-01, -4.283085262e-01
9.87e+01, -2.141707680e-01, -2.141246987e-01, -2.141672967e-01, -4.283085090e-01
9.88e+01, -2.141707493e-01, -2.141247253e-01, -2.141672630e-01, -4.283084917e-01
9.89e+01, -2.141707306e-01, -2.141247518e-01, -2.141672295e-01, -4.283084746e-01
9.90e+01, -2.141707119e-01, -2.141247782e-01, -2.141671961e-01, -4.283084575e-01
9.91e+01, -2.141706932e-01, -2.141248045e-01, -2.141671629e-01, -4.283084404e-01
9.92e+01, -2.141706744e-01, -2.141248307e-01, -2.141671299e-01, -4.283084234e-01
9.93e+01, -2.141706557e-01, -2.141248568e-01, -2.141670971e-01, -4.283084064e-01
9.94e+01, -2.141706370e-01, -2.141248828e-01, -2.141670644e-01, -4.283083895e-01
9.95e+01, -2.141706183e-01, -2.141249086e-01, -2.141670319e-01, -4.283083726e-01
9.96e+01, -2.141705996e-01, -2.141249344e-01, -2.141669996e-01, -4.283083558e-01
9.97e+01, -2.141705809e-01, -2.141249601e-01, -2.141669675e-01, -4.283083390e-01
9.98e+01, -2.141705622e-01, -2.141249857e-01, -2.141669355e-01, -4.283083222e-01
9.99e+01, -2.141705434e-01, -2.141250112e-01, -2.141669037e-01, -4.283083055e-01
1.00e+02, -2.141705247e-01, -2.141250366e-01, -2.141668720e-01, -4.283082889e-01
