0.00e+00, -9.373436719e-05, -9.373436719e-05, -9.373436719e-05, -1.874687344e-04
1.00e-01, -9.302313465e-03, -9.302313465e-03, -9.302313465e-03, -1.860462693e-02
2.00e-01, -1.815975288e-02, -1.815975288e-02, -1.815975288e-02, -3.631950576e-02
3.00e-01, -2.663544941e-02, -2.663544941e-02, -2.663544941e-02, -5.327089883e-02
4.00e-01, -3.470711516e-02, -3.470711516e-02, -3.470711516e-02, -6.941423033e-02
5.00e-01, -4.236049917e-02, -4.236049917e-02, -4.236049917e-02, -8.472099834e-02
6.00e-01, -4.958881524e-02, -4.958881524e-02, -4.958881524e-02, -9.917763048e-02
7.00e-01, -5.639195592e-02, -5.639195592e-02, -5.639195592e-02, -1.127839118e-01
8.00e-01, -6.277557283e-02, -6.277557285e-02, -6.277557287e-02, -1.255511457e-01
9.00e-01, -6.875009675e-02, -6.875009682e-02, -6.875009685e-02, -1.375001936e-01
1.00e+00, -7.432975853e-02, -7.432975867e-02, -7.432975870e-02, -1.486595173e-01
1.10e+00, -7.953165957e-02, -7.953165979e-02, -7.953165982e-02, -1.590633195e-01
1.20e+00, -8.437492488e-02, -8.437492518e-02, -8.437492521e-02, -1.687498502e-01
1.30e+00, -8.887995861e-02, -8.887995900e-02, -8.887995903e-02, -1.777599178e-01
1.40e+00, -9.306781110e-02, -9.306781158e-02, -9.306781161e-02, -1.861356229e-01
1.50e+00, -9.695965779e-02, -9.695965835e-02, -9.695965839e-02, -1.939193164e-01
1.60e+00, -1.005763844e-01, -1.005763850e-01, -1.005763851e-01, -2.011527696e-01
1.70e+00, -1.039382686e-01, -1.039382693e-01, -1.039382694e-01, -2.078765382e-01
1.80e+00, -1.070647467e-01, -1.070647475e-01, -1.070647476e-01, -2.141294945e-01
1.90e+00, -1.099742537e-01, -1.099742546e-01, -1.099742546e-01, -2.199485086e-01
2.00e+00, -1.126841196e-01, -1.126841206e-01, -1.126841207e-01, -2.253682406e-01
2.10e+00, -1.152105157e-01, -1.152105167e-01, -1.152105168e-01, -2.304210328e-01
2.20e+00, -1.175684413e-01, -1.175684424e-01, -1.175684426e-01, -2.351368842e-01
2.30e+00, -1.197717377e-01, -1.197717389e-01, -1.197717390e-01, -2.395434770e-01
2.40e+00, -1.218331228e-01, -1.218331240e-01, -1.218331242e-01, -2.436662474e-01
2.50e+00, -1.237642420e-01, -1.237642432e-01, -1.237642433e-01, -2.475284856e-01
2.60e+00, -1.255757278e-01, -1.255757289e-01, -1.255757291e-01, -2.511514572e-01
2.70e+00, -1.272772666e-01, -1.272772677e-01, -1.272772679e-01, -2.545545348e-01
2.80e+00, -1.288776673e-01, -1.288776684e-01, -1.288776686e-01, -2.577553362e-01
2.90e+00, -1.303849310e-01, -1.303849321e-01, -1.303849323e-01, -2.607698636e-01
3.00e+00, -1.318063187e-01, -1.318063198e-01, -1.318063200e-01, -2.636126390e-01
3.10e+00, -1.331484172e-01, -1.331484183e-01, -1.331484185e-01, -2.662968360e-01
3.20e+00, -1.344172009e-01, -1.344172019e-01, -1.344172021e-01, -2.688344033e-01
3.30e+00, -1.356180902e-01, -1.356180911e-01, -1.356180913e-01, -2.712361818e-01
3.40e+00, -1.367560051e-01, -1.367560060e-01, -1.367560063e-01, -2.735120116e-01
3.50e+00, -1.378354155e-01, -1.378354164e-01, -1.378354166e-01, -2.756708323e-01
3.60e+00, -1.388603858e-01, -1.388603866e-01, -1.388603868e-01, -2.777207728e-01
3.70e+00, -1.398346166e-01, -1.398346174e-01, -1.398346176e-01, -2.796692344e-01
3.80e+00, -1.407614820e-01, -1.407614827e-01, -1.407614830e-01, -2.815229652e-01
3.90e+00, -1.416440630e-01, -1.416440637e-01, -1.416440640e-01, -2.832881271e-01
4.00e+00, -1.424851777e-01, -1.424851783e-01, -1.424851786e-01, -2.849703564e-01
4.10e+00, -1.432874084e-01, -1.432874089e-01, -1.432874092e-01, -2.865748176e-01
4.20e+00, -1.440531254e-01, -1.440531258e-01, -1.440531262e-01, -2.881062516e-01
4.30e+00, -1.447845089e-01, -1.447845093e-01, -1.447845097e-01, -2.895690186e-01
4.40e+00, -1.454835679e-01, -1.454835682e-01, -1.454835686e-01, -2.909671365e-01
4.50e+00, -1.461521571e-01, -1.461521574e-01, -1.461521578e-01, -2.923043149e-01
4.60e+00, -1.467919921e-01, -1.467919923e-01, -1.467919928e-01, -2.935839848e-01
4.70e+00, -1.474046629e-01, -1.474046630e-01, -1.474046635e-01, -2.948093262e-01
4.80e+00, -1.479916454e-01, -1.479916455e-01, -1.479916460e-01, -2.959832913e-01
4.90e+00, -1.485543127e-01, -1.485543127e-01, -1.485543132e-01, -2.971086258e-01
5.00e+00, -1.490939436e-01, -1.490939436e-01, -1.490939441e-01, -2.981878875e-01
5.10e+00, -1.496117317e-01, -1.496117316e-01, -1.496117322e-01, -2.992234637e-01
5.20e+00, -1.501087924e-01, -1.501087923e-01, -1.501087928e-01, -3.002175850e-01
5.30e+00, -1.505861697e-01, -1.505861695e-01, -1.505861701e-01, -3.011723395e-01
5.40e+00, -1.510448420e-01, -1.510448417e-01, -1.510448423e-01, -3.020896840e-01
5.50e+00, -1.514857275e-01, -1.514857272e-01, -1.514857278e-01, -3.029714550e-01
5.60e+00, -1.519096890e-01, -1.519096886e-01, -1.519096893e-01, -3.038193779e-01
5.70e+00, -1.523175380e-01, -1.523175376e-01, -1.523175383e-01, -3.046350759e-01
5.80e+00, -1.527100387e-01, -1.527100382e-01, -1.527100389e-01, -3.054200771e-01
5.90e+00, -1.530879112e-01, -1.530879106e-01, -1.530879113e-01, -3.061758221e-01
6.00e+00, -1.534518349e-01, -1.534518344e-01, -1.534518351e-01, -3.069036696e-01
6.10e+00, -1.538024515e-01, -1.538024509e-01, -1.538024516e-01, -3.076049027e-01
6.20e+00, -1.541403670e-01, -1.541403663e-01, -1.541403671e-01, -3.082807336e-01
6.30e+00, -1.544661545e-01, -1.544661539e-01, -1.544661546e-01, -3.089323087e-01
6.40e+00, -1.547803565e-01, -1.547803558e-01, -1.547803565e-01, -3.095607125e-01
6.50e+00, -1.550834863e-01, -1.550834855e-01, -1.550834863e-01, -3.101669720e-01
6.60e+00, -1.553760303e-01, -1.553760295e-01, -1.553760303e-01, -3.107520600e-01
6.70e+00, -1.556584496e-01, -1.556584488e-01, -1.556584496e-01, -3.113168986e-01
6.80e+00, -1.559311814e-01, -1.559311805e-01, -1.559311813e-01, -3.118623622e-01
6.90e+00, -1.561946405e-01, -1.561946396e-01, -1.561946404e-01, -3.123892803e-01
7.00e+00, -1.564492206e-01, -1.564492197e-01, -1.564492205e-01, -3.128984406e-01
7.10e+00, -1.566952957e-01, -1.566952948e-01, -1.566952956e-01, -3.133905907e-01
7.20e+00, -1.569332209e-01, -1.569332199e-01, -1.569332207e-01, -3.138664410e-01
7.30e+00, -1.571633337e-01, -1.571633328e-01, -1.571633336e-01, -3.143266667e-01
7.40e+00, -1.573859552e-01, -1.573859542e-01, -1.573859550e-01, -3.147719096e-01
7.50e+00, -1.576013904e-01, -1.576013894e-01, -1.576013902e-01, -3.152027800e-01
7.60e+00, -1.578099297e-01, -1.578099287e-01, -1.578099295e-01, -3.156198586e-01
7.70e+00, -1.580118495e-01, -1.580118485e-01, -1.580118493e-01, -3.160236982e-01
7.80e+00, -1.582074129e-01, -1.582074118e-01, -1.582074127e-01, -3.164148249e-01
7.90e+00, -1.583968703e-01, -1.583968692e-01, -1.583968701e-01, -3.167937397e-01
8.00e+00, -1.585804604e-01, -1.585804593e-01, -1.585804602e-01, -3.171609199e-01
8.10e+00, -1.587584107e-01, -1.587584096e-01, -1.587584104e-01, -3.175168204e-01
8.20e+00, -1.589309378e-01, -1.589309367e-01, -1.589309376e-01, -3.178618747e-01
8.30e+00, -1.590982486e-01, -1.590982475e-01, -1.590982483e-01, -3.181964963e-01
8.40e+00, -1.592605401e-01, -1.592605390e-01, -1.592605398e-01, -3.185210793e-01
8.50e+00, -1.594180005e-01, -1.594179994e-01, -1.594180002e-01, -3.188360001e-01
8.60e+00, -1.595708093e-01, -1.595708082e-01, -1.595708090e-01, -3.191416176e-01
8.70e+00, -1.597191378e-01, -1.597191367e-01, -1.597191375e-01, -3.194382747e-01
8.80e+00, -1.598631498e-01, -1.598631487e-01, -1.598631495e-01, -3.197262987e-01
8.90e+00, -1.600030016e-01, -1.600030005e-01, -1.600030013e-01, -3.200060023e-01
9.00e+00, -1.601388426e-01, -1.601388415e-01, -1.601388423e-01, -3.202776843e-01
9.10e+00, -1.602708157e-01, -1.602708145e-01, -1.602708153e-01, -3.205416303e-01
9.20e+00, -1.603990572e-01, -1.603990561e-01, -1.603990569e-01, -3.207981135e-01
9.30e+00, -1.605236980e-01, -1.605236968e-01, -1.605236976e-01, -3.210473950e-01
9.40e+00, -1.606448628e-01, -1.606448617e-01, -1.606448625e-01, -3.212897247e-01
9.50e+00, -1.607626714e-01, -1.607626703e-01, -1.607626711e-01, -3.215253419e-01
9.60e+00, -1.608772382e-01, -1.608772371e-01, -1.608772379e-01, -3.217544754e-01
9.70e+00, -1.609886729e-01, -1.609886717e-01, -1.609886725e-01, -3.219773447e-01
9.80e+00, -1.610970804e-01, -1.610970793e-01, -1.610970801e-01, -3.221941598e-01
9.90e+00, -1.612025615e-01, -1.612025604e-01, -1.612025612e-01, -3.224051221e-01
1.00e+01, -1.613052127e-01, -1.613052116e-01, -1.613052123e-01, -3.226104244e-01
1.01e+01, -1.614051264e-01, -1.614051253e-01, -1.614051260e-01, -3.228102518e-01
1.02e+01, -1.615023914e-01, -1.615023904e-01, -1.615023911e-01, -3.230047819e-01
1.03e+01, -1.615970930e-01, -1.615970919e-01, -1.615970926e-01, -3.231941850e-01
1.04e+01, -1.616893127e-01, -1.616893117e-01, -1.616893124e-01, -3.233786245e-01
1.05e+01, -1.617791292e-01, -1.617791281e-01, -1.617791288e-01, -3.235582574e-01
1.06e+01, -1.618666177e-01, -1.618666167e-01, -1.618666174e-01, -3.237332345e-01
1.07e+01, -1.619518508e-01, -1.619518497e-01, -1.619518504e-01, -3.239037006e-01
1.08e+01, -1.620348979e-01, -1.620348969e-01, -1.620348976e-01, -3.240697949e-01
1.09e+01, -1.621158261e-01, -1.621158250e-01, -1.621158257e-01, -3.242316512e-01
1.10e+01, -1.621946996e-01, -1.621946986e-01, -1.621946992e-01, -3.243893983e-01
1.11e+01, -1.622715804e-01, -1.622715794e-01, -1.622715801e-01, -3.245431599e-01
1.12e+01, -1.623465281e-01, -1.623465271e-01, -1.623465277e-01, -3.246930553e-01
1.13e+01, -1.624196000e-01, -1.624195990e-01, -1.624195996e-01, -3.248391990e-01
1.14e+01, -1.624908513e-01, -1.624908503e-01, -1.624908509e-01, -3.249817017e-01
1.15e+01, -1.625603352e-01, -1.625603343e-01, -1.625603349e-01, -3.251206696e-01
1.16e+01, -1.626281031e-01, -1.626281021e-01, -1.626281027e-01, -3.252562053e-01
1.17e+01, -1.626942042e-01, -1.626942033e-01, -1.626942039e-01, -3.253884076e-01
1.18e+01, -1.627586863e-01, -1.627586854e-01, -1.627586860e-01, -3.255173718e-01
1.19e+01, -1.628215953e-01, -1.628215943e-01, -1.628215950e-01, -3.256431897e-01
1.20e+01, -1.628829755e-01, -1.628829745e-01, -1.628829751e-01, -3.257659501e-01
1.21e+01, -1.629428696e-01, -1.629428687e-01, -1.629428693e-01, -3.258857384e-01
1.22e+01, -1.630013191e-01, -1.630013182e-01, -1.630013188e-01, -3.260026373e-01
1.23e+01, -1.630583637e-01, -1.630583628e-01, -1.630583634e-01, -3.261167266e-01
1.24e+01, -1.631140420e-01, -1.631140411e-01, -1.631140417e-01, -3.262280832e-01
1.25e+01, -1.631683912e-01, -1.631683903e-01, -1.631683909e-01, -3.263367816e-01
1.26e+01, -1.632214473e-01, -1.632214464e-01, -1.632214470e-01, -3.264428938e-01
1.27e+01, -1.632732450e-01, -1.632732442e-01, -1.632732447e-01, -3.265464893e-01
1.28e+01, -1.633238181e-01, -1.633238172e-01, -1.633238178e-01, -3.266476354e-01
1.29e+01, -1.633731990e-01, -1.633731981e-01, -1.633731987e-01, -3.267463972e-01
1.30e+01, -1.634214192e-01, -1.634214184e-01, -1.634214189e-01, -3.268428376e-01
1.31e+01, -1.634685092e-01, -1.634685084e-01, -1.634685089e-01, -3.269370176e-01
1.32e+01, -1.635144985e-01, -1.635144977e-01, -1.635144982e-01, -3.270289962e-01
1.33e+01, -1.635594156e-01, -1.635594148e-01, -1.635594154e-01, -3.271188306e-01
1.34e+01, -1.636032884e-01, -1.636032876e-01, -1.636032881e-01, -3.272065760e-01
1.35e+01, -1.636461434e-01, -1.636461427e-01, -1.636461432e-01, -3.272922862e-01
1.36e+01, -1.636880069e-01, -1.636880062e-01, -1.636880066e-01, -3.273760131e-01
1.37e+01, -1.637289039e-01, -1.637289032e-01, -1.637289037e-01, -3.274578072e-01
1.38e+01, -1.637688590e-01, -1.637688582e-01, -1.637688587e-01, -3.275377173e-01
1.39e+01, -1.638078957e-01, -1.638078950e-01, -1.638078954e-01, -3.276157907e-01
1.40e+01, -1.638460371e-01, -1.638460364e-01, -1.638460369e-01, -3.276920736e-01
1.41e+01, -1.638833055e-01, -1.638833048e-01, -1.638833053e-01, -3.277666104e-01
1.42e+01, -1.639197226e-01, -1.639197219e-01, -1.639197224e-01, -3.278394446e-01
1.43e+01, -1.639553094e-01, -1.639553087e-01, -1.639553092e-01, -3.279106182e-01
1.44e+01, -1.639900863e-01, -1.639900856e-01, -1.639900861e-01, -3.279801720e-01
1.45e+01, -1.640240731e-01, -1.640240725e-01, -1.640240729e-01, -3.280481457e-01
1.46e+01, -1.640572892e-01, -1.640572885e-01, -1.640572890e-01, -3.281145778e-01
1.47e+01, -1.640897532e-01, -1.640897525e-01, -1.640897530e-01, -3.281795058e-01
1.48e+01, -1.641214833e-01, -1.641214827e-01, -1.641214831e-01, -3.282429660e-01
1.49e+01, -1.641524972e-01, -1.641524966e-01, -1.641524970e-01, -3.283049939e-01
1.50e+01, -1.641828121e-01, -1.641828115e-01, -1.641828119e-01, -3.283656238e-01
1.51e+01, -1.642124448e-01, -1.642124442e-01, -1.642124446e-01, -3.284248891e-01
1.52e+01, -1.642414115e-01, -1.642414109e-01, -1.642414113e-01, -3.284828225e-01
1.53e+01, -1.642697280e-01, -1.642697274e-01, -1.642697278e-01, -3.285394555e-01
1.54e+01, -1.642974098e-01, -1.642974092e-01, -1.642974096e-01, -3.285948190e-01
1.55e+01, -1.643244717e-01, -1.643244712e-01, -1.643244715e-01, -3.286489429e-01
1.56e+01, -1.643509285e-01, -1.643509279e-01, -1.643509283e-01, -3.287018565e-01
1.57e+01, -1.643767943e-01, -1.643767937e-01, -1.643767941e-01, -3.287535880e-01
1.58e+01, -1.644020829e-01, -1.644020823e-01, -1.644020827e-01, -3.288041653e-01
1.59e+01, -1.644268078e-01, -1.644268073e-01, -1.644268076e-01, -3.288536151e-01
1.60e+01, -1.644509821e-01, -1.644509816e-01, -1.644509819e-01, -3.289019638e-01
1.61e+01, -1.644746186e-01, -1.644746181e-01, -1.644746185e-01, -3.289492368e-01
1.62e+01, -1.644977298e-01, -1.644977293e-01, -1.644977297e-01, -3.289954592e-01
1.63e+01, -1.645203278e-01, -1.645203273e-01, -1.645203276e-01, -3.290406551e-01
1.64e+01, -1.645424243e-01, -1.645424239e-01, -1.645424242e-01, -3.290848483e-01
1.65e+01, -1.645640310e-01, -1.645640306e-01, -1.645640309e-01, -3.291280616e-01
1.66e+01, -1.645851591e-01, -1.645851586e-01, -1.645851589e-01, -3.291703177e-01
1.67e+01, -1.646058194e-01, -1.646058190e-01, -1.646058193e-01, -3.292116385e-01
1.68e+01, -1.646260228e-01, -1.646260223e-01, -1.646260226e-01, -3.292520452e-01
1.69e+01, -1.646457795e-01, -1.646457791e-01, -1.646457794e-01, -3.292915587e-01
1.70e+01, -1.646650999e-01, -1.646650994e-01, -1.646650997e-01, -3.293301993e-01
1.71e+01, -1.646839937e-01, -1.646839932e-01, -1.646839935e-01, -3.293679869e-01
1.72e+01, -1.647024706e-01, -1.647024702e-01, -1.647024705e-01, -3.294049408e-01
1.73e+01, -1.647205401e-01, -1.647205397e-01, -1.647205400e-01, -3.294410799e-01
1.74e+01, -1.647382114e-01, -1.647382110e-01, -1.647382113e-01, -3.294764225e-01
1.75e+01, -1.647554935e-01, -1.647554931e-01, -1.647554933e-01, -3.295109866e-01
1.76e+01, -1.647723950e-01, -1.647723946e-01, -1.647723949e-01, -3.295447897e-01
1.77e+01, -1.647889247e-01, -1.647889243e-01, -1.647889246e-01, -3.295778490e-01
1.78e+01, -1.648050907e-01, -1.648050904e-01, -1.648050906e-01, -3.296101811e-01
1.79e+01, -1.648209014e-01, -1.648209010e-01, -1.648209013e-01, -3.296418025e-01
1.80e+01, -1.648363646e-01, -1.648363642e-01, -1.648363645e-01, -3.296727288e-01
1.81e+01, -1.648514881e-01, -1.648514877e-01, -1.648514880e-01, -3.297029758e-01
1.82e+01, -1.648662794e-01, -1.648662791e-01, -1.648662793e-01, -3.297325586e-01
1.83e+01, -1.648807461e-01, -1.648807458e-01, -1.648807460e-01, -3.297614920e-01
1.84e+01, -1.648948954e-01, -1.648948950e-01, -1.648948953e-01, -3.297897904e-01
1.85e+01, -1.649087342e-01, -1.649087339e-01, -1.649087341e-01, -3.298174681e-01
1.86e+01, -1.649222696e-01, -1.649222692e-01, -1.649222695e-01, -3.298445388e-01
1.87e+01, -1.649355082e-01, -1.649355078e-01, -1.649355081e-01, -3.298710161e-01
1.88e+01, -1.649484566e-01, -1.649484563e-01, -1.649484565e-01, -3.298969130e-01
1.89e+01, -1.649611213e-01, -1.649611210e-01, -1.649611213e-01, -3.299222424e-01
1.90e+01, -1.649735086e-01, -1.649735083e-01, -1.649735086e-01, -3.299470170e-01
1.91e+01, -1.649856247e-01, -1.649856244e-01, -1.649856246e-01, -3.299712491e-01
1.92e+01, -1.649974754e-01, -1.649974751e-01, -1.649974753e-01, -3.299949505e-01
1.93e+01, -1.650090667e-01, -1.650090664e-01, -1.650090666e-01, -3.300181331e-01
1.94e+01, -1.650204043e-01, -1.650204040e-01, -1.650204042e-01, -3.300408083e-01
1.95e+01, -1.650314938e-01, -1.650314935e-01, -1.650314937e-01, -3.300629874e-01
1.96e+01, -1.650423407e-01, -1.650423404e-01, -1.650423406e-01, -3.300846812e-01
1.97e+01, -1.650529504e-01, -1.650529501e-01, -1.650529503e-01, -3.301059005e-01
1.98e+01, -1.650633280e-01, -1.650633277e-01, -1.650633279e-01, -3.301266557e-01
1.99e+01, -1.650734787e-01, -1.650734784e-01, -1.650734786e-01, -3.301469571e-01
2.00e+01, -1.650834075e-01, -1.650834072e-01, -1.650834074e-01, -3.301668147e-01
2.01e+01, -1.650931192e-01, -1.650931189e-01, -1.650931191e-01, -3.301862382e-01
2.02e+01, -1.651026187e-01, -1.651026184e-01, -1.651026186e-01, -3.302052371e-01
2.03e+01, -1.651119106e-01, -1.651119103e-01, -1.651119105e-01, -3.302238209e-01
2.04e+01, -1.651209994e-01, -1.651209992e-01, -1.651209993e-01, -3.302419986e-01
2.05e+01, -1.651298897e-01, -1.651298895e-01, -1.651298896e-01, -3.302597792e-01
2.06e+01, -1.651385858e-01, -1.651385855e-01, -1.651385857e-01, -3.302771713e-01
2.07e+01, -1.651470919e-01, -1.651470917e-01, -1.651470918e-01, -3.302941836e-01
2.08e+01, -1.651554123e-01, -1.651554120e-01, -1.651554122e-01, -3.303108244e-01
2.09e+01, -1.651635509e-01, -1.651635507e-01, -1.651635509e-01, -3.303271017e-01
2.10e+01, -1.651715119e-01, -1.651715117e-01, -1.651715119e-01, -3.303430236e-01
2.11e+01, -1.651792991e-01, -1.651792989e-01, -1.651792990e-01, -3.303585980e-01
2.12e+01, -1.651869162e-01, -1.651869160e-01, -1.651869162e-01, -3.303738323e-01
2.13e+01, -1.651943671e-01, -1.651943669e-01, -1.651943671e-01, -3.303887341e-01
2.14e+01, -1.652016554e-01, -1.652016552e-01, -1.652016553e-01, -3.304033106e-01
2.15e+01, -1.652087846e-01, -1.652087844e-01, -1.652087846e-01, -3.304175691e-01
2.16e+01, -1.652157583e-01, -1.652157581e-01, -1.652157582e-01, -3.304315164e-01
2.17e+01, -1.652225797e-01, -1.652225796e-01, -1.652225797e-01, -3.304451593e-01
2.18e+01, -1.652292524e-01, -1.652292522e-01, -1.652292524e-01, -3.304585047e-01
2.19e+01, -1.652357795e-01, -1.652357793e-01, -1.652357795e-01, -3.304715589e-01
2.20e+01, -1.652421642e-01, -1.652421640e-01, -1.652421642e-01, -3.304843283e-01
2.21e+01, -1.652484097e-01, -1.652484095e-01, -1.652484097e-01, -3.304968192e-01
2.22e+01, -1.652545190e-01, -1.652545188e-01, -1.652545189e-01, -3.305090378e-01
2.23e+01, -1.652604950e-01, -1.652604948e-01, -1.652604950e-01, -3.305209899e-01
2.24e+01, -1.652663408e-01, -1.652663406e-01, -1.652663407e-01, -3.305326814e-01
2.25e+01, -1.652720591e-01, -1.652720589e-01, -1.652720590e-01, -3.305441180e-01
2.26e+01, -1.652776527e-01, -1.652776525e-01, -1.652776527e-01, -3.305553053e-01
2.27e+01, -1.652831244e-01, -1.652831243e-01, -1.652831244e-01, -3.305662487e-01
2.28e+01, -1.652884769e-01, -1.652884767e-01, -1.652884768e-01, -3.305769536e-01
2.29e+01, -1.652937127e-01, -1.652937126e-01, -1.652937127e-01, -3.305874253e-01
2.30e+01, -1.652988345e-01, -1.652988343e-01, -1.652988344e-01, -3.305976688e-01
2.31e+01, -1.653038446e-01, -1.653038445e-01, -1.653038446e-01, -3.306076891e-01
2.32e+01, -1.653087456e-01, -1.653087455e-01, -1.653087456e-01, -3.306174912e-01
2.33e+01, -1.653135399e-01, -1.653135398e-01, -1.653135399e-01, -3.306270797e-01
2.34e+01, -1.653182298e-01, -1.653182296e-01, -1.653182297e-01, -3.306364594e-01
2.35e+01, -1.653228175e-01, -1.653228174e-01, -1.653228175e-01, -3.306456349e-01
2.36e+01, -1.653273054e-01, -1.653273052e-01, -1.653273053e-01, -3.306546107e-01
2.37e+01, -1.653316956e-01, -1.653316954e-01, -1.653316955e-01, -3.306633910e-01
2.38e+01, -1.653359902e-01, -1.653359900e-01, -1.653359901e-01, -3.306719802e-01
2.39e+01, -1.653401914e-01, -1.653401912e-01, -1.653401913e-01, -3.306803826e-01
2.40e+01, -1.653443011e-01, -1.653443010e-01, -1.653443011e-01, -3.306886021e-01
2.41e+01, -1.653483215e-01, -1.653483213e-01, -1.653483214e-01, -3.306966428e-01
2.42e+01, -1.653522544e-01, -1.653522543e-01, -1.653522543e-01, -3.307045087e-01
2.43e+01, -1.653561018e-01, -1.653561017e-01, -1.653561017e-01, -3.307122035e-01
2.44e+01, -1.653598655e-01, -1.653598654e-01, -1.653598655e-01, -3.307197310e-01
2.45e+01, -1.653635475e-01, -1.653635473e-01, -1.653635474e-01, -3.307270948e-01
2.46e+01, -1.653671494e-01, -1.653671493e-01, -1.653671493e-01, -3.307342987e-01
2.47e+01, -1.653706730e-01, -1.653706729e-01, -1.653706730e-01, -3.307413460e-01
2.48e+01, -1.653741202e-01, -1.653741200e-01, -1.653741201e-01, -3.307482402e-01
2.49e+01, -1.653774924e-01, -1.653774923e-01, -1.653774924e-01, -3.307549847e-01
2.50e+01, -1.653807914e-01, -1.653807913e-01, -1.653807914e-01, -3.307615828e-01
2.51e+01, -1.653840189e-01, -1.653840187e-01, -1.653840188e-01, -3.307680376e-01
2.52e+01, -1.653871762e-01, -1.653871761e-01, -1.653871762e-01, -3.307743524e-01
2.53e+01, -1.653902651e-01, -1.653902650e-01, -1.653902651e-01, -3.307805301e-01
2.54e+01, -1.653932870e-01, -1.653932869e-01, -1.653932870e-01, -3.307865739e-01
2.55e+01, -1.653962434e-01, -1.653962432e-01, -1.653962433e-01, -3.307924866e-01
2.56e+01, -1.653991356e-01, -1.653991355e-01, -1.653991356e-01, -3.307982711e-01
2.57e+01, -1.654019652e-01, -1.654019651e-01, -1.654019652e-01, -3.308039303e-01
2.58e+01, -1.654047335e-01, -1.654047334e-01, -1.654047334e-01, -3.308094669e-01
2.59e+01, -1.654074418e-01, -1.654074417e-01, -1.654074418e-01, -3.308148835e-01
2.60e+01, -1.654100915e-01, -1.654100914e-01, -1.654100915e-01, -3.308201829e-01
2.61e+01, -1.654126838e-01, -1.654126837e-01, -1.654126838e-01, -3.308253676e-01
2.62e+01, -1.654152201e-01, -1.654152200e-01, -1.654152200e-01, -3.308304401e-01
2.63e+01, -1.654177015e-01, -1.654177014e-01, -1.654177014e-01, -3.308354029e-01
2.64e+01, -1.654201292e-01, -1.654201291e-01, -1.654201292e-01, -3.308402583e-01
2.65e+01, -1.654225045e-01, -1.654225044e-01, -1.654225044e-01, -3.308450089e-01
2.66e+01, -1.654248284e-01, -1.654248283e-01, -1.654248284e-01, -3.308496567e-01
2.67e+01, -1.654271022e-01, -1.654271021e-01, -1.654271021e-01, -3.308542042e-01
2.68e+01, -1.654293268e-01, -1.654293267e-01, -1.654293268e-01, -3.308586536e-01
2.69e+01, -1.654315035e-01, -1.654315034e-01, -1.654315034e-01, -3.308630069e-01
2.70e+01, -1.654336332e-01, -1.654336331e-01, -1.654336331e-01, -3.308672662e-01
2.71e+01, -1.654357169e-01, -1.654357168e-01, -1.654357169e-01, -3.308714338e-01
2.72e+01, -1.654377558e-01, -1.654377557e-01, -1.654377557e-01, -3.308755114e-01
2.73e+01, -1.654397507e-01, -1.654397506e-01, -1.654397506e-01, -3.308795013e-01
2.74e+01, -1.654417026e-01, -1.654417025e-01, -1.654417026e-01, -3.308834052e-01
2.75e+01, -1.654436126e-01, -1.654436125e-01, -1.654436125e-01, -3.308872250e-01
2.76e+01, -1.654454814e-01, -1.654454813e-01, -1.654454813e-01, -3.308909627e-01
2.77e+01, -1.654473100e-01, -1.654473099e-01, -1.654473100e-01, -3.308946199e-01
2.78e+01, -1.654490993e-01, -1.654490992e-01, -1.654490993e-01, -3.308981985e-01
2.79e+01, -1.654508502e-01, -1.654508501e-01, -1.654508501e-01, -3.309017002e-01
2.80e+01, -1.654525634e-01, -1.654525633e-01, -1.654525634e-01, -3.309051267e-01
2.81e+01, -1.654542399e-01, -1.654542398e-01, -1.654542398e-01, -3.309084796e-01
2.82e+01, -1.654558803e-01, -1.654558802e-01, -1.654558803e-01, -3.309117606e-01
2.83e+01, -1.654574856e-01, -1.654574855e-01, -1.654574856e-01, -3.309149712e-01
2.84e+01, -1.654590565e-01, -1.654590564e-01, -1.654590565e-01, -3.309181129e-01
2.85e+01, -1.654605937e-01, -1.654605936e-01, -1.654605936e-01, -3.309211873e-01
2.86e+01, -1.654620980e-01, -1.654620979e-01, -1.654620979e-01, -3.309241958e-01
2.87e+01, -1.654635700e-01, -1.654635699e-01, -1.654635700e-01, -3.309271399e-01
2.88e+01, -1.654650106e-01, -1.654650105e-01, -1.654650105e-01, -3.309300210e-01
2.89e+01, -1.654664203e-01, -1.654664202e-01, -1.654664203e-01, -3.309328405e-01
2.90e+01, -1.654677999e-01, -1.654677998e-01, -1.654677998e-01, -3.309355997e-01
2.91e+01, -1.654691500e-01, -1.654691499e-01, -1.654691500e-01, -3.309382999e-01
2.92e+01, -1.654704713e-01, -1.654704712e-01, -1.654704712e-01, -3.309409424e-01
2.93e+01, -1.654717643e-01, -1.654717642e-01, -1.654717643e-01, -3.309435286e-01
2.94e+01, -1.654730298e-01, -1.654730297e-01, -1.654730298e-01, -3.309460595e-01
2.95e+01, -1.654742683e-01, -1.654742682e-01, -1.654742682e-01, -3.309485364e-01
2.96e+01, -1.654754803e-01, -1.654754802e-01, -1.654754803e-01, -3.309509606e-01
2.97e+01, -1.654766666e-01, -1.654766665e-01, -1.654766665e-01, -3.309533331e-01
2.98e+01, -1.654778275e-01, -1.654778275e-01, -1.654778275e-01, -3.309556550e-01
2.99e+01, -1.654789638e-01, -1.654789637e-01, -1.654789638e-01, -3.309579275e-01
3.00e+01, -1.654800759e-01, -1.654800758e-01, -1.654800759e-01, -3.309601517e-01
3.01e+01, -1.654811643e-01, -1.654811642e-01, -1.654811643e-01, -3.309623286e-01
3.02e+01, -1.654822296e-01, -1.654822295e-01, -1.654822296e-01, -3.309644592e-01
3.03e+01, -1.654832723e-01, -1.654832722e-01, -1.654832723e-01, -3.309665445e-01
3.04e+01, -1.654842928e-01, -1.654842927e-01, -1.654842928e-01, -3.309685855e-01
3.05e+01, -1.654852917e-01, -1.654852916e-01, -1.654852916e-01, -3.309705833e-01
3.06e+01, -1.654862693e-01, -1.654862693e-01, -1.654862693e-01, -3.309725386e-01
3.07e+01, -1.654872263e-01, -1.654872262e-01, -1.654872263e-01, -3.309744525e-01
3.08e+01, -1.654881630e-01, -1.654881629e-01, -1.654881629e-01, -3.309763258e-01
3.09e+01, -1.654890798e-01, -1.654890797e-01, -1.654890798e-01, -3.309781595e-01
3.10e+01, -1.654899772e-01, -1.654899771e-01, -1.654899772e-01, -3.309799544e-01
3.11e+01, -1.654908557e-01, -1.654908556e-01, -1.654908556e-01, -3.309817112e-01
3.12e+01, -1.654917155e-01, -1.654917154e-01, -1.654917155e-01, -3.309834310e-01
3.13e+01, -1.654925572e-01, -1.654925571e-01, -1.654925572e-01, -3.309851143e-01
3.14e+01, -1.654933811e-01, -1.654933810e-01, -1.654933811e-01, -3.309867622e-01
3.15e+01, -1.654941877e-01, -1.654941876e-01, -1.654941876e-01, -3.309883752e-01
3.16e+01, -1.654949772e-01, -1.654949771e-01, -1.654949771e-01, -3.309899543e-01
3.17e+01, -1.654957500e-01, -1.654957499e-01, -1.654957500e-01, -3.309915000e-01
3.18e+01, -1.654965066e-01, -1.654965065e-01, -1.654965066e-01, -3.309930132e-01
3.19e+01, -1.654972473e-01, -1.654972472e-01, -1.654972473e-01, -3.309944945e-01
3.20e+01, -1.654979724e-01, -1.654979723e-01, -1.654979723e-01, -3.309959446e-01
3.21e+01, -1.654986822e-01, -1.654986821e-01, -1.654986822e-01, -3.309973643e-01
3.22e+01, -1.654993771e-01, -1.654993770e-01, -1.654993771e-01, -3.309987541e-01
3.23e+01, -1.655000574e-01, -1.655000573e-01, -1.655000574e-01, -3.310001147e-01
3.24e+01, -1.655007235e-01, -1.655007234e-01, -1.655007234e-01, -3.310014468e-01
3.25e+01, -1.655013755e-01, -1.655013755e-01, -1.655013755e-01, -3.310027510e-01
3.26e+01, -1.655020140e-01, -1.655020139e-01, -1.655020140e-01, -3.310040279e-01
3.27e+01, -1.655026390e-01, -1.655026389e-01, -1.655026390e-01, -3.310052780e-01
3.28e+01, -1.655032510e-01, -1.655032509e-01, -1.655032510e-01, -3.310065020e-01
3.29e+01, -1.655038502e-01, -1.655038501e-01, -1.655038502e-01, -3.310077004e-01
3.30e+01, -1.655044369e-01, -1.655044368e-01, -1.655044369e-01, -3.310088738e-01
3.31e+01, -1.655050114e-01, -1.655050113e-01, -1.655050114e-01, -3.310100227e-01
3.32e+01, -1.655055739e-01, -1.655055738e-01, -1.655055739e-01, -3.310111477e-01
3.33e+01, -1.655061247e-01, -1.655061246e-01, -1.655061247e-01, -3.310122493e-01
3.34e+01, -1.655066640e-01, -1.655066639e-01, -1.655066640e-01, -3.310133279e-01
3.35e+01, -1.655071921e-01, -1.655071920e-01, -1.655071921e-01, -3.310143842e-01
3.36e+01, -1.655077093e-01, -1.655077092e-01, -1.655077093e-01, -3.310154186e-01
3.37e+01, -1.655082158e-01, -1.655082157e-01, -1.655082158e-01, -3.310164315e-01
3.38e+01, -1.655087118e-01, -1.655087117e-01, -1.655087118e-01, -3.310174234e-01
3.39e+01, -1.655091975e-01, -1.655091974e-01, -1.655091975e-01, -3.310183949e-01
3.40e+01, -1.655096732e-01, -1.655096731e-01, -1.655096732e-01, -3.310193463e-01
3.41e+01, -1.655101391e-01, -1.655101390e-01, -1.655101391e-01, -3.310202781e-01
3.42e+01, -1.655105954e-01, -1.655105953e-01, -1.655105954e-01, -3.310211907e-01
3.43e+01, -1.655110423e-01, -1.655110422e-01, -1.655110423e-01, -3.310220846e-01
3.44e+01, -1.655114801e-01, -1.655114800e-01, -1.655114801e-01, -3.310229601e-01
3.45e+01, -1.655119089e-01, -1.655119088e-01, -1.655119089e-01, -3.310238177e-01
3.46e+01, -1.655123289e-01, -1.655123288e-01, -1.655123289e-01, -3.310246577e-01
3.47e+01, -1.655127403e-01, -1.655127402e-01, -1.655127403e-01, -3.310254806e-01
3.48e+01, -1.655131434e-01, -1.655131433e-01, -1.655131434e-01, -3.310262867e-01
3.49e+01, -1.655135382e-01, -1.655135381e-01, -1.655135382e-01, -3.310270764e-01
3.50e+01, -1.655139250e-01, -1.655139249e-01, -1.655139250e-01, -3.310278500e-01
3.51e+01, -1.655143040e-01, -1.655143039e-01, -1.655143040e-01, -3.310286079e-01
3.52e+01, -1.655146753e-01, -1.655146752e-01, -1.655146753e-01, -3.310293505e-01
3.53e+01, -1.655150391e-01, -1.655150390e-01, -1.655150391e-01, -3.310300781e-01
3.54e+01, -1.655153955e-01, -1.655153955e-01, -1.655153956e-01, -3.310307910e-01
3.55e+01, -1.655157448e-01, -1.655157447e-01, -1.655157448e-01, -3.310314896e-01
3.56e+01, -1.655160871e-01, -1.655160870e-01, -1.655160871e-01, -3.310321741e-01
3.57e+01, -1.655164225e-01, -1.655164224e-01, -1.655164225e-01, -3.310328449e-01
3.58e+01, -1.655167511e-01, -1.655167511e-01, -1.655167512e-01, -3.310335023e-01
3.59e+01, -1.655170733e-01, -1.655170732e-01, -1.655170733e-01, -3.310341465e-01
3.60e+01, -1.655173889e-01, -1.655173889e-01, -1.655173890e-01, -3.310347778e-01
3.61e+01, -1.655176983e-01, -1.655176982e-01, -1.655176984e-01, -3.310353966e-01
3.62e+01, -1.655180016e-01, -1.655180015e-01, -1.655180016e-01, -3.310360031e-01
3.63e+01, -1.655182988e-01, -1.655182987e-01, -1.655182988e-01, -3.310365975e-01
3.64e+01, -1.655185901e-01, -1.655185900e-01, -1.655185901e-01, -3.310371802e-01
3.65e+01, -1.655188757e-01, -1.655188756e-01, -1.655188757e-01, -3.310377513e-01
3.66e+01, -1.655191556e-01, -1.655191555e-01, -1.655191556e-01, -3.310383112e-01
3.67e+01, -1.655194300e-01, -1.655194299e-01, -1.655194300e-01, -3.310388599e-01
3.68e+01, -1.655196989e-01, -1.655196989e-01, -1.655196990e-01, -3.310393979e-01
3.69e+01, -1.655199626e-01, -1.655199625e-01, -1.655199626e-01, -3.310399252e-01
3.70e+01, -1.655202211e-01, -1.655202210e-01, -1.655202211e-01, -3.310404421e-01
3.71e+01, -1.655204744e-01, -1.655204744e-01, -1.655204745e-01, -3.310409489e-01
3.72e+01, -1.655207228e-01, -1.655207227e-01, -1.655207229e-01, -3.310414456e-01
3.73e+01, -1.655209663e-01, -1.655209662e-01, -1.655209663e-01, -3.310419326e-01
3.74e+01, -1.655212050e-01, -1.655212049e-01, -1.655212050e-01, -3.310424099e-01
3.75e+01, -1.655214389e-01, -1.655214388e-01, -1.655214389e-01, -3.310428778e-01
3.76e+01, -1.655216682e-01, -1.655216682e-01, -1.655216683e-01, -3.310433364e-01
3.77e+01, -1.655218930e-01, -1.655218929e-01, -1.655218930e-01, -3.310437860e-01
3.78e+01, -1.655221133e-01, -1.655221132e-01, -1.655221133e-01, -3.310442266e-01
3.79e+01, -1.655223292e-01, -1.655223291e-01, -1.655223293e-01, -3.310446584e-01
3.80e+01, -1.655225408e-01, -1.655225408e-01, -1.655225409e-01, -3.310450816e-01
3.81e+01, -1.655227482e-01, -1.655227481e-01, -1.655227482e-01, -3.310454963e-01
3.82e+01, -1.655229514e-01, -1.655229513e-01, -1.655229514e-01, -3.310459027e-01
3.83e+01, -1.655231504e-01, -1.655231504e-01, -1.655231505e-01, -3.310463009e-01
3.84e+01, -1.655233455e-01, -1.655233454e-01, -1.655233455e-01, -3.310466909e-01
3.85e+01, -1.655235365e-01, -1.655235365e-01, -1.655235366e-01, -3.310470730e-01
3.86e+01, -1.655237237e-01, -1.655237236e-01, -1.655237237e-01, -3.310474473e-01
3.87e+01, -1.655239069e-01, -1.655239069e-01, -1.655239070e-01, -3.310478138e-01
3.88e+01, -1.655240864e-01, -1.655240863e-01, -1.655240864e-01, -3.310481728e-01
3.89e+01, -1.655242621e-01, -1.655242620e-01, -1.655242622e-01, -3.310485242e-01
3.90e+01, -1.655244341e-01, -1.655244341e-01, -1.655244342e-01, -3.310488683e-01
3.91e+01, -1.655246025e-01, -1.655246025e-01, -1.655246026e-01, -3.310492050e-01
3.92e+01, -1.655247673e-01, -1.655247673e-01, -1.655247674e-01, -3.310495346e-01
3.93e+01, -1.655249286e-01, -1.655249285e-01, -1.655249286e-01, -3.310498572e-01
3.94e+01, -1.655250864e-01, -1.655250863e-01, -1.655250864e-01, -3.310501728e-01
3.95e+01, -1.655252408e-01, -1.655252407e-01, -1.655252408e-01, -3.310504815e-01
3.96e+01, -1.655253917e-01, -1.655253917e-01, -1.655253918e-01, -3.310507835e-01
3.97e+01, -1.655255394e-01, -1.655255394e-01, -1.655255395e-01, -3.310510788e-01
3.98e+01, -1.655256838e-01, -1.655256838e-01, -1.655256839e-01, -3.310513676e-01
3.99e+01, -1.655258250e-01, -1.655258249e-01, -1.655258250e-01, -3.310516500e-01
4.00e+01, -1.655259630e-01, -1.655259630e-01, -1.655259630e-01, -3.310519260e-01
4.01e+01, -1.655260979e-01, -1.655260979e-01, -1.655260979e-01, -3.310521958e-01
4.02e+01, -1.655262298e-01, -1.655262297e-01, -1.655262298e-01, -3.310524595e-01
4.03e+01, -1.655263586e-01, -1.655263585e-01, -1.655263586e-01, -3.310527172e-01
4.04e+01, -1.655264845e-01, -1.655264844e-01, -1.655264845e-01, -3.310529690e-01
4.05e+01, -1.655266075e-01, -1.655266074e-01, -1.655266075e-01, -3.310532150e-01
4.06e+01, -1.655267276e-01, -1.655267276e-01, -1.655267277e-01, -3.310534553e-01
4.07e+01, -1.655268450e-01, -1.655268450e-01, -1.655268450e-01, -3.310536900e-01
4.08e+01, -1.655269596e-01, -1.655269596e-01, -1.655269597e-01, -3.310539193e-01
4.09e+01, -1.655270716e-01, -1.655270716e-01, -1.655270716e-01, -3.310541432e-01
4.10e+01, -1.655271809e-01, -1.655271809e-01, -1.655271810e-01, -3.310543619e-01
4.11e+01, -1.655272877e-01, -1.655272877e-01, -1.655272878e-01, -3.310545754e-01
4.12e+01, -1.655273920e-01, -1.655273920e-01, -1.655273920e-01, -3.310547840e-01
4.13e+01, -1.655274938e-01, -1.655274938e-01, -1.655274938e-01, -3.310549876e-01
4.14e+01, -1.655275932e-01, -1.655275932e-01, -1.655275932e-01, -3.310551864e-01
4.15e+01, -1.655276903e-01, -1.655276902e-01, -1.655276903e-01, -3.310553805e-01
4.16e+01, -1.655277850e-01, -1.655277850e-01, -1.655277851e-01, -3.310555701e-01
4.17e+01, -1.655278776e-01, -1.655278775e-01, -1.655278776e-01, -3.310557551e-01
4.18e+01, -1.655279679e-01, -1.655279679e-01, -1.655279679e-01, -3.310559358e-01
4.19e+01, -1.655280561e-01, -1.655280561e-01, -1.655280561e-01, -3.310561122e-01
4.20e+01, -1.655281422e-01, -1.655281422e-01, -1.655281422e-01, -3.310562844e-01
4.21e+01, -1.655282263e-01, -1.655282263e-01, -1.655282263e-01, -3.310564526e-01
4.22e+01, -1.655283084e-01, -1.655283084e-01, -1.655283084e-01, -3.310566168e-01
4.23e+01, -1.655283885e-01, -1.655283885e-01, -1.655283886e-01, -3.310567771e-01
4.24e+01, -1.655284668e-01, -1.655284668e-01, -1.655284668e-01, -3.310569336e-01
4.25e+01, -1.655285432e-01, -1.655285432e-01, -1.655285432e-01, -3.310570864e-01
4.26e+01, -1.655286178e-01, -1.655286178e-01, -1.655286178e-01, -3.310572356e-01
4.27e+01, -1.655286907e-01, -1.655286906e-01, -1.655286907e-01, -3.310573813e-01
4.28e+01, -1.655287618e-01, -1.655287618e-01, -1.655287618e-01, -3.310575236e-01
4.29e+01, -1.655288313e-01, -1.655288312e-01, -1.655288313e-01, -3.310576625e-01
4.30e+01, -1.655288991e-01, -1.655288991e-01, -1.655288991e-01, -3.310577982e-01
4.31e+01, -1.655289653e-01, -1.655289653e-01, -1.655289654e-01, -3.310579307e-01
4.32e+01, -1.655290300e-01, -1.655290300e-01, -1.655290301e-01, -3.310580601e-01
4.33e+01, -1.655290932e-01, -1.655290932e-01, -1.655290932e-01, -3.310581865e-01
4.34e+01, -1.655291549e-01, -1.655291549e-01, -1.655291550e-01, -3.310583099e-01
4.35e+01, -1.655292152e-01, -1.655292152e-01, -1.655292152e-01, -3.310584304e-01
4.36e+01, -1.655292741e-01, -1.655292741e-01, -1.655292741e-01, -3.310585482e-01
4.37e+01, -1.655293316e-01, -1.655293316e-01, -1.655293316e-01, -3.310586632e-01
4.38e+01, -1.655293878e-01, -1.655293878e-01, -1.655293878e-01, -3.310587755e-01
4.39e+01, -1.655294426e-01, -1.655294426e-01, -1.655294427e-01, -3.310588853e-01
4.40e+01, -1.655294962e-01, -1.655294962e-01, -1.655294963e-01, -3.310589925e-01
4.41e+01, -1.655295486e-01, -1.655295486e-01, -1.655295486e-01, -3.310590972e-01
4.42e+01, -1.655295998e-01, -1.655295998e-01, -1.655295998e-01, -3.310591996e-01
4.43e+01, -1.655296498e-01, -1.655296497e-01, -1.655296498e-01, -3.310592995e-01
4.44e+01, -1.655296986e-01, -1.655296986e-01, -1.655296986e-01, -3.310593972e-01
4.45e+01, -1.655297463e-01, -1.655297463e-01, -1.655297463e-01, -3.310594926e-01
4.46e+01, -1.655297929e-01, -1.655297929e-01, -1.655297929e-01, -3.310595859e-01
4.47e+01, -1.655298385e-01, -1.655298385e-01, -1.655298385e-01, -3.310596770e-01
4.48e+01, -1.655298830e-01, -1.655298830e-01, -1.655298830e-01, -3.310597660e-01
4.49e+01, -1.655299265e-01, -1.655299265e-01, -1.655299265e-01, -3.310598530e-01
4.50e+01, -1.655299690e-01, -1.655299690e-01, -1.655299690e-01, -3.310599380e-01
4.51e+01, -1.655300105e-01, -1.655300105e-01, -1.655300105e-01, -3.310600210e-01
4.52e+01, -1.655300511e-01, -1.655300511e-01, -1.655300511e-01, -3.310601022e-01
4.53e+01, -1.655300908e-01, -1.655300908e-01, -1.655300908e-01, -3.310601816e-01
4.54e+01, -1.655301295e-01, -1.655301295e-01, -1.655301296e-01, -3.310602591e-01
4.55e+01, -1.655301674e-01, -1.655301674e-01, -1.655301674e-01, -3.310603349e-01
4.56e+01, -1.655302045e-01, -1.655302044e-01, -1.655302045e-01, -3.310604089e-01
4.57e+01, -1.655302406e-01, -1.655302406e-01, -1.655302407e-01, -3.310604813e-01
4.58e+01, -1.655302760e-01, -1.655302760e-01, -1.655302760e-01, -3.310605520e-01
4.59e+01, -1.655303106e-01, -1.655303106e-01, -1.655303106e-01, -3.310606212e-01
4.60e+01, -1.655303444e-01, -1.655303444e-01, -1.655303444e-01, -3.310606888e-01
4.61e+01, -1.655303774e-01, -1.655303774e-01, -1.655303774e-01, -3.310607548e-01
4.62e+01, -1.655304097e-01, -1.655304097e-01, -1.655304097e-01, -3.310608194e-01
4.63e+01, -1.655304412e-01, -1.655304412e-01, -1.655304413e-01, -3.310608825e-01
4.64e+01, -1.655304721e-01, -1.655304721e-01, -1.655304721e-01, -3.310609442e-01
4.65e+01, -1.655305023e-01, -1.655305022e-01, -1.655305023e-01, -3.310610045e-01
4.66e+01, -1.655305317e-01, -1.655305317e-01, -1.655305317e-01, -3.310610635e-01
4.67e+01, -1.655305605e-01, -1.655305605e-01, -1.655305605e-01, -3.310611211e-01
4.68e+01, -1.655305887e-01, -1.655305887e-01, -1.655305887e-01, -3.310611774e-01
4.69e+01, -1.655306162e-01, -1.655306162e-01, -1.655306162e-01, -3.310612325e-01
4.70e+01, -1.655306432e-01, -1.655306432e-01, -1.655306432e-01, -3.310612863e-01
4.71e+01, -1.655306695e-01, -1.655306695e-01, -1.655306695e-01, -3.310613389e-01
4.72e+01, -1.655306952e-01, -1.655306952e-01, -1.655306952e-01, -3.310613904e-01
4.73e+01, -1.655307204e-01, -1.655307203e-01, -1.655307204e-01, -3.310614407e-01
4.74e+01, -1.655307449e-01, -1.655307449e-01, -1.655307449e-01, -3.310614899e-01
4.75e+01, -1.655307690e-01, -1.655307690e-01, -1.655307690e-01, -3.310615380e-01
4.76e+01, -1.655307925e-01, -1.655307925e-01, -1.655307925e-01, -3.310615850e-01
4.77e+01, -1.655308155e-01, -1.655308154e-01, -1.655308155e-01, -3.310616309e-01
4.78e+01, -1.655308379e-01, -1.655308379e-01, -1.655308379e-01, -3.310616758e-01
4.79e+01, -1.655308599e-01, -1.655308599e-01, -1.655308599e-01, -3.310617198e-01
4.80e+01, -1.655308813e-01, -1.655308813e-01, -1.655308814e-01, -3.310617627e-01
4.81e+01, -1.655309023e-01, -1.655309023e-01, -1.655309023e-01, -3.310618047e-01
4.82e+01, -1.655309229e-01, -1.655309229e-01, -1.655309229e-01, -3.310618457e-01
4.83e+01, -1.655309429e-01, -1.655309429e-01, -1.655309429e-01, -3.310618859e-01
4.84e+01, -1.655309626e-01, -1.655309625e-01, -1.655309626e-01, -3.310619251e-01
4.85e+01, -1.655309817e-01, -1.655309817e-01, -1.655309817e-01, -3.310619635e-01
4.86e+01, -1.655310005e-01, -1.655310005e-01, -1.655310005e-01, -3.310620010e-01
4.87e+01, -1.655310188e-01, -1.655310188e-01, -1.655310188e-01, -3.310620377e-01
4.88e+01, -1.655310368e-01, -1.655310368e-01, -1.655310368e-01, -3.310620735e-01
4.89e+01, -1.655310543e-01, -1.655310543e-01, -1.655310543e-01, -3.310621086e-01
4.90e+01, -1.655310714e-01, -1.655310714e-01, -1.655310714e-01, -3.310621429e-01
4.91e+01, -1.655310882e-01, -1.655310882e-01, -1.655310882e-01, -3.310621764e-01
4.92e+01, -1.655311046e-01, -1.655311046e-01, -1.655311046e-01, -3.310622092e-01
4.93e+01, -1.655311206e-01, -1.655311206e-01, -1.655311206e-01, -3.310622412e-01
4.94e+01, -1.655311363e-01, -1.655311363e-01, -1.655311363e-01, -3.310622726e-01
4.95e+01, -1.655311516e-01, -1.655311516e-01, -1.655311516e-01, -3.310623032e-01
4.96e+01, -1.655311666e-01, -1.655311666e-01, -1.655311666e-01, -3.310623332e-01
4.97e+01, -1.655311812e-01, -1.655311812e-01, -1.655311812e-01, -3.310623625e-01
4.98e+01, -1.655311955e-01, -1.655311955e-01, -1.655311956e-01, -3.310623911e-01
4.99e+01, -1.655312096e-01, -1.655312096e-01, -1.655312096e-01, -3.310624191e-01
5.00e+01, -1.655312232e-01, -1.655312232e-01, -1.655312233e-01, -3.310624465e-01
5.01e+01, -1.655312366e-01, -1.655312366e-01, -1.655312366e-01, -3.310624733e-01
5.02e+01, -1.655312497e-01, -1.655312497e-01, -1.655312497e-01, -3.310624995e-01
5.03e+01, -1.655312625e-01, -1.655312625e-01, -1.655312625e-01, -3.310625251e-01
5.04e+01, -1.655312751e-01, -1.655312751e-01, -1.655312751e-01, -3.310625501e-01
5.05e+01, -1.655312873e-01, -1.655312873e-01, -1.655312873e-01, -3.310625746e-01
5.06e+01, -1.655312993e-01, -1.655312993e-01, -1.655312993e-01, -3.310625985e-01
5.07e+01, -1.655313110e-01, -1.655313110e-01, -1.655313110e-01, -3.310626219e-01
5.08e+01, -1.655313224e-01, -1.655313224e-01, -1.655313224e-01, -3.310626448e-01
5.09e+01, -1.655313336e-01, -1.655313336e-01, -1.655313336e-01, -3.310626672e-01
5.10e+01, -1.655313446e-01, -1.655313445e-01, -1.655313446e-01, -3.310626891e-01
5.11e+01, -1.655313553e-01, -1.655313552e-01, -1.655313553e-01, -3.310627105e-01
5.12e+01, -1.655313657e-01, -1.655313657e-01, -1.655313657e-01, -3.310627314e-01
5.13e+01, -1.655313759e-01, -1.655313759e-01, -1.655313760e-01, -3.310627519e-01
5.14e+01, -1.655313860e-01, -1.655313860e-01, -1.655313860e-01, -3.310627719e-01
5.15e+01, -1.655313957e-01, -1.655313957e-01, -1.655313957e-01, -3.310627915e-01
5.16e+01, -1.655314053e-01, -1.655314053e-01, -1.655314053e-01, -3.310628106e-01
5.17e+01, -1.655314147e-01, -1.655314147e-01, -1.655314147e-01, -3.310628293e-01
5.18e+01, -1.655314238e-01, -1.655314238e-01, -1.655314238e-01, -3.310628476e-01
5.19e+01, -1.655314328e-01, -1.655314328e-01, -1.655314328e-01, -3.310628655e-01
5.20e+01, -1.655314415e-01, -1.655314415e-01, -1.655314415e-01, -3.310628830e-01
5.21e+01, -1.655314501e-01, -1.655314501e-01, -1.655314501e-01, -3.310629001e-01
5.22e+01, -1.655314584e-01, -1.655314584e-01, -1.655314584e-01, -3.310629169e-01
5.23e+01, -1.655314666e-01, -1.655314666e-01, -1.655314666e-01, -3.310629332e-01
5.24e+01, -1.655314746e-01, -1.655314746e-01, -1.655314746e-01, -3.310629492e-01
5.25e+01, -1.655314824e-01, -1.655314824e-01, -1.655314824e-01, -3.310629649e-01
5.26e+01, -1.655314901e-01, -1.655314901e-01, -1.655314901e-01, -3.310629802e-01
5.27e+01, -1.655314976e-01, -1.655314976e-01, -1.655314976e-01, -3.310629951e-01
5.28e+01, -1.655315049e-01, -1.655315049e-01, -1.655315049e-01, -3.310630097e-01
5.29e+01, -1.655315120e-01, -1.655315120e-01, -1.655315120e-01, -3.310630241e-01
5.30e+01, -1.655315190e-01, -1.655315190e-01, -1.655315190e-01, -3.310630380e-01
5.31e+01, -1.655315259e-01, -1.655315259e-01, -1.655315259e-01, -3.310630517e-01
5.32e+01, -1.655315325e-01, -1.655315325e-01, -1.655315326e-01, -3.310630651e-01
5.33e+01, -1.655315391e-01, -1.655315391e-01, -1.655315391e-01, -3.310630782e-01
5.34e+01, -1.655315455e-01, -1.655315455e-01, -1.655315455e-01, -3.310630910e-01
5.35e+01, -1.655315517e-01, -1.655315517e-01, -1.655315517e-01, -3.310631035e-01
5.36e+01, -1.655315579e-01, -1.655315579e-01, -1.655315579e-01, -3.310631157e-01
5.37e+01, -1.655315638e-01, -1.655315638e-01, -1.655315638e-01, -3.310631277e-01
5.38e+01, -1.655315697e-01, -1.655315697e-01, -1.655315697e-01, -3.310631394e-01
5.39e+01, -1.655315754e-01, -1.655315754e-01, -1.655315754e-01, -3.310631508e-01
5.40e+01, -1.655315810e-01, -1.655315810e-01, -1.655315810e-01, -3.310631620e-01
5.41e+01, -1.655315865e-01, -1.655315865e-01, -1.655315865e-01, -3.310631729e-01
5.42e+01, -1.655315918e-01, -1.655315918e-01, -1.655315918e-01, -3.310631836e-01
5.43e+01, -1.655315970e-01, -1.655315970e-01, -1.655315971e-01, -3.310631941e-01
5.44e+01, -1.655316022e-01, -1.655316022e-01, -1.655316022e-01, -3.310632043e-01
5.45e+01, -1.655316072e-01, -1.655316072e-01, -1.655316072e-01, -3.310632143e-01
5.46e+01, -1.655316121e-01, -1.655316121e-01, -1.655316121e-01, -3.310632241e-01
5.47e+01, -1.655316168e-01, -1.655316168e-01, -1.655316168e-01, -3.310632337e-01
5.48e+01, -1.655316215e-01, -1.655316215e-01, -1.655316215e-01, -3.310632430e-01
5.49e+01, -1.655316261e-01, -1.655316261e-01, -1.655316261e-01, -3.310632522e-01
5.50e+01, -1.655316306e-01, -1.655316306e-01, -1.655316306e-01, -3.310632611e-01
5.51e+01, -1.655316349e-01, -1.655316349e-01, -1.655316349e-01, -3.310632699e-01
5.52e+01, -1.655316392e-01, -1.655316392e-01, -1.655316392e-01, -3.310632784e-01
5.53e+01, -1.655316434e-01, -1.655316434e-01, -1.655316434e-01, -3.310632868e-01
5.54e+01, -1.655316475e-01, -1.655316475e-01, -1.655316475e-01, -3.310632950e-01
5.55e+01, -1.655316515e-01, -1.655316515e-01, -1.655316515e-01, -3.310633030e-01
5.56e+01, -1.655316554e-01, -1.655316554e-01, -1.655316554e-01, -3.310633108e-01
5.57e+01, -1.655316592e-01, -1.655316592e-01, -1.655316592e-01, -3.310633185e-01
5.58e+01, -1.655316630e-01, -1.655316630e-01, -1.655316630e-01, -3.310633259e-01
5.59e+01, -1.655316666e-01, -1.655316666e-01, -1.655316666e-01, -3.310633333e-01
5.60e+01, -1.655316702e-01, -1.655316702e-01, -1.655316702e-01, -3.310633404e-01
5.61e+01, -1.655316737e-01, -1.655316737e-01, -1.655316737e-01, -3.310633474e-01
5.62e+01, -1.655316771e-01, -1.655316771e-01, -1.655316771e-01, -3.310633543e-01
5.63e+01, -1.655316805e-01, -1.655316805e-01, -1.655316805e-01, -3.310633609e-01
5.64e+01, -1.655316837e-01, -1.655316837e-01, -1.655316837e-01, -3.310633675e-01
5.65e+01, -1.655316869e-01, -1.655316869e-01, -1.655316869e-01, -3.310633739e-01
5.66e+01, -1.655316901e-01, -1.655316901e-01, -1.655316901e-01, -3.310633801e-01
5.67e+01, -1.655316931e-01, -1.655316931e-01, -1.655316931e-01, -3.310633863e-01
5.68e+01, -1.655316961e-01, -1.655316961e-01, -1.655316961e-01, -3.310633922e-01
5.69e+01, -1.655316990e-01, -1.655316990e-01, -1.655316990e-01, -3.310633981e-01
5.70e+01, -1.655317019e-01, -1.655317019e-01, -1.655317019e-01, -3.310634038e-01
5.71e+01, -1.655317047e-01, -1.655317047e-01, -1.655317047e-01, -3.310634094e-01
5.72e+01, -1.655317074e-01, -1.655317074e-01, -1.655317074e-01, -3.310634149e-01
5.73e+01, -1.655317101e-01, -1.655317101e-01, -1.655317101e-01, -3.310634202e-01
5.74e+01, -1.655317127e-01, -1.655317127e-01, -1.655317127e-01, -3.310634255e-01
5.75e+01, -1.655317153e-01, -1.655317153e-01, -1.655317153e-01, -3.310634306e-01
5.76e+01, -1.655317178e-01, -1.655317178e-01, -1.655317178e-01, -3.310634356e-01
5.77e+01, -1.655317202e-01, -1.655317202e-01, -1.655317202e-01, -3.310634405e-01
5.78e+01, -1.655317226e-01, -1.655317226e-01, -1.655317226e-01, -3.310634453e-01
5.79e+01, -1.655317250e-01, -1.655317250e-01, -1.655317250e-01, -3.310634500e-01
5.80e+01, -1.655317273e-01, -1.655317273e-01, -1.655317273e-01, -3.310634545e-01
5.81e+01, -1.655317295e-01, -1.655317295e-01, -1.655317295e-01, -3.310634590e-01
5.82e+01, -1.655317317e-01, -1.655317317e-01, -1.655317317e-01, -3.310634634e-01
5.83e+01, -1.655317338e-01, -1.655317338e-01, -1.655317338e-01, -3.310634677e-01
5.84e+01, -1.655317359e-01, -1.655317359e-01, -1.655317359e-01, -3.310634719e-01
5.85e+01, -1.655317380e-01, -1.655317380e-01, -1.655317380e-01, -3.310634760e-01
5.86e+01, -1.655317400e-01, -1.655317400e-01, -1.655317400e-01, -3.310634800e-01
5.87e+01, -1.655317419e-01, -1.655317419e-01, -1.655317419e-01, -3.310634839e-01
5.88e+01, -1.655317438e-01, -1.655317438e-01, -1.655317438e-01, -3.310634877e-01
5.89e+01, -1.655317457e-01, -1.655317457e-01, -1.655317457e-01, -3.310634914e-01
5.90e+01, -1.655317476e-01, -1.655317476e-01, -1.655317476e-01, -3.310634951e-01
5.91e+01, -1.655317493e-01, -1.655317493e-01, -1.655317493e-01, -3.310634987e-01
5.92e+01, -1.655317511e-01, -1.655317511e-01, -1.655317511e-01, -3.310635022e-01
5.93e+01, -1.655317528e-01, -1.655317528e-01, -1.655317528e-01, -3.310635056e-01
5.94e+01, -1.655317545e-01, -1.655317545e-01, -1.655317545e-01, -3.310635090e-01
5.95e+01, -1.655317561e-01, -1.655317561e-01, -1.655317561e-01, -3.310635122e-01
5.96e+01, -1.655317577e-01, -1.655317577e-01, -1.655317577e-01, -3.310635154e-01
5.97e+01, -1.655317593e-01, -1.655317593e-01, -1.655317593e-01, -3.310635186e-01
5.98e+01, -1.655317608e-01, -1.655317608e-01, -1.655317608e-01, -3.310635216e-01
5.99e+01, -1.655317623e-01, -1.655317623e-01, -1.655317623e-01, -3.310635246e-01
6.00e+01, -1.655317638e-01, -1.655317638e-01, -1.655317638e-01, -3.310635276e-01
6.01e+01, -1.655317652e-01, -1.655317652e-01, -1.655317652e-01, -3.310635304e-01
6.02e+01, -1.655317666e-01, -1.655317666e-01, -1.655317666e-01, -3.310635332e-01
6.03e+01, -1.655317680e-01, -1.655317680e-01, -1.655317680e-01, -3.310635360e-01
6.04e+01, -1.655317693e-01, -1.655317693e-01, -1.655317693e-01, -3.310635386e-01
6.05e+01, -1.655317706e-01, -1.655317706e-01, -1.655317706e-01, -3.310635413e-01
6.06e+01, -1.655317719e-01, -1.655317719e-01, -1.655317719e-01, -3.310635438e-01
6.07e+01, -1.655317732e-01, -1.655317732e-01, -1.655317732e-01, -3.310635463e-01
6.08e+01, -1.655317744e-01, -1.655317744e-01, -1.655317744e-01, -3.310635488e-01
6.09e+01, -1.655317756e-01, -1.655317756e-01, -1.655317756e-01, -3.310635512e-01
6.10e+01, -1.655317768e-01, -1.655317768e-01, -1.655317768e-01, -3.310635535e-01
6.11e+01, -1.655317779e-01, -1.655317779e-01, -1.655317779e-01, -3.310635558e-01
6.12e+01, -1.655317790e-01, -1.655317790e-01, -1.655317790e-01, -3.310635580e-01
6.13e+01, -1.655317801e-01, -1.655317801e-01, -1.655317801e-01, -3.310635602e-01
6.14e+01, -1.655317812e-01, -1.655317812e-01, -1.655317812e-01, -3.310635624e-01
6.15e+01, -1.655317822e-01, -1.655317822e-01, -1.655317822e-01, -3.310635645e-01
6.16e+01, -1.655317833e-01, -1.655317833e-01, -1.655317833e-01, -3.310635665e-01
6.17e+01, -1.655317843e-01, -1.655317843e-01, -1.655317843e-01, -3.310635685e-01
6.18e+01, -1.655317852e-01, -1.655317852e-01, -1.655317852e-01, -3.310635705e-01
6.19e+01, -1.655317862e-01, -1.655317862e-01, -1.655317862e-01, -3.310635724e-01
6.20e+01, -1.655317871e-01, -1.655317871e-01, -1.655317871e-01, -3.310635743e-01
6.21e+01, -1.655317881e-01, -1.655317881e-01, -1.655317881e-01, -3.310635761e-01
6.22e+01, -1.655317889e-01, -1.655317889e-01, -1.655317889e-01, -3.310635779e-01
6.23e+01, -1.655317898e-01, -1.655317898e-01, -1.655317898e-01, -3.310635796e-01
6.24e+01, -1.655317907e-01, -1.655317907e-01, -1.655317907e-01, -3.310635814e-01
6.25e+01, -1.655317915e-01, -1.655317915e-01, -1.655317915e-01, -3.310635830e-01
6.26e+01, -1.655317923e-01, -1.655317923e-01, -1.655317923e-01, -3.310635847e-01
6.27e+01, -1.655317931e-01, -1.655317931e-01, -1.655317931e-01, -3.310635863e-01
6.28e+01, -1.655317939e-01, -1.655317939e-01, -1.655317939e-01, -3.310635878e-01
6.29e+01, -1.655317947e-01, -1.655317947e-01, -1.655317947e-01, -3.310635894e-01
6.30e+01, -1.655317954e-01, -1.655317954e-01, -1.655317954e-01, -3.310635909e-01
6.31e+01, -1.655317962e-01, -1.655317962e-01, -1.655317962e-01, -3.310635923e-01
6.32e+01, -1.655317969e-01, -1.655317969e-01, -1.655317969e-01, -3.310635938e-01
6.33e+01, -1.655317976e-01, -1.655317976e-01, -1.655317976e-01, -3.310635952e-01
6.34e+01, -1.655317983e-01, -1.655317983e-01, -1.655317983e-01, -3.310635966e-01
6.35e+01, -1.655317989e-01, -1.655317989e-01, -1.655317989e-01, -3.310635979e-01
6.36e+01, -1.655317996e-01, -1.655317996e-01, -1.655317996e-01, -3.310635992e-01
6.37e+01, -1.655318002e-01, -1.655318002e-01, -1.655318002e-01, -3.310636005e-01
6.38e+01, -1.655318009e-01, -1.655318009e-01, -1.655318009e-01, -3.310636017e-01
6.39e+01, -1.655318015e-01, -1.655318015e-01, -1.655318015e-01, -3.310636030e-01
6.40e+01, -1.655318021e-01, -1.655318021e-01, -1.655318021e-01, -3.310636042e-01
6.41e+01, -1.655318027e-01, -1.655318027e-01, -1.655318027e-01, -3.310636053e-01
6.42e+01, -1.655318032e-01, -1.655318032e-01, -1.655318032e-01, -3.310636065e-01
6.43e+01, -1.655318038e-01, -1.655318038e-01, -1.655318038e-01, -3.310636076e-01
6.44e+01, -1.655318044e-01, -1.655318044e-01, -1.655318044e-01, -3.310636087e-01
6.45e+01, -1.655318049e-01, -1.655318049e-01, -1.655318049e-01, -3.310636098e-01
6.46e+01, -1.655318054e-01, -1.655318054e-01, -1.655318054e-01, -3.310636108e-01
6.47e+01, -1.655318059e-01, -1.655318059e-01, -1.655318059e-01, -3.310636119e-01
6.48e+01, -1.655318064e-01, -1.655318064e-01, -1.655318064e-01, -3.310636129e-01
6.49e+01, -1.655318069e-01, -1.655318069e-01, -1.655318069e-01, -3.310636138e-01
6.50e+01, -1.655318074e-01, -1.655318074e-01, -1.655318074e-01, -3.310636148e-01
6.51e+01, -1.655318079e-01, -1.655318079e-01, -1.655318079e-01, -3.310636157e-01
6.52e+01, -1.655318083e-01, -1.655318083e-01, -1.655318083e-01, -3.310636167e-01
6.53e+01, -1.655318088e-01, -1.655318088e-01, -1.655318088e-01, -3.310636175e-01
6.54e+01, -1.655318092e-01, -1.655318092e-01, -1.655318092e-01, -3.310636184e-01
6.55e+01, -1.655318096e-01, -1.655318096e-01, -1.655318096e-01, -3.310636193e-01
6.56e+01, -1.655318101e-01, -1.655318101e-01, -1.655318101e-01, -3.310636201e-01
6.57e+01, -1.655318105e-01, -1.655318105e-01, -1.655318105e-01, -3.310636209e-01
6.58e+01, -1.655318109e-01, -1.655318109e-01, -1.655318109e-01, -3.310636217e-01
6.59e+01, -1.655318113e-01, -1.655318113e-01, -1.655318113e-01, -3.310636225e-01
6.60e+01, -1.655318116e-01, -1.655318116e-01, -1.655318116e-01, -3.310636233e-01
6.61e+01, -1.655318120e-01, -1.655318120e-01, -1.655318120e-01, -3.310636240e-01
6.62e+01, -1.655318124e-01, -1.655318124e-01, -1.655318124e-01, -3.310636248e-01
6.63e+01, -1.655318128e-01, -1.655318128e-01, -1.655318128e-01, -3.310636255e-01
6.64e+01, -1.655318131e-01, -1.655318131e-01, -1.655318131e-01, -3.310636262e-01
6.65e+01, -1.655318134e-01, -1.655318134e-01, -1.655318134e-01, -3.310636269e-01
6.66e+01, -1.655318138e-01, -1.655318138e-01, -1.655318138e-01, -3.310636276e-01
6.67e+01, -1.655318141e-01, -1.655318141e-01, -1.655318141e-01, -3.310636282e-01
6.68e+01, -1.655318144e-01, -1.655318144e-01, -1.655318144e-01, -3.310636289e-01
6.69e+01, -1.655318147e-01, -1.655318147e-01, -1.655318147e-01, -3.310636295e-01
6.70e+01, -1.655318151e-01, -1.655318151e-01, -1.655318151e-01, -3.310636301e-01
6.71e+01, -1.655318154e-01, -1.655318154e-01, -1.655318154e-01, -3.310636307e-01
6.72e+01, -1.655318156e-01, -1.655318156e-01, -1.655318156e-01, -3.310636313e-01
6.73e+01, -1.655318159e-01, -1.655318159e-01, -1.655318159e-01, -3.310636319e-01
6.74e+01, -1.655318162e-01, -1.655318162e-01, -1.655318162e-01, -3.310636324e-01
6.75e+01, -1.655318165e-01, -1.655318165e-01, -1.655318165e-01, -3.310636330e-01
6.76e+01, -1.655318168e-01, -1.655318168e-01, -1.655318168e-01, -3.310636335e-01
6.77e+01, -1.655318170e-01, -1.655318170e-01, -1.655318170e-01, -3.310636340e-01
6.78e+01, -1.655318173e-01, -1.655318173e-01, -1.655318173e-01, -3.310636346e-01
6.79e+01, -1.655318175e-01, -1.655318175e-01, -1.655318175e-01, -3.310636351e-01
6.80e+01, -1.655318178e-01, -1.655318178e-01, -1.655318178e-01, -3.310636355e-01
6.81e+01, -1.655318180e-01, -1.655318180e-01, -1.655318180e-01, -3.310636360e-01
6.82e+01, -1.655318182e-01, -1.655318182e-01, -1.655318182e-01, -3.310636365e-01
6.83e+01, -1.655318185e-01, -1.655318185e-01, -1.655318185e-01, -3.310636370e-01
6.84e+01, -1.655318187e-01, -1.655318187e-01, -1.655318187e-01, -3.310636374e-01
6.85e+01, -1.655318189e-01, -1.655318189e-01, -1.655318189e-01, -3.310636378e-01
6.86e+01, -1.655318191e-01, -1.655318191e-01, -1.655318191e-01, -3.310636383e-01
6.87e+01, -1.655318193e-01, -1.655318193e-01, -1.655318193e-01, -3.310636387e-01
6.88e+01, -1.655318196e-01, -1.655318196e-01, -1.655318196e-01, -3.310636391e-01
6.89e+01, -1.655318198e-01, -1.655318198e-01, -1.655318198e-01, -3.310636395e-01
6.90e+01, -1.655318199e-01, -1.655318199e-01, -1.655318199e-01, -3.310636399e-01
6.91e+01, -1.655318201e-01, -1.655318201e-01, -1.655318201e-01, -3.310636403e-01
6.92e+01, -1.655318203e-01, -1.655318203e-01, -1.655318203e-01, -3.310636407e-01
6.93e+01, -1.655318205e-01, -1.655318205e-01, -1.655318205e-01, -3.310636410e-01
6.94e+01, -1.655318207e-01, -1.655318207e-01, -1.655318207e-01, -3.310636414e-01
6.95e+01, -1.655318209e-01, -1.655318209e-01, -1.655318209e-01, -3.310636417e-01
6.96e+01, -1.655318210e-01, -1.655318210e-01, -1.655318210e-01, -3.310636421e-01
6.97e+01, -1.655318212e-01, -1.655318212e-01, -1.655318212e-01, -3.310636424e-01
6.98e+01, -1.655318214e-01, -1.655318214e-01, -1.655318214e-01, -3.310636427e-01
6.99e+01, -1.655318215e-01, -1.655318215e-01, -1.655318215e-01, -3.310636431e-01
7.00e+01, -1.655318217e-01, -1.655318217e-01, -1.655318217e-01, -3.310636434e-01
7.01e+01, -1.655318218e-01, -1.655318218e-01, -1.655318218e-01, -3.310636437e-01
7.02e+01, -1.655318220e-01, -1.655318220e-01, -1.655318220e-01, -3.310636440e-01
7.03e+01, -1.655318221e-01, -1.655318221e-01, -1.655318221e-01, -3.310636443e-01
7.04e+01, -1.655318223e-01, -1.655318223e-01, -1.655318223e-01, -3.310636446e-01
7.05e+01, -1.655318224e-01, -1.655318224e-01, -1.655318224e-01, -3.310636449e-01
7.06e+01, -1.655318226e-01, -1.655318226e-01, -1.655318226e-01, -3.310636451e-01
7.07e+01, -1.655318227e-01, -1.655318227e-01, -1.655318227e-01, -3.310636454e-01
7.08e+01, -1.655318228e-01, -1.655318228e-01, -1.655318228e-01, -3.310636457e-01
7.09e+01, -1.655318230e-01, -1.655318230e-01, -1.655318230e-01, -3.310636459e-01
7.10e+01, -1.655318231e-01, -1.655318231e-01, -1.655318231e-01, -3.310636462e-01
7.11e+01, -1.655318232e-01, -1.655318232e-01, -1.655318232e-01, -3.310636464e-01
7.12e+01, -1.655318233e-01, -1.655318233e-01, -1.655318233e-01, -3.310636467e-01
7.13e+01, -1.655318234e-01, -1.655318234e-01, -1.655318234e-01, -3.310636469e-01
7.14e+01, -1.655318236e-01, -1.655318236e-01, -1.655318236e-01, -3.310636471e-01
7.15e+01, -1.655318237e-01, -1.655318237e-01, -1.655318237e-01, -3.310636473e-01
7.16e+01, -1.655318238e-01, -1.655318238e-01, -1.655318238e-01, -3.310636476e-01
7.17e+01, -1.655318239e-01, -1.655318239e-01, -1.655318239e-01, -3.310636478e-01
7.18e+01, -1.655318240e-01, -1.655318240e-01, -1.655318240e-01, -3.310636480e-01
7.19e+01, -1.655318241e-01, -1.655318241e-01, -1.655318241e-01, -3.310636482e-01
7.20e+01, -1.655318242e-01, -1.655318242e-01, -1.655318242e-01, -3.310636484e-01
7.21e+01, -1.655318243e-01, -1.655318243e-01, -1.655318243e-01, -3.310636486e-01
7.22e+01, -1.655318244e-01, -1.655318244e-01, -1.655318244e-01, -3.310636488e-01
7.23e+01, -1.655318245e-01, -1.655318245e-01, -1.655318245e-01, -3.310636490e-01
7.24e+01, -1.655318246e-01, -1.655318246e-01, -1.655318246e-01, -3.310636492e-01
7.25e+01, -1.655318247e-01, -1.655318247e-01, -1.655318247e-01, -3.310636493e-01
7.26e+01, -1.655318248e-01, -1.655318248e-01, -1.655318248e-01, -3.310636495e-01
7.27e+01, -1.655318248e-01, -1.655318248e-01, -1.655318248e-01, -3.310636497e-01
7.28e+01, -1.655318249e-01, -1.655318249e-01, -1.655318249e-01, -3.310636499e-01
7.29e+01, -1.655318250e-01, -1.655318250e-01, -1.655318250e-01, -3.310636500e-01
7.30e+01, -1.655318251e-01, -1.655318251e-01, -1.655318251e-01, -3.310636502e-01
7.31e+01, -1.655318252e-01, -1.655318252e-01, -1.655318252e-01, -3.310636503e-01
7.32e+01, -1.655318252e-01, -1.655318252e-01, -1.655318252e-01, -3.310636505e-01
7.33e+01, -1.655318253e-01, -1.655318253e-01, -1.655318253e-01, -3.310636506e-01
7.34e+01, -1.655318254e-01, -1.655318254e-01, -1.655318254e-01, -3.310636508e-01
7.35e+01, -1.655318255e-01, -1.655318255e-01, -1.655318255e-01, -3.310636509e-01
7.36e+01, -1.655318255e-01, -1.655318255e-01, -1.655318255e-01, -3.310636511e-01
7.37e+01, -1.655318256e-01, -1.655318256e-01, -1.655318256e-01, -3.310636512e-01
7.38e+01, -1.655318257e-01, -1.655318257e-01, -1.655318257e-01, -3.310636513e-01
7.39e+01, -1.655318257e-01, -1.655318257e-01, -1.655318257e-01, -3.310636515e-01
7.40e+01, -1.655318258e-01, -1.655318258e-01, -1.655318258e-01, -3.310636516e-01
7.41e+01, -1.655318259e-01, -1.655318259e-01, -1.655318259e-01, -3.310636517e-01
7.42e+01, -1.655318259e-01, -1.655318259e-01, -1.655318259e-01, -3.310636519e-01
7.43e+01, -1.655318260e-01, -1.655318260e-01, -1.655318260e-01, -3.310636520e-01
7.44e+01, -1.655318260e-01, -1.655318260e-01, -1.655318260e-01, -3.310636521e-01
7.45e+01, -1.655318261e-01, -1.655318261e-01, -1.655318261e-01, -3.310636522e-01
7.46e+01, -1.655318262e-01, -1.655318262e-01, -1.655318262e-01, -3.310636523e-01
7.47e+01, -1.655318262e-01, -1.655318262e-01, -1.655318262e-01, -3.310636524e-01
7.48e+01, -1.655318263e-01, -1.655318263e-01, -1.655318263e-01, -3.310636525e-01
7.49e+01, -1.655318263e-01, -1.655318263e-01, -1.655318263e-01, -3.310636526e-01
7.50e+01, -1.655318264e-01, -1.655318264e-01, -1.655318264e-01, -3.310636528e-01
7.51e+01, -1.655318264e-01, -1.655318264e-01, -1.655318264e-01, -3.310636529e-01
7.52e+01, -1.655318265e-01, -1.655318265e-01, -1.655318265e-01, -3.310636530e-01
7.53e+01, -1.655318265e-01, -1.655318265e-01, -1.655318265e-01, -3.310636530e-01
7.54e+01, -1.655318266e-01, -1.655318266e-01, -1.655318266e-01, -3.310636531e-01
7.55e+01, -1.655318266e-01, -1.655318266e-01, -1.655318266e-01, -3.310636532e-01
7.56e+01, -1.655318267e-01, -1.655318267e-01, -1.655318267e-01, -3.310636533e-01
7.57e+01, -1.655318267e-01, -1.655318267e-01, -1.655318267e-01, -3.310636534e-01
7.58e+01, -1.655318267e-01, -1.655318267e-01, -1.655318267e-01, -3.310636535e-01
7.59e+01, -1.655318268e-01, -1.655318268e-01, -1.655318268e-01, -3.310636536e-01
7.60e+01, -1.655318268e-01, -1.655318268e-01, -1.655318268e-01, -3.310636537e-01
7.61e+01, -1.655318269e-01, -1.655318269e-01, -1.655318269e-01, -3.310636537e-01
7.62e+01, -1.655318269e-01, -1.655318269e-01, -1.655318269e-01, -3.310636538e-01
7.63e+01, -1.655318270e-01, -1.655318270e-01, -1.655318270e-01, -3.310636539e-01
7.64e+01, -1.655318270e-01, -1.655318270e-01, -1.655318270e-01, -3.310636540e-01
7.65e+01, -1.655318270e-01, -1.655318270e-01, -1.655318270e-01, -3.310636541e-01
7.66e+01, -1.655318271e-01, -1.655318271e-01, -1.655318271e-01, -3.310636541e-01
7.67e+01, -1.655318271e-01, -1.655318271e-01, -1.655318271e-01, -3.310636542e-01
7.68e+01, -1.655318271e-01, -1.655318271e-01, -1.655318271e-01, -3.310636543e-01
7.69e+01, -1.655318272e-01, -1.655318272e-01, -1.655318272e-01, -3.310636543e-01
7.70e+01, -1.655318272e-01, -1.655318272e-01, -1.655318272e-01, -3.310636544e-01
7.71e+01, -1.655318272e-01, -1.655318272e-01, -1.655318272e-01, -3.310636545e-01
7.72e+01, -1.655318273e-01, -1.655318273e-01, -1.655318273e-01, -3.310636545e-01
7.73e+01, -1.655318273e-01, -1.655318273e-01, -1.655318273e-01, -3.310636546e-01
7.74e+01, -1.655318273e-01, -1.655318273e-01, -1.655318273e-01, -3.310636546e-01
7.75e+01, -1.655318274e-01, -1.655318274e-01, -1.655318274e-01, -3.310636547e-01
7.76e+01, -1.655318274e-01, -1.655318274e-01, -1.655318274e-01, -3.310636548e-01
7.77e+01, -1.655318274e-01, -1.655318274e-01, -1.655318274e-01, -3.310636548e-01
7.78e+01, -1.655318274e-01, -1.655318274e-01, -1.655318274e-01, -3.310636549e-01
7.79e+01, -1.655318275e-01, -1.655318275e-01, -1.655318275e-01, -3.310636549e-01
7.80e+01, -1.655318275e-01, -1.655318275e-01, -1.655318275e-01, -3.310636550e-01
7.81e+01, -1.655318275e-01, -1.655318275e-01, -1.655318275e-01, -3.310636550e-01
7.82e+01, -1.655318275e-01, -1.655318275e-01, -1.655318275e-01, -3.310636551e-01
7.83e+01, -1.655318276e-01, -1.655318276e-01, -1.655318276e-01, -3.310636551e-01
7.84e+01, -1.655318276e-01, -1.655318276e-01, -1.655318276e-01, -3.310636552e-01
7.85e+01, -1.655318276e-01, -1.655318276e-01, -1.655318276e-01, -3.310636552e-01
7.86e+01, -1.655318276e-01, -1.655318276e-01, -1.655318276e-01, -3.310636553e-01
7.87e+01, -1.655318277e-01, -1.655318277e-01, -1.655318277e-01, -3.310636553e-01
7.88e+01, -1.655318277e-01, -1.655318277e-01, -1.655318277e-01, -3.310636554e-01
7.89e+01, -1.655318277e-01, -1.655318277e-01, -1.655318277e-01, -3.310636554e-01
7.90e+01, -1.655318277e-01, -1.655318277e-01, -1.655318277e-01, -3.310636555e-01
7.91e+01, -1.655318277e-01, -1.655318277e-01, -1.655318277e-01, -3.310636555e-01
7.92e+01, -1.655318278e-01, -1.655318278e-01, -1.655318278e-01, -3.310636555e-01
7.93e+01, -1.655318278e-01, -1.655318278e-01, -1.655318278e-01, -3.310636556e-01
7.94e+01, -1.655318278e-01, -1.655318278e-01, -1.655318278e-01, -3.310636556e-01
7.95e+01, -1.655318278e-01, -1.655318278e-01, -1.655318278e-01, -3.310636556e-01
7.96e+01, -1.655318278e-01, -1.655318278e-01, -1.655318278e-01, -3.310636557e-01
7.97e+01, -1.655318279e-01, -1.655318279e-01, -1.655318279e-01, -3.310636557e-01
7.98e+01, -1.655318279e-01, -1.655318279e-01, -1.655318279e-01, -3.310636558e-01
7.99e+01, -1.655318279e-01, -1.655318279e-01, -1.655318279e-01, -3.310636558e-01
8.00e+01, -1.655318279e-01, -1.655318279e-01, -1.655318279e-01, -3.310636558e-01
8.01e+01, -1.655318279e-01, -1.655318279e-01, -1.655318279e-01, -3.310636559e-01
8.02e+01, -1.655318279e-01, -1.655318279e-01, -1.655318279e-01, -3.310636559e-01
8.03e+01, -1.655318280e-01, -1.655318280e-01, -1.655318280e-01, -3.310636559e-01
8.04e+01, -1.655318280e-01, -1.655318280e-01, -1.655318280e-01, -3.310636560e-01
8.05e+01, -1.655318280e-01, -1.655318280e-01, -1.655318280e-01, -3.310636560e-01
8.06e+01, -1.655318280e-01, -1.655318280e-01, -1.655318280e-01, -3.310636560e-01
8.07e+01, -1.655318280e-01, -1.655318280e-01, -1.655318280e-01, -3.310636560e-01
8.08e+01, -1.655318280e-01, -1.655318280e-01, -1.655318280e-01, -3.310636561e-01
8.09e+01, -1.655318280e-01, -1.655318280e-01, -1.655318280e-01, -3.310636561e-01
8.10e+01, -1.655318281e-01, -1.655318281e-01, -1.655318281e-01, -3.310636561e-01
8.11e+01, -1.655318281e-01, -1.655318281e-01, -1.655318281e-01, -3.310636562e-01
8.12e+01, -1.655318281e-01, -1.655318281e-01, -1.655318281e-01, -3.310636562e-01
8.13e+01, -1.655318281e-01, -1.655318281e-01, -1.655318281e-01, -3.310636562e-01
8.14e+01, -1.655318281e-01, -1.655318281e-01, -1.655318281e-01, -3.310636562e-01
8.15e+01, -1.655318281e-01, -1.655318281e-01, -1.655318281e-01, -3.310636563e-01
8.16e+01, -1.655318281e-01, -1.655318281e-01, -1.655318281e-01, -3.310636563e-01
8.17e+01, -1.655318282e-01, -1.655318282e-01, -1.655318282e-01, -3.310636563e-01
8.18e+01, -1.655318282e-01, -1.655318282e-01, -1.655318282e-01, -3.310636563e-01
8.19e+01, -1.655318282e-01, -1.655318282e-01, -1.655318282e-01, -3.310636563e-01
8.20e+01, -1.655318282e-01, -1.655318282e-01, -1.655318282e-01, -3.310636564e-01
8.21e+01, -1.655318282e-01, -1.655318282e-01, -1.655318282e-01, -3.310636564e-01
8.22e+01, -1.655318282e-01, -1.655318282e-01, -1.655318282e-01, -3.310636564e-01
8.23e+01, -1.655318282e-01, -1.655318282e-01, -1.655318282e-01, -3.310636564e-01
8.24e+01, -1.655318282e-01, -1.655318282e-01, -1.655318282e-01, -3.310636564e-01
8.25e+01, -1.655318282e-01, -1.655318282e-01, -1.655318282e-01, -3.310636565e-01
8.26e+01, -1.655318282e-01, -1.655318282e-01, -1.655318282e-01, -3.310636565e-01
8.27e+01, -1.655318283e-01, -1.655318283e-01, -1.655318283e-01, -3.310636565e-01
8.28e+01, -1.655318283e-01, -1.655318283e-01, -1.655318283e-01, -3.310636565e-01
8.29e+01, -1.655318283e-01, -1.655318283e-01, -1.655318283e-01, -3.310636565e-01
8.30e+01, -1.655318283e-01, -1.655318283e-01, -1.655318283e-01, -3.310636566e-01
8.31e+01, -1.655318283e-01, -1.655318283e-01, -1.655318283e-01, -3.310636566e-01
8.32e+01, -1.655318283e-01, -1.655318283e-01, -1.655318283e-01, -3.310636566e-01
8.33e+01, -1.655318283e-01, -1.655318283e-01, -1.655318283e-01, -3.310636566e-01
8.34e+01, -1.655318283e-01, -1.655318283e-01, -1.655318283e-01, -3.310636566e-01
8.35e+01, -1.655318283e-01, -1.655318283e-01, -1.655318283e-01, -3.310636566e-01
8.36e+01, -1.655318283e-01, -1.655318283e-01, -1.655318283e-01, -3.310636567e-01
8.37e+01, -1.655318283e-01, -1.655318283e-01, -1.655318283e-01, -3.310636567e-01
8.38e+01, -1.655318283e-01, -1.655318283e-01, -1.655318283e-01, -3.310636567e-01
8.39e+01, -1.655318283e-01, -1.655318284e-01, -1.655318283e-01, -3.310636567e-01
8.40e+01, -1.655318284e-01, -1.655318284e-01, -1.655318284e-01, -3.310636567e-01
8.41e+01, -1.655318284e-01, -1.655318284e-01, -1.655318284e-01, -3.310636567e-01
8.42e+01, -1.655318284e-01, -1.655318284e-01, -1.655318284e-01, -3.310636567e-01
8.43e+01, -1.655318284e-01, -1.655318284e-01, -1.655318284e-01, -3.310636568e-01
8.44e+01, -1.655318284e-01, -1.655318284e-01, -1.655318284e-01, -3.310636568e-01
8.45e+01, -1.655318284e-01, -1.655318284e-01, -1.655318284e-01, -3.310636568e-01
8.46e+01, -1.655318284e-01, -1.655318284e-01, -1.655318284e-01, -3.310636568e-01
8.47e+01, -1.655318284e-01, -1.655318284e-01, -1.655318284e-01, -3.310636568e-01
8.48e+01, -1.655318284e-01, -1.655318284e-01, -1.655318284e-01, -3.310636568e-01
8.49e+01, -1.655318284e-01, -1.655318284e-01, -1.655318284e-01, -3.310636568e-01
8.50e+01, -1.655318284e-01, -1.655318284e-01, -1.655318284e-01, -3.310636568e-01
8.51e+01, -1.655318284e-01, -1.655318284e-01, -1.655318284e-01, -3.310636568e-01
8.52e+01, -1.655318284e-01, -1.655318284e-01, -1.655318284e-01, -3.310636569e-01
8.53e+01, -1.655318284e-01, -1.655318284e-01, -1.655318284e-01, -3.310636569e-01
8.54e+01, -1.655318284e-01, -1.655318284e-01, -1.655318284e-01, -3.310636569e-01
8.55e+01, -1.655318284e-01, -1.655318284e-01, -1.655318284e-01, -3.310636569e-01
8.56e+01, -1.655318284e-01, -1.655318284e-01, -1.655318284e-01, -3.310636569e-01
8.57e+01, -1.655318285e-01, -1.655318285e-01, -1.655318285e-01, -3.310636569e-01
8.58e+01, -1.655318285e-01, -1.655318285e-01, -1.655318285e-01, -3.310636569e-01
8.59e+01, -1.655318285e-01, -1.655318285e-01, -1.655318285e-01, -3.310636569e-01
8.60e+01, -1.655318285e-01, -1.655318285e-01, -1.655318285e-01, -3.310636569e-01
8.61e+01, -1.655318285e-01, -1.655318285e-01, -1.655318285e-01, -3.310636569e-01
8.62e+01, -1.655318285e-01, -1.655318285e-01, -1.655318285e-01, -3.310636570e-01
8.63e+01, -1.655318285e-01, -1.655318285e-01, -1.655318285e-01, -3.310636570e-01
8.64e+01, -1.655318285e-01, -1.655318285e-01, -1.655318285e-01, -3.310636570e-01
8.65e+01, -1.655318285e-01, -1.655318285e-01, -1.655318285e-01, -3.310636570e-01
8.66e+01, -1.655318285e-01, -1.655318285e-01, -1.655318285e-01, -3.310636570e-01
8.67e+01, -1.655318285e-01, -1.655318285e-01, -1.655318285e-01, -3.310636570e-01
8.68e+01, -1.655318285e-01, -1.655318285e-01, -1.655318285e-01, -3.310636570e-01
8.69e+01, -1.655318285e-01, -1.655318285e-01, -1.655318285e-01, -3.310636570e-01
8.70e+01, -1.655318285e-01, -1.655318285e-01, -1.655318285e-01, -3.310636570e-01
8.71e+01, -1.655318285e-01, -1.655318285e-01, -1.655318285e-01, -3.310636570e-01
8.72e+01, -1.655318285e-01, -1.655318285e-01, -1.655318285e-01, -3.310636570e-01
8.73e+01, -1.655318285e-01, -1.655318285e-01, -1.655318285e-01, -3.310636570e-01
8.74e+01, -1.655318285e-01, -1.655318285e-01, -1.655318285e-01, -3.310636570e-01
8.75e+01, -1.655318285e-01, -1.655318285e-01, -1.655318285e-01, -3.310636570e-01
8.76e+01, -1.655318285e-01, -1.655318285e-01, -1.655318285e-01, -3.310636571e-01
8.77e+01, -1.655318285e-01, -1.655318285e-01, -1.655318285e-01, -3.310636571e-01
8.78e+01, -1.655318285e-01, -1.655318285e-01, -1.655318285e-01, -3.310636571e-01
8.79e+01, -1.655318285e-01, -1.655318285e-01, -1.655318285e-01, -3.310636571e-01
8.80e+01, -1.655318285e-01, -1.655318285e-01, -1.655318285e-01, -3.310636571e-01
8.81e+01, -1.655318285e-01, -1.655318285e-01, -1.655318285e-01, -3.310636571e-01
8.82e+01, -1.655318285e-01, -1.655318285e-01, -1.655318285e-01, -3.310636571e-01
8.83e+01, -1.655318285e-01, -1.655318285e-01, -1.655318285e-01, -3.310636571e-01
8.84e+01, -1.655318286e-01, -1.655318286e-01, -1.655318286e-01, -3.310636571e-01
8.85e+01, -1.655318286e-01, -1.655318286e-01, -1.655318286e-01, -3.310636571e-01
8.86e+01, -1.655318286e-01, -1.655318286e-01, -1.655318286e-01, -3.310636571e-01
8.87e+01, -1.655318286e-01, -1.655318286e-01, -1.655318286e-01, -3.310636571e-01
8.88e+01, -1.655318286e-01, -1.655318286e-01, -1.655318286e-01, -3.310636571e-01
8.89e+01, -1.655318286e-01, -1.655318286e-01, -1.655318286e-01, -3.310636571e-01
8.90e+01, -1.655318286e-01, -1.655318286e-01, -1.655318286e-01, -3.310636571e-01
8.91e+01, -1.655318286e-01, -1.655318286e-01, -1.655318286e-01, -3.310636571e-01
8.92e+01, -1.655318286e-01, -1.655318286e-01, -1.655318286e-01, -3.310636571e-01
8.93e+01, -1.655318286e-01, -1.655318286e-01, -1.655318286e-01, -3.310636571e-01
8.94e+01, -1.655318286e-01, -1.655318286e-01, -1.655318286e-01, -3.310636571e-01
8.95e+01, -1.655318286e-01, -1.655318286e-01, -1.655318286e-01, -3.310636572e-01
8.96e+01, -1.655318286e-01, -1.655318286e-01, -1.655318286e-01, -3.310636572e-01
8.97e+01, -1.655318286e-01, -1.655318286e-01, -1.655318286e-01, -3.310636572e-01
8.98e+01, -1.655318286e-01, -1.655318286e-01, -1.655318286e-01, -3.310636572e-01
8.99e+01, -1.655318286e-01, -1.655318286e-01, -1.655318286e-01, -3.310636572e-01
9.00e+01, -1.655318286e-01, -1.655318286e-01, -1.655318286e-01, -3.310636572e-01
9.01e+01, -1.655318286e-01, -1.655318286e-01, -1.655318286e-01, -3.310636572e-01
9.02e+01, -1.655318286e-01, -1.655318286e-01, -1.655318286e-01, -3.310636572e-01
9.03e+01, -1.655318286e-01, -1.655318286e-01, -1.655318286e-01, -3.310636572e-01
9.04e+01, -1.655318286e-01, -1.655318286e-01, -1.655318286e-01, -3.310636572e-01
9.05e+01, -1.655318286e-01, -1.655318286e-01, -1.655318286e-01, -3.310636572e-01
9.06e+01, -1.655318286e-01, -1.655318286e-01, -1.655318286e-01, -3.310636572e-01
9.07e+01, -1.655318286e-01, -1.655318286e-01, -1.655318286e-01, -3.310636572e-01
9.08e+01, -1.655318286e-01, -1.655318286e-01, -1.655318286e-01, -3.310636572e-01
9.09e+01, -1.655318286e-01, -1.655318286e-01, -1.655318286e-01, -3.310636572e-01
9.10e+01, -1.655318286e-01, -1.655318286e-01, -1.655318286e-01, -3.310636572e-01
9.11e+01, -1.655318286e-01, -1.655318286e-01, -1.655318286e-01, -3.310636572e-01
9.12e+01, -1.655318286e-01, -1.655318286e-01, -1.655318286e-01, -3.310636572e-01
9.13e+01, -1.655318286e-01, -1.655318286e-01, -1.655318286e-01, -3.310636572e-01
9.14e+01, -1.655318286e-01, -1.655318286e-01, -1.655318286e-01, -3.310636572e-01
9.15e+01, -1.655318286e-01, -1.655318286e-01, -1.655318286e-01, -3.310636572e-01
9.16e+01, -1.655318286e-01, -1.655318286e-01, -1.655318286e-01, -3.310636572e-01
9.17e+01, -1.655318286e-01, -1.655318286e-01, -1.655318286e-01, -3.310636572e-01
9.18e+01, -1.655318286e-01, -1.655318286e-01, -1.655318286e-01, -3.310636572e-01
9.19e+01, -1.655318286e-01, -1.655318286e-01, -1.655318286e-01, -3.310636572e-01
9.20e+01, -1.655318286e-01, -1.655318286e-01, -1.655318286e-01, -3.310636572e-01
9.21e+01, -1.655318286e-01, -1.655318286e-01, -1.655318286e-01, -3.310636572e-01
9.22e+01, -1.655318286e-01, -1.655318286e-01, -1.655318286e-01, -3.310636572e-01
9.23e+01, -1.655318286e-01, -1.655318286e-01, -1.655318286e-01, -3.310636572e-01
9.24e+01, -1.655318286e-01, -1.655318286e-01, -1.655318286e-01, -3.310636572e-01
9.25e+01, -1.655318286e-01, -1.655318286e-01, -1.655318286e-01, -3.310636572e-01
9.26e+01, -1.655318286e-01, -1.655318286e-01, -1.655318286e-01, -3.310636572e-01
9.27e+01, -1.655318286e-01, -1.655318286e-01, -1.655318286e-01, -3.310636572e-01
9.28e+01, -1.655318286e-01, -1.655318286e-01, -1.655318286e-01, -3.310636572e-01
9.29e+01, -1.655318286e-01, -1.655318286e-01, -1.655318286e-01, -3.310636573e-01
9.30e+01, -1.655318286e-01, -1.655318286e-01, -1.655318286e-01, -3.310636573e-01
9.31e+01, -1.655318286e-01, -1.655318286e-01, -1.655318286e-01, -3.310636573e-01
9.32e+01, -1.655318286e-01, -1.655318286e-01, -1.655318286e-01, -3.310636573e-01
9.33e+01, -1.655318286e-01, -1.655318286e-01, -1.655318286e-01, -3.310636573e-01
9.34e+01, -1.655318286e-01, -1.655318286e-01, -1.655318286e-01, -3.310636573e-01
9.35e+01, -1.655318286e-01, -1.655318286e-01, -1.655318286e-01, -3.310636573e-01
9.36e+01, -1.655318286e-01, -1.655318286e-01, -1.655318286e-01, -3.310636573e-01
9.37e+01, -1.655318286e-01, -1.655318286e-01, -1.655318286e-01, -3.310636573e-01
9.38e+01, -1.655318286e-01, -1.655318286e-01, -1.655318286e-01, -3.310636573e-01
9.39e+01, -1.655318286e-01, -1.655318286e-01, -1.655318286e-01, -3.310636573e-01
9.40e+01, -1.655318286e-01, -1.655318286e-01, -1.655318286e-01, -3.310636573e-01
9.41e+01, -1.655318286e-01, -1.655318286e-01, -1.655318286e-01, -3.310636573e-01
9.42e+01, -1.655318286e-01, -1.655318286e-01, -1.655318286e-01, -3.310636573e-01
9.43e+01, -1.655318286e-01, -1.655318286e-01, -1.655318286e-01, -3.310636573e-01
9.44e+01, -1.655318286e-01, -1.655318286e-01, -1.655318286e-01, -3.310636573e-01
9.45e+01, -1.655318286e-01, -1.655318286e-01, -1.655318286e-01, -3.310636573e-01
9.46e+01, -1.655318286e-01, -1.655318286e-01, -1.655318286e-01, -3.310636573e-01
9.47e+01, -1.655318286e-01, -1.655318286e-01, -1.655318286e-01, -3.310636573e-01
9.48e+01, -1.655318286e-01, -1.655318286e-01, -1.655318286e-01, -3.310636573e-01
9.49e+01, -1.655318286e-01, -1.655318286e-01, -1.655318286e-01, -3.310636573e-01
9.50e+01, -1.655318286e-01, -1.655318286e-01, -1.655318286e-01, -3.310636573e-01
9.51e+01, -1.655318286e-01, -1.655318286e-01, -1.655318286e-01, -3.310636573e-01
9.52e+01, -1.655318286e-01, -1.655318286e-01, -1.655318286e-01, -3.310636573e-01
9.53e+01, -1.655318286e-01, -1.655318286e-01, -1.655318286e-01, -3.310636573e-01
9.54e+01, -1.655318286e-01, -1.655318286e-01, -1.655318286e-01, -3.310636573e-01
9.55e+01, -1.655318286e-01, -1.655318286e-01, -1.655318286e-01, -3.310636573e-01
9.56e+01, -1.655318286e-01, -1.655318286e-01, -1.655318286e-01, -3.310636573e-01
9.57e+01, -1.655318286e-01, -1.655318286e-01, -1.655318286e-01, -3.310636573e-01
9.58e+01, -1.655318286e-01, -1.655318286e-01, -1.655318286e-01, -3.310636573e-01
9.59e+01, -1.655318286e-01, -1.655318286e-01, -1.655318286e-01, -3.310636573e-01
9.60e+01, -1.655318286e-01, -1.655318286e-01, -1.655318286e-01, -3.310636573e-01
9.61e+01, -1.655318286e-01, -1.655318286e-01, -1.655318286e-01, -3.310636573e-01
9.62e+01, -1.655318286e-01, -1.655318286e-01, -1.655318286e-01, -3.310636573e-01
9.63e+01, -1.655318286e-01, -1.655318287e-01, -1.655318286e-01, -3.310636573e-01
9.64e+01, -1.655318287e-01, -1.655318287e-01, -1.655318287e-01, -3.310636573e-01
9.65e+01, -1.655318287e-01, -1.655318287e-01, -1.655318287e-01, -3.310636573e-01
9.66e+01, -1.655318287e-01, -1.655318287e-01, -1.655318287e-01, -3.310636573e-01
9.67e+01, -1.655318287e-01, -1.655318287e-01, -1.655318287e-01, -3.310636573e-01
9.68e+01, -1.655318287e-01, -1.655318287e-01, -1.655318287e-01, -3.310636573e-01
9.69e+01, -1.655318287e-01, -1.655318287e-01, -1.655318287e-01, -3.310636573e-01
9.70e+01, -1.655318287e-01, -1.655318287e-01, -1.655318287e-01, -3.310636573e-01
9.71e+01, -1.655318287e-01, -1.655318287e-01, -1.655318287e-01, -3.310636573e-01
9.72e+01, -1.655318287e-01, -1.655318287e-01, -1.655318287e-01, -3.310636573e-01
9.73e+01, -1.655318287e-01, -1.655318287e-01, -1.655318287e-01, -3.310636573e-01
9.74e+01, -1.655318287e-01, -1.655318287e-01, -1.655318287e-01, -3.310636573e-01
9.75e+01, -1.655318287e-01, -1.655318287e-01, -1.655318287e-01, -3.310636573e-01
9.76e+01, -1.655318287e-01, -1.655318287e-01, -1.655318287e-01, -3.310636573e-01
9.77e+01, -1.655318287e-01, -1.655318287e-01, -1.655318287e-01, -3.310636573e-01
9.78e+01, -1.655318287e-01, -1.655318287e-01, -1.655318287e-01, -3.310636573e-01
9.79e+01, -1.655318287e-01, -1.655318287e-01, -1.655318287e-01, -3.310636573e-01
9.80e+01, -1.655318287e-01, -1.655318287e-01, -1.655318287e-01, -3.310636573e-01
9.81e+01, -1.655318287e-01, -1.655318287e-01, -1.655318287e-01, -3.310636573e-01
9.82e+01, -1.655318287e-01, -1.655318287e-01, -1.655318287e-01, -3.310636573e-01
9.83e+01, -1.655318287e-01, -1.655318287e-01, -1.655318287e-01, -3.310636573e-01
9.84e+01, -1.655318287e-01, -1.655318287e-01, -1.655318287e-01, -3.310636573e-01
9.85e+01, -1.655318287e-01, -1.655318287e-01, -1.655318287e-01, -3.310636573e-01
9.86e+01, -1.655318287e-01, -1.655318287e-01, -1.655318287e-01, -3.310636573e-01
9.87e+01, -1.655318287e-01, -1.655318287e-01, -1.655318287e-01, -3.310636573e-01
9.88e+01, -1.655318287e-01, -1.655318287e-01, -1.655318287e-01, -3.310636573e-01
9.89e+01, -1.655318287e-01, -1.655318287e-01, -1.655318287e-01, -3.310636573e-01
9.90e+01, -1.655318287e-01, -1.655318287e-01, -1.655318287e-01, -3.310636573e-01
9.91e+01, -1.655318287e-01, -1.655318287e-01, -1.655318287e-01, -3.310636573e-01
9.92e+01, -1.655318287e-01, -1.655318287e-01, -1.655318287e-01, -3.310636573e-01
9.93e+01, -1.655318287e-01, -1.655318287e-01, -1.655318287e-01, -3.310636573e-01
9.94e+01, -1.655318287e-01, -1.655318287e-01, -1.655318287e-01, -3.310636573e-01
9.95e+01, -1.655318287e-01, -1.655318287e-01, -1.655318287e-01, -3.310636573e-01
9.96e+01, -1.655318287e-01, -1.655318287e-01, -1.655318287e-01, -3.310636573e-01
9.97e+01, -1.655318287e-01, -1.655318287e-01, -1.655318287e-01, -3.310636573e-01
9.98e+01, -1.655318287e-01, -1.655318287e-01, -1.655318287e-01, -3.310636573e-01
9.99e+01, -1.655318287e-01, -1.655318287e-01, -1.655318287e-01, -3.310636573e-01
1.00e+02, -1.655318287e-01, -1.655318287e-01, -1.655318287e-01, -3.310636573e-01
