0.00e+00, -1.874999180e-04, -1.874999180e-04, -1.874999180e-04, -3.749998359e-04
1.00e-01, -1.886919393e-02, -1.886919473e-02, -1.886919409e-02, -3.773838850e-02
2.00e-01, -3.715820844e-02, -3.715821027e-02, -3.715820889e-02, -7.431641840e-02
3.00e-01, -5.470434131e-02, -5.470434422e-02, -5.470434244e-02, -1.094086853e-01
4.00e-01, -7.122473823e-02, -7.122474243e-02, -7.122474128e-02, -1.424494813e-01
5.00e-01, -8.651989862e-02, -8.651990477e-02, -8.651990621e-02, -1.730398064e-01
6.00e-01, -1.004757996e-01, -1.004758090e-01, -1.004758160e-01, -2.009516164e-01
7.00e-01, -1.130550597e-01, -1.130550745e-01, -1.130550912e-01, -2.261101503e-01
8.00e-01, -1.242816869e-01, -1.242817101e-01, -1.242817414e-01, -2.485634256e-01
9.00e-01, -1.342237722e-01, -1.342238079e-01, -1.342238593e-01, -2.684476262e-01
1.00e+00, -1.429772814e-01, -1.429773344e-01, -1.429774116e-01, -2.859546850e-01
1.10e+00, -1.506526521e-01, -1.506527278e-01, -1.506528368e-01, -3.013054778e-01
1.20e+00, -1.573647381e-01, -1.573648424e-01, -1.573649890e-01, -3.147297130e-01
1.30e+00, -1.632259048e-01, -1.632260440e-01, -1.632262334e-01, -3.264521215e-01
1.40e+00, -1.683417267e-01, -1.683419073e-01, -1.683421443e-01, -3.366838523e-01
1.50e+00, -1.728086492e-01, -1.728088777e-01, -1.728091663e-01, -3.456177954e-01
1.60e+00, -1.767130274e-01, -1.767133102e-01, -1.767136541e-01, -3.534266612e-01
1.70e+00, -1.801310686e-01, -1.801314119e-01, -1.801318138e-01, -3.602628628e-01
1.80e+00, -1.831293200e-01, -1.831297299e-01, -1.831301920e-01, -3.662594946e-01
1.90e+00, -1.857654552e-01, -1.857659374e-01, -1.857664613e-01, -3.715319026e-01
2.00e+00, -1.880891901e-01, -1.880897499e-01, -1.880903366e-01, -3.761795178e-01
2.10e+00, -1.901432240e-01, -1.901438665e-01, -1.901445165e-01, -3.802877380e-01
2.20e+00, -1.919641434e-01, -1.919648734e-01, -1.919655868e-01, -3.839297358e-01
2.30e+00, -1.935832560e-01, -1.935840779e-01, -1.935848542e-01, -3.871681255e-01
2.40e+00, -1.950273376e-01, -1.950282555e-01, -1.950290941e-01, -3.900564581e-01
2.50e+00, -1.963192906e-01, -1.963203082e-01, -1.963212083e-01, -3.926405381e-01
2.60e+00, -1.974787166e-01, -1.974798375e-01, -1.974807977e-01, -3.949595679e-01
2.70e+00, -1.985224090e-01, -1.985236362e-01, -1.985246553e-01, -3.970471337e-01
2.80e+00, -1.994647744e-01, -1.994661109e-01, -1.994671874e-01, -3.989320484e-01
2.90e+00, -2.003181918e-01, -2.003196402e-01, -2.003207726e-01, -4.006390698e-01
3.00e+00, -2.010933174e-01, -2.010948801e-01, -2.010960665e-01, -4.021895094e-01
3.10e+00, -2.017993420e-01, -2.018010211e-01, -2.018022600e-01, -4.036017488e-01
3.20e+00, -2.024442097e-01, -2.024460072e-01, -2.024472966e-01, -4.048916757e-01
3.30e+00, -2.030348020e-01, -2.030367195e-01, -2.030380579e-01, -4.060730529e-01
3.40e+00, -2.035770938e-01, -2.035791329e-01, -2.035805184e-01, -4.071578300e-01
3.50e+00, -2.040762851e-01, -2.040784470e-01, -2.040798779e-01, -4.081564067e-01
3.60e+00, -2.045369125e-01, -2.045391984e-01, -2.045406730e-01, -4.090778559e-01
3.70e+00, -2.049629434e-01, -2.049653542e-01, -2.049668708e-01, -4.099301123e-01
3.80e+00, -2.053578563e-01, -2.053603928e-01, -2.053619497e-01, -4.107201325e-01
3.90e+00, -2.057247084e-01, -2.057273711e-01, -2.057289667e-01, -4.114540308e-01
4.00e+00, -2.060661933e-01, -2.060689827e-01, -2.060706156e-01, -4.121371944e-01
4.10e+00, -2.063846906e-01, -2.063876070e-01, -2.063892754e-01, -4.127743820e-01
4.20e+00, -2.066823070e-01, -2.066853506e-01, -2.066870532e-01, -4.133698072e-01
4.30e+00, -2.069609130e-01, -2.069640837e-01, -2.069658189e-01, -4.139272104e-01
4.40e+00, -2.072221726e-01, -2.072254703e-01, -2.072272368e-01, -4.144499198e-01
4.50e+00, -2.074675703e-01, -2.074709948e-01, -2.074727911e-01, -4.149409041e-01
4.60e+00, -2.076984332e-01, -2.077019841e-01, -2.077038088e-01, -4.154028174e-01
4.70e+00, -2.079159506e-01, -2.079196275e-01, -2.079214792e-01, -4.158380382e-01
4.80e+00, -2.081211908e-01, -2.081249930e-01, -2.081268703e-01, -4.162487027e-01
4.90e+00, -2.083151153e-01, -2.083190422e-01, -2.083209437e-01, -4.166367341e-01
5.00e+00, -2.084985915e-01, -2.085026424e-01, -2.085045667e-01, -4.170038671e-01
5.10e+00, -2.086724037e-01, -2.086765777e-01, -2.086785233e-01, -4.173516698e-01
5.20e+00, -2.088372624e-01, -2.088415584e-01, -2.088435240e-01, -4.176815632e-01
5.30e+00, -2.089938122e-01, -2.089982294e-01, -2.090002133e-01, -4.179948366e-01
5.40e+00, -2.091426397e-01, -2.091471770e-01, -2.091491778e-01, -4.182926630e-01
5.50e+00, -2.092842793e-01, -2.092889355e-01, -2.092909516e-01, -4.185761109e-01
5.60e+00, -2.094192187e-01, -2.094239927e-01, -2.094260225e-01, -4.188461560e-01
5.70e+00, -2.095479041e-01, -2.095527948e-01, -2.095548365e-01, -4.191036902e-01
5.80e+00, -2.096707442e-01, -2.096757501e-01, -2.096778020e-01, -4.193495309e-01
5.90e+00, -2.097881138e-01, -2.097932339e-01, -2.097952941e-01, -4.195844279e-01
6.00e+00, -2.099003577e-01, -2.099055906e-01, -2.099076572e-01, -4.198090703e-01
6.10e+00, -2.100077931e-01, -2.100131374e-01, -2.100152085e-01, -4.200240927e-01
6.20e+00, -2.101107125e-01, -2.101161670e-01, -2.101182404e-01, -4.202300799e-01
6.30e+00, -2.102093859e-01, -2.102149493e-01, -2.102170228e-01, -4.204275721e-01
6.40e+00, -2.103040631e-01, -2.103097342e-01, -2.103118055e-01, -4.206170686e-01
6.50e+00, -2.103949754e-01, -2.104007529e-01, -2.104028196e-01, -4.207990319e-01
6.60e+00, -2.104823373e-01, -2.104882199e-01, -2.104902795e-01, -4.209738911e-01
6.70e+00, -2.105663478e-01, -2.105723344e-01, -2.105743843e-01, -4.211420444e-01
6.80e+00, -2.106471924e-01, -2.106532817e-01, -2.106553192e-01, -4.213038621e-01
6.90e+00, -2.107250433e-01, -2.107312343e-01, -2.107332565e-01, -4.214596894e-01
7.00e+00, -2.108000615e-01, -2.108063532e-01, -2.108083571e-01, -4.216098479e-01
7.10e+00, -2.108723973e-01, -2.108787887e-01, -2.108807712e-01, -4.217546381e-01
7.20e+00, -2.109421910e-01, -2.109486812e-01, -2.109506391e-01, -4.218943408e-01
7.30e+00, -2.110095743e-01, -2.110161624e-01, -2.110180923e-01, -4.220292193e-01
7.40e+00, -2.110746704e-01, -2.110813558e-01, -2.110832542e-01, -4.221595203e-01
7.50e+00, -2.111375954e-01, -2.111443774e-01, -2.111462407e-01, -4.222854756e-01
7.60e+00, -2.111984581e-01, -2.112053362e-01, -2.112071606e-01, -4.224073033e-01
7.70e+00, -2.112573613e-01, -2.112643352e-01, -2.112661168e-01, -4.225252088e-01
7.80e+00, -2.113144019e-01, -2.113214713e-01, -2.113232060e-01, -4.226393861e-01
7.90e+00, -2.113696715e-01, -2.113768362e-01, -2.113785200e-01, -4.227500185e-01
8.00e+00, -2.114232569e-01, -2.114305170e-01, -2.114321453e-01, -4.228572795e-01
8.10e+00, -2.114752404e-01, -2.114825959e-01, -2.114841644e-01, -4.229613338e-01
8.20e+00, -2.115257001e-01, -2.115331516e-01, -2.115346556e-01, -4.230623381e-01
8.30e+00, -2.115747106e-01, -2.115822585e-01, -2.115836932e-01, -4.231604416e-01
8.40e+00, -2.116223431e-01, -2.116299881e-01, -2.116313485e-01, -4.232557864e-01
8.50e+00, -2.116686654e-01, -2.116764085e-01, -2.116776895e-01, -4.233485089e-01
8.60e+00, -2.117137427e-01, -2.117215851e-01, -2.117227814e-01, -4.234387395e-01
8.70e+00, -2.117576378e-01, -2.117655808e-01, -2.117666869e-01, -4.235266037e-01
8.80e+00, -2.118004109e-01, -2.118084561e-01, -2.118094665e-01, -4.236122223e-01
8.90e+00, -2.118421201e-01, -2.118502697e-01, -2.118511784e-01, -4.236957121e-01
9.00e+00, -2.118828219e-01, -2.118910779e-01, -2.118918791e-01, -4.237771860e-01
9.10e+00, -2.119225709e-01, -2.119309360e-01, -2.119316234e-01, -4.238567535e-01
9.20e+00, -2.119614203e-01, -2.119698973e-01, -2.119704646e-01, -4.239345214e-01
9.30e+00, -2.119994218e-01, -2.120080140e-01, -2.120084546e-01, -4.240105936e-01
9.40e+00, -2.120366262e-01, -2.120453372e-01, -2.120456444e-01, -4.240850719e-01
9.50e+00, -2.120730830e-01, -2.120819169e-01, -2.120820837e-01, -4.241580558e-01
9.60e+00, -2.121088409e-01, -2.121178023e-01, -2.121178215e-01, -4.242296431e-01
9.70e+00, -2.121439478e-01, -2.121530416e-01, -2.121529059e-01, -4.242999302e-01
9.80e+00, -2.121784508e-01, -2.121876826e-01, -2.121873843e-01, -4.243690118e-01
9.90e+00, -2.122123964e-01, -2.122217722e-01, -2.122213038e-01, -4.244369816e-01
1.00e+01, -2.122458305e-01, -2.122553571e-01, -2.122547104e-01, -4.245039320e-01
1.01e+01, -2.122787986e-01, -2.122884831e-01, -2.122876501e-01, -4.245699545e-01
1.02e+01, -2.123113453e-01, -2.123211958e-01, -2.123201681e-01, -4.246351394e-01
1.03e+01, -2.123435148e-01, -2.123535399e-01, -2.123523091e-01, -4.246995759e-01
1.04e+01, -2.123753509e-01, -2.123855600e-01, -2.123841174e-01, -4.247633522e-01
1.05e+01, -2.124068963e-01, -2.124172996e-01, -2.124156365e-01, -4.248265549e-01
1.06e+01, -2.124381932e-01, -2.124488017e-01, -2.124469091e-01, -4.248892693e-01
1.07e+01, -2.124692826e-01, -2.124801082e-01, -2.124779772e-01, -4.249515787e-01
1.08e+01, -2.125002046e-01, -2.125112600e-01, -2.125088817e-01, -4.250135642e-01
1.09e+01, -2.125309978e-01, -2.125422966e-01, -2.125396620e-01, -4.250753043e-01
1.10e+01, -2.125616991e-01, -2.125732560e-01, -2.125703561e-01, -4.251368741e-01
1.11e+01, -2.125923436e-01, -2.126041740e-01, -2.126010001e-01, -4.251983451e-01
1.12e+01, -2.126229640e-01, -2.126350844e-01, -2.126316278e-01, -4.252597842e-01
1.13e+01, -2.126535904e-01, -2.126660183e-01, -2.126622706e-01, -4.253212529e-01
1.14e+01, -2.126842497e-01, -2.126970034e-01, -2.126929567e-01, -4.253828066e-01
1.15e+01, -2.127149656e-01, -2.127280643e-01, -2.127237109e-01, -4.254444939e-01
1.16e+01, -2.127457576e-01, -2.127592214e-01, -2.127545541e-01, -4.255063554e-01
1.17e+01, -2.127766409e-01, -2.127904905e-01, -2.127855029e-01, -4.255684229e-01
1.18e+01, -2.128076259e-01, -2.128218829e-01, -2.128165691e-01, -4.256307186e-01
1.19e+01, -2.128387180e-01, -2.128534045e-01, -2.128477593e-01, -4.256932545e-01
1.20e+01, -2.128699169e-01, -2.128850554e-01, -2.128790746e-01, -4.257560312e-01
1.21e+01, -2.129012167e-01, -2.129168302e-01, -2.129105104e-01, -4.258190382e-01
1.22e+01, -2.129326058e-01, -2.129487174e-01, -2.129420562e-01, -4.258822529e-01
1.23e+01, -2.129640663e-01, -2.129806993e-01, -2.129736953e-01, -4.259456406e-01
1.24e+01, -2.129955750e-01, -2.130127525e-01, -2.130054054e-01, -4.260091553e-01
1.25e+01, -2.130271029e-01, -2.130448478e-01, -2.130371582e-01, -4.260727393e-01
1.26e+01, -2.130586158e-01, -2.130769509e-01, -2.130689203e-01, -4.261363247e-01
1.27e+01, -2.130900750e-01, -2.131090226e-01, -2.131006534e-01, -4.261998340e-01
1.28e+01, -2.131214378e-01, -2.131410196e-01, -2.131323150e-01, -4.262631816e-01
1.29e+01, -2.131526582e-01, -2.131728956e-01, -2.131638592e-01, -4.263262753e-01
1.30e+01, -2.131836880e-01, -2.132046016e-01, -2.131952375e-01, -4.263890181e-01
1.31e+01, -2.132144775e-01, -2.132360876e-01, -2.132263998e-01, -4.264513099e-01
1.32e+01, -2.132449765e-01, -2.132673028e-01, -2.132572953e-01, -4.265130497e-01
1.33e+01, -2.132751353e-01, -2.132981972e-01, -2.132878733e-01, -4.265741372e-01
1.34e+01, -2.133049055e-01, -2.133287221e-01, -2.133180842e-01, -4.266344745e-01
1.35e+01, -2.133342408e-01, -2.133588312e-01, -2.133478805e-01, -4.266939683e-01
1.36e+01, -2.133630979e-01, -2.133884813e-01, -2.133772173e-01, -4.267525310e-01
1.37e+01, -2.133914369e-01, -2.134176327e-01, -2.134060528e-01, -4.268100817e-01
1.38e+01, -2.134192220e-01, -2.134462502e-01, -2.134343493e-01, -4.268665476e-01
1.39e+01, -2.134464215e-01, -2.134743026e-01, -2.134620731e-01, -4.269218648e-01
1.40e+01, -2.134730085e-01, -2.135017638e-01, -2.134891947e-01, -4.269759780e-01
1.41e+01, -2.134989605e-01, -2.135286123e-01, -2.135156894e-01, -4.270288415e-01
1.42e+01, -2.135242597e-01, -2.135548314e-01, -2.135415367e-01, -4.270804186e-01
1.43e+01, -2.135488928e-01, -2.135804089e-01, -2.135667208e-01, -4.271306817e-01
1.44e+01, -2.135728507e-01, -2.136053370e-01, -2.135912296e-01, -4.271796115e-01
1.45e+01, -2.135961283e-01, -2.136296116e-01, -2.136150554e-01, -4.272271969e-01
1.46e+01, -2.136187245e-01, -2.136532328e-01, -2.136381938e-01, -4.272734340e-01
1.47e+01, -2.136406410e-01, -2.136762034e-01, -2.136606439e-01, -4.273183256e-01
1.48e+01, -2.136618831e-01, -2.136985295e-01, -2.136824076e-01, -4.273618801e-01
1.49e+01, -2.136824583e-01, -2.137202195e-01, -2.137034893e-01, -4.274041115e-01
1.50e+01, -2.137023767e-01, -2.137412841e-01, -2.137238959e-01, -4.274450378e-01
1.51e+01, -2.137216500e-01, -2.137617356e-01, -2.137436361e-01, -4.274846811e-01
1.52e+01, -2.137402919e-01, -2.137815877e-01, -2.137627200e-01, -4.275230664e-01
1.53e+01, -2.137583173e-01, -2.138008555e-01, -2.137811591e-01, -4.275602212e-01
1.54e+01, -2.137757420e-01, -2.138195548e-01, -2.137989661e-01, -4.275961753e-01
1.55e+01, -2.137925829e-01, -2.138377022e-01, -2.138161544e-01, -4.276309596e-01
1.56e+01, -2.138088573e-01, -2.138553148e-01, -2.138327378e-01, -4.276646066e-01
1.57e+01, -2.138245832e-01, -2.138724099e-01, -2.138487308e-01, -4.276971493e-01
1.58e+01, -2.138397784e-01, -2.138890053e-01, -2.138641482e-01, -4.277286213e-01
1.59e+01, -2.138544613e-01, -2.139051187e-01, -2.138790047e-01, -4.277590565e-01
1.60e+01, -2.138686499e-01, -2.139207679e-01, -2.138933152e-01, -4.277884887e-01
1.61e+01, -2.138823623e-01, -2.139359705e-01, -2.139070947e-01, -4.278169517e-01
1.62e+01, -2.138956162e-01, -2.139507442e-01, -2.139203580e-01, -4.278444790e-01
1.63e+01, -2.139084291e-01, -2.139651066e-01, -2.139331197e-01, -4.278711035e-01
1.64e+01, -2.139208179e-01, -2.139790747e-01, -2.139453943e-01, -4.278968580e-01
1.65e+01, -2.139327994e-01, -2.139926658e-01, -2.139571962e-01, -4.279217742e-01
1.66e+01, -2.139443894e-01, -2.140058966e-01, -2.139685393e-01, -4.279458835e-01
1.67e+01, -2.139556034e-01, -2.140187836e-01, -2.139794376e-01, -4.279692164e-01
1.68e+01, -2.139664563e-01, -2.140313428e-01, -2.139899045e-01, -4.279918024e-01
1.69e+01, -2.139769624e-01, -2.140435902e-01, -2.139999534e-01, -4.280136706e-01
1.70e+01, -2.139871351e-01, -2.140555410e-01, -2.140095973e-01, -4.280348489e-01
1.71e+01, -2.139969874e-01, -2.140672103e-01, -2.140188488e-01, -4.280553643e-01
1.72e+01, -2.140065316e-01, -2.140786125e-01, -2.140277205e-01, -4.280752431e-01
1.73e+01, -2.140157791e-01, -2.140897617e-01, -2.140362245e-01, -4.280945102e-01
1.74e+01, -2.140247410e-01, -2.141006715e-01, -2.140443727e-01, -4.281131901e-01
1.75e+01, -2.140334275e-01, -2.141113549e-01, -2.140521765e-01, -4.281313059e-01
1.76e+01, -2.140418485e-01, -2.141218243e-01, -2.140596473e-01, -4.281488800e-01
1.77e+01, -2.140500130e-01, -2.141320916e-01, -2.140667960e-01, -4.281659337e-01
1.78e+01, -2.140579299e-01, -2.141421681e-01, -2.140736333e-01, -4.281824875e-01
1.79e+01, -2.140656072e-01, -2.141520647e-01, -2.140801695e-01, -4.281985610e-01
1.80e+01, -2.140730527e-01, -2.141617915e-01, -2.140864149e-01, -4.282141728e-01
1.81e+01, -2.140802740e-01, -2.141713580e-01, -2.140923792e-01, -4.282293408e-01
1.82e+01, -2.140872780e-01, -2.141807733e-01, -2.140980720e-01, -4.282440822e-01
1.83e+01, -2.140940717e-01, -2.141900456e-01, -2.141035027e-01, -4.282584133e-01
1.84e+01, -2.141006616e-01, -2.141991828e-01, -2.141086803e-01, -4.282723497e-01
1.85e+01, -2.141070542e-01, -2.142081920e-01, -2.141136137e-01, -4.282859066e-01
1.86e+01, -2.141132556e-01, -2.142170800e-01, -2.141183116e-01, -4.282990981e-01
1.87e+01, -2.141192722e-01, -2.142258528e-01, -2.141227824e-01, -4.283119383e-01
1.88e+01, -2.141251101e-01, -2.142345160e-01, -2.141270344e-01, -4.283244403e-01
1.89e+01, -2.141307752e-01, -2.142430745e-01, -2.141310758e-01, -4.283366171e-01
1.90e+01, -2.141362737e-01, -2.142515331e-01, -2.141349145e-01, -4.283484809e-01
1.91e+01, -2.141416117e-01, -2.142598956e-01, -2.141385583e-01, -4.283600438e-01
1.92e+01, -2.141467951e-01, -2.142681658e-01, -2.141420149e-01, -4.283713172e-01
1.93e+01, -2.141518302e-01, -2.142763467e-01, -2.141452918e-01, -4.283823125e-01
1.94e+01, -2.141567230e-01, -2.142844411e-01, -2.141483965e-01, -4.283930404e-01
1.95e+01, -2.141614798e-01, -2.142924515e-01, -2.141513362e-01, -4.284035117e-01
1.96e+01, -2.141661067e-01, -2.143003797e-01, -2.141541182e-01, -4.284137364e-01
1.97e+01, -2.141706101e-01, -2.143082275e-01, -2.141567496e-01, -4.284237247e-01
1.98e+01, -2.141749961e-01, -2.143159961e-01, -2.141592373e-01, -4.284334864e-01
1.99e+01, -2.141792712e-01, -2.143236866e-01, -2.141615884e-01, -4.284430308e-01
2.00e+01, -2.141834415e-01, -2.143312997e-01, -2.141638096e-01, -4.284523673e-01
2.01e+01, -2.141875135e-01, -2.143388360e-01, -2.141659077e-01, -4.284615048e-01
2.02e+01, -2.141914934e-01, -2.143462957e-01, -2.141678893e-01, -4.284704523e-01
2.03e+01, -2.141953875e-01, -2.143536789e-01, -2.141697610e-01, -4.284792182e-01
2.04e+01, -2.141992019e-01, -2.143609854e-01, -2.141715293e-01, -4.284878111e-01
2.05e+01, -2.142029430e-01, -2.143682150e-01, -2.141732006e-01, -4.284962390e-01
2.06e+01, -2.142066167e-01, -2.143753671e-01, -2.141747811e-01, -4.285045099e-01
2.07e+01, -2.142102291e-01, -2.143824412e-01, -2.141762773e-01, -4.285126317e-01
2.08e+01, -2.142137861e-01, -2.143894367e-01, -2.141776951e-01, -4.285206119e-01
2.09e+01, -2.142172935e-01, -2.143963527e-01, -2.141790406e-01, -4.285284579e-01
2.10e+01, -2.142207570e-01, -2.144031884e-01, -2.141803200e-01, -4.285361769e-01
2.11e+01, -2.142241821e-01, -2.144099428e-01, -2.141815389e-01, -4.285437759e-01
2.12e+01, -2.142275743e-01, -2.144166150e-01, -2.141827033e-01, -4.285512618e-01
2.13e+01, -2.142309387e-01, -2.144232041e-01, -2.141838189e-01, -4.285586411e-01
2.14e+01, -2.142342804e-01, -2.144297089e-01, -2.141848913e-01, -4.285659204e-01
2.15e+01, -2.142376042e-01, -2.144361285e-01, -2.141859260e-01, -4.285731058e-01
2.16e+01, -2.142409148e-01, -2.144424620e-01, -2.141869284e-01, -4.285802034e-01
2.17e+01, -2.142442166e-01, -2.144487083e-01, -2.141879039e-01, -4.285872192e-01
2.18e+01, -2.142475140e-01, -2.144548665e-01, -2.141888577e-01, -4.285941587e-01
2.19e+01, -2.142508107e-01, -2.144609357e-01, -2.141897949e-01, -4.286010275e-01
2.20e+01, -2.142541106e-01, -2.144669152e-01, -2.141907205e-01, -4.286078308e-01
2.21e+01, -2.142574172e-01, -2.144728041e-01, -2.141916393e-01, -4.286145737e-01
2.22e+01, -2.142607337e-01, -2.144786018e-01, -2.141925561e-01, -4.286212610e-01
2.23e+01, -2.142640630e-01, -2.144843077e-01, -2.141934754e-01, -4.286278974e-01
2.24e+01, -2.142674078e-01, -2.144899212e-01, -2.141944018e-01, -4.286344872e-01
2.25e+01, -2.142707705e-01, -2.144954420e-01, -2.141953395e-01, -4.286410347e-01
2.26e+01, -2.142741532e-01, -2.145008696e-01, -2.141962927e-01, -4.286475437e-01
2.27e+01, -2.142775577e-01, -2.145062039e-01, -2.141972652e-01, -4.286540179e-01
2.28e+01, -2.142809855e-01, -2.145114448e-01, -2.141982610e-01, -4.286604608e-01
2.29e+01, -2.142844379e-01, -2.145165921e-01, -2.141992835e-01, -4.286668756e-01
2.30e+01, -2.142879156e-01, -2.145216460e-01, -2.142003362e-01, -4.286732652e-01
2.31e+01, -2.142914193e-01, -2.145266066e-01, -2.142014223e-01, -4.286796321e-01
2.32e+01, -2.142949492e-01, -2.145314742e-01, -2.142025448e-01, -4.286859788e-01
2.33e+01, -2.142985055e-01, -2.145362492e-01, -2.142037063e-01, -4.286923074e-01
2.34e+01, -2.143020876e-01, -2.145409321e-01, -2.142049095e-01, -4.286986195e-01
2.35e+01, -2.143056951e-01, -2.145455233e-01, -2.142061566e-01, -4.287049167e-01
2.36e+01, -2.143093271e-01, -2.145500235e-01, -2.142074496e-01, -4.287112001e-01
2.37e+01, -2.143129823e-01, -2.145544335e-01, -2.142087902e-01, -4.287174707e-01
2.38e+01, -2.143166593e-01, -2.145587540e-01, -2.142101801e-01, -4.287237289e-01
2.39e+01, -2.143203565e-01, -2.145629859e-01, -2.142116204e-01, -4.287299752e-01
2.40e+01, -2.143240720e-01, -2.145671301e-01, -2.142131121e-01, -4.287362095e-01
2.41e+01, -2.143278035e-01, -2.145711877e-01, -2.142146559e-01, -4.287424314e-01
2.42e+01, -2.143315487e-01, -2.145751596e-01, -2.142162522e-01, -4.287486403e-01
2.43e+01, -2.143353051e-01, -2.145790469e-01, -2.142179011e-01, -4.287548354e-01
2.44e+01, -2.143390700e-01, -2.145828507e-01, -2.142196024e-01, -4.287610154e-01
2.45e+01, -2.143428405e-01, -2.145865722e-01, -2.142213557e-01, -4.287671790e-01
2.46e+01, -2.143466136e-01, -2.145902126e-01, -2.142231603e-01, -4.287733243e-01
2.47e+01, -2.143503862e-01, -2.145937730e-01, -2.142250152e-01, -4.287794496e-01
2.48e+01, -2.143541552e-01, -2.145972546e-01, -2.142269191e-01, -4.287855526e-01
2.49e+01, -2.143579173e-01, -2.146006586e-01, -2.142288705e-01, -4.287916309e-01
2.50e+01, -2.143616692e-01, -2.146039863e-01, -2.142308675e-01, -4.287976820e-01
2.51e+01, -2.143654077e-01, -2.146072388e-01, -2.142329081e-01, -4.288037031e-01
2.52e+01, -2.143691295e-01, -2.146104174e-01, -2.142349900e-01, -4.288096913e-01
2.53e+01, -2.143728313e-01, -2.146135232e-01, -2.142371107e-01, -4.288156435e-01
2.54e+01, -2.143765100e-01, -2.146165574e-01, -2.142392674e-01, -4.288215566e-01
2.55e+01, -2.143801625e-01, -2.146195212e-01, -2.142414573e-01, -4.288274273e-01
2.56e+01, -2.143837856e-01, -2.146224158e-01, -2.142436771e-01, -4.288332524e-01
2.57e+01, -2.143873766e-01, -2.146252423e-01, -2.142459237e-01, -4.288390284e-01
2.58e+01, -2.143909325e-01, -2.146280019e-01, -2.142481936e-01, -4.288447521e-01
2.59e+01, -2.143944509e-01, -2.146306958e-01, -2.142504833e-01, -4.288504200e-01
2.60e+01, -2.143979291e-01, -2.146333250e-01, -2.142527891e-01, -4.288560288e-01
2.61e+01, -2.144013647e-01, -2.146358907e-01, -2.142551073e-01, -4.288615752e-01
2.62e+01, -2.144047558e-01, -2.146383941e-01, -2.142574342e-01, -4.288670560e-01
2.63e+01, -2.144081002e-01, -2.146408363e-01, -2.142597657e-01, -4.288724682e-01
2.64e+01, -2.144113961e-01, -2.146432185e-01, -2.142620983e-01, -4.288778086e-01
2.65e+01, -2.144146419e-01, -2.146455419e-01, -2.142644279e-01, -4.288830745e-01
2.66e+01, -2.144178362e-01, -2.146478076e-01, -2.142667508e-01, -4.288882631e-01
2.67e+01, -2.144209776e-01, -2.146500169e-01, -2.142690633e-01, -4.288933719e-01
2.68e+01, -2.144240652e-01, -2.146521709e-01, -2.142713616e-01, -4.288983985e-01
2.69e+01, -2.144270980e-01, -2.146542710e-01, -2.142736421e-01, -4.289033407e-01
2.70e+01, -2.144300752e-01, -2.146563183e-01, -2.142759014e-01, -4.289081966e-01
2.71e+01, -2.144329964e-01, -2.146583143e-01, -2.142781360e-01, -4.289129644e-01
2.72e+01, -2.144358610e-01, -2.146602601e-01, -2.142803427e-01, -4.289176426e-01
2.73e+01, -2.144386689e-01, -2.146621572e-01, -2.142825184e-01, -4.289222297e-01
2.74e+01, -2.144414199e-01, -2.146640069e-01, -2.142846602e-01, -4.289267247e-01
2.75e+01, -2.144441141e-01, -2.146658106e-01, -2.142867652e-01, -4.289311266e-01
2.76e+01, -2.144467516e-01, -2.146675696e-01, -2.142888309e-01, -4.289354347e-01
2.77e+01, -2.144493326e-01, -2.146692854e-01, -2.142908549e-01, -4.289396486e-01
2.78e+01, -2.144518576e-01, -2.146709594e-01, -2.142928350e-01, -4.289437680e-01
2.79e+01, -2.144543269e-01, -2.146725931e-01, -2.142947691e-01, -4.289477927e-01
2.80e+01, -2.144567412e-01, -2.146741878e-01, -2.142966553e-01, -4.289517229e-01
2.81e+01, -2.144591010e-01, -2.146757450e-01, -2.142984921e-01, -4.289555587e-01
2.82e+01, -2.144614071e-01, -2.146772661e-01, -2.143002779e-01, -4.289593008e-01
2.83e+01, -2.144636603e-01, -2.146787527e-01, -2.143020116e-01, -4.289629497e-01
2.84e+01, -2.144658612e-01, -2.146802060e-01, -2.143036920e-01, -4.289665061e-01
2.85e+01, -2.144680108e-01, -2.146816275e-01, -2.143053182e-01, -4.289699710e-01
2.86e+01, -2.144701099e-01, -2.146830185e-01, -2.143068896e-01, -4.289733453e-01
2.87e+01, -2.144721595e-01, -2.146843805e-01, -2.143084055e-01, -4.289766303e-01
2.88e+01, -2.144741605e-01, -2.146857147e-01, -2.143098657e-01, -4.289798272e-01
2.89e+01, -2.144761138e-01, -2.146870225e-01, -2.143112698e-01, -4.289829374e-01
2.90e+01, -2.144780205e-01, -2.146883051e-01, -2.143126178e-01, -4.289859622e-01
2.91e+01, -2.144798815e-01, -2.146895637e-01, -2.143139097e-01, -4.289889033e-01
2.92e+01, -2.144816978e-01, -2.146907996e-01, -2.143151459e-01, -4.289917622e-01
2.93e+01, -2.144834704e-01, -2.146920139e-01, -2.143163265e-01, -4.289945405e-01
2.94e+01, -2.144852002e-01, -2.146932077e-01, -2.143174520e-01, -4.289972400e-01
2.95e+01, -2.144868883e-01, -2.146943821e-01, -2.143185231e-01, -4.289998623e-01
2.96e+01, -2.144885356e-01, -2.146955381e-01, -2.143195402e-01, -4.290024093e-01
2.97e+01, -2.144901430e-01, -2.146966767e-01, -2.143205043e-01, -4.290048826e-01
2.98e+01, -2.144917115e-01, -2.146977987e-01, -2.143214160e-01, -4.290072842e-01
2.99e+01, -2.144932420e-01, -2.146989052e-01, -2.143222764e-01, -4.290096157e-01
3.00e+01, -2.144947355e-01, -2.146999968e-01, -2.143230863e-01, -4.290118791e-01
3.01e+01, -2.144961929e-01, -2.147010744e-01, -2.143238468e-01, -4.290140761e-01
3.02e+01, -2.144976149e-01, -2.147021387e-01, -2.143245590e-01, -4.290162084e-01
3.03e+01, -2.144990025e-01, -2.147031905e-01, -2.143252240e-01, -4.290182780e-01
3.04e+01, -2.145003566e-01, -2.147042302e-01, -2.143258430e-01, -4.290202866e-01
3.05e+01, -2.145016779e-01, -2.147052587e-01, -2.143264172e-01, -4.290222358e-01
3.06e+01, -2.145029673e-01, -2.147062763e-01, -2.143269477e-01, -4.290241275e-01
3.07e+01, -2.145042254e-01, -2.147072836e-01, -2.143274359e-01, -4.290259633e-01
3.08e+01, -2.145054532e-01, -2.147082811e-01, -2.143278830e-01, -4.290277449e-01
3.09e+01, -2.145066514e-01, -2.147092692e-01, -2.143282903e-01, -4.290294740e-01
3.10e+01, -2.145078206e-01, -2.147102483e-01, -2.143286591e-01, -4.290311520e-01
3.11e+01, -2.145089617e-01, -2.147112187e-01, -2.143289906e-01, -4.290327807e-01
3.12e+01, -2.145100752e-01, -2.147121808e-01, -2.143292862e-01, -4.290343615e-01
3.13e+01, -2.145111618e-01, -2.147131349e-01, -2.143295472e-01, -4.290358959e-01
3.14e+01, -2.145122223e-01, -2.147140811e-01, -2.143297747e-01, -4.290373854e-01
3.15e+01, -2.145132573e-01, -2.147150197e-01, -2.143299702e-01, -4.290388314e-01
3.16e+01, -2.145142673e-01, -2.147159509e-01, -2.143301348e-01, -4.290402353e-01
3.17e+01, -2.145152530e-01, -2.147168750e-01, -2.143302698e-01, -4.290415985e-01
3.18e+01, -2.145162149e-01, -2.147177919e-01, -2.143303764e-01, -4.290429221e-01
3.19e+01, -2.145171538e-01, -2.147187018e-01, -2.143304558e-01, -4.290442076e-01
3.20e+01, -2.145180700e-01, -2.147196049e-01, -2.143305092e-01, -4.290454561e-01
3.21e+01, -2.145189642e-01, -2.147205012e-01, -2.143305378e-01, -4.290466688e-01
3.22e+01, -2.145198368e-01, -2.147213908e-01, -2.143305426e-01, -4.290478468e-01
3.23e+01, -2.145206885e-01, -2.147222736e-01, -2.143305249e-01, -4.290489913e-01
3.24e+01, -2.145215197e-01, -2.147231498e-01, -2.143304857e-01, -4.290501034e-01
3.25e+01, -2.145223308e-01, -2.147240193e-01, -2.143304261e-01, -4.290511841e-01
3.26e+01, -2.145231225e-01, -2.147248821e-01, -2.143303471e-01, -4.290522345e-01
3.27e+01, -2.145238950e-01, -2.147257383e-01, -2.143302498e-01, -4.290532554e-01
3.28e+01, -2.145246490e-01, -2.147265877e-01, -2.143301350e-01, -4.290542478e-01
3.29e+01, -2.145253848e-01, -2.147274304e-01, -2.143300038e-01, -4.290552127e-01
3.30e+01, -2.145261029e-01, -2.147282663e-01, -2.143298571e-01, -4.290561509e-01
3.31e+01, -2.145268037e-01, -2.147290954e-01, -2.143296958e-01, -4.290570633e-01
3.32e+01, -2.145274876e-01, -2.147299176e-01, -2.143295208e-01, -4.290579506e-01
3.33e+01, -2.145281550e-01, -2.147307328e-01, -2.143293329e-01, -4.290588138e-01
3.34e+01, -2.145288063e-01, -2.147315410e-01, -2.143291329e-01, -4.290596535e-01
3.35e+01, -2.145294419e-01, -2.147323421e-01, -2.143289217e-01, -4.290604705e-01
3.36e+01, -2.145300621e-01, -2.147331361e-01, -2.143286999e-01, -4.290612654e-01
3.37e+01, -2.145306674e-01, -2.147339228e-01, -2.143284684e-01, -4.290620391e-01
3.38e+01, -2.145312580e-01, -2.147347023e-01, -2.143282278e-01, -4.290627921e-01
3.39e+01, -2.145318344e-01, -2.147354743e-01, -2.143279789e-01, -4.290635251e-01
3.40e+01, -2.145323968e-01, -2.147362389e-01, -2.143277223e-01, -4.290642386e-01
3.41e+01, -2.145329456e-01, -2.147369959e-01, -2.143274586e-01, -4.290649334e-01
3.42e+01, -2.145334811e-01, -2.147377453e-01, -2.143271884e-01, -4.290656099e-01
3.43e+01, -2.145340037e-01, -2.147384870e-01, -2.143269124e-01, -4.290662687e-01
3.44e+01, -2.145345136e-01, -2.147392209e-01, -2.143266311e-01, -4.290669104e-01
3.45e+01, -2.145350111e-01, -2.147399470e-01, -2.143263450e-01, -4.290675354e-01
3.46e+01, -2.145354966e-01, -2.147406652e-01, -2.143260547e-01, -4.290681443e-01
3.47e+01, -2.145359703e-01, -2.147413753e-01, -2.143257607e-01, -4.290687375e-01
3.48e+01, -2.145364324e-01, -2.147420775e-01, -2.143254634e-01, -4.290693155e-01
3.49e+01, -2.145368834e-01, -2.147427715e-01, -2.143251633e-01, -4.290698788e-01
3.50e+01, -2.145373234e-01, -2.147434573e-01, -2.143248608e-01, -4.290704277e-01
3.51e+01, -2.145377527e-01, -2.147441350e-01, -2.143245565e-01, -4.290709628e-01
3.52e+01, -2.145381716e-01, -2.147448043e-01, -2.143242506e-01, -4.290714843e-01
3.53e+01, -2.145385802e-01, -2.147454653e-01, -2.143239435e-01, -4.290719927e-01
3.54e+01, -2.145389790e-01, -2.147461179e-01, -2.143236356e-01, -4.290724883e-01
3.55e+01, -2.145393680e-01, -2.147467621e-01, -2.143233274e-01, -4.290729716e-01
3.56e+01, -2.145397475e-01, -2.147473978e-01, -2.143230190e-01, -4.290734429e-01
3.57e+01, -2.145401178e-01, -2.147480250e-01, -2.143227108e-01, -4.290739024e-01
3.58e+01, -2.145404791e-01, -2.147486437e-01, -2.143224032e-01, -4.290743506e-01
3.59e+01, -2.145408315e-01, -2.147492538e-01, -2.143220963e-01, -4.290747877e-01
3.60e+01, -2.145411753e-01, -2.147498553e-01, -2.143217905e-01, -4.290752141e-01
3.61e+01, -2.145415108e-01, -2.147504482e-01, -2.143214861e-01, -4.290756301e-01
3.62e+01, -2.145418380e-01, -2.147510325e-01, -2.143211832e-01, -4.290760358e-01
3.63e+01, -2.145421573e-01, -2.147516081e-01, -2.143208822e-01, -4.290764317e-01
3.64e+01, -2.145424687e-01, -2.147521751e-01, -2.143205832e-01, -4.290768180e-01
3.65e+01, -2.145427725e-01, -2.147527334e-01, -2.143202864e-01, -4.290771949e-01
3.66e+01, -2.145430689e-01, -2.147532830e-01, -2.143199921e-01, -4.290775627e-01
3.67e+01, -2.145433580e-01, -2.147538240e-01, -2.143197004e-01, -4.290779216e-01
3.68e+01, -2.145436401e-01, -2.147543564e-01, -2.143194114e-01, -4.290782719e-01
3.69e+01, -2.145439152e-01, -2.147548800e-01, -2.143191255e-01, -4.290786138e-01
3.70e+01, -2.145441836e-01, -2.147553950e-01, -2.143188427e-01, -4.290789475e-01
3.71e+01, -2.145444454e-01, -2.147559014e-01, -2.143185631e-01, -4.290792733e-01
3.72e+01, -2.145447008e-01, -2.147563992e-01, -2.143182869e-01, -4.290795913e-01
3.73e+01, -2.145449499e-01, -2.147568884e-01, -2.143180143e-01, -4.290799017e-01
3.74e+01, -2.145451928e-01, -2.147573690e-01, -2.143177453e-01, -4.290802048e-01
3.75e+01, -2.145454299e-01, -2.147578411e-01, -2.143174800e-01, -4.290805007e-01
3.76e+01, -2.145456610e-01, -2.147583046e-01, -2.143172187e-01, -4.290807896e-01
3.77e+01, -2.145458865e-01, -2.147587597e-01, -2.143169612e-01, -4.290810716e-01
3.78e+01, -2.145461065e-01, -2.147592063e-01, -2.143167079e-01, -4.290813471e-01
3.79e+01, -2.145463210e-01, -2.147596445e-01, -2.143164586e-01, -4.290816161e-01
3.80e+01, -2.145465302e-01, -2.147600743e-01, -2.143162136e-01, -4.290818787e-01
3.81e+01, -2.145467342e-01, -2.147604958e-01, -2.143159728e-01, -4.290821352e-01
3.82e+01, -2.145469333e-01, -2.147609090e-01, -2.143157364e-01, -4.290823858e-01
3.83e+01, -2.145471274e-01, -2.147613139e-01, -2.143155044e-01, -4.290826304e-01
3.84e+01, -2.145473167e-01, -2.147617106e-01, -2.143152768e-01, -4.290828694e-01
3.85e+01, -2.145475013e-01, -2.147620992e-01, -2.143150537e-01, -4.290831028e-01
3.86e+01, -2.145476813e-01, -2.147624796e-01, -2.143148351e-01, -4.290833308e-01
3.87e+01, -2.145478569e-01, -2.147628521e-01, -2.143146212e-01, -4.290835534e-01
3.88e+01, -2.145480281e-01, -2.147632165e-01, -2.143144118e-01, -4.290837709e-01
3.89e+01, -2.145481951e-01, -2.147635730e-01, -2.143142070e-01, -4.290839834e-01
3.90e+01, -2.145483579e-01, -2.147639216e-01, -2.143140069e-01, -4.290841910e-01
3.91e+01, -2.145485167e-01, -2.147642623e-01, -2.143138115e-01, -4.290843937e-01
3.92e+01, -2.145486715e-01, -2.147645954e-01, -2.143136208e-01, -4.290845918e-01
3.93e+01, -2.145488225e-01, -2.147649207e-01, -2.143134348e-01, -4.290847853e-01
3.94e+01, -2.145489697e-01, -2.147652384e-01, -2.143132535e-01, -4.290849743e-01
3.95e+01, -2.145491132e-01, -2.147655485e-01, -2.143130769e-01, -4.290851590e-01
3.96e+01, -2.145492531e-01, -2.147658511e-01, -2.143129050e-01, -4.290853395e-01
3.97e+01, -2.145493895e-01, -2.147661463e-01, -2.143127379e-01, -4.290855157e-01
3.98e+01, -2.145495225e-01, -2.147664341e-01, -2.143125755e-01, -4.290856880e-01
3.99e+01, -2.145496521e-01, -2.147667146e-01, -2.143124177e-01, -4.290858563e-01
4.00e+01, -2.145497785e-01, -2.147669878e-01, -2.143122647e-01, -4.290860207e-01
4.01e+01, -2.145499017e-01, -2.147672539e-01, -2.143121164e-01, -4.290861813e-01
4.02e+01, -2.145500218e-01, -2.147675129e-01, -2.143119727e-01, -4.290863383e-01
4.03e+01, -2.145501388e-01, -2.147677649e-01, -2.143118337e-01, -4.290864916e-01
4.04e+01, -2.145502529e-01, -2.147680099e-01, -2.143116994e-01, -4.290866415e-01
4.05e+01, -2.145503641e-01, -2.147682481e-01, -2.143115696e-01, -4.290867879e-01
4.06e+01, -2.145504724e-01, -2.147684794e-01, -2.143114445e-01, -4.290869309e-01
4.07e+01, -2.145505780e-01, -2.147687040e-01, -2.143113240e-01, -4.290870707e-01
4.08e+01, -2.145506809e-01, -2.147689220e-01, -2.143112080e-01, -4.290872072e-01
4.09e+01, -2.145507812e-01, -2.147691334e-01, -2.143110965e-01, -4.290873407e-01
4.10e+01, -2.145508789e-01, -2.147693382e-01, -2.143109895e-01, -4.290874711e-01
4.11e+01, -2.145509740e-01, -2.147695367e-01, -2.143108870e-01, -4.290875985e-01
4.12e+01, -2.145510668e-01, -2.147697287e-01, -2.143107889e-01, -4.290877230e-01
4.13e+01, -2.145511571e-01, -2.147699145e-01, -2.143106953e-01, -4.290878446e-01
4.14e+01, -2.145512451e-01, -2.147700941e-01, -2.143106060e-01, -4.290879634e-01
4.15e+01, -2.145513308e-01, -2.147702675e-01, -2.143105210e-01, -4.290880796e-01
4.16e+01, -2.145514143e-01, -2.147704349e-01, -2.143104404e-01, -4.290881930e-01
4.17e+01, -2.145514956e-01, -2.147705962e-01, -2.143103640e-01, -4.290883039e-01
4.18e+01, -2.145515748e-01, -2.147707517e-01, -2.143102918e-01, -4.290884122e-01
4.19e+01, -2.145516518e-01, -2.147709013e-01, -2.143102238e-01, -4.290885180e-01
4.20e+01, -2.145517269e-01, -2.147710452e-01, -2.143101600e-01, -4.290886214e-01
4.21e+01, -2.145518000e-01, -2.147711834e-01, -2.143101003e-01, -4.290887224e-01
4.22e+01, -2.145518711e-01, -2.147713159e-01, -2.143100446e-01, -4.290888211e-01
4.23e+01, -2.145519403e-01, -2.147714429e-01, -2.143099930e-01, -4.290889175e-01
4.24e+01, -2.145520077e-01, -2.147715645e-01, -2.143099454e-01, -4.290890117e-01
4.25e+01, -2.145520733e-01, -2.147716806e-01, -2.143099017e-01, -4.290891038e-01
4.26e+01, -2.145521371e-01, -2.147717915e-01, -2.143098620e-01, -4.290891937e-01
4.27e+01, -2.145521992e-01, -2.147718970e-01, -2.143098261e-01, -4.290892815e-01
4.28e+01, -2.145522596e-01, -2.147719974e-01, -2.143097940e-01, -4.290893673e-01
4.29e+01, -2.145523184e-01, -2.147720927e-01, -2.143097657e-01, -4.290894512e-01
4.30e+01, -2.145523755e-01, -2.147721830e-01, -2.143097411e-01, -4.290895331e-01
4.31e+01, -2.145524311e-01, -2.147722683e-01, -2.143097202e-01, -4.290896130e-01
4.32e+01, -2.145524851e-01, -2.147723487e-01, -2.143097030e-01, -4.290896912e-01
4.33e+01, -2.145525376e-01, -2.147724243e-01, -2.143096893e-01, -4.290897675e-01
4.34e+01, -2.145525887e-01, -2.147724951e-01, -2.143096793e-01, -4.290898420e-01
4.35e+01, -2.145526383e-01, -2.147725613e-01, -2.143096727e-01, -4.290899148e-01
4.36e+01, -2.145526865e-01, -2.147726228e-01, -2.143096696e-01, -4.290899860e-01
4.37e+01, -2.145527334e-01, -2.147726798e-01, -2.143096699e-01, -4.290900554e-01
4.38e+01, -2.145527789e-01, -2.147727323e-01, -2.143096736e-01, -4.290901232e-01
4.39e+01, -2.145528231e-01, -2.147727804e-01, -2.143096807e-01, -4.290901895e-01
4.40e+01, -2.145528660e-01, -2.147728242e-01, -2.143096910e-01, -4.290902541e-01
4.41e+01, -2.145529077e-01, -2.147728637e-01, -2.143097046e-01, -4.290903173e-01
4.42e+01, -2.145529482e-01, -2.147728989e-01, -2.143097214e-01, -4.290903790e-01
4.43e+01, -2.145529874e-01, -2.147729301e-01, -2.143097413e-01, -4.290904392e-01
4.44e+01, -2.145530255e-01, -2.147729571e-01, -2.143097644e-01, -4.290904980e-01
4.45e+01, -2.145530625e-01, -2.147729802e-01, -2.143097905e-01, -4.290905554e-01
4.46e+01, -2.145530983e-01, -2.147729992e-01, -2.143098196e-01, -4.290906115e-01
4.47e+01, -2.145531331e-01, -2.147730144e-01, -2.143098518e-01, -4.290906662e-01
4.48e+01, -2.145531667e-01, -2.147730258e-01, -2.143098868e-01, -4.290907196e-01
4.49e+01, -2.145531994e-01, -2.147730333e-01, -2.143099248e-01, -4.290907717e-01
4.50e+01, -2.145532310e-01, -2.147730372e-01, -2.143099656e-01, -4.290908226e-01
4.51e+01, -2.145532616e-01, -2.147730375e-01, -2.143100093e-01, -4.290908722e-01
4.52e+01, -2.145532913e-01, -2.147730341e-01, -2.143100557e-01, -4.290909207e-01
4.53e+01, -2.145533200e-01, -2.147730272e-01, -2.143101048e-01, -4.290909680e-01
4.54e+01, -2.145533478e-01, -2.147730169e-01, -2.143101566e-01, -4.290910142e-01
4.55e+01, -2.145533747e-01, -2.147730031e-01, -2.143102111e-01, -4.290910592e-01
4.56e+01, -2.145534006e-01, -2.147729860e-01, -2.143102681e-01, -4.290911032e-01
4.57e+01, -2.145534258e-01, -2.147729656e-01, -2.143103277e-01, -4.290911460e-01
4.58e+01, -2.145534500e-01, -2.147729419e-01, -2.143103898e-01, -4.290911878e-01
4.59e+01, -2.145534735e-01, -2.147729150e-01, -2.143104544e-01, -4.290912286e-01
4.60e+01, -2.145534961e-01, -2.147728851e-01, -2.143105215e-01, -4.290912684e-01
4.61e+01, -2.145535179e-01, -2.147728520e-01, -2.143105909e-01, -4.290913072e-01
4.62e+01, -2.145535390e-01, -2.147728159e-01, -2.143106627e-01, -4.290913451e-01
4.63e+01, -2.145535593e-01, -2.147727769e-01, -2.143107368e-01, -4.290913820e-01
4.64e+01, -2.145535789e-01, -2.147727349e-01, -2.143108132e-01, -4.290914180e-01
4.65e+01, -2.145535977e-01, -2.147726901e-01, -2.143108919e-01, -4.290914531e-01
4.66e+01, -2.145536158e-01, -2.147726424e-01, -2.143109727e-01, -4.290914873e-01
4.67e+01, -2.145536333e-01, -2.147725920e-01, -2.143110557e-01, -4.290915206e-01
4.68e+01, -2.145536500e-01, -2.147725388e-01, -2.143111408e-01, -4.290915531e-01
4.69e+01, -2.145536662e-01, -2.147724830e-01, -2.143112281e-01, -4.290915848e-01
4.70e+01, -2.145536816e-01, -2.147724246e-01, -2.143113173e-01, -4.290916157e-01
4.71e+01, -2.145536964e-01, -2.147723636e-01, -2.143114086e-01, -4.290916457e-01
4.72e+01, -2.145537107e-01, -2.147723000e-01, -2.143115019e-01, -4.290916750e-01
4.73e+01, -2.145537243e-01, -2.147722340e-01, -2.143115971e-01, -4.290917036e-01
4.74e+01, -2.145537373e-01, -2.147721656e-01, -2.143116942e-01, -4.290917314e-01
4.75e+01, -2.145537497e-01, -2.147720947e-01, -2.143117932e-01, -4.290917585e-01
4.76e+01, -2.145537616e-01, -2.147720215e-01, -2.143118941e-01, -4.290917848e-01
4.77e+01, -2.145537729e-01, -2.147719461e-01, -2.143119967e-01, -4.290918105e-01
4.78e+01, -2.145537837e-01, -2.147718683e-01, -2.143121011e-01, -4.290918355e-01
4.79e+01, -2.145537940e-01, -2.147717884e-01, -2.143122073e-01, -4.290918598e-01
4.80e+01, -2.145538038e-01, -2.147717063e-01, -2.143123152e-01, -4.290918835e-01
4.81e+01, -2.145538130e-01, -2.147716220e-01, -2.143124247e-01, -4.290919065e-01
4.82e+01, -2.145538218e-01, -2.147715357e-01, -2.143125359e-01, -4.290919289e-01
4.83e+01, -2.145538301e-01, -2.147714473e-01, -2.143126487e-01, -4.290919507e-01
4.84e+01, -2.145538379e-01, -2.147713569e-01, -2.143127630e-01, -4.290919719e-01
4.85e+01, -2.145538452e-01, -2.147712645e-01, -2.143128790e-01, -4.290919925e-01
4.86e+01, -2.145538522e-01, -2.147711702e-01, -2.143129964e-01, -4.290920125e-01
4.87e+01, -2.145538586e-01, -2.147710741e-01, -2.143131153e-01, -4.290920320e-01
4.88e+01, -2.145538647e-01, -2.147709760e-01, -2.143132357e-01, -4.290920509e-01
4.89e+01, -2.145538703e-01, -2.147708762e-01, -2.143133575e-01, -4.290920693e-01
4.90e+01, -2.145538755e-01, -2.147707745e-01, -2.143134807e-01, -4.290920872e-01
4.91e+01, -2.145538804e-01, -2.147706712e-01, -2.143136053e-01, -4.290921045e-01
4.92e+01, -2.145538848e-01, -2.147705661e-01, -2.143137312e-01, -4.290921214e-01
4.93e+01, -2.145538888e-01, -2.147704593e-01, -2.143138584e-01, -4.290921377e-01
4.94e+01, -2.145538925e-01, -2.147703509e-01, -2.143139870e-01, -4.290921536e-01
4.95e+01, -2.145538959e-01, -2.147702409e-01, -2.143141167e-01, -4.290921690e-01
4.96e+01, -2.145538988e-01, -2.147701294e-01, -2.143142477e-01, -4.290921840e-01
4.97e+01, -2.145539015e-01, -2.147700163e-01, -2.143143800e-01, -4.290921984e-01
4.98e+01, -2.145539037e-01, -2.147699017e-01, -2.143145133e-01, -4.290922125e-01
4.99e+01, -2.145539057e-01, -2.147697856e-01, -2.143146479e-01, -4.290922261e-01
5.00e+01, -2.145539073e-01, -2.147696680e-01, -2.143147836e-01, -4.290922393e-01
5.01e+01, -2.145539087e-01, -2.147695491e-01, -2.143149203e-01, -4.290922521e-01
5.02e+01, -2.145539097e-01, -2.147694288e-01, -2.143150582e-01, -4.290922644e-01
5.03e+01, -2.145539104e-01, -2.147693071e-01, -2.143151971e-01, -4.290922764e-01
5.04e+01, -2.145539108e-01, -2.147691841e-01, -2.143153370e-01, -4.290922880e-01
5.05e+01, -2.145539109e-01, -2.147690599e-01, -2.143154780e-01, -4.290922992e-01
5.06e+01, -2.145539108e-01, -2.147689343e-01, -2.143156199e-01, -4.290923100e-01
5.07e+01, -2.145539104e-01, -2.147688075e-01, -2.143157628e-01, -4.290923205e-01
5.08e+01, -2.145539097e-01, -2.147686795e-01, -2.143159066e-01, -4.290923306e-01
5.09e+01, -2.145539088e-01, -2.147685504e-01, -2.143160513e-01, -4.290923403e-01
5.10e+01, -2.145539076e-01, -2.147684201e-01, -2.143161970e-01, -4.290923497e-01
5.11e+01, -2.145539061e-01, -2.147682886e-01, -2.143163435e-01, -4.290923588e-01
5.12e+01, -2.145539045e-01, -2.147681561e-01, -2.143164908e-01, -4.290923676e-01
5.13e+01, -2.145539025e-01, -2.147680225e-01, -2.143166390e-01, -4.290923760e-01
5.14e+01, -2.145539004e-01, -2.147678878e-01, -2.143167880e-01, -4.290923841e-01
5.15e+01, -2.145538980e-01, -2.147677521e-01, -2.143169378e-01, -4.290923919e-01
5.16e+01, -2.145538955e-01, -2.147676154e-01, -2.143170883e-01, -4.290923995e-01
5.17e+01, -2.145538927e-01, -2.147674777e-01, -2.143172396e-01, -4.290924067e-01
5.18e+01, -2.145538897e-01, -2.147673391e-01, -2.143173916e-01, -4.290924136e-01
5.19e+01, -2.145538865e-01, -2.147671996e-01, -2.143175444e-01, -4.290924203e-01
5.20e+01, -2.145538830e-01, -2.147670591e-01, -2.143176978e-01, -4.290924266e-01
5.21e+01, -2.145538795e-01, -2.147669178e-01, -2.143178519e-01, -4.290924328e-01
5.22e+01, -2.145538757e-01, -2.147667756e-01, -2.143180066e-01, -4.290924386e-01
5.23e+01, -2.145538717e-01, -2.147666325e-01, -2.143181620e-01, -4.290924442e-01
5.24e+01, -2.145538676e-01, -2.147664887e-01, -2.143183180e-01, -4.290924495e-01
5.25e+01, -2.145538633e-01, -2.147663440e-01, -2.143184746e-01, -4.290924546e-01
5.26e+01, -2.145538588e-01, -2.147661986e-01, -2.143186318e-01, -4.290924595e-01
5.27e+01, -2.145538541e-01, -2.147660524e-01, -2.143187896e-01, -4.290924641e-01
5.28e+01, -2.145538493e-01, -2.147659055e-01, -2.143189479e-01, -4.290924685e-01
5.29e+01, -2.145538444e-01, -2.147657578e-01, -2.143191067e-01, -4.290924726e-01
5.30e+01, -2.145538393e-01, -2.147656095e-01, -2.143192661e-01, -4.290924766e-01
5.31e+01, -2.145538340e-01, -2.147654605e-01, -2.143194260e-01, -4.290924803e-01
5.32e+01, -2.145538286e-01, -2.147653108e-01, -2.143195863e-01, -4.290924838e-01
5.33e+01, -2.145538230e-01, -2.147651604e-01, -2.143197472e-01, -4.290924871e-01
5.34e+01, -2.145538174e-01, -2.147650095e-01, -2.143199085e-01, -4.290924902e-01
5.35e+01, -2.145538116e-01, -2.147648579e-01, -2.143200702e-01, -4.290924931e-01
5.36e+01, -2.145538056e-01, -2.147647058e-01, -2.143202323e-01, -4.290924958e-01
5.37e+01, -2.145537996e-01, -2.147645531e-01, -2.143203949e-01, -4.290924984e-01
5.38e+01, -2.145537934e-01, -2.147643998e-01, -2.143205579e-01, -4.290925007e-01
5.39e+01, -2.145537871e-01, -2.147642460e-01, -2.143207212e-01, -4.290925028e-01
5.40e+01, -2.145537806e-01, -2.147640916e-01, -2.143208850e-01, -4.290925048e-01
5.41e+01, -2.145537741e-01, -2.147639368e-01, -2.143210491e-01, -4.290925066e-01
5.42e+01, -2.145537675e-01, -2.147637814e-01, -2.143212135e-01, -4.290925083e-01
5.43e+01, -2.145537607e-01, -2.147636256e-01, -2.143213783e-01, -4.290925098e-01
5.44e+01, -2.145537539e-01, -2.147634694e-01, -2.143215434e-01, -4.290925111e-01
5.45e+01, -2.145537469e-01, -2.147633126e-01, -2.143217088e-01, -4.290925122e-01
5.46e+01, -2.145537399e-01, -2.147631555e-01, -2.143218745e-01, -4.290925132e-01
5.47e+01, -2.145537328e-01, -2.147629979e-01, -2.143220405e-01, -4.290925141e-01
5.48e+01, -2.145537255e-01, -2.147628399e-01, -2.143222067e-01, -4.290925148e-01
5.49e+01, -2.145537182e-01, -2.147626815e-01, -2.143223732e-01, -4.290925153e-01
5.50e+01, -2.145537108e-01, -2.147625228e-01, -2.143225400e-01, -4.290925158e-01
5.51e+01, -2.145537033e-01, -2.147623637e-01, -2.143227070e-01, -4.290925160e-01
5.52e+01, -2.145536958e-01, -2.147622042e-01, -2.143228743e-01, -4.290925162e-01
5.53e+01, -2.145536881e-01, -2.147620444e-01, -2.143230417e-01, -4.290925162e-01
5.54e+01, -2.145536804e-01, -2.147618843e-01, -2.143232094e-01, -4.290925161e-01
5.55e+01, -2.145536726e-01, -2.147617239e-01, -2.143233772e-01, -4.290925158e-01
5.56e+01, -2.145536648e-01, -2.147615631e-01, -2.143235453e-01, -4.290925155e-01
5.57e+01, -2.145536569e-01, -2.147614021e-01, -2.143237135e-01, -4.290925150e-01
5.58e+01, -2.145536489e-01, -2.147612408e-01, -2.143238819e-01, -4.290925144e-01
5.59e+01, -2.145536408e-01, -2.147610792e-01, -2.143240505e-01, -4.290925137e-01
5.60e+01, -2.145536327e-01, -2.147609174e-01, -2.143242192e-01, -4.290925129e-01
5.61e+01, -2.145536245e-01, -2.147607553e-01, -2.143243880e-01, -4.290925119e-01
5.62e+01, -2.145536163e-01, -2.147605930e-01, -2.143245570e-01, -4.290925109e-01
5.63e+01, -2.145536080e-01, -2.147604305e-01, -2.143247261e-01, -4.290925098e-01
5.64e+01, -2.145535997e-01, -2.147602678e-01, -2.143248953e-01, -4.290925085e-01
5.65e+01, -2.145535913e-01, -2.147601048e-01, -2.143250646e-01, -4.290925072e-01
5.66e+01, -2.145535829e-01, -2.147599417e-01, -2.143252340e-01, -4.290925057e-01
5.67e+01, -2.145535744e-01, -2.147597784e-01, -2.143254035e-01, -4.290925042e-01
5.68e+01, -2.145535659e-01, -2.147596149e-01, -2.143255731e-01, -4.290925026e-01
5.69e+01, -2.145535573e-01, -2.147594512e-01, -2.143257428e-01, -4.290925008e-01
5.70e+01, -2.145535487e-01, -2.147592874e-01, -2.143259125e-01, -4.290924990e-01
5.71e+01, -2.145535400e-01, -2.147591234e-01, -2.143260823e-01, -4.290924971e-01
5.72e+01, -2.145535313e-01, -2.147589593e-01, -2.143262521e-01, -4.290924952e-01
5.73e+01, -2.145535226e-01, -2.147587951e-01, -2.143264220e-01, -4.290924931e-01
5.74e+01, -2.145535138e-01, -2.147586308e-01, -2.143265919e-01, -4.290924910e-01
5.75e+01, -2.145535050e-01, -2.147584663e-01, -2.143267618e-01, -4.290924888e-01
5.76e+01, -2.145534962e-01, -2.147583018e-01, -2.143269317e-01, -4.290924865e-01
5.77e+01, -2.145534874e-01, -2.147581371e-01, -2.143271017e-01, -4.290924841e-01
5.78e+01, -2.145534785e-01, -2.147579724e-01, -2.143272717e-01, -4.290924817e-01
5.79e+01, -2.145534695e-01, -2.147578075e-01, -2.143274417e-01, -4.290924792e-01
5.80e+01, -2.145534606e-01, -2.147576426e-01, -2.143276116e-01, -4.290924766e-01
5.81e+01, -2.145534516e-01, -2.147574777e-01, -2.143277816e-01, -4.290924739e-01
5.82e+01, -2.145534426e-01, -2.147573127e-01, -2.143279515e-01, -4.290924712e-01
5.83e+01, -2.145534336e-01, -2.147571476e-01, -2.143281215e-01, -4.290924685e-01
5.84e+01, -2.145534246e-01, -2.147569825e-01, -2.143282914e-01, -4.290924656e-01
5.85e+01, -2.145534155e-01, -2.147568173e-01, -2.143284612e-01, -4.290924627e-01
5.86e+01, -2.145534065e-01, -2.147566522e-01, -2.143286310e-01, -4.290924598e-01
5.87e+01, -2.145533974e-01, -2.147564870e-01, -2.143288008e-01, -4.290924568e-01
5.88e+01, -2.145533883e-01, -2.147563217e-01, -2.143289705e-01, -4.290924537e-01
5.89e+01, -2.145533792e-01, -2.147561565e-01, -2.143291402e-01, -4.290924506e-01
5.90e+01, -2.145533700e-01, -2.147559913e-01, -2.143293098e-01, -4.290924474e-01
5.91e+01, -2.145533609e-01, -2.147558260e-01, -2.143294794e-01, -4.290924442e-01
5.92e+01, -2.145533517e-01, -2.147556608e-01, -2.143296489e-01, -4.290924409e-01
5.93e+01, -2.145533425e-01, -2.147554956e-01, -2.143298183e-01, -4.290924376e-01
5.94e+01, -2.145533334e-01, -2.147553304e-01, -2.143299876e-01, -4.290924342e-01
5.95e+01, -2.145533242e-01, -2.147551652e-01, -2.143301568e-01, -4.290924308e-01
5.96e+01, -2.145533150e-01, -2.147550001e-01, -2.143303260e-01, -4.290924274e-01
5.97e+01, -2.145533058e-01, -2.147548350e-01, -2.143304950e-01, -4.290924238e-01
5.98e+01, -2.145532966e-01, -2.147546699e-01, -2.143306640e-01, -4.290924203e-01
5.99e+01, -2.145532874e-01, -2.147545049e-01, -2.143308328e-01, -4.290924167e-01
6.00e+01, -2.145532781e-01, -2.147543399e-01, -2.143310016e-01, -4.290924131e-01
6.01e+01, -2.145532689e-01, -2.147541750e-01, -2.143311702e-01, -4.290924094e-01
6.02e+01, -2.145532597e-01, -2.147540101e-01, -2.143313388e-01, -4.290924057e-01
6.03e+01, -2.145532505e-01, -2.147538453e-01, -2.143315072e-01, -4.290924020e-01
6.04e+01, -2.145532412e-01, -2.147536806e-01, -2.143316755e-01, -4.290923982e-01
6.05e+01, -2.145532320e-01, -2.147535159e-01, -2.143318437e-01, -4.290923944e-01
6.06e+01, -2.145532228e-01, -2.147533513e-01, -2.143320117e-01, -4.290923905e-01
6.07e+01, -2.145532136e-01, -2.147531868e-01, -2.143321796e-01, -4.290923867e-01
6.08e+01, -2.145532044e-01, -2.147530224e-01, -2.143323474e-01, -4.290923828e-01
6.09e+01, -2.145531951e-01, -2.147528581e-01, -2.143325150e-01, -4.290923788e-01
6.10e+01, -2.145531859e-01, -2.147526938e-01, -2.143326825e-01, -4.290923748e-01
6.11e+01, -2.145531767e-01, -2.147525297e-01, -2.143328499e-01, -4.290923709e-01
6.12e+01, -2.145531675e-01, -2.147523656e-01, -2.143330171e-01, -4.290923668e-01
6.13e+01, -2.145531583e-01, -2.147522017e-01, -2.143331841e-01, -4.290923628e-01
6.14e+01, -2.145531491e-01, -2.147520379e-01, -2.143333511e-01, -4.290923587e-01
6.15e+01, -2.145531399e-01, -2.147518741e-01, -2.143335178e-01, -4.290923546e-01
6.16e+01, -2.145531308e-01, -2.147517105e-01, -2.143336844e-01, -4.290923505e-01
6.17e+01, -2.145531216e-01, -2.147515470e-01, -2.143338508e-01, -4.290923463e-01
6.18e+01, -2.145531124e-01, -2.147513837e-01, -2.143340171e-01, -4.290923421e-01
6.19e+01, -2.145531033e-01, -2.147512204e-01, -2.143341832e-01, -4.290923379e-01
6.20e+01, -2.145530941e-01, -2.147510573e-01, -2.143343491e-01, -4.290923337e-01
6.21e+01, -2.145530850e-01, -2.147508943e-01, -2.143345149e-01, -4.290923295e-01
6.22e+01, -2.145530759e-01, -2.147507315e-01, -2.143346805e-01, -4.290923252e-01
6.23e+01, -2.145530668e-01, -2.147505688e-01, -2.143348459e-01, -4.290923210e-01
6.24e+01, -2.145530577e-01, -2.147504062e-01, -2.143350111e-01, -4.290923167e-01
6.25e+01, -2.145530486e-01, -2.147502437e-01, -2.143351762e-01, -4.290923124e-01
6.26e+01, -2.145530395e-01, -2.147500815e-01, -2.143353411e-01, -4.290923080e-01
6.27e+01, -2.145530305e-01, -2.147499193e-01, -2.143355058e-01, -4.290923037e-01
6.28e+01, -2.145530214e-01, -2.147497573e-01, -2.143356703e-01, -4.290922993e-01
6.29e+01, -2.145530124e-01, -2.147495955e-01, -2.143358346e-01, -4.290922950e-01
6.30e+01, -2.145530034e-01, -2.147494338e-01, -2.143359987e-01, -4.290922906e-01
6.31e+01, -2.145529944e-01, -2.147492722e-01, -2.143361626e-01, -4.290922862e-01
6.32e+01, -2.145529854e-01, -2.147491109e-01, -2.143363264e-01, -4.290922818e-01
6.33e+01, -2.145529764e-01, -2.147489496e-01, -2.143364899e-01, -4.290922773e-01
6.34e+01, -2.145529675e-01, -2.147487886e-01, -2.143366533e-01, -4.290922729e-01
6.35e+01, -2.145529585e-01, -2.147486277e-01, -2.143368164e-01, -4.290922684e-01
6.36e+01, -2.145529496e-01, -2.147484670e-01, -2.143369794e-01, -4.290922640e-01
6.37e+01, -2.145529407e-01, -2.147483064e-01, -2.143371422e-01, -4.290922595e-01
6.38e+01, -2.145529318e-01, -2.147481460e-01, -2.143373047e-01, -4.290922550e-01
6.39e+01, -2.145529229e-01, -2.147479858e-01, -2.143374671e-01, -4.290922505e-01
6.40e+01, -2.145529141e-01, -2.147478258e-01, -2.143376292e-01, -4.290922460e-01
6.41e+01, -2.145529053e-01, -2.147476659e-01, -2.143377911e-01, -4.290922415e-01
6.42e+01, -2.145528964e-01, -2.147475062e-01, -2.143379529e-01, -4.290922370e-01
6.43e+01, -2.145528876e-01, -2.147473467e-01, -2.143381144e-01, -4.290922325e-01
6.44e+01, -2.145528789e-01, -2.147471874e-01, -2.143382757e-01, -4.290922280e-01
6.45e+01, -2.145528701e-01, -2.147470283e-01, -2.143384368e-01, -4.290922234e-01
6.46e+01, -2.145528614e-01, -2.147468693e-01, -2.143385977e-01, -4.290922189e-01
6.47e+01, -2.145528526e-01, -2.147467106e-01, -2.143387584e-01, -4.290922144e-01
6.48e+01, -2.145528439e-01, -2.147465520e-01, -2.143389188e-01, -4.290922098e-01
6.49e+01, -2.145528353e-01, -2.147463936e-01, -2.143390791e-01, -4.290922053e-01
6.50e+01, -2.145528266e-01, -2.147462354e-01, -2.143392391e-01, -4.290922007e-01
6.51e+01, -2.145528180e-01, -2.147460774e-01, -2.143393989e-01, -4.290921961e-01
6.52e+01, -2.145528093e-01, -2.147459195e-01, -2.143395585e-01, -4.290921916e-01
6.53e+01, -2.145528007e-01, -2.147457619e-01, -2.143397179e-01, -4.290921870e-01
6.54e+01, -2.145527922e-01, -2.147456045e-01, -2.143398770e-01, -4.290921824e-01
6.55e+01, -2.145527836e-01, -2.147454472e-01, -2.143400360e-01, -4.290921779e-01
6.56e+01, -2.145527751e-01, -2.147452902e-01, -2.143401947e-01, -4.290921733e-01
6.57e+01, -2.145527666e-01, -2.147451333e-01, -2.143403532e-01, -4.290921687e-01
6.58e+01, -2.145527581e-01, -2.147449767e-01, -2.143405114e-01, -4.290921641e-01
6.59e+01, -2.145527496e-01, -2.147448202e-01, -2.143406695e-01, -4.290921596e-01
6.60e+01, -2.145527412e-01, -2.147446640e-01, -2.143408273e-01, -4.290921550e-01
6.61e+01, -2.145527327e-01, -2.147445080e-01, -2.143409849e-01, -4.290921504e-01
6.62e+01, -2.145527243e-01, -2.147443521e-01, -2.143411423e-01, -4.290921458e-01
6.63e+01, -2.145527160e-01, -2.147441965e-01, -2.143412994e-01, -4.290921412e-01
6.64e+01, -2.145527076e-01, -2.147440410e-01, -2.143414564e-01, -4.290921367e-01
6.65e+01, -2.145526993e-01, -2.147438858e-01, -2.143416131e-01, -4.290921321e-01
6.66e+01, -2.145526910e-01, -2.147437308e-01, -2.143417695e-01, -4.290921275e-01
6.67e+01, -2.145526827e-01, -2.147435760e-01, -2.143419258e-01, -4.290921230e-01
6.68e+01, -2.145526744e-01, -2.147434214e-01, -2.143420818e-01, -4.290921184e-01
6.69e+01, -2.145526662e-01, -2.147432669e-01, -2.143422376e-01, -4.290921138e-01
6.70e+01, -2.145526580e-01, -2.147431128e-01, -2.143423932e-01, -4.290921092e-01
6.71e+01, -2.145526498e-01, -2.147429588e-01, -2.143425485e-01, -4.290921047e-01
6.72e+01, -2.145526416e-01, -2.147428050e-01, -2.143427036e-01, -4.290921001e-01
6.73e+01, -2.145526335e-01, -2.147426514e-01, -2.143428585e-01, -4.290920956e-01
6.74e+01, -2.145526253e-01, -2.147424980e-01, -2.143430131e-01, -4.290920910e-01
6.75e+01, -2.145526172e-01, -2.147423449e-01, -2.143431676e-01, -4.290920865e-01
6.76e+01, -2.145526092e-01, -2.147421920e-01, -2.143433217e-01, -4.290920819e-01
6.77e+01, -2.145526011e-01, -2.147420392e-01, -2.143434757e-01, -4.290920774e-01
6.78e+01, -2.145525931e-01, -2.147418867e-01, -2.143436294e-01, -4.290920728e-01
6.79e+01, -2.145525851e-01, -2.147417344e-01, -2.143437830e-01, -4.290920683e-01
6.80e+01, -2.145525771e-01, -2.147415823e-01, -2.143439362e-01, -4.290920638e-01
6.81e+01, -2.145525692e-01, -2.147414304e-01, -2.143440893e-01, -4.290920593e-01
6.82e+01, -2.145525612e-01, -2.147412788e-01, -2.143442421e-01, -4.290920547e-01
6.83e+01, -2.145525533e-01, -2.147411273e-01, -2.143443947e-01, -4.290920502e-01
6.84e+01, -2.145525455e-01, -2.147409761e-01, -2.143445471e-01, -4.290920457e-01
6.85e+01, -2.145525376e-01, -2.147408251e-01, -2.143446992e-01, -4.290920412e-01
6.86e+01, -2.145525298e-01, -2.147406742e-01, -2.143448511e-01, -4.290920367e-01
6.87e+01, -2.145525220e-01, -2.147405236e-01, -2.143450028e-01, -4.290920322e-01
6.88e+01, -2.145525142e-01, -2.147403733e-01, -2.143451542e-01, -4.290920278e-01
6.89e+01, -2.145525064e-01, -2.147402231e-01, -2.143453054e-01, -4.290920233e-01
6.90e+01, -2.145524987e-01, -2.147400731e-01, -2.143454564e-01, -4.290920188e-01
6.91e+01, -2.145524910e-01, -2.147399234e-01, -2.143456072e-01, -4.290920144e-01
6.92e+01, -2.145524833e-01, -2.147397739e-01, -2.143457577e-01, -4.290920099e-01
6.93e+01, -2.145524756e-01, -2.147396246e-01, -2.143459080e-01, -4.290920054e-01
6.94e+01, -2.145524680e-01, -2.147394755e-01, -2.143460581e-01, -4.290920010e-01
6.95e+01, -2.145524604e-01, -2.147393266e-01, -2.143462079e-01, -4.290919966e-01
6.96e+01, -2.145524528e-01, -2.147391779e-01, -2.143463575e-01, -4.290919921e-01
6.97e+01, -2.145524452e-01, -2.147390295e-01, -2.143465069e-01, -4.290919877e-01
6.98e+01, -2.145524377e-01, -2.147388812e-01, -2.143466561e-01, -4.290919833e-01
6.99e+01, -2.145524302e-01, -2.147387332e-01, -2.143468050e-01, -4.290919789e-01
7.00e+01, -2.145524227e-01, -2.147385854e-01, -2.143469537e-01, -4.290919745e-01
7.01e+01, -2.145524152e-01, -2.147384378e-01, -2.143471022e-01, -4.290919701e-01
7.02e+01, -2.145524078e-01, -2.147382904e-01, -2.143472504e-01, -4.290919658e-01
7.03e+01, -2.145524004e-01, -2.147381433e-01, -2.143473984e-01, -4.290919614e-01
7.04e+01, -2.145523930e-01, -2.147379963e-01, -2.143475462e-01, -4.290919570e-01
7.05e+01, -2.145523856e-01, -2.147378496e-01, -2.143476938e-01, -4.290919527e-01
7.06e+01, -2.145523783e-01, -2.147377031e-01, -2.143478412e-01, -4.290919483e-01
7.07e+01, -2.145523710e-01, -2.147375567e-01, -2.143479883e-01, -4.290919440e-01
7.08e+01, -2.145523637e-01, -2.147374107e-01, -2.143481352e-01, -4.290919397e-01
7.09e+01, -2.145523564e-01, -2.147372648e-01, -2.143482819e-01, -4.290919354e-01
7.10e+01, -2.145523492e-01, -2.147371191e-01, -2.143484283e-01, -4.290919311e-01
7.11e+01, -2.145523419e-01, -2.147369737e-01, -2.143485745e-01, -4.290919268e-01
7.12e+01, -2.145523347e-01, -2.147368284e-01, -2.143487205e-01, -4.290919225e-01
7.13e+01, -2.145523276e-01, -2.147366834e-01, -2.143488663e-01, -4.290919182e-01
7.14e+01, -2.145523204e-01, -2.147365386e-01, -2.143490119e-01, -4.290919139e-01
7.15e+01, -2.145523133e-01, -2.147363940e-01, -2.143491572e-01, -4.290919097e-01
7.16e+01, -2.145523062e-01, -2.147362496e-01, -2.143493023e-01, -4.290919054e-01
7.17e+01, -2.145522991e-01, -2.147361054e-01, -2.143494472e-01, -4.290919012e-01
7.18e+01, -2.145522921e-01, -2.147359614e-01, -2.143495919e-01, -4.290918969e-01
7.19e+01, -2.145522850e-01, -2.147358177e-01, -2.143497364e-01, -4.290918927e-01
7.20e+01, -2.145522780e-01, -2.147356741e-01, -2.143498806e-01, -4.290918885e-01
7.21e+01, -2.145522710e-01, -2.147355308e-01, -2.143500246e-01, -4.290918843e-01
7.22e+01, -2.145522641e-01, -2.147353877e-01, -2.143501684e-01, -4.290918801e-01
7.23e+01, -2.145522572e-01, -2.147352448e-01, -2.143503120e-01, -4.290918759e-01
7.24e+01, -2.145522502e-01, -2.147351021e-01, -2.143504553e-01, -4.290918718e-01
7.25e+01, -2.145522434e-01, -2.147349596e-01, -2.143505985e-01, -4.290918676e-01
7.26e+01, -2.145522365e-01, -2.147348173e-01, -2.143507414e-01, -4.290918635e-01
7.27e+01, -2.145522297e-01, -2.147346752e-01, -2.143508841e-01, -4.290918593e-01
7.28e+01, -2.145522228e-01, -2.147345333e-01, -2.143510266e-01, -4.290918552e-01
7.29e+01, -2.145522161e-01, -2.147343917e-01, -2.143511689e-01, -4.290918511e-01
7.30e+01, -2.145522093e-01, -2.147342502e-01, -2.143513109e-01, -4.290918470e-01
7.31e+01, -2.145522025e-01, -2.147341090e-01, -2.143514528e-01, -4.290918429e-01
7.32e+01, -2.145521958e-01, -2.147339679e-01, -2.143515944e-01, -4.290918388e-01
7.33e+01, -2.145521891e-01, -2.147338271e-01, -2.143517358e-01, -4.290918347e-01
7.34e+01, -2.145521824e-01, -2.147336865e-01, -2.143518771e-01, -4.290918307e-01
7.35e+01, -2.145521758e-01, -2.147335461e-01, -2.143520181e-01, -4.290918266e-01
7.36e+01, -2.145521692e-01, -2.147334058e-01, -2.143521588e-01, -4.290918226e-01
7.37e+01, -2.145521626e-01, -2.147332658e-01, -2.143522994e-01, -4.290918185e-01
7.38e+01, -2.145521560e-01, -2.147331260e-01, -2.143524398e-01, -4.290918145e-01
7.39e+01, -2.145521494e-01, -2.147329864e-01, -2.143525799e-01, -4.290918105e-01
7.40e+01, -2.145521429e-01, -2.147328470e-01, -2.143527199e-01, -4.290918065e-01
7.41e+01, -2.145521364e-01, -2.147327078e-01, -2.143528596e-01, -4.290918025e-01
7.42e+01, -2.145521299e-01, -2.147325688e-01, -2.143529991e-01, -4.290917985e-01
7.43e+01, -2.145521234e-01, -2.147324300e-01, -2.143531384e-01, -4.290917946e-01
7.44e+01, -2.145521169e-01, -2.147322915e-01, -2.143532776e-01, -4.290917906e-01
7.45e+01, -2.145521105e-01, -2.147321531e-01, -2.143534165e-01, -4.290917867e-01
7.46e+01, -2.145521041e-01, -2.147320149e-01, -2.143535552e-01, -4.290917828e-01
7.47e+01, -2.145520977e-01, -2.147318769e-01, -2.143536937e-01, -4.290917788e-01
7.48e+01, -2.145520914e-01, -2.147317391e-01, -2.143538319e-01, -4.290917749e-01
7.49e+01, -2.145520850e-01, -2.147316015e-01, -2.143539700e-01, -4.290917710e-01
7.50e+01, -2.145520787e-01, -2.147314641e-01, -2.143541079e-01, -4.290917672e-01
7.51e+01, -2.145520724e-01, -2.147313269e-01, -2.143542456e-01, -4.290917633e-01
7.52e+01, -2.145520661e-01, -2.147311899e-01, -2.143543831e-01, -4.290917594e-01
7.53e+01, -2.145520599e-01, -2.147310531e-01, -2.143545203e-01, -4.290917556e-01
7.54e+01, -2.145520537e-01, -2.147309165e-01, -2.143546574e-01, -4.290917517e-01
7.55e+01, -2.145520475e-01, -2.147307801e-01, -2.143547943e-01, -4.290917479e-01
7.56e+01, -2.145520413e-01, -2.147306439e-01, -2.143549309e-01, -4.290917441e-01
7.57e+01, -2.145520351e-01, -2.147305079e-01, -2.143550674e-01, -4.290917403e-01
7.58e+01, -2.145520290e-01, -2.147303721e-01, -2.143552037e-01, -4.290917365e-01
7.59e+01, -2.145520228e-01, -2.147302365e-01, -2.143553398e-01, -4.290917327e-01
7.60e+01, -2.145520167e-01, -2.147301011e-01, -2.143554756e-01, -4.290917290e-01
7.61e+01, -2.145520107e-01, -2.147299658e-01, -2.143556113e-01, -4.290917252e-01
7.62e+01, -2.145520046e-01, -2.147298308e-01, -2.143557468e-01, -4.290917215e-01
7.63e+01, -2.145519986e-01, -2.147296959e-01, -2.143558821e-01, -4.290917177e-01
7.64e+01, -2.145519926e-01, -2.147295613e-01, -2.143560172e-01, -4.290917140e-01
7.65e+01, -2.145519866e-01, -2.147294268e-01, -2.143561521e-01, -4.290917103e-01
7.66e+01, -2.145519806e-01, -2.147292925e-01, -2.143562868e-01, -4.290917066e-01
7.67e+01, -2.145519746e-01, -2.147291584e-01, -2.143564213e-01, -4.290917029e-01
7.68e+01, -2.145519687e-01, -2.147290246e-01, -2.143565556e-01, -4.290916992e-01
7.69e+01, -2.145519628e-01, -2.147288908e-01, -2.143566897e-01, -4.290916956e-01
7.70e+01, -2.145519569e-01, -2.147287573e-01, -2.143568237e-01, -4.290916919e-01
7.71e+01, -2.145519510e-01, -2.147286240e-01, -2.143569574e-01, -4.290916883e-01
7.72e+01, -2.145519452e-01, -2.147284909e-01, -2.143570909e-01, -4.290916846e-01
7.73e+01, -2.145519393e-01, -2.147283579e-01, -2.143572243e-01, -4.290916810e-01
7.74e+01, -2.145519335e-01, -2.147282251e-01, -2.143573575e-01, -4.290916774e-01
7.75e+01, -2.145519277e-01, -2.147280925e-01, -2.143574905e-01, -4.290916738e-01
7.76e+01, -2.145519220e-01, -2.147279601e-01, -2.143576233e-01, -4.290916703e-01
7.77e+01, -2.145519162e-01, -2.147278279e-01, -2.143577559e-01, -4.290916667e-01
7.78e+01, -2.145519105e-01, -2.147276959e-01, -2.143578883e-01, -4.290916631e-01
7.79e+01, -2.145519048e-01, -2.147275641e-01, -2.143580205e-01, -4.290916596e-01
7.80e+01, -2.145518991e-01, -2.147274324e-01, -2.143581526e-01, -4.290916560e-01
7.81e+01, -2.145518934e-01, -2.147273009e-01, -2.143582845e-01, -4.290916525e-01
7.82e+01, -2.145518877e-01, -2.147271696e-01, -2.143584161e-01, -4.290916490e-01
7.83e+01, -2.145518821e-01, -2.147270385e-01, -2.143585476e-01, -4.290916455e-01
7.84e+01, -2.145518765e-01, -2.147269076e-01, -2.143586790e-01, -4.290916420e-01
7.85e+01, -2.145518709e-01, -2.147267768e-01, -2.143588101e-01, -4.290916385e-01
7.86e+01, -2.145518653e-01, -2.147266462e-01, -2.143589411e-01, -4.290916351e-01
7.87e+01, -2.145518598e-01, -2.147265158e-01, -2.143590718e-01, -4.290916316e-01
7.88e+01, -2.145518542e-01, -2.147263856e-01, -2.143592024e-01, -4.290916282e-01
7.89e+01, -2.145518487e-01, -2.147262556e-01, -2.143593328e-01, -4.290916248e-01
7.90e+01, -2.145518432e-01, -2.147261257e-01, -2.143594631e-01, -4.290916213e-01
7.91e+01, -2.145518377e-01, -2.147259960e-01, -2.143595931e-01, -4.290916179e-01
7.92e+01, -2.145518323e-01, -2.147258665e-01, -2.143597230e-01, -4.290916145e-01
7.93e+01, -2.145518268e-01, -2.147257372e-01, -2.143598527e-01, -4.290916112e-01
7.94e+01, -2.145518214e-01, -2.147256081e-01, -2.143599822e-01, -4.290916078e-01
7.95e+01, -2.145518160e-01, -2.147254791e-01, -2.143601116e-01, -4.290916044e-01
7.96e+01, -2.145518106e-01, -2.147253503e-01, -2.143602408e-01, -4.290916011e-01
7.97e+01, -2.145518052e-01, -2.147252216e-01, -2.143603698e-01, -4.290915977e-01
7.98e+01, -2.145517999e-01, -2.147250932e-01, -2.143604986e-01, -4.290915944e-01
7.99e+01, -2.145517945e-01, -2.147249649e-01, -2.143606272e-01, -4.290915911e-01
8.00e+01, -2.145517892e-01, -2.147248368e-01, -2.143607557e-01, -4.290915878e-01
8.01e+01, -2.145517839e-01, -2.147247088e-01, -2.143608840e-01, -4.290915845e-01
8.02e+01, -2.145517786e-01, -2.147245811e-01, -2.143610122e-01, -4.290915812e-01
8.03e+01, -2.145517734e-01, -2.147244535e-01, -2.143611401e-01, -4.290915780e-01
8.04e+01, -2.145517681e-01, -2.147243260e-01, -2.143612679e-01, -4.290915747e-01
8.05e+01, -2.145517629e-01, -2.147241988e-01, -2.143613955e-01, -4.290915715e-01
8.06e+01, -2.145517577e-01, -2.147240717e-01, -2.143615230e-01, -4.290915682e-01
8.07e+01, -2.145517525e-01, -2.147239448e-01, -2.143616503e-01, -4.290915650e-01
8.08e+01, -2.145517473e-01, -2.147238180e-01, -2.143617774e-01, -4.290915618e-01
8.09e+01, -2.145517422e-01, -2.147236914e-01, -2.143619043e-01, -4.290915586e-01
8.10e+01, -2.145517370e-01, -2.147235650e-01, -2.143620311e-01, -4.290915554e-01
8.11e+01, -2.145517319e-01, -2.147234387e-01, -2.143621577e-01, -4.290915522e-01
8.12e+01, -2.145517268e-01, -2.147233126e-01, -2.143622842e-01, -4.290915491e-01
8.13e+01, -2.145517217e-01, -2.147231867e-01, -2.143624105e-01, -4.290915459e-01
8.14e+01, -2.145517166e-01, -2.147230610e-01, -2.143625366e-01, -4.290915428e-01
8.15e+01, -2.145517116e-01, -2.147229354e-01, -2.143626626e-01, -4.290915397e-01
8.16e+01, -2.145517065e-01, -2.147228099e-01, -2.143627884e-01, -4.290915365e-01
8.17e+01, -2.145517015e-01, -2.147226847e-01, -2.143629140e-01, -4.290915334e-01
8.18e+01, -2.145516965e-01, -2.147225596e-01, -2.143630395e-01, -4.290915303e-01
8.19e+01, -2.145516915e-01, -2.147224346e-01, -2.143631648e-01, -4.290915273e-01
8.20e+01, -2.145516865e-01, -2.147223098e-01, -2.143632899e-01, -4.290915242e-01
8.21e+01, -2.145516816e-01, -2.147221852e-01, -2.143634149e-01, -4.290915211e-01
8.22e+01, -2.145516766e-01, -2.147220607e-01, -2.143635397e-01, -4.290915181e-01
8.23e+01, -2.145516717e-01, -2.147219364e-01, -2.143636644e-01, -4.290915150e-01
8.24e+01, -2.145516668e-01, -2.147218123e-01, -2.143637889e-01, -4.290915120e-01
8.25e+01, -2.145516619e-01, -2.147216883e-01, -2.143639132e-01, -4.290915090e-01
8.26e+01, -2.145516570e-01, -2.147215645e-01, -2.143640374e-01, -4.290915060e-01
8.27e+01, -2.145516522e-01, -2.147214408e-01, -2.143641615e-01, -4.290915030e-01
8.28e+01, -2.145516473e-01, -2.147213173e-01, -2.143642854e-01, -4.290915000e-01
8.29e+01, -2.145516425e-01, -2.147211940e-01, -2.143644091e-01, -4.290914970e-01
8.30e+01, -2.145516377e-01, -2.147210708e-01, -2.143645326e-01, -4.290914941e-01
8.31e+01, -2.145516329e-01, -2.147209477e-01, -2.143646561e-01, -4.290914911e-01
8.32e+01, -2.145516281e-01, -2.147208248e-01, -2.143647793e-01, -4.290914882e-01
8.33e+01, -2.145516233e-01, -2.147207021e-01, -2.143649024e-01, -4.290914852e-01
8.34e+01, -2.145516186e-01, -2.147205795e-01, -2.143650254e-01, -4.290914823e-01
8.35e+01, -2.145516139e-01, -2.147204571e-01, -2.143651482e-01, -4.290914794e-01
8.36e+01, -2.145516091e-01, -2.147203348e-01, -2.143652708e-01, -4.290914765e-01
8.37e+01, -2.145516044e-01, -2.147202127e-01, -2.143653933e-01, -4.290914736e-01
8.38e+01, -2.145515997e-01, -2.147200907e-01, -2.143655157e-01, -4.290914708e-01
8.39e+01, -2.145515951e-01, -2.147199689e-01, -2.143656379e-01, -4.290914679e-01
8.40e+01, -2.145515904e-01, -2.147198472e-01, -2.143657599e-01, -4.290914650e-01
8.41e+01, -2.145515858e-01, -2.147197257e-01, -2.143658818e-01, -4.290914622e-01
8.42e+01, -2.145515811e-01, -2.147196044e-01, -2.143660036e-01, -4.290914594e-01
8.43e+01, -2.145515765e-01, -2.147194831e-01, -2.143661252e-01, -4.290914565e-01
8.44e+01, -2.145515719e-01, -2.147193621e-01, -2.143662466e-01, -4.290914537e-01
8.45e+01, -2.145515673e-01, -2.147192412e-01, -2.143663679e-01, -4.290914509e-01
8.46e+01, -2.145515628e-01, -2.147191204e-01, -2.143664891e-01, -4.290914481e-01
8.47e+01, -2.145515582e-01, -2.147189998e-01, -2.143666101e-01, -4.290914454e-01
8.48e+01, -2.145515537e-01, -2.147188793e-01, -2.143667310e-01, -4.290914426e-01
8.49e+01, -2.145515491e-01, -2.147187590e-01, -2.143668517e-01, -4.290914398e-01
8.50e+01, -2.145515446e-01, -2.147186388e-01, -2.143669723e-01, -4.290914371e-01
8.51e+01, -2.145515401e-01, -2.147185187e-01, -2.143670927e-01, -4.290914344e-01
8.52e+01, -2.145515356e-01, -2.147183989e-01, -2.143672130e-01, -4.290914316e-01
8.53e+01, -2.145515312e-01, -2.147182791e-01, -2.143673331e-01, -4.290914289e-01
8.54e+01, -2.145515267e-01, -2.147181595e-01, -2.143674531e-01, -4.290914262e-01
8.55e+01, -2.145515223e-01, -2.147180400e-01, -2.143675730e-01, -4.290914235e-01
8.56e+01, -2.145515178e-01, -2.147179207e-01, -2.143676927e-01, -4.290914208e-01
8.57e+01, -2.145515134e-01, -2.147178016e-01, -2.143678123e-01, -4.290914182e-01
8.58e+01, -2.145515090e-01, -2.147176825e-01, -2.143679317e-01, -4.290914155e-01
8.59e+01, -2.145515046e-01, -2.147175636e-01, -2.143680510e-01, -4.290914129e-01
8.60e+01, -2.145515002e-01, -2.147174449e-01, -2.143681702e-01, -4.290914102e-01
8.61e+01, -2.145514959e-01, -2.147173263e-01, -2.143682892e-01, -4.290914076e-01
8.62e+01, -2.145514915e-01, -2.147172078e-01, -2.143684081e-01, -4.290914050e-01
8.63e+01, -2.145514872e-01, -2.147170895e-01, -2.143685268e-01, -4.290914023e-01
8.64e+01, -2.145514829e-01, -2.147169713e-01, -2.143686455e-01, -4.290913997e-01
8.65e+01, -2.145514786e-01, -2.147168532e-01, -2.143687639e-01, -4.290913972e-01
8.66e+01, -2.145514743e-01, -2.147167353e-01, -2.143688823e-01, -4.290913946e-01
8.67e+01, -2.145514700e-01, -2.147166176e-01, -2.143690005e-01, -4.290913920e-01
8.68e+01, -2.145514657e-01, -2.147164999e-01, -2.143691185e-01, -4.290913894e-01
8.69e+01, -2.145514615e-01, -2.147163824e-01, -2.143692364e-01, -4.290913869e-01
8.70e+01, -2.145514572e-01, -2.147162651e-01, -2.143693542e-01, -4.290913844e-01
8.71e+01, -2.145514530e-01, -2.147161478e-01, -2.143694719e-01, -4.290913818e-01
8.72e+01, -2.145514488e-01, -2.147160308e-01, -2.143695894e-01, -4.290913793e-01
8.73e+01, -2.145514446e-01, -2.147159138e-01, -2.143697068e-01, -4.290913768e-01
8.74e+01, -2.145514404e-01, -2.147157970e-01, -2.143698241e-01, -4.290913743e-01
8.75e+01, -2.145514362e-01, -2.147156803e-01, -2.143699412e-01, -4.290913718e-01
8.76e+01, -2.145514321e-01, -2.147155637e-01, -2.143700582e-01, -4.290913693e-01
8.77e+01, -2.145514279e-01, -2.147154473e-01, -2.143701751e-01, -4.290913669e-01
8.78e+01, -2.145514238e-01, -2.147153310e-01, -2.143702918e-01, -4.290913644e-01
8.79e+01, -2.145514196e-01, -2.147152149e-01, -2.143704084e-01, -4.290913620e-01
8.80e+01, -2.145514155e-01, -2.147150989e-01, -2.143705249e-01, -4.290913595e-01
8.81e+01, -2.145514114e-01, -2.147149830e-01, -2.143706412e-01, -4.290913571e-01
8.82e+01, -2.145514073e-01, -2.147148672e-01, -2.143707574e-01, -4.290913547e-01
8.83e+01, -2.145514032e-01, -2.147147516e-01, -2.143708735e-01, -4.290913523e-01
8.84e+01, -2.145513992e-01, -2.147146361e-01, -2.143709895e-01, -4.290913499e-01
8.85e+01, -2.145513951e-01, -2.147145207e-01, -2.143711053e-01, -4.290913475e-01
8.86e+01, -2.145513911e-01, -2.147144055e-01, -2.143712210e-01, -4.290913451e-01
8.87e+01, -2.145513871e-01, -2.147142904e-01, -2.143713366e-01, -4.290913427e-01
8.88e+01, -2.145513830e-01, -2.147141754e-01, -2.143714521e-01, -4.290913403e-01
8.89e+01, -2.145513790e-01, -2.147140606e-01, -2.143715674e-01, -4.290913380e-01
8.90e+01, -2.145513750e-01, -2.147139459e-01, -2.143716826e-01, -4.290913357e-01
8.91e+01, -2.145513711e-01, -2.147138313e-01, -2.143717977e-01, -4.290913333e-01
8.92e+01, -2.145513671e-01, -2.147137168e-01, -2.143719126e-01, -4.290913310e-01
8.93e+01, -2.145513631e-01, -2.147136025e-01, -2.143720274e-01, -4.290913287e-01
8.94e+01, -2.145513592e-01, -2.147134882e-01, -2.143721421e-01, -4.290913264e-01
8.95e+01, -2.145513552e-01, -2.147133742e-01, -2.143722567e-01, -4.290913241e-01
8.96e+01, -2.145513513e-01, -2.147132602e-01, -2.143723712e-01, -4.290913218e-01
8.97e+01, -2.145513474e-01, -2.147131464e-01, -2.143724855e-01, -4.290913195e-01
8.98e+01, -2.145513435e-01, -2.147130326e-01, -2.143725997e-01, -4.290913172e-01
8.99e+01, -2.145513396e-01, -2.147129191e-01, -2.143727138e-01, -4.290913150e-01
9.00e+01, -2.145513357e-01, -2.147128056e-01, -2.143728278e-01, -4.290913127e-01
9.01e+01, -2.145513319e-01, -2.147126923e-01, -2.143729416e-01, -4.290913105e-01
9.02e+01, -2.145513280e-01, -2.147125790e-01, -2.143730554e-01, -4.290913083e-01
9.03e+01, -2.145513242e-01, -2.147124659e-01, -2.143731690e-01, -4.290913061e-01
9.04e+01, -2.145513203e-01, -2.147123530e-01, -2.143732825e-01, -4.290913038e-01
9.05e+01, -2.145513165e-01, -2.147122401e-01, -2.143733958e-01, -4.290913016e-01
9.06e+01, -2.145513127e-01, -2.147121274e-01, -2.143735091e-01, -4.290912994e-01
9.07e+01, -2.145513089e-01, -2.147120148e-01, -2.143736222e-01, -4.290912973e-01
9.08e+01, -2.145513051e-01, -2.147119023e-01, -2.143737352e-01, -4.290912951e-01
9.09e+01, -2.145513013e-01, -2.147117899e-01, -2.143738481e-01, -4.290912929e-01
9.10e+01, -2.145512976e-01, -2.147116777e-01, -2.143739609e-01, -4.290912908e-01
9.11e+01, -2.145512938e-01, -2.147115656e-01, -2.143740736e-01, -4.290912886e-01
9.12e+01, -2.145512901e-01, -2.147114535e-01, -2.143741861e-01, -4.290912865e-01
9.13e+01, -2.145512863e-01, -2.147113417e-01, -2.143742985e-01, -4.290912844e-01
9.14e+01, -2.145512826e-01, -2.147112299e-01, -2.143744109e-01, -4.290912822e-01
9.15e+01, -2.145512789e-01, -2.147111182e-01, -2.143745230e-01, -4.290912801e-01
9.16e+01, -2.145512752e-01, -2.147110067e-01, -2.143746351e-01, -4.290912780e-01
9.17e+01, -2.145512715e-01, -2.147108953e-01, -2.143747471e-01, -4.290912759e-01
9.18e+01, -2.145512678e-01, -2.147107840e-01, -2.143748590e-01, -4.290912738e-01
9.19e+01, -2.145512641e-01, -2.147106728e-01, -2.143749707e-01, -4.290912718e-01
9.20e+01, -2.145512605e-01, -2.147105617e-01, -2.143750823e-01, -4.290912697e-01
9.21e+01, -2.145512568e-01, -2.147104508e-01, -2.143751938e-01, -4.290912676e-01
9.22e+01, -2.145512532e-01, -2.147103399e-01, -2.143753053e-01, -4.290912656e-01
9.23e+01, -2.145512495e-01, -2.147102292e-01, -2.143754165e-01, -4.290912635e-01
9.24e+01, -2.145512459e-01, -2.147101186e-01, -2.143755277e-01, -4.290912615e-01
9.25e+01, -2.145512423e-01, -2.147100081e-01, -2.143756388e-01, -4.290912595e-01
9.26e+01, -2.145512387e-01, -2.147098978e-01, -2.143757497e-01, -4.290912575e-01
9.27e+01, -2.145512351e-01, -2.147097875e-01, -2.143758606e-01, -4.290912555e-01
9.28e+01, -2.145512315e-01, -2.147096773e-01, -2.143759713e-01, -4.290912535e-01
9.29e+01, -2.145512280e-01, -2.147095673e-01, -2.143760819e-01, -4.290912515e-01
9.30e+01, -2.145512244e-01, -2.147094574e-01, -2.143761925e-01, -4.290912495e-01
9.31e+01, -2.145512209e-01, -2.147093476e-01, -2.143763029e-01, -4.290912475e-01
9.32e+01, -2.145512173e-01, -2.147092379e-01, -2.143764132e-01, -4.290912456e-01
9.33e+01, -2.145512138e-01, -2.147091283e-01, -2.143765234e-01, -4.290912436e-01
9.34e+01, -2.145512103e-01, -2.147090188e-01, -2.143766334e-01, -4.290912417e-01
9.35e+01, -2.145512067e-01, -2.147089094e-01, -2.143767434e-01, -4.290912397e-01
9.36e+01, -2.145512032e-01, -2.147088002e-01, -2.143768533e-01, -4.290912378e-01
9.37e+01, -2.145511997e-01, -2.147086910e-01, -2.143769630e-01, -4.290912359e-01
9.38e+01, -2.145511963e-01, -2.147085820e-01, -2.143770727e-01, -4.290912340e-01
9.39e+01, -2.145511928e-01, -2.147084731e-01, -2.143771822e-01, -4.290912321e-01
9.40e+01, -2.145511893e-01, -2.147083643e-01, -2.143772917e-01, -4.290912302e-01
9.41e+01, -2.145511859e-01, -2.147082556e-01, -2.143774010e-01, -4.290912283e-01
9.42e+01, -2.145511824e-01, -2.147081470e-01, -2.143775102e-01, -4.290912264e-01
9.43e+01, -2.145511790e-01, -2.147080385e-01, -2.143776193e-01, -4.290912245e-01
9.44e+01, -2.145511755e-01, -2.147079301e-01, -2.143777283e-01, -4.290912227e-01
9.45e+01, -2.145511721e-01, -2.147078218e-01, -2.143778373e-01, -4.290912208e-01
9.46e+01, -2.145511687e-01, -2.147077137e-01, -2.143779461e-01, -4.290912190e-01
9.47e+01, -2.145511653e-01, -2.147076056e-01, -2.143780548e-01, -4.290912171e-01
9.48e+01, -2.145511619e-01, -2.147074977e-01, -2.143781634e-01, -4.290912153e-01
9.49e+01, -2.145511585e-01, -2.147073898e-01, -2.143782719e-01, -4.290912135e-01
9.50e+01, -2.145511552e-01, -2.147072821e-01, -2.143783802e-01, -4.290912117e-01
9.51e+01, -2.145511518e-01, -2.147071744e-01, -2.143784885e-01, -4.290912098e-01
9.52e+01, -2.145511485e-01, -2.147070669e-01, -2.143785967e-01, -4.290912080e-01
9.53e+01, -2.145511451e-01, -2.147069595e-01, -2.143787048e-01, -4.290912063e-01
9.54e+01, -2.145511418e-01, -2.147068522e-01, -2.143788128e-01, -4.290912045e-01
9.55e+01, -2.145511384e-01, -2.147067450e-01, -2.143789207e-01, -4.290912027e-01
9.56e+01, -2.145511351e-01, -2.147066378e-01, -2.143790284e-01, -4.290912009e-01
9.57e+01, -2.145511318e-01, -2.147065308e-01, -2.143791361e-01, -4.290911992e-01
9.58e+01, -2.145511285e-01, -2.147064239e-01, -2.143792437e-01, -4.290911974e-01
9.59e+01, -2.145511252e-01, -2.147063171e-01, -2.143793512e-01, -4.290911957e-01
9.60e+01, -2.145511219e-01, -2.147062104e-01, -2.143794586e-01, -4.290911940e-01
9.61e+01, -2.145511186e-01, -2.147061039e-01, -2.143795658e-01, -4.290911922e-01
9.62e+01, -2.145511154e-01, -2.147059974e-01, -2.143796730e-01, -4.290911905e-01
9.63e+01, -2.145511121e-01, -2.147058910e-01, -2.143797801e-01, -4.290911888e-01
9.64e+01, -2.145511089e-01, -2.147057847e-01, -2.143798871e-01, -4.290911871e-01
9.65e+01, -2.145511056e-01, -2.147056785e-01, -2.143799940e-01, -4.290911854e-01
9.66e+01, -2.145511024e-01, -2.147055724e-01, -2.143801007e-01, -4.290911837e-01
9.67e+01, -2.145510992e-01, -2.147054664e-01, -2.143802074e-01, -4.290911820e-01
9.68e+01, -2.145510959e-01, -2.147053606e-01, -2.143803140e-01, -4.290911804e-01
9.69e+01, -2.145510927e-01, -2.147052548e-01, -2.143804205e-01, -4.290911787e-01
9.70e+01, -2.145510895e-01, -2.147051491e-01, -2.143805269e-01, -4.290911770e-01
9.71e+01, -2.145510863e-01, -2.147050435e-01, -2.143806332e-01, -4.290911754e-01
9.72e+01, -2.145510832e-01, -2.147049380e-01, -2.143807394e-01, -4.290911737e-01
9.73e+01, -2.145510800e-01, -2.147048327e-01, -2.143808455e-01, -4.290911721e-01
9.74e+01, -2.145510768e-01, -2.147047274e-01, -2.143809515e-01, -4.290911705e-01
9.75e+01, -2.145510737e-01, -2.147046222e-01, -2.143810574e-01, -4.290911689e-01
9.76e+01, -2.145510705e-01, -2.147045171e-01, -2.143811632e-01, -4.290911672e-01
9.77e+01, -2.145510674e-01, -2.147044121e-01, -2.143812690e-01, -4.290911656e-01
9.78e+01, -2.145510642e-01, -2.147043072e-01, -2.143813746e-01, -4.290911640e-01
9.79e+01, -2.145510611e-01, -2.147042025e-01, -2.143814801e-01, -4.290911625e-01
9.80e+01, -2.145510580e-01, -2.147040978e-01, -2.143815856e-01, -4.290911609e-01
9.81e+01, -2.145510549e-01, -2.147039932e-01, -2.143816909e-01, -4.290911593e-01
9.82e+01, -2.145510518e-01, -2.147038887e-01, -2.143817962e-01, -4.290911577e-01
9.83e+01, -2.145510487e-01, -2.147037843e-01, -2.143819013e-01, -4.290911562e-01
9.84e+01, -2.145510456e-01, -2.147036800e-01, -2.143820064e-01, -4.290911546e-01
9.85e+01, -2.145510425e-01, -2.147035757e-01, -2.143821113e-01, -4.290911531e-01
9.86e+01, -2.145510394e-01, -2.147034716e-01, -2.143822162e-01, -4.290911515e-01
9.87e+01, -2.145510364e-01, -2.147033676e-01, -2.143823210e-01, -4.290911500e-01
9.88e+01, -2.145510333e-01, -2.147032637e-01, -2.143824257e-01, -4.290911485e-01
9.89e+01, -2.145510303e-01, -2.147031599e-01, -2.143825303e-01, -4.290911470e-01
9.90e+01, -2.145510272e-01, -2.147030561e-01, -2.143826348e-01, -4.290911454e-01
9.91e+01, -2.145510242e-01, -2.147029525e-01, -2.143827392e-01, -4.290911439e-01
9.92e+01, -2.145510212e-01, -2.147028490e-01, -2.143828436e-01, -4.290911424e-01
9.93e+01, -2.145510181e-01, -2.147027455e-01, -2.143829478e-01, -4.290911410e-01
9.94e+01, -2.145510151e-01, -2.147026421e-01, -2.143830519e-01, -4.290911395e-01
9.95e+01, -2.145510121e-01, -2.147025389e-01, -2.143831560e-01, -4.290911380e-01
9.96e+01, -2.145510091e-01, -2.147024357e-01, -2.143832600e-01, -4.290911365e-01
9.97e+01, -2.145510061e-01, -2.147023326e-01, -2.143833638e-01, -4.290911351e-01
9.98e+01, -2.145510031e-01, -2.147022297e-01, -2.143834676e-01, -4.290911336e-01
9.99e+01, -2.145510002e-01, -2.147021268e-01, -2.143835713e-01, -4.290911322e-01
1.00e+02, -2.145509972e-01, -2.147020240e-01, -2.143836749e-01, -4.290911307e-01
