0.00e+00, -1.874999180e-04, -1.874999180e-04, -1.874999180e-04, -3.749998359e-04
1.00e-01, -1.886918315e-02, -1.886918466e-02, -1.886918215e-02, -3.773836664e-02
2.00e-01, -3.715808645e-02, -3.715809223e-02, -3.715808256e-02, -7.431617416e-02
3.00e-01, -5.470362730e-02, -5.470363840e-02, -5.470361947e-02, -1.094072568e-01
4.00e-01, -7.122212849e-02, -7.122214552e-02, -7.122211592e-02, -1.424442599e-01
5.00e-01, -8.651289027e-02, -8.651291349e-02, -8.651287231e-02, -1.730257840e-01
6.00e-01, -1.004605153e-01, -1.004605448e-01, -1.004604915e-01, -2.009210344e-01
7.00e-01, -1.130263179e-01, -1.130263534e-01, -1.130262880e-01, -2.260526395e-01
8.00e-01, -1.242332779e-01, -1.242333192e-01, -1.242332417e-01, -2.484665592e-01
9.00e-01, -1.341488587e-01, -1.341489055e-01, -1.341488164e-01, -2.682977204e-01
1.00e+00, -1.428688348e-01, -1.428688866e-01, -1.428687863e-01, -2.857376718e-01
1.10e+00, -1.505038556e-01, -1.505039120e-01, -1.505038012e-01, -3.010077125e-01
1.20e+00, -1.571693165e-01, -1.571693771e-01, -1.571692565e-01, -3.143386334e-01
1.30e+00, -1.629783637e-01, -1.629784281e-01, -1.629782984e-01, -3.259567268e-01
1.40e+00, -1.680375023e-01, -1.680375700e-01, -1.680374320e-01, -3.360750029e-01
1.50e+00, -1.724441801e-01, -1.724442509e-01, -1.724441051e-01, -3.448883575e-01
1.60e+00, -1.762857647e-01, -1.762858382e-01, -1.762856854e-01, -3.525715256e-01
1.70e+00, -1.796394388e-01, -1.796395147e-01, -1.796393554e-01, -3.592788726e-01
1.80e+00, -1.825726570e-01, -1.825727351e-01, -1.825725698e-01, -3.651453080e-01
1.90e+00, -1.851439122e-01, -1.851439923e-01, -1.851438215e-01, -3.702878174e-01
2.00e+00, -1.874036410e-01, -1.874037229e-01, -1.874035470e-01, -3.748072739e-01
2.10e+00, -1.893951615e-01, -1.893952450e-01, -1.893950645e-01, -3.787903140e-01
2.20e+00, -1.911555790e-01, -1.911556640e-01, -1.911554792e-01, -3.823111481e-01
2.30e+00, -1.927166239e-01, -1.927167103e-01, -1.927165215e-01, -3.854332371e-01
2.40e+00, -1.941054063e-01, -1.941054940e-01, -1.941053014e-01, -3.882108012e-01
2.50e+00, -1.953450824e-01, -1.953451712e-01, -1.953449752e-01, -3.906901525e-01
2.60e+00, -1.964554352e-01, -1.964555251e-01, -1.964553258e-01, -3.929108574e-01
2.70e+00, -1.974533762e-01, -1.974534671e-01, -1.974532648e-01, -3.949067388e-01
2.80e+00, -1.983533752e-01, -1.983534670e-01, -1.983532618e-01, -3.967067360e-01
2.90e+00, -1.991678269e-01, -1.991679197e-01, -1.991677118e-01, -3.983356389e-01
3.00e+00, -1.999073633e-01, -1.999074569e-01, -1.999072465e-01, -3.998147112e-01
3.10e+00, -2.005811179e-01, -2.005812123e-01, -2.005809995e-01, -4.011622198e-01
3.20e+00, -2.011969500e-01, -2.011970452e-01, -2.011968300e-01, -4.023938835e-01
3.30e+00, -2.017616345e-01, -2.017617304e-01, -2.017615131e-01, -4.035232520e-01
3.40e+00, -2.022810223e-01, -2.022811190e-01, -2.022808995e-01, -4.045620272e-01
3.50e+00, -2.027601765e-01, -2.027602738e-01, -2.027600523e-01, -4.055203351e-01
3.60e+00, -2.032034869e-01, -2.032035849e-01, -2.032033615e-01, -4.064069555e-01
3.70e+00, -2.036147680e-01, -2.036148666e-01, -2.036146413e-01, -4.072295172e-01
3.80e+00, -2.039973411e-01, -2.039974403e-01, -2.039972133e-01, -4.079946631e-01
3.90e+00, -2.043541049e-01, -2.043542046e-01, -2.043539760e-01, -4.087081903e-01
4.00e+00, -2.046875946e-01, -2.046876949e-01, -2.046874647e-01, -4.093751694e-01
4.10e+00, -2.050000329e-01, -2.050001338e-01, -2.049999020e-01, -4.100000458e-01
4.20e+00, -2.052933730e-01, -2.052934745e-01, -2.052932412e-01, -4.105867258e-01
4.30e+00, -2.055693355e-01, -2.055694374e-01, -2.055692027e-01, -4.111386504e-01
4.40e+00, -2.058294394e-01, -2.058295419e-01, -2.058293058e-01, -4.116588581e-01
4.50e+00, -2.060750297e-01, -2.060751327e-01, -2.060748952e-01, -4.121500384e-01
4.60e+00, -2.063072998e-01, -2.063074033e-01, -2.063071645e-01, -4.126145784e-01
4.70e+00, -2.065273114e-01, -2.065274153e-01, -2.065271753e-01, -4.130546014e-01
4.80e+00, -2.067360116e-01, -2.067361159e-01, -2.067358748e-01, -4.134720015e-01
4.90e+00, -2.069342473e-01, -2.069343520e-01, -2.069341097e-01, -4.138684727e-01
5.00e+00, -2.071227777e-01, -2.071228829e-01, -2.071226395e-01, -4.142455334e-01
5.10e+00, -2.073022855e-01, -2.073023911e-01, -2.073021467e-01, -4.146045489e-01
5.20e+00, -2.074733859e-01, -2.074734919e-01, -2.074732464e-01, -4.149467494e-01
5.30e+00, -2.076366347e-01, -2.076367411e-01, -2.076364946e-01, -4.152732469e-01
5.40e+00, -2.077925356e-01, -2.077926424e-01, -2.077923950e-01, -4.155850487e-01
5.50e+00, -2.079415462e-01, -2.079416533e-01, -2.079414050e-01, -4.158830697e-01
5.60e+00, -2.080840830e-01, -2.080841905e-01, -2.080839414e-01, -4.161681432e-01
5.70e+00, -2.082205266e-01, -2.082206344e-01, -2.082203844e-01, -4.164410302e-01
5.80e+00, -2.083512250e-01, -2.083513331e-01, -2.083510824e-01, -4.167024271e-01
5.90e+00, -2.084764980e-01, -2.084766064e-01, -2.084763550e-01, -4.169529729e-01
6.00e+00, -2.085966394e-01, -2.085967482e-01, -2.085964960e-01, -4.171932557e-01
6.10e+00, -2.087119204e-01, -2.087120294e-01, -2.087117766e-01, -4.174238176e-01
6.20e+00, -2.088225915e-01, -2.088227008e-01, -2.088224473e-01, -4.176451597e-01
6.30e+00, -2.089288848e-01, -2.089289943e-01, -2.089287403e-01, -4.178577463e-01
6.40e+00, -2.090310159e-01, -2.090311257e-01, -2.090308711e-01, -4.180620084e-01
6.50e+00, -2.091291854e-01, -2.091292954e-01, -2.091290402e-01, -4.182583473e-01
6.60e+00, -2.092235802e-01, -2.092236905e-01, -2.092234348e-01, -4.184471370e-01
6.70e+00, -2.093143753e-01, -2.093144857e-01, -2.093142296e-01, -4.186287270e-01
6.80e+00, -2.094017341e-01, -2.094018448e-01, -2.094015882e-01, -4.188034447e-01
6.90e+00, -2.094858102e-01, -2.094859211e-01, -2.094856641e-01, -4.189715970e-01
7.00e+00, -2.095667479e-01, -2.095668590e-01, -2.095666015e-01, -4.191334723e-01
7.10e+00, -2.096446828e-01, -2.096447941e-01, -2.096445363e-01, -4.192893422e-01
7.20e+00, -2.097197431e-01, -2.097198545e-01, -2.097195964e-01, -4.194394626e-01
7.30e+00, -2.097920495e-01, -2.097921611e-01, -2.097919026e-01, -4.195840755e-01
7.40e+00, -2.098617164e-01, -2.098618281e-01, -2.098615694e-01, -4.197234093e-01
7.50e+00, -2.099288521e-01, -2.099289639e-01, -2.099287049e-01, -4.198576806e-01
7.60e+00, -2.099935591e-01, -2.099936711e-01, -2.099934118e-01, -4.199870947e-01
7.70e+00, -2.100559350e-01, -2.100560471e-01, -2.100557877e-01, -4.201118465e-01
7.80e+00, -2.101160724e-01, -2.101161847e-01, -2.101159250e-01, -4.202321214e-01
7.90e+00, -2.101740595e-01, -2.101741718e-01, -2.101739120e-01, -4.203480955e-01
8.00e+00, -2.102299802e-01, -2.102300926e-01, -2.102298326e-01, -4.204599369e-01
8.10e+00, -2.102839145e-01, -2.102840271e-01, -2.102837669e-01, -4.205678057e-01
8.20e+00, -2.103359390e-01, -2.103360516e-01, -2.103357913e-01, -4.206718546e-01
8.30e+00, -2.103861264e-01, -2.103862391e-01, -2.103859787e-01, -4.207722295e-01
8.40e+00, -2.104345466e-01, -2.104346593e-01, -2.104343989e-01, -4.208690699e-01
8.50e+00, -2.104812662e-01, -2.104813790e-01, -2.104811185e-01, -4.209625091e-01
8.60e+00, -2.105263491e-01, -2.105264619e-01, -2.105262014e-01, -4.210526749e-01
8.70e+00, -2.105698563e-01, -2.105699692e-01, -2.105697086e-01, -4.211396894e-01
8.80e+00, -2.106118464e-01, -2.106119594e-01, -2.106116988e-01, -4.212236697e-01
8.90e+00, -2.106523756e-01, -2.106524886e-01, -2.106522280e-01, -4.213047281e-01
9.00e+00, -2.106914977e-01, -2.106916107e-01, -2.106913501e-01, -4.213829723e-01
9.10e+00, -2.107292643e-01, -2.107293773e-01, -2.107291168e-01, -4.214585056e-01
9.20e+00, -2.107657250e-01, -2.107658380e-01, -2.107655775e-01, -4.215314270e-01
9.30e+00, -2.108009274e-01, -2.108010404e-01, -2.108007800e-01, -4.216018319e-01
9.40e+00, -2.108349172e-01, -2.108350303e-01, -2.108347700e-01, -4.216698116e-01
9.50e+00, -2.108677384e-01, -2.108678515e-01, -2.108675912e-01, -4.217354541e-01
9.60e+00, -2.108994332e-01, -2.108995463e-01, -2.108992861e-01, -4.217988437e-01
9.70e+00, -2.109300422e-01, -2.109301552e-01, -2.109298952e-01, -4.218600617e-01
9.80e+00, -2.109596043e-01, -2.109597173e-01, -2.109594574e-01, -4.219191860e-01
9.90e+00, -2.109881572e-01, -2.109882702e-01, -2.109880104e-01, -4.219762918e-01
1.00e+01, -2.110157369e-01, -2.110158498e-01, -2.110155902e-01, -4.220314512e-01
1.01e+01, -2.110423781e-01, -2.110424910e-01, -2.110422315e-01, -4.220847338e-01
1.02e+01, -2.110681143e-01, -2.110682272e-01, -2.110679679e-01, -4.221362063e-01
1.03e+01, -2.110929777e-01, -2.110930905e-01, -2.110928314e-01, -4.221859330e-01
1.04e+01, -2.111169991e-01, -2.111171119e-01, -2.111168530e-01, -4.222339760e-01
1.05e+01, -2.111402085e-01, -2.111403212e-01, -2.111400625e-01, -4.222803948e-01
1.06e+01, -2.111626345e-01, -2.111627472e-01, -2.111624886e-01, -4.223252469e-01
1.07e+01, -2.111843047e-01, -2.111844173e-01, -2.111841590e-01, -4.223685874e-01
1.08e+01, -2.112052458e-01, -2.112053584e-01, -2.112051002e-01, -4.224104696e-01
1.09e+01, -2.112254833e-01, -2.112255958e-01, -2.112253379e-01, -4.224509447e-01
1.10e+01, -2.112450420e-01, -2.112451545e-01, -2.112448968e-01, -4.224900622e-01
1.11e+01, -2.112639457e-01, -2.112640581e-01, -2.112638006e-01, -4.225278696e-01
1.12e+01, -2.112822172e-01, -2.112823295e-01, -2.112820723e-01, -4.225644126e-01
1.13e+01, -2.112998786e-01, -2.112999908e-01, -2.112997339e-01, -4.225997355e-01
1.14e+01, -2.113169512e-01, -2.113170633e-01, -2.113168066e-01, -4.226338807e-01
1.15e+01, -2.113334554e-01, -2.113335675e-01, -2.113333110e-01, -4.226668893e-01
1.16e+01, -2.113494110e-01, -2.113495230e-01, -2.113492668e-01, -4.226988006e-01
1.17e+01, -2.113648371e-01, -2.113649490e-01, -2.113646931e-01, -4.227296528e-01
1.18e+01, -2.113797520e-01, -2.113798638e-01, -2.113796081e-01, -4.227594826e-01
1.19e+01, -2.113941732e-01, -2.113942850e-01, -2.113940296e-01, -4.227883252e-01
1.20e+01, -2.114081180e-01, -2.114082296e-01, -2.114079746e-01, -4.228162148e-01
1.21e+01, -2.114216027e-01, -2.114217142e-01, -2.114214594e-01, -4.228431842e-01
1.22e+01, -2.114346431e-01, -2.114347545e-01, -2.114345000e-01, -4.228692651e-01
1.23e+01, -2.114472545e-01, -2.114473658e-01, -2.114471116e-01, -4.228944879e-01
1.24e+01, -2.114594515e-01, -2.114595628e-01, -2.114593089e-01, -4.229188821e-01
1.25e+01, -2.114712485e-01, -2.114713597e-01, -2.114711060e-01, -4.229424761e-01
1.26e+01, -2.114826591e-01, -2.114827701e-01, -2.114825168e-01, -4.229652973e-01
1.27e+01, -2.114936964e-01, -2.114938073e-01, -2.114935543e-01, -4.229873720e-01
1.28e+01, -2.115043731e-01, -2.115044840e-01, -2.115042313e-01, -4.230087256e-01
1.29e+01, -2.115147017e-01, -2.115148124e-01, -2.115145600e-01, -4.230293827e-01
1.30e+01, -2.115246938e-01, -2.115248044e-01, -2.115245523e-01, -4.230493670e-01
1.31e+01, -2.115343609e-01, -2.115344714e-01, -2.115342196e-01, -4.230687012e-01
1.32e+01, -2.115437140e-01, -2.115438244e-01, -2.115435729e-01, -4.230874075e-01
1.33e+01, -2.115527637e-01, -2.115528740e-01, -2.115526228e-01, -4.231055070e-01
1.34e+01, -2.115615203e-01, -2.115616304e-01, -2.115613796e-01, -4.231230202e-01
1.35e+01, -2.115699936e-01, -2.115701036e-01, -2.115698531e-01, -4.231399668e-01
1.36e+01, -2.115781931e-01, -2.115783030e-01, -2.115780529e-01, -4.231563660e-01
1.37e+01, -2.115861282e-01, -2.115862380e-01, -2.115859881e-01, -4.231722362e-01
1.38e+01, -2.115938075e-01, -2.115939172e-01, -2.115936677e-01, -4.231875950e-01
1.39e+01, -2.116012398e-01, -2.116013494e-01, -2.116011002e-01, -4.232024596e-01
1.40e+01, -2.116084333e-01, -2.116085427e-01, -2.116082939e-01, -4.232168466e-01
1.41e+01, -2.116153959e-01, -2.116155052e-01, -2.116152567e-01, -4.232307719e-01
1.42e+01, -2.116221354e-01, -2.116222445e-01, -2.116219963e-01, -4.232442508e-01
1.43e+01, -2.116286591e-01, -2.116287681e-01, -2.116285203e-01, -4.232572983e-01
1.44e+01, -2.116349742e-01, -2.116350832e-01, -2.116348357e-01, -4.232699287e-01
1.45e+01, -2.116410878e-01, -2.116411966e-01, -2.116409494e-01, -4.232821559e-01
1.46e+01, -2.116470064e-01, -2.116471151e-01, -2.116468682e-01, -4.232939931e-01
1.47e+01, -2.116527365e-01, -2.116528450e-01, -2.116525985e-01, -4.233054533e-01
1.48e+01, -2.116582843e-01, -2.116583927e-01, -2.116581465e-01, -4.233165490e-01
1.49e+01, -2.116636558e-01, -2.116637641e-01, -2.116635183e-01, -4.233272922e-01
1.50e+01, -2.116688569e-01, -2.116689651e-01, -2.116687196e-01, -4.233376944e-01
1.51e+01, -2.116738932e-01, -2.116740013e-01, -2.116737561e-01, -4.233477670e-01
1.52e+01, -2.116787700e-01, -2.116788780e-01, -2.116786331e-01, -4.233575207e-01
1.53e+01, -2.116834927e-01, -2.116836005e-01, -2.116833559e-01, -4.233669661e-01
1.54e+01, -2.116880661e-01, -2.116881738e-01, -2.116879296e-01, -4.233761131e-01
1.55e+01, -2.116924954e-01, -2.116926029e-01, -2.116923591e-01, -4.233849715e-01
1.56e+01, -2.116967850e-01, -2.116968924e-01, -2.116966489e-01, -4.233935509e-01
1.57e+01, -2.117009396e-01, -2.117010469e-01, -2.117008037e-01, -4.234018602e-01
1.58e+01, -2.117049636e-01, -2.117050708e-01, -2.117048280e-01, -4.234099083e-01
1.59e+01, -2.117088613e-01, -2.117089683e-01, -2.117087258e-01, -4.234177036e-01
1.60e+01, -2.117126367e-01, -2.117127436e-01, -2.117125014e-01, -4.234252545e-01
1.61e+01, -2.117162938e-01, -2.117164005e-01, -2.117161587e-01, -4.234325687e-01
1.62e+01, -2.117198364e-01, -2.117199430e-01, -2.117197015e-01, -4.234396540e-01
1.63e+01, -2.117232682e-01, -2.117233747e-01, -2.117231336e-01, -4.234465177e-01
1.64e+01, -2.117265929e-01, -2.117266993e-01, -2.117264585e-01, -4.234531671e-01
1.65e+01, -2.117298138e-01, -2.117299201e-01, -2.117296796e-01, -4.234596090e-01
1.66e+01, -2.117329344e-01, -2.117330405e-01, -2.117328003e-01, -4.234658501e-01
1.67e+01, -2.117359578e-01, -2.117360637e-01, -2.117358239e-01, -4.234718969e-01
1.68e+01, -2.117388871e-01, -2.117389929e-01, -2.117387535e-01, -4.234777556e-01
1.69e+01, -2.117417254e-01, -2.117418311e-01, -2.117415920e-01, -4.234834323e-01
1.70e+01, -2.117444756e-01, -2.117445811e-01, -2.117443424e-01, -4.234889327e-01
1.71e+01, -2.117471405e-01, -2.117472459e-01, -2.117470075e-01, -4.234942626e-01
1.72e+01, -2.117497228e-01, -2.117498281e-01, -2.117495900e-01, -4.234994273e-01
1.73e+01, -2.117522253e-01, -2.117523304e-01, -2.117520926e-01, -4.235044322e-01
1.74e+01, -2.117546503e-01, -2.117547553e-01, -2.117545179e-01, -4.235092823e-01
1.75e+01, -2.117570004e-01, -2.117571053e-01, -2.117568682e-01, -4.235139826e-01
1.76e+01, -2.117592780e-01, -2.117593827e-01, -2.117591460e-01, -4.235185378e-01
1.77e+01, -2.117614853e-01, -2.117615899e-01, -2.117613535e-01, -4.235229525e-01
1.78e+01, -2.117636247e-01, -2.117637292e-01, -2.117634931e-01, -4.235272313e-01
1.79e+01, -2.117656982e-01, -2.117658025e-01, -2.117655667e-01, -4.235313783e-01
1.80e+01, -2.117677079e-01, -2.117678121e-01, -2.117675767e-01, -4.235353978e-01
1.81e+01, -2.117696559e-01, -2.117697600e-01, -2.117695249e-01, -4.235392938e-01
1.82e+01, -2.117715441e-01, -2.117716480e-01, -2.117714132e-01, -4.235430702e-01
1.83e+01, -2.117733743e-01, -2.117734781e-01, -2.117732437e-01, -4.235467308e-01
1.84e+01, -2.117751485e-01, -2.117752522e-01, -2.117750181e-01, -4.235502792e-01
1.85e+01, -2.117768684e-01, -2.117769719e-01, -2.117767381e-01, -4.235537189e-01
1.86e+01, -2.117785356e-01, -2.117786390e-01, -2.117784055e-01, -4.235570534e-01
1.87e+01, -2.117801518e-01, -2.117802551e-01, -2.117800220e-01, -4.235602860e-01
1.88e+01, -2.117817187e-01, -2.117818219e-01, -2.117815891e-01, -4.235634198e-01
1.89e+01, -2.117832378e-01, -2.117833408e-01, -2.117831083e-01, -4.235664580e-01
1.90e+01, -2.117847106e-01, -2.117848134e-01, -2.117845813e-01, -4.235694035e-01
1.91e+01, -2.117861384e-01, -2.117862412e-01, -2.117860093e-01, -4.235722593e-01
1.92e+01, -2.117875228e-01, -2.117876254e-01, -2.117873939e-01, -4.235750281e-01
1.93e+01, -2.117888651e-01, -2.117889676e-01, -2.117887364e-01, -4.235777127e-01
1.94e+01, -2.117901666e-01, -2.117902689e-01, -2.117900380e-01, -4.235803156e-01
1.95e+01, -2.117914285e-01, -2.117915307e-01, -2.117913002e-01, -4.235828395e-01
1.96e+01, -2.117926521e-01, -2.117927542e-01, -2.117925240e-01, -4.235852868e-01
1.97e+01, -2.117938386e-01, -2.117939405e-01, -2.117937107e-01, -4.235876599e-01
1.98e+01, -2.117949891e-01, -2.117950909e-01, -2.117948614e-01, -4.235899610e-01
1.99e+01, -2.117961048e-01, -2.117962065e-01, -2.117959772e-01, -4.235921924e-01
2.00e+01, -2.117971867e-01, -2.117972883e-01, -2.117970593e-01, -4.235943562e-01
2.01e+01, -2.117982359e-01, -2.117983373e-01, -2.117981087e-01, -4.235964546e-01
2.02e+01, -2.117992534e-01, -2.117993547e-01, -2.117991264e-01, -4.235984896e-01
2.03e+01, -2.118002401e-01, -2.118003413e-01, -2.118001133e-01, -4.236004631e-01
2.04e+01, -2.118011971e-01, -2.118012981e-01, -2.118010704e-01, -4.236023771e-01
2.05e+01, -2.118021252e-01, -2.118022260e-01, -2.118019987e-01, -4.236042333e-01
2.06e+01, -2.118030253e-01, -2.118031260e-01, -2.118028990e-01, -4.236060335e-01
2.07e+01, -2.118038982e-01, -2.118039988e-01, -2.118037722e-01, -4.236077795e-01
2.08e+01, -2.118047449e-01, -2.118048454e-01, -2.118046190e-01, -4.236094729e-01
2.09e+01, -2.118055662e-01, -2.118056665e-01, -2.118054404e-01, -4.236111154e-01
2.10e+01, -2.118063627e-01, -2.118064629e-01, -2.118062372e-01, -4.236127085e-01
2.11e+01, -2.118071353e-01, -2.118072354e-01, -2.118070099e-01, -4.236142537e-01
2.12e+01, -2.118078847e-01, -2.118079846e-01, -2.118077595e-01, -4.236157525e-01
2.13e+01, -2.118086116e-01, -2.118087114e-01, -2.118084866e-01, -4.236172063e-01
2.14e+01, -2.118093166e-01, -2.118094163e-01, -2.118091918e-01, -4.236186165e-01
2.15e+01, -2.118100006e-01, -2.118101001e-01, -2.118098760e-01, -4.236199845e-01
2.16e+01, -2.118106640e-01, -2.118107635e-01, -2.118105396e-01, -4.236213114e-01
2.17e+01, -2.118113076e-01, -2.118114069e-01, -2.118111833e-01, -4.236225986e-01
2.18e+01, -2.118119319e-01, -2.118120311e-01, -2.118118078e-01, -4.236238473e-01
2.19e+01, -2.118125376e-01, -2.118126366e-01, -2.118124137e-01, -4.236250586e-01
2.20e+01, -2.118131251e-01, -2.118132240e-01, -2.118130014e-01, -4.236262337e-01
2.21e+01, -2.118136951e-01, -2.118137939e-01, -2.118135715e-01, -4.236273737e-01
2.22e+01, -2.118142481e-01, -2.118143467e-01, -2.118141247e-01, -4.236284796e-01
2.23e+01, -2.118147845e-01, -2.118148830e-01, -2.118146613e-01, -4.236295526e-01
2.24e+01, -2.118153050e-01, -2.118154033e-01, -2.118151819e-01, -4.236305935e-01
2.25e+01, -2.118158099e-01, -2.118159081e-01, -2.118156870e-01, -4.236316034e-01
2.26e+01, -2.118162998e-01, -2.118163979e-01, -2.118161771e-01, -4.236325832e-01
2.27e+01, -2.118167750e-01, -2.118168730e-01, -2.118166525e-01, -4.236335337e-01
2.28e+01, -2.118172362e-01, -2.118173340e-01, -2.118171138e-01, -4.236344560e-01
2.29e+01, -2.118176836e-01, -2.118177813e-01, -2.118175614e-01, -4.236353509e-01
2.30e+01, -2.118181177e-01, -2.118182153e-01, -2.118179957e-01, -4.236362191e-01
2.31e+01, -2.118185389e-01, -2.118186364e-01, -2.118184171e-01, -4.236370615e-01
2.32e+01, -2.118189475e-01, -2.118190449e-01, -2.118188259e-01, -4.236378789e-01
2.33e+01, -2.118193441e-01, -2.118194413e-01, -2.118192226e-01, -4.236386720e-01
2.34e+01, -2.118197288e-01, -2.118198259e-01, -2.118196075e-01, -4.236394415e-01
2.35e+01, -2.118201022e-01, -2.118201991e-01, -2.118199810e-01, -4.236401882e-01
2.36e+01, -2.118204644e-01, -2.118205613e-01, -2.118203435e-01, -4.236409128e-01
2.37e+01, -2.118208160e-01, -2.118209127e-01, -2.118206952e-01, -4.236416159e-01
2.38e+01, -2.118211571e-01, -2.118212536e-01, -2.118210364e-01, -4.236422981e-01
2.39e+01, -2.118214881e-01, -2.118215845e-01, -2.118213676e-01, -4.236429601e-01
2.40e+01, -2.118218092e-01, -2.118219056e-01, -2.118216890e-01, -4.236436025e-01
2.41e+01, -2.118221209e-01, -2.118222171e-01, -2.118220008e-01, -4.236442259e-01
2.42e+01, -2.118224234e-01, -2.118225195e-01, -2.118223034e-01, -4.236448308e-01
2.43e+01, -2.118227169e-01, -2.118228128e-01, -2.118225971e-01, -4.236454179e-01
2.44e+01, -2.118230017e-01, -2.118230975e-01, -2.118228821e-01, -4.236459876e-01
2.45e+01, -2.118232781e-01, -2.118233738e-01, -2.118231587e-01, -4.236465404e-01
2.46e+01, -2.118235464e-01, -2.118236419e-01, -2.118234271e-01, -4.236470769e-01
2.47e+01, -2.118238067e-01, -2.118239021e-01, -2.118236876e-01, -4.236475976e-01
2.48e+01, -2.118240593e-01, -2.118241546e-01, -2.118239404e-01, -4.236481029e-01
2.49e+01, -2.118243045e-01, -2.118243997e-01, -2.118241857e-01, -4.236485932e-01
2.50e+01, -2.118245424e-01, -2.118246375e-01, -2.118244238e-01, -4.236490691e-01
2.51e+01, -2.118247733e-01, -2.118248683e-01, -2.118246549e-01, -4.236495310e-01
2.52e+01, -2.118249974e-01, -2.118250923e-01, -2.118248792e-01, -4.236499792e-01
2.53e+01, -2.118252149e-01, -2.118253096e-01, -2.118250968e-01, -4.236504143e-01
2.54e+01, -2.118254260e-01, -2.118255206e-01, -2.118253081e-01, -4.236508365e-01
2.55e+01, -2.118256309e-01, -2.118257253e-01, -2.118255131e-01, -4.236512462e-01
2.56e+01, -2.118258297e-01, -2.118259241e-01, -2.118257121e-01, -4.236516439e-01
2.57e+01, -2.118260227e-01, -2.118261169e-01, -2.118259052e-01, -4.236520299e-01
2.58e+01, -2.118262100e-01, -2.118263041e-01, -2.118260927e-01, -4.236524046e-01
2.59e+01, -2.118263918e-01, -2.118264858e-01, -2.118262747e-01, -4.236527682e-01
2.60e+01, -2.118265682e-01, -2.118266621e-01, -2.118264513e-01, -4.236531211e-01
2.61e+01, -2.118267395e-01, -2.118268332e-01, -2.118266227e-01, -4.236534636e-01
2.62e+01, -2.118269057e-01, -2.118269993e-01, -2.118267891e-01, -4.236537961e-01
2.63e+01, -2.118270670e-01, -2.118271605e-01, -2.118269505e-01, -4.236541187e-01
2.64e+01, -2.118272236e-01, -2.118273170e-01, -2.118271073e-01, -4.236544319e-01
2.65e+01, -2.118273756e-01, -2.118274688e-01, -2.118272594e-01, -4.236547359e-01
2.66e+01, -2.118275231e-01, -2.118276162e-01, -2.118274071e-01, -4.236550310e-01
2.67e+01, -2.118276663e-01, -2.118277593e-01, -2.118275505e-01, -4.236553174e-01
2.68e+01, -2.118278053e-01, -2.118278982e-01, -2.118276896e-01, -4.236555954e-01
2.69e+01, -2.118279402e-01, -2.118280330e-01, -2.118278247e-01, -4.236558652e-01
2.70e+01, -2.118280712e-01, -2.118281638e-01, -2.118279558e-01, -4.236561272e-01
2.71e+01, -2.118281983e-01, -2.118282908e-01, -2.118280831e-01, -4.236563814e-01
2.72e+01, -2.118283217e-01, -2.118284140e-01, -2.118282066e-01, -4.236566282e-01
2.73e+01, -2.118284414e-01, -2.118285337e-01, -2.118283265e-01, -4.236568677e-01
2.74e+01, -2.118285577e-01, -2.118286498e-01, -2.118284429e-01, -4.236571002e-01
2.75e+01, -2.118286705e-01, -2.118287625e-01, -2.118285559e-01, -4.236573259e-01
2.76e+01, -2.118287800e-01, -2.118288719e-01, -2.118286656e-01, -4.236575450e-01
2.77e+01, -2.118288863e-01, -2.118289781e-01, -2.118287720e-01, -4.236577577e-01
2.78e+01, -2.118289895e-01, -2.118290812e-01, -2.118288754e-01, -4.236579641e-01
2.79e+01, -2.118290897e-01, -2.118291812e-01, -2.118289757e-01, -4.236581645e-01
2.80e+01, -2.118291870e-01, -2.118292784e-01, -2.118290731e-01, -4.236583590e-01
2.81e+01, -2.118292813e-01, -2.118293726e-01, -2.118291677e-01, -4.236585478e-01
2.82e+01, -2.118293730e-01, -2.118294641e-01, -2.118292595e-01, -4.236587311e-01
2.83e+01, -2.118294619e-01, -2.118295530e-01, -2.118293486e-01, -4.236589090e-01
2.84e+01, -2.118295483e-01, -2.118296392e-01, -2.118294351e-01, -4.236590817e-01
2.85e+01, -2.118296321e-01, -2.118297229e-01, -2.118295190e-01, -4.236592493e-01
2.86e+01, -2.118297134e-01, -2.118298041e-01, -2.118296005e-01, -4.236594121e-01
2.87e+01, -2.118297924e-01, -2.118298830e-01, -2.118296797e-01, -4.236595700e-01
2.88e+01, -2.118298691e-01, -2.118299595e-01, -2.118297565e-01, -4.236597234e-01
2.89e+01, -2.118299435e-01, -2.118300338e-01, -2.118298311e-01, -4.236598722e-01
2.90e+01, -2.118300157e-01, -2.118301060e-01, -2.118299034e-01, -4.236600168e-01
2.91e+01, -2.118300859e-01, -2.118301760e-01, -2.118299737e-01, -4.236601570e-01
2.92e+01, -2.118301539e-01, -2.118302439e-01, -2.118300420e-01, -4.236602932e-01
2.93e+01, -2.118302200e-01, -2.118303099e-01, -2.118301082e-01, -4.236604254e-01
2.94e+01, -2.118302842e-01, -2.118303739e-01, -2.118301725e-01, -4.236605537e-01
2.95e+01, -2.118303464e-01, -2.118304361e-01, -2.118302349e-01, -4.236606783e-01
2.96e+01, -2.118304069e-01, -2.118304964e-01, -2.118302955e-01, -4.236607992e-01
2.97e+01, -2.118304656e-01, -2.118305550e-01, -2.118303543e-01, -4.236609166e-01
2.98e+01, -2.118305225e-01, -2.118306118e-01, -2.118304115e-01, -4.236610305e-01
2.99e+01, -2.118305778e-01, -2.118306670e-01, -2.118304669e-01, -4.236611412e-01
3.00e+01, -2.118306315e-01, -2.118307206e-01, -2.118305207e-01, -4.236612485e-01
3.01e+01, -2.118306836e-01, -2.118307726e-01, -2.118305730e-01, -4.236613528e-01
3.02e+01, -2.118307342e-01, -2.118308230e-01, -2.118306237e-01, -4.236614540e-01
3.03e+01, -2.118307833e-01, -2.118308720e-01, -2.118306730e-01, -4.236615522e-01
3.04e+01, -2.118308310e-01, -2.118309196e-01, -2.118307208e-01, -4.236616475e-01
3.05e+01, -2.118308772e-01, -2.118309657e-01, -2.118307672e-01, -4.236617401e-01
3.06e+01, -2.118309222e-01, -2.118310105e-01, -2.118308123e-01, -4.236618300e-01
3.07e+01, -2.118309658e-01, -2.118310540e-01, -2.118308560e-01, -4.236619172e-01
3.08e+01, -2.118310081e-01, -2.118310962e-01, -2.118308985e-01, -4.236620018e-01
3.09e+01, -2.118310492e-01, -2.118311372e-01, -2.118309397e-01, -4.236620840e-01
3.10e+01, -2.118310890e-01, -2.118311769e-01, -2.118309797e-01, -4.236621638e-01
3.11e+01, -2.118311278e-01, -2.118312155e-01, -2.118310186e-01, -4.236622413e-01
3.12e+01, -2.118311653e-01, -2.118312530e-01, -2.118310563e-01, -4.236623165e-01
3.13e+01, -2.118312018e-01, -2.118312894e-01, -2.118310930e-01, -4.236623894e-01
3.14e+01, -2.118312372e-01, -2.118313247e-01, -2.118311285e-01, -4.236624603e-01
3.15e+01, -2.118312716e-01, -2.118313589e-01, -2.118311630e-01, -4.236625290e-01
3.16e+01, -2.118313050e-01, -2.118313922e-01, -2.118311965e-01, -4.236625958e-01
3.17e+01, -2.118313374e-01, -2.118314244e-01, -2.118312291e-01, -4.236626606e-01
3.18e+01, -2.118313688e-01, -2.118314558e-01, -2.118312607e-01, -4.236627235e-01
3.19e+01, -2.118313993e-01, -2.118314862e-01, -2.118312913e-01, -4.236627845e-01
3.20e+01, -2.118314289e-01, -2.118315157e-01, -2.118313211e-01, -4.236628438e-01
3.21e+01, -2.118314577e-01, -2.118315443e-01, -2.118313500e-01, -4.236629013e-01
3.22e+01, -2.118314856e-01, -2.118315721e-01, -2.118313780e-01, -4.236629571e-01
3.23e+01, -2.118315127e-01, -2.118315991e-01, -2.118314053e-01, -4.236630113e-01
3.24e+01, -2.118315390e-01, -2.118316253e-01, -2.118314317e-01, -4.236630639e-01
3.25e+01, -2.118315645e-01, -2.118316507e-01, -2.118314573e-01, -4.236631150e-01
3.26e+01, -2.118315892e-01, -2.118316753e-01, -2.118314823e-01, -4.236631646e-01
3.27e+01, -2.118316133e-01, -2.118316993e-01, -2.118315064e-01, -4.236632127e-01
3.28e+01, -2.118316366e-01, -2.118317225e-01, -2.118315299e-01, -4.236632594e-01
3.29e+01, -2.118316593e-01, -2.118317450e-01, -2.118315527e-01, -4.236633047e-01
3.30e+01, -2.118316813e-01, -2.118317669e-01, -2.118315748e-01, -4.236633487e-01
3.31e+01, -2.118317026e-01, -2.118317881e-01, -2.118315963e-01, -4.236633913e-01
3.32e+01, -2.118317233e-01, -2.118318087e-01, -2.118316172e-01, -4.236634328e-01
3.33e+01, -2.118317434e-01, -2.118318287e-01, -2.118316374e-01, -4.236634730e-01
3.34e+01, -2.118317629e-01, -2.118318481e-01, -2.118316570e-01, -4.236635120e-01
3.35e+01, -2.118317818e-01, -2.118318669e-01, -2.118316761e-01, -4.236635499e-01
3.36e+01, -2.118318002e-01, -2.118318852e-01, -2.118316946e-01, -4.236635866e-01
3.37e+01, -2.118318180e-01, -2.118319029e-01, -2.118317126e-01, -4.236636223e-01
3.38e+01, -2.118318353e-01, -2.118319201e-01, -2.118317300e-01, -4.236636569e-01
3.39e+01, -2.118318521e-01, -2.118319367e-01, -2.118317470e-01, -4.236636905e-01
3.40e+01, -2.118318684e-01, -2.118319529e-01, -2.118317634e-01, -4.236637231e-01
3.41e+01, -2.118318842e-01, -2.118319686e-01, -2.118317793e-01, -4.236637548e-01
3.42e+01, -2.118318996e-01, -2.118319839e-01, -2.118317948e-01, -4.236637855e-01
3.43e+01, -2.118319144e-01, -2.118319986e-01, -2.118318098e-01, -4.236638153e-01
3.44e+01, -2.118319289e-01, -2.118320130e-01, -2.118318244e-01, -4.236638442e-01
3.45e+01, -2.118319429e-01, -2.118320269e-01, -2.118318386e-01, -4.236638723e-01
3.46e+01, -2.118319565e-01, -2.118320404e-01, -2.118318523e-01, -4.236638995e-01
3.47e+01, -2.118319697e-01, -2.118320535e-01, -2.118318657e-01, -4.236639259e-01
3.48e+01, -2.118319825e-01, -2.118320662e-01, -2.118318786e-01, -4.236639515e-01
3.49e+01, -2.118319949e-01, -2.118320785e-01, -2.118318912e-01, -4.236639764e-01
3.50e+01, -2.118320070e-01, -2.118320904e-01, -2.118319034e-01, -4.236640005e-01
3.51e+01, -2.118320187e-01, -2.118321020e-01, -2.118319152e-01, -4.236640240e-01
3.52e+01, -2.118320300e-01, -2.118321133e-01, -2.118319267e-01, -4.236640467e-01
3.53e+01, -2.118320411e-01, -2.118321242e-01, -2.118319378e-01, -4.236640687e-01
3.54e+01, -2.118320517e-01, -2.118321347e-01, -2.118319486e-01, -4.236640901e-01
3.55e+01, -2.118320621e-01, -2.118321450e-01, -2.118319591e-01, -4.236641108e-01
3.56e+01, -2.118320721e-01, -2.118321549e-01, -2.118319693e-01, -4.236641309e-01
3.57e+01, -2.118320819e-01, -2.118321646e-01, -2.118319792e-01, -4.236641505e-01
3.58e+01, -2.118320914e-01, -2.118321739e-01, -2.118319888e-01, -4.236641694e-01
3.59e+01, -2.118321005e-01, -2.118321830e-01, -2.118319981e-01, -4.236641878e-01
3.60e+01, -2.118321094e-01, -2.118321918e-01, -2.118320071e-01, -4.236642056e-01
3.61e+01, -2.118321181e-01, -2.118322003e-01, -2.118320159e-01, -4.236642228e-01
3.62e+01, -2.118321264e-01, -2.118322086e-01, -2.118320244e-01, -4.236642396e-01
3.63e+01, -2.118321345e-01, -2.118322166e-01, -2.118320327e-01, -4.236642559e-01
3.64e+01, -2.118321424e-01, -2.118322243e-01, -2.118320407e-01, -4.236642716e-01
3.65e+01, -2.118321500e-01, -2.118322319e-01, -2.118320484e-01, -4.236642869e-01
3.66e+01, -2.118321575e-01, -2.118322392e-01, -2.118320560e-01, -4.236643017e-01
3.67e+01, -2.118321646e-01, -2.118322462e-01, -2.118320633e-01, -4.236643161e-01
3.68e+01, -2.118321716e-01, -2.118322531e-01, -2.118320704e-01, -4.236643301e-01
3.69e+01, -2.118321783e-01, -2.118322597e-01, -2.118320773e-01, -4.236643436e-01
3.70e+01, -2.118321849e-01, -2.118322662e-01, -2.118320839e-01, -4.236643567e-01
3.71e+01, -2.118321912e-01, -2.118322724e-01, -2.118320904e-01, -4.236643694e-01
3.72e+01, -2.118321974e-01, -2.118322785e-01, -2.118320967e-01, -4.236643817e-01
3.73e+01, -2.118322033e-01, -2.118322843e-01, -2.118321028e-01, -4.236643936e-01
3.74e+01, -2.118322091e-01, -2.118322900e-01, -2.118321087e-01, -4.236644052e-01
3.75e+01, -2.118322147e-01, -2.118322955e-01, -2.118321144e-01, -4.236644164e-01
3.76e+01, -2.118322202e-01, -2.118323008e-01, -2.118321200e-01, -4.236644273e-01
3.77e+01, -2.118322254e-01, -2.118323060e-01, -2.118321254e-01, -4.236644379e-01
3.78e+01, -2.118322305e-01, -2.118323110e-01, -2.118321306e-01, -4.236644481e-01
3.79e+01, -2.118322355e-01, -2.118323158e-01, -2.118321357e-01, -4.236644580e-01
3.80e+01, -2.118322403e-01, -2.118323205e-01, -2.118321406e-01, -4.236644676e-01
3.81e+01, -2.118322449e-01, -2.118323250e-01, -2.118321454e-01, -4.236644769e-01
3.82e+01, -2.118322494e-01, -2.118323294e-01, -2.118321500e-01, -4.236644859e-01
3.83e+01, -2.118322537e-01, -2.118323337e-01, -2.118321545e-01, -4.236644946e-01
3.84e+01, -2.118322580e-01, -2.118323378e-01, -2.118321589e-01, -4.236645031e-01
3.85e+01, -2.118322621e-01, -2.118323418e-01, -2.118321631e-01, -4.236645113e-01
3.86e+01, -2.118322660e-01, -2.118323456e-01, -2.118321672e-01, -4.236645192e-01
3.87e+01, -2.118322699e-01, -2.118323494e-01, -2.118321711e-01, -4.236645269e-01
3.88e+01, -2.118322736e-01, -2.118323530e-01, -2.118321750e-01, -4.236645344e-01
3.89e+01, -2.118322772e-01, -2.118323565e-01, -2.118321787e-01, -4.236645416e-01
3.90e+01, -2.118322806e-01, -2.118323599e-01, -2.118321823e-01, -4.236645486e-01
3.91e+01, -2.118322840e-01, -2.118323631e-01, -2.118321858e-01, -4.236645553e-01
3.92e+01, -2.118322873e-01, -2.118323663e-01, -2.118321892e-01, -4.236645619e-01
3.93e+01, -2.118322904e-01, -2.118323693e-01, -2.118321925e-01, -4.236645682e-01
3.94e+01, -2.118322935e-01, -2.118323723e-01, -2.118321957e-01, -4.236645743e-01
3.95e+01, -2.118322965e-01, -2.118323752e-01, -2.118321988e-01, -4.236645803e-01
3.96e+01, -2.118322993e-01, -2.118323779e-01, -2.118322018e-01, -4.236645860e-01
3.97e+01, -2.118323021e-01, -2.118323806e-01, -2.118322047e-01, -4.236645916e-01
3.98e+01, -2.118323048e-01, -2.118323832e-01, -2.118322075e-01, -4.236645970e-01
3.99e+01, -2.118323074e-01, -2.118323857e-01, -2.118322102e-01, -4.236646022e-01
4.00e+01, -2.118323099e-01, -2.118323881e-01, -2.118322128e-01, -4.236646072e-01
4.01e+01, -2.118323123e-01, -2.118323904e-01, -2.118322154e-01, -4.236646121e-01
4.02e+01, -2.118323147e-01, -2.118323927e-01, -2.118322179e-01, -4.236646168e-01
4.03e+01, -2.118323169e-01, -2.118323948e-01, -2.118322203e-01, -4.236646214e-01
4.04e+01, -2.118323191e-01, -2.118323969e-01, -2.118322226e-01, -4.236646258e-01
4.05e+01, -2.118323213e-01, -2.118323989e-01, -2.118322248e-01, -4.236646300e-01
4.06e+01, -2.118323233e-01, -2.118324009e-01, -2.118322270e-01, -4.236646341e-01
4.07e+01, -2.118323253e-01, -2.118324028e-01, -2.118322291e-01, -4.236646381e-01
4.08e+01, -2.118323272e-01, -2.118324046e-01, -2.118322312e-01, -4.236646420e-01
4.09e+01, -2.118323290e-01, -2.118324063e-01, -2.118322331e-01, -4.236646457e-01
4.10e+01, -2.118323308e-01, -2.118324080e-01, -2.118322351e-01, -4.236646493e-01
4.11e+01, -2.118323326e-01, -2.118324096e-01, -2.118322369e-01, -4.236646527e-01
4.12e+01, -2.118323342e-01, -2.118324112e-01, -2.118322387e-01, -4.236646561e-01
4.13e+01, -2.118323358e-01, -2.118324127e-01, -2.118322404e-01, -4.236646593e-01
4.14e+01, -2.118323374e-01, -2.118324142e-01, -2.118322421e-01, -4.236646624e-01
4.15e+01, -2.118323389e-01, -2.118324156e-01, -2.118322437e-01, -4.236646654e-01
4.16e+01, -2.118323403e-01, -2.118324169e-01, -2.118322453e-01, -4.236646684e-01
4.17e+01, -2.118323417e-01, -2.118324182e-01, -2.118322468e-01, -4.236646712e-01
4.18e+01, -2.118323431e-01, -2.118324194e-01, -2.118322483e-01, -4.236646739e-01
4.19e+01, -2.118323444e-01, -2.118324206e-01, -2.118322497e-01, -4.236646765e-01
4.20e+01, -2.118323456e-01, -2.118324218e-01, -2.118322511e-01, -4.236646790e-01
4.21e+01, -2.118323468e-01, -2.118324229e-01, -2.118322524e-01, -4.236646814e-01
4.22e+01, -2.118323480e-01, -2.118324240e-01, -2.118322537e-01, -4.236646837e-01
4.23e+01, -2.118323491e-01, -2.118324250e-01, -2.118322549e-01, -4.236646860e-01
4.24e+01, -2.118323502e-01, -2.118324260e-01, -2.118322561e-01, -4.236646882e-01
4.25e+01, -2.118323512e-01, -2.118324269e-01, -2.118322573e-01, -4.236646902e-01
4.26e+01, -2.118323522e-01, -2.118324278e-01, -2.118322584e-01, -4.236646922e-01
4.27e+01, -2.118323531e-01, -2.118324286e-01, -2.118322595e-01, -4.236646942e-01
4.28e+01, -2.118323541e-01, -2.118324295e-01, -2.118322605e-01, -4.236646960e-01
4.29e+01, -2.118323550e-01, -2.118324303e-01, -2.118322615e-01, -4.236646978e-01
4.30e+01, -2.118323558e-01, -2.118324310e-01, -2.118322625e-01, -4.236646995e-01
4.31e+01, -2.118323566e-01, -2.118324317e-01, -2.118322634e-01, -4.236647012e-01
4.32e+01, -2.118323574e-01, -2.118324324e-01, -2.118322643e-01, -4.236647028e-01
4.33e+01, -2.118323582e-01, -2.118324331e-01, -2.118322652e-01, -4.236647043e-01
4.34e+01, -2.118323589e-01, -2.118324337e-01, -2.118322660e-01, -4.236647057e-01
4.35e+01, -2.118323596e-01, -2.118324343e-01, -2.118322669e-01, -4.236647071e-01
4.36e+01, -2.118323602e-01, -2.118324348e-01, -2.118322676e-01, -4.236647085e-01
4.37e+01, -2.118323609e-01, -2.118324354e-01, -2.118322684e-01, -4.236647098e-01
4.38e+01, -2.118323615e-01, -2.118324359e-01, -2.118322691e-01, -4.236647110e-01
4.39e+01, -2.118323621e-01, -2.118324364e-01, -2.118322698e-01, -4.236647122e-01
4.40e+01, -2.118323626e-01, -2.118324368e-01, -2.118322705e-01, -4.236647133e-01
4.41e+01, -2.118323631e-01, -2.118324373e-01, -2.118322712e-01, -4.236647144e-01
4.42e+01, -2.118323636e-01, -2.118324377e-01, -2.118322718e-01, -4.236647154e-01
4.43e+01, -2.118323641e-01, -2.118324381e-01, -2.118322724e-01, -4.236647164e-01
4.44e+01, -2.118323646e-01, -2.118324384e-01, -2.118322730e-01, -4.236647173e-01
4.45e+01, -2.118323650e-01, -2.118324388e-01, -2.118322735e-01, -4.236647182e-01
4.46e+01, -2.118323654e-01, -2.118324391e-01, -2.118322741e-01, -4.236647191e-01
4.47e+01, -2.118323658e-01, -2.118324394e-01, -2.118322746e-01, -4.236647199e-01
4.48e+01, -2.118323662e-01, -2.118324397e-01, -2.118322751e-01, -4.236647206e-01
4.49e+01, -2.118323666e-01, -2.118324399e-01, -2.118322755e-01, -4.236647214e-01
4.50e+01, -2.118323669e-01, -2.118324402e-01, -2.118322760e-01, -4.236647221e-01
4.51e+01, -2.118323672e-01, -2.118324404e-01, -2.118322764e-01, -4.236647227e-01
4.52e+01, -2.118323675e-01, -2.118324406e-01, -2.118322768e-01, -4.236647233e-01
4.53e+01, -2.118323678e-01, -2.118324408e-01, -2.118322773e-01, -4.236647239e-01
4.54e+01, -2.118323681e-01, -2.118324410e-01, -2.118322776e-01, -4.236647245e-01
4.55e+01, -2.118323683e-01, -2.118324411e-01, -2.118322780e-01, -4.236647250e-01
4.56e+01, -2.118323686e-01, -2.118324413e-01, -2.118322784e-01, -4.236647255e-01
4.57e+01, -2.118323688e-01, -2.118324414e-01, -2.118322787e-01, -4.236647259e-01
4.58e+01, -2.118323690e-01, -2.118324415e-01, -2.118322790e-01, -4.236647263e-01
4.59e+01, -2.118323692e-01, -2.118324416e-01, -2.118322793e-01, -4.236647267e-01
4.60e+01, -2.118323694e-01, -2.118324417e-01, -2.118322796e-01, -4.236647271e-01
4.61e+01, -2.118323695e-01, -2.118324418e-01, -2.118322799e-01, -4.236647275e-01
4.62e+01, -2.118323697e-01, -2.118324418e-01, -2.118322802e-01, -4.236647278e-01
4.63e+01, -2.118323698e-01, -2.118324419e-01, -2.118322804e-01, -4.236647281e-01
4.64e+01, -2.118323699e-01, -2.118324419e-01, -2.118322807e-01, -4.236647283e-01
4.65e+01, -2.118323701e-01, -2.118324419e-01, -2.118322809e-01, -4.236647286e-01
4.66e+01, -2.118323702e-01, -2.118324419e-01, -2.118322811e-01, -4.236647288e-01
4.67e+01, -2.118323703e-01, -2.118324419e-01, -2.118322813e-01, -4.236647290e-01
4.68e+01, -2.118323703e-01, -2.118324419e-01, -2.118322815e-01, -4.236647292e-01
4.69e+01, -2.118323704e-01, -2.118324419e-01, -2.118322817e-01, -4.236647294e-01
4.70e+01, -2.118323705e-01, -2.118324419e-01, -2.118322819e-01, -4.236647295e-01
4.71e+01, -2.118323705e-01, -2.118324418e-01, -2.118322821e-01, -4.236647296e-01
4.72e+01, -2.118323706e-01, -2.118324418e-01, -2.118322822e-01, -4.236647297e-01
4.73e+01, -2.118323706e-01, -2.118324417e-01, -2.118322824e-01, -4.236647298e-01
4.74e+01, -2.118323706e-01, -2.118324417e-01, -2.118322825e-01, -4.236647299e-01
4.75e+01, -2.118323706e-01, -2.118324416e-01, -2.118322826e-01, -4.236647299e-01
4.76e+01, -2.118323706e-01, -2.118324415e-01, -2.118322828e-01, -4.236647299e-01
4.77e+01, -2.118323706e-01, -2.118324414e-01, -2.118322829e-01, -4.236647299e-01
4.78e+01, -2.118323706e-01, -2.118324413e-01, -2.118322830e-01, -4.236647299e-01
4.79e+01, -2.118323706e-01, -2.118324412e-01, -2.118322831e-01, -4.236647299e-01
4.80e+01, -2.118323706e-01, -2.118324411e-01, -2.118322832e-01, -4.236647299e-01
4.81e+01, -2.118323706e-01, -2.118324410e-01, -2.118322833e-01, -4.236647299e-01
4.82e+01, -2.118323705e-01, -2.118324408e-01, -2.118322833e-01, -4.236647298e-01
4.83e+01, -2.118323705e-01, -2.118324407e-01, -2.118322834e-01, -4.236647297e-01
4.84e+01, -2.118323704e-01, -2.118324406e-01, -2.118322835e-01, -4.236647296e-01
4.85e+01, -2.118323704e-01, -2.118324404e-01, -2.118322835e-01, -4.236647296e-01
4.86e+01, -2.118323703e-01, -2.118324403e-01, -2.118322836e-01, -4.236647294e-01
4.87e+01, -2.118323703e-01, -2.118324401e-01, -2.118322836e-01, -4.236647293e-01
4.88e+01, -2.118323702e-01, -2.118324399e-01, -2.118322837e-01, -4.236647292e-01
4.89e+01, -2.118323701e-01, -2.118324398e-01, -2.118322837e-01, -4.236647291e-01
4.90e+01, -2.118323700e-01, -2.118324396e-01, -2.118322837e-01, -4.236647289e-01
4.91e+01, -2.118323699e-01, -2.118324394e-01, -2.118322837e-01, -4.236647287e-01
4.92e+01, -2.118323698e-01, -2.118324392e-01, -2.118322838e-01, -4.236647286e-01
4.93e+01, -2.118323698e-01, -2.118324391e-01, -2.118322838e-01, -4.236647284e-01
4.94e+01, -2.118323697e-01, -2.118324389e-01, -2.118322838e-01, -4.236647282e-01
4.95e+01, -2.118323695e-01, -2.118324387e-01, -2.118322838e-01, -4.236647280e-01
4.96e+01, -2.118323694e-01, -2.118324385e-01, -2.118322838e-01, -4.236647278e-01
4.97e+01, -2.118323693e-01, -2.118324383e-01, -2.118322838e-01, -4.236647276e-01
4.98e+01, -2.118323692e-01, -2.118324381e-01, -2.118322838e-01, -4.236647274e-01
4.99e+01, -2.118323691e-01, -2.118324379e-01, -2.118322838e-01, -4.236647272e-01
5.00e+01, -2.118323690e-01, -2.118324376e-01, -2.118322838e-01, -4.236647269e-01
5.01e+01, -2.118323688e-01, -2.118324374e-01, -2.118322838e-01, -4.236647267e-01
5.02e+01, -2.118323687e-01, -2.118324372e-01, -2.118322837e-01, -4.236647264e-01
5.03e+01, -2.118323686e-01, -2.118324370e-01, -2.118322837e-01, -4.236647262e-01
5.04e+01, -2.118323684e-01, -2.118324368e-01, -2.118322837e-01, -4.236647259e-01
5.05e+01, -2.118323683e-01, -2.118324365e-01, -2.118322837e-01, -4.236647256e-01
5.06e+01, -2.118323681e-01, -2.118324363e-01, -2.118322836e-01, -4.236647254e-01
5.07e+01, -2.118323680e-01, -2.118324361e-01, -2.118322836e-01, -4.236647251e-01
5.08e+01, -2.118323679e-01, -2.118324358e-01, -2.118322835e-01, -4.236647248e-01
5.09e+01, -2.118323677e-01, -2.118324356e-01, -2.118322835e-01, -4.236647245e-01
5.10e+01, -2.118323675e-01, -2.118324353e-01, -2.118322835e-01, -4.236647242e-01
5.11e+01, -2.118323674e-01, -2.118324351e-01, -2.118322834e-01, -4.236647239e-01
5.12e+01, -2.118323672e-01, -2.118324349e-01, -2.118322834e-01, -4.236647236e-01
5.13e+01, -2.118323671e-01, -2.118324346e-01, -2.118322833e-01, -4.236647233e-01
5.14e+01, -2.118323669e-01, -2.118324344e-01, -2.118322833e-01, -4.236647230e-01
5.15e+01, -2.118323668e-01, -2.118324341e-01, -2.118322832e-01, -4.236647227e-01
5.16e+01, -2.118323666e-01, -2.118324339e-01, -2.118322831e-01, -4.236647224e-01
5.17e+01, -2.118323664e-01, -2.118324336e-01, -2.118322831e-01, -4.236647221e-01
5.18e+01, -2.118323662e-01, -2.118324334e-01, -2.118322830e-01, -4.236647218e-01
5.19e+01, -2.118323661e-01, -2.118324331e-01, -2.118322830e-01, -4.236647214e-01
5.20e+01, -2.118323659e-01, -2.118324328e-01, -2.118322829e-01, -4.236647211e-01
5.21e+01, -2.118323657e-01, -2.118324326e-01, -2.118322828e-01, -4.236647208e-01
5.22e+01, -2.118323656e-01, -2.118324323e-01, -2.118322828e-01, -4.236647204e-01
5.23e+01, -2.118323654e-01, -2.118324321e-01, -2.118322827e-01, -4.236647201e-01
5.24e+01, -2.118323652e-01, -2.118324318e-01, -2.118322826e-01, -4.236647197e-01
5.25e+01, -2.118323650e-01, -2.118324315e-01, -2.118322826e-01, -4.236647194e-01
5.26e+01, -2.118323648e-01, -2.118324313e-01, -2.118322825e-01, -4.236647191e-01
5.27e+01, -2.118323647e-01, -2.118324310e-01, -2.118322824e-01, -4.236647187e-01
5.28e+01, -2.118323645e-01, -2.118324307e-01, -2.118322823e-01, -4.236647184e-01
5.29e+01, -2.118323643e-01, -2.118324305e-01, -2.118322823e-01, -4.236647180e-01
5.30e+01, -2.118323641e-01, -2.118324302e-01, -2.118322822e-01, -4.236647177e-01
5.31e+01, -2.118323639e-01, -2.118324299e-01, -2.118322821e-01, -4.236647173e-01
5.32e+01, -2.118323637e-01, -2.118324296e-01, -2.118322820e-01, -4.236647169e-01
5.33e+01, -2.118323636e-01, -2.118324294e-01, -2.118322819e-01, -4.236647166e-01
5.34e+01, -2.118323634e-01, -2.118324291e-01, -2.118322819e-01, -4.236647162e-01
5.35e+01, -2.118323632e-01, -2.118324288e-01, -2.118322818e-01, -4.236647159e-01
5.36e+01, -2.118323630e-01, -2.118324286e-01, -2.118322817e-01, -4.236647155e-01
5.37e+01, -2.118323628e-01, -2.118324283e-01, -2.118322816e-01, -4.236647151e-01
5.38e+01, -2.118323626e-01, -2.118324280e-01, -2.118322815e-01, -4.236647148e-01
5.39e+01, -2.118323624e-01, -2.118324277e-01, -2.118322814e-01, -4.236647144e-01
5.40e+01, -2.118323622e-01, -2.118324275e-01, -2.118322814e-01, -4.236647140e-01
5.41e+01, -2.118323621e-01, -2.118324272e-01, -2.118322813e-01, -4.236647137e-01
5.42e+01, -2.118323619e-01, -2.118324269e-01, -2.118322812e-01, -4.236647133e-01
5.43e+01, -2.118323617e-01, -2.118324266e-01, -2.118322811e-01, -4.236647129e-01
5.44e+01, -2.118323615e-01, -2.118324264e-01, -2.118322810e-01, -4.236647126e-01
5.45e+01, -2.118323613e-01, -2.118324261e-01, -2.118322809e-01, -4.236647122e-01
5.46e+01, -2.118323611e-01, -2.118324258e-01, -2.118322808e-01, -4.236647118e-01
5.47e+01, -2.118323609e-01, -2.118324255e-01, -2.118322808e-01, -4.236647115e-01
5.48e+01, -2.118323607e-01, -2.118324253e-01, -2.118322807e-01, -4.236647111e-01
5.49e+01, -2.118323605e-01, -2.118324250e-01, -2.118322806e-01, -4.236647107e-01
5.50e+01, -2.118323603e-01, -2.118324247e-01, -2.118322805e-01, -4.236647103e-01
5.51e+01, -2.118323601e-01, -2.118324244e-01, -2.118322804e-01, -4.236647100e-01
5.52e+01, -2.118323599e-01, -2.118324242e-01, -2.118322803e-01, -4.236647096e-01
5.53e+01, -2.118323597e-01, -2.118324239e-01, -2.118322802e-01, -4.236647092e-01
5.54e+01, -2.118323596e-01, -2.118324236e-01, -2.118322801e-01, -4.236647089e-01
5.55e+01, -2.118323594e-01, -2.118324233e-01, -2.118322800e-01, -4.236647085e-01
5.56e+01, -2.118323592e-01, -2.118324231e-01, -2.118322799e-01, -4.236647081e-01
5.57e+01, -2.118323590e-01, -2.118324228e-01, -2.118322799e-01, -4.236647077e-01
5.58e+01, -2.118323588e-01, -2.118324225e-01, -2.118322798e-01, -4.236647074e-01
5.59e+01, -2.118323586e-01, -2.118324222e-01, -2.118322797e-01, -4.236647070e-01
5.60e+01, -2.118323584e-01, -2.118324220e-01, -2.118322796e-01, -4.236647066e-01
5.61e+01, -2.118323582e-01, -2.118324217e-01, -2.118322795e-01, -4.236647063e-01
5.62e+01, -2.118323580e-01, -2.118324214e-01, -2.118322794e-01, -4.236647059e-01
5.63e+01, -2.118323578e-01, -2.118324211e-01, -2.118322793e-01, -4.236647055e-01
5.64e+01, -2.118323576e-01, -2.118324209e-01, -2.118322792e-01, -4.236647052e-01
5.65e+01, -2.118323574e-01, -2.118324206e-01, -2.118322791e-01, -4.236647048e-01
5.66e+01, -2.118323573e-01, -2.118324203e-01, -2.118322791e-01, -4.236647044e-01
5.67e+01, -2.118323571e-01, -2.118324200e-01, -2.118322790e-01, -4.236647041e-01
5.68e+01, -2.118323569e-01, -2.118324198e-01, -2.118322789e-01, -4.236647037e-01
5.69e+01, -2.118323567e-01, -2.118324195e-01, -2.118322788e-01, -4.236647033e-01
5.70e+01, -2.118323565e-01, -2.118324192e-01, -2.118322787e-01, -4.236647030e-01
5.71e+01, -2.118323563e-01, -2.118324190e-01, -2.118322786e-01, -4.236647026e-01
5.72e+01, -2.118323561e-01, -2.118324187e-01, -2.118322785e-01, -4.236647022e-01
5.73e+01, -2.118323559e-01, -2.118324184e-01, -2.118322784e-01, -4.236647019e-01
5.74e+01, -2.118323557e-01, -2.118324182e-01, -2.118322783e-01, -4.236647015e-01
5.75e+01, -2.118323556e-01, -2.118324179e-01, -2.118322783e-01, -4.236647011e-01
5.76e+01, -2.118323554e-01, -2.118324176e-01, -2.118322782e-01, -4.236647008e-01
5.77e+01, -2.118323552e-01, -2.118324174e-01, -2.118322781e-01, -4.236647004e-01
5.78e+01, -2.118323550e-01, -2.118324171e-01, -2.118322780e-01, -4.236647001e-01
5.79e+01, -2.118323548e-01, -2.118324168e-01, -2.118322779e-01, -4.236646997e-01
5.80e+01, -2.118323546e-01, -2.118324166e-01, -2.118322778e-01, -4.236646993e-01
5.81e+01, -2.118323544e-01, -2.118324163e-01, -2.118322777e-01, -4.236646990e-01
5.82e+01, -2.118323543e-01, -2.118324160e-01, -2.118322777e-01, -4.236646986e-01
5.83e+01, -2.118323541e-01, -2.118324158e-01, -2.118322776e-01, -4.236646983e-01
5.84e+01, -2.118323539e-01, -2.118324155e-01, -2.118322775e-01, -4.236646979e-01
5.85e+01, -2.118323537e-01, -2.118324152e-01, -2.118322774e-01, -4.236646976e-01
5.86e+01, -2.118323535e-01, -2.118324150e-01, -2.118322773e-01, -4.236646972e-01
5.87e+01, -2.118323533e-01, -2.118324147e-01, -2.118322772e-01, -4.236646969e-01
5.88e+01, -2.118323532e-01, -2.118324145e-01, -2.118322772e-01, -4.236646965e-01
5.89e+01, -2.118323530e-01, -2.118324142e-01, -2.118322771e-01, -4.236646962e-01
5.90e+01, -2.118323528e-01, -2.118324139e-01, -2.118322770e-01, -4.236646958e-01
5.91e+01, -2.118323526e-01, -2.118324137e-01, -2.118322769e-01, -4.236646955e-01
5.92e+01, -2.118323524e-01, -2.118324134e-01, -2.118322768e-01, -4.236646951e-01
5.93e+01, -2.118323523e-01, -2.118324132e-01, -2.118322767e-01, -4.236646948e-01
5.94e+01, -2.118323521e-01, -2.118324129e-01, -2.118322767e-01, -4.236646944e-01
5.95e+01, -2.118323519e-01, -2.118324126e-01, -2.118322766e-01, -4.236646941e-01
5.96e+01, -2.118323517e-01, -2.118324124e-01, -2.118322765e-01, -4.236646938e-01
5.97e+01, -2.118323516e-01, -2.118324121e-01, -2.118322764e-01, -4.236646934e-01
5.98e+01, -2.118323514e-01, -2.118324119e-01, -2.118322764e-01, -4.236646931e-01
5.99e+01, -2.118323512e-01, -2.118324116e-01, -2.118322763e-01, -4.236646927e-01
6.00e+01, -2.118323510e-01, -2.118324114e-01, -2.118322762e-01, -4.236646924e-01
6.01e+01, -2.118323509e-01, -2.118324111e-01, -2.118322761e-01, -4.236646921e-01
6.02e+01, -2.118323507e-01, -2.118324109e-01, -2.118322760e-01, -4.236646917e-01
6.03e+01, -2.118323505e-01, -2.118324106e-01, -2.118322760e-01, -4.236646914e-01
6.04e+01, -2.118323503e-01, -2.118324104e-01, -2.118322759e-01, -4.236646911e-01
6.05e+01, -2.118323502e-01, -2.118324101e-01, -2.118322758e-01, -4.236646907e-01
6.06e+01, -2.118323500e-01, -2.118324099e-01, -2.118322757e-01, -4.236646904e-01
6.07e+01, -2.118323498e-01, -2.118324096e-01, -2.118322757e-01, -4.236646901e-01
6.08e+01, -2.118323497e-01, -2.118324094e-01, -2.118322756e-01, -4.236646897e-01
6.09e+01, -2.118323495e-01, -2.118324091e-01, -2.118322755e-01, -4.236646894e-01
6.10e+01, -2.118323493e-01, -2.118324089e-01, -2.118322754e-01, -4.236646891e-01
6.11e+01, -2.118323491e-01, -2.118324086e-01, -2.118322754e-01, -4.236646888e-01
6.12e+01, -2.118323490e-01, -2.118324084e-01, -2.118322753e-01, -4.236646885e-01
6.13e+01, -2.118323488e-01, -2.118324082e-01, -2.118322752e-01, -4.236646881e-01
6.14e+01, -2.118323486e-01, -2.118324079e-01, -2.118322752e-01, -4.236646878e-01
6.15e+01, -2.118323485e-01, -2.118324077e-01, -2.118322751e-01, -4.236646875e-01
6.16e+01, -2.118323483e-01, -2.118324074e-01, -2.118322750e-01, -4.236646872e-01
6.17e+01, -2.118323482e-01, -2.118324072e-01, -2.118322749e-01, -4.236646869e-01
6.18e+01, -2.118323480e-01, -2.118324069e-01, -2.118322749e-01, -4.236646865e-01
6.19e+01, -2.118323478e-01, -2.118324067e-01, -2.118322748e-01, -4.236646862e-01
6.20e+01, -2.118323477e-01, -2.118324065e-01, -2.118322747e-01, -4.236646859e-01
6.21e+01, -2.118323475e-01, -2.118324062e-01, -2.118322747e-01, -4.236646856e-01
6.22e+01, -2.118323473e-01, -2.118324060e-01, -2.118322746e-01, -4.236646853e-01
6.23e+01, -2.118323472e-01, -2.118324058e-01, -2.118322745e-01, -4.236646850e-01
6.24e+01, -2.118323470e-01, -2.118324055e-01, -2.118322745e-01, -4.236646847e-01
6.25e+01, -2.118323469e-01, -2.118324053e-01, -2.118322744e-01, -4.236646844e-01
6.26e+01, -2.118323467e-01, -2.118324051e-01, -2.118322743e-01, -4.236646841e-01
6.27e+01, -2.118323465e-01, -2.118324048e-01, -2.118322743e-01, -4.236646838e-01
6.28e+01, -2.118323464e-01, -2.118324046e-01, -2.118322742e-01, -4.236646835e-01
6.29e+01, -2.118323462e-01, -2.118324044e-01, -2.118322742e-01, -4.236646832e-01
6.30e+01, -2.118323461e-01, -2.118324041e-01, -2.118322741e-01, -4.236646829e-01
6.31e+01, -2.118323459e-01, -2.118324039e-01, -2.118322740e-01, -4.236646826e-01
6.32e+01, -2.118323458e-01, -2.118324037e-01, -2.118322740e-01, -4.236646823e-01
6.33e+01, -2.118323456e-01, -2.118324034e-01, -2.118322739e-01, -4.236646820e-01
6.34e+01, -2.118323455e-01, -2.118324032e-01, -2.118322738e-01, -4.236646817e-01
6.35e+01, -2.118323453e-01, -2.118324030e-01, -2.118322738e-01, -4.236646814e-01
6.36e+01, -2.118323452e-01, -2.118324027e-01, -2.118322737e-01, -4.236646811e-01
6.37e+01, -2.118323450e-01, -2.118324025e-01, -2.118322737e-01, -4.236646808e-01
6.38e+01, -2.118323448e-01, -2.118324023e-01, -2.118322736e-01, -4.236646805e-01
6.39e+01, -2.118323447e-01, -2.118324021e-01, -2.118322735e-01, -4.236646802e-01
6.40e+01, -2.118323445e-01, -2.118324018e-01, -2.118322735e-01, -4.236646799e-01
6.41e+01, -2.118323444e-01, -2.118324016e-01, -2.118322734e-01, -4.236646796e-01
6.42e+01, -2.118323443e-01, -2.118324014e-01, -2.118322734e-01, -4.236646794e-01
6.43e+01, -2.118323441e-01, -2.118324012e-01, -2.118322733e-01, -4.236646791e-01
6.44e+01, -2.118323440e-01, -2.118324010e-01, -2.118322733e-01, -4.236646788e-01
6.45e+01, -2.118323438e-01, -2.118324007e-01, -2.118322732e-01, -4.236646785e-01
6.46e+01, -2.118323437e-01, -2.118324005e-01, -2.118322732e-01, -4.236646782e-01
6.47e+01, -2.118323435e-01, -2.118324003e-01, -2.118322731e-01, -4.236646779e-01
6.48e+01, -2.118323434e-01, -2.118324001e-01, -2.118322730e-01, -4.236646777e-01
6.49e+01, -2.118323432e-01, -2.118323999e-01, -2.118322730e-01, -4.236646774e-01
6.50e+01, -2.118323431e-01, -2.118323996e-01, -2.118322729e-01, -4.236646771e-01
6.51e+01, -2.118323429e-01, -2.118323994e-01, -2.118322729e-01, -4.236646768e-01
6.52e+01, -2.118323428e-01, -2.118323992e-01, -2.118322728e-01, -4.236646766e-01
6.53e+01, -2.118323427e-01, -2.118323990e-01, -2.118322728e-01, -4.236646763e-01
6.54e+01, -2.118323425e-01, -2.118323988e-01, -2.118322727e-01, -4.236646760e-01
6.55e+01, -2.118323424e-01, -2.118323986e-01, -2.118322727e-01, -4.236646758e-01
6.56e+01, -2.118323422e-01, -2.118323984e-01, -2.118322726e-01, -4.236646755e-01
6.57e+01, -2.118323421e-01, -2.118323982e-01, -2.118322726e-01, -4.236646752e-01
6.58e+01, -2.118323420e-01, -2.118323979e-01, -2.118322725e-01, -4.236646750e-01
6.59e+01, -2.118323418e-01, -2.118323977e-01, -2.118322725e-01, -4.236646747e-01
6.60e+01, -2.118323417e-01, -2.118323975e-01, -2.118322724e-01, -4.236646744e-01
6.61e+01, -2.118323415e-01, -2.118323973e-01, -2.118322724e-01, -4.236646742e-01
6.62e+01, -2.118323414e-01, -2.118323971e-01, -2.118322724e-01, -4.236646739e-01
6.63e+01, -2.118323413e-01, -2.118323969e-01, -2.118322723e-01, -4.236646737e-01
6.64e+01, -2.118323411e-01, -2.118323967e-01, -2.118322723e-01, -4.236646734e-01
6.65e+01, -2.118323410e-01, -2.118323965e-01, -2.118322722e-01, -4.236646731e-01
6.66e+01, -2.118323409e-01, -2.118323963e-01, -2.118322722e-01, -4.236646729e-01
6.67e+01, -2.118323407e-01, -2.118323961e-01, -2.118322721e-01, -4.236646726e-01
6.68e+01, -2.118323406e-01, -2.118323959e-01, -2.118322721e-01, -4.236646724e-01
6.69e+01, -2.118323405e-01, -2.118323957e-01, -2.118322720e-01, -4.236646721e-01
6.70e+01, -2.118323403e-01, -2.118323955e-01, -2.118322720e-01, -4.236646719e-01
6.71e+01, -2.118323402e-01, -2.118323953e-01, -2.118322720e-01, -4.236646716e-01
6.72e+01, -2.118323401e-01, -2.118323951e-01, -2.118322719e-01, -4.236646714e-01
6.73e+01, -2.118323400e-01, -2.118323949e-01, -2.118322719e-01, -4.236646711e-01
6.74e+01, -2.118323398e-01, -2.118323947e-01, -2.118322718e-01, -4.236646709e-01
6.75e+01, -2.118323397e-01, -2.118323945e-01, -2.118322718e-01, -4.236646706e-01
6.76e+01, -2.118323396e-01, -2.118323943e-01, -2.118322717e-01, -4.236646704e-01
6.77e+01, -2.118323394e-01, -2.118323941e-01, -2.118322717e-01, -4.236646701e-01
6.78e+01, -2.118323393e-01, -2.118323939e-01, -2.118322717e-01, -4.236646699e-01
6.79e+01, -2.118323392e-01, -2.118323937e-01, -2.118322716e-01, -4.236646697e-01
6.80e+01, -2.118323391e-01, -2.118323935e-01, -2.118322716e-01, -4.236646694e-01
6.81e+01, -2.118323389e-01, -2.118323933e-01, -2.118322716e-01, -4.236646692e-01
6.82e+01, -2.118323388e-01, -2.118323931e-01, -2.118322715e-01, -4.236646689e-01
6.83e+01, -2.118323387e-01, -2.118323929e-01, -2.118322715e-01, -4.236646687e-01
6.84e+01, -2.118323386e-01, -2.118323927e-01, -2.118322714e-01, -4.236646685e-01
6.85e+01, -2.118323384e-01, -2.118323925e-01, -2.118322714e-01, -4.236646682e-01
6.86e+01, -2.118323383e-01, -2.118323923e-01, -2.118322714e-01, -4.236646680e-01
6.87e+01, -2.118323382e-01, -2.118323921e-01, -2.118322713e-01, -4.236646678e-01
6.88e+01, -2.118323381e-01, -2.118323919e-01, -2.118322713e-01, -4.236646675e-01
6.89e+01, -2.118323380e-01, -2.118323917e-01, -2.118322713e-01, -4.236646673e-01
6.90e+01, -2.118323378e-01, -2.118323916e-01, -2.118322712e-01, -4.236646671e-01
6.91e+01, -2.118323377e-01, -2.118323914e-01, -2.118322712e-01, -4.236646669e-01
6.92e+01, -2.118323376e-01, -2.118323912e-01, -2.118322712e-01, -4.236646666e-01
6.93e+01, -2.118323375e-01, -2.118323910e-01, -2.118322711e-01, -4.236646664e-01
6.94e+01, -2.118323374e-01, -2.118323908e-01, -2.118322711e-01, -4.236646662e-01
6.95e+01, -2.118323372e-01, -2.118323906e-01, -2.118322711e-01, -4.236646660e-01
6.96e+01, -2.118323371e-01, -2.118323904e-01, -2.118322710e-01, -4.236646657e-01
6.97e+01, -2.118323370e-01, -2.118323902e-01, -2.118322710e-01, -4.236646655e-01
6.98e+01, -2.118323369e-01, -2.118323901e-01, -2.118322710e-01, -4.236646653e-01
6.99e+01, -2.118323368e-01, -2.118323899e-01, -2.118322710e-01, -4.236646651e-01
7.00e+01, -2.118323367e-01, -2.118323897e-01, -2.118322709e-01, -4.236646649e-01
7.01e+01, -2.118323366e-01, -2.118323895e-01, -2.118322709e-01, -4.236646646e-01
7.02e+01, -2.118323364e-01, -2.118323893e-01, -2.118322709e-01, -4.236646644e-01
7.03e+01, -2.118323363e-01, -2.118323891e-01, -2.118322708e-01, -4.236646642e-01
7.04e+01, -2.118323362e-01, -2.118323890e-01, -2.118322708e-01, -4.236646640e-01
7.05e+01, -2.118323361e-01, -2.118323888e-01, -2.118322708e-01, -4.236646638e-01
7.06e+01, -2.118323360e-01, -2.118323886e-01, -2.118322708e-01, -4.236646636e-01
7.07e+01, -2.118323359e-01, -2.118323884e-01, -2.118322707e-01, -4.236646634e-01
7.08e+01, -2.118323358e-01, -2.118323882e-01, -2.118322707e-01, -4.236646632e-01
7.09e+01, -2.118323357e-01, -2.118323881e-01, -2.118322707e-01, -4.236646629e-01
7.10e+01, -2.118323356e-01, -2.118323879e-01, -2.118322707e-01, -4.236646627e-01
7.11e+01, -2.118323354e-01, -2.118323877e-01, -2.118322706e-01, -4.236646625e-01
7.12e+01, -2.118323353e-01, -2.118323875e-01, -2.118322706e-01, -4.236646623e-01
7.13e+01, -2.118323352e-01, -2.118323874e-01, -2.118322706e-01, -4.236646621e-01
7.14e+01, -2.118323351e-01, -2.118323872e-01, -2.118322706e-01, -4.236646619e-01
7.15e+01, -2.118323350e-01, -2.118323870e-01, -2.118322705e-01, -4.236646617e-01
7.16e+01, -2.118323349e-01, -2.118323868e-01, -2.118322705e-01, -4.236646615e-01
7.17e+01, -2.118323348e-01, -2.118323867e-01, -2.118322705e-01, -4.236646613e-01
7.18e+01, -2.118323347e-01, -2.118323865e-01, -2.118322705e-01, -4.236646611e-01
7.19e+01, -2.118323346e-01, -2.118323863e-01, -2.118322704e-01, -4.236646609e-01
7.20e+01, -2.118323345e-01, -2.118323862e-01, -2.118322704e-01, -4.236646607e-01
7.21e+01, -2.118323344e-01, -2.118323860e-01, -2.118322704e-01, -4.236646605e-01
7.22e+01, -2.118323343e-01, -2.118323858e-01, -2.118322704e-01, -4.236646603e-01
7.23e+01, -2.118323342e-01, -2.118323856e-01, -2.118322704e-01, -4.236646601e-01
7.24e+01, -2.118323341e-01, -2.118323855e-01, -2.118322703e-01, -4.236646599e-01
7.25e+01, -2.118323340e-01, -2.118323853e-01, -2.118322703e-01, -4.236646597e-01
7.26e+01, -2.118323339e-01, -2.118323851e-01, -2.118322703e-01, -4.236646595e-01
7.27e+01, -2.118323338e-01, -2.118323850e-01, -2.118322703e-01, -4.236646594e-01
7.28e+01, -2.118323337e-01, -2.118323848e-01, -2.118322703e-01, -4.236646592e-01
7.29e+01, -2.118323336e-01, -2.118323846e-01, -2.118322702e-01, -4.236646590e-01
7.30e+01, -2.118323335e-01, -2.118323845e-01, -2.118322702e-01, -4.236646588e-01
7.31e+01, -2.118323334e-01, -2.118323843e-01, -2.118322702e-01, -4.236646586e-01
7.32e+01, -2.118323333e-01, -2.118323841e-01, -2.118322702e-01, -4.236646584e-01
7.33e+01, -2.118323332e-01, -2.118323840e-01, -2.118322702e-01, -4.236646582e-01
7.34e+01, -2.118323331e-01, -2.118323838e-01, -2.118322702e-01, -4.236646580e-01
7.35e+01, -2.118323330e-01, -2.118323837e-01, -2.118322701e-01, -4.236646579e-01
7.36e+01, -2.118323329e-01, -2.118323835e-01, -2.118322701e-01, -4.236646577e-01
7.37e+01, -2.118323328e-01, -2.118323833e-01, -2.118322701e-01, -4.236646575e-01
7.38e+01, -2.118323327e-01, -2.118323832e-01, -2.118322701e-01, -4.236646573e-01
7.39e+01, -2.118323326e-01, -2.118323830e-01, -2.118322701e-01, -4.236646571e-01
7.40e+01, -2.118323325e-01, -2.118323828e-01, -2.118322701e-01, -4.236646569e-01
7.41e+01, -2.118323324e-01, -2.118323827e-01, -2.118322701e-01, -4.236646568e-01
7.42e+01, -2.118323323e-01, -2.118323825e-01, -2.118322700e-01, -4.236646566e-01
7.43e+01, -2.118323322e-01, -2.118323824e-01, -2.118322700e-01, -4.236646564e-01
7.44e+01, -2.118323321e-01, -2.118323822e-01, -2.118322700e-01, -4.236646562e-01
7.45e+01, -2.118323320e-01, -2.118323821e-01, -2.118322700e-01, -4.236646561e-01
7.46e+01, -2.118323319e-01, -2.118323819e-01, -2.118322700e-01, -4.236646559e-01
7.47e+01, -2.118323319e-01, -2.118323817e-01, -2.118322700e-01, -4.236646557e-01
7.48e+01, -2.118323318e-01, -2.118323816e-01, -2.118322700e-01, -4.236646555e-01
7.49e+01, -2.118323317e-01, -2.118323814e-01, -2.118322700e-01, -4.236646554e-01
7.50e+01, -2.118323316e-01, -2.118323813e-01, -2.118322699e-01, -4.236646552e-01
7.51e+01, -2.118323315e-01, -2.118323811e-01, -2.118322699e-01, -4.236646550e-01
7.52e+01, -2.118323314e-01, -2.118323810e-01, -2.118322699e-01, -4.236646549e-01
7.53e+01, -2.118323313e-01, -2.118323808e-01, -2.118322699e-01, -4.236646547e-01
7.54e+01, -2.118323312e-01, -2.118323807e-01, -2.118322699e-01, -4.236646545e-01
7.55e+01, -2.118323311e-01, -2.118323805e-01, -2.118322699e-01, -4.236646544e-01
7.56e+01, -2.118323310e-01, -2.118323804e-01, -2.118322699e-01, -4.236646542e-01
7.57e+01, -2.118323310e-01, -2.118323802e-01, -2.118322699e-01, -4.236646540e-01
7.58e+01, -2.118323309e-01, -2.118323801e-01, -2.118322699e-01, -4.236646539e-01
7.59e+01, -2.118323308e-01, -2.118323799e-01, -2.118322699e-01, -4.236646537e-01
7.60e+01, -2.118323307e-01, -2.118323798e-01, -2.118322699e-01, -4.236646535e-01
7.61e+01, -2.118323306e-01, -2.118323796e-01, -2.118322699e-01, -4.236646534e-01
7.62e+01, -2.118323305e-01, -2.118323795e-01, -2.118322698e-01, -4.236646532e-01
7.63e+01, -2.118323304e-01, -2.118323793e-01, -2.118322698e-01, -4.236646531e-01
7.64e+01, -2.118323304e-01, -2.118323792e-01, -2.118322698e-01, -4.236646529e-01
7.65e+01, -2.118323303e-01, -2.118323790e-01, -2.118322698e-01, -4.236646527e-01
7.66e+01, -2.118323302e-01, -2.118323789e-01, -2.118322698e-01, -4.236646526e-01
7.67e+01, -2.118323301e-01, -2.118323787e-01, -2.118322698e-01, -4.236646524e-01
7.68e+01, -2.118323300e-01, -2.118323786e-01, -2.118322698e-01, -4.236646523e-01
7.69e+01, -2.118323299e-01, -2.118323784e-01, -2.118322698e-01, -4.236646521e-01
7.70e+01, -2.118323299e-01, -2.118323783e-01, -2.118322698e-01, -4.236646520e-01
7.71e+01, -2.118323298e-01, -2.118323781e-01, -2.118322698e-01, -4.236646518e-01
7.72e+01, -2.118323297e-01, -2.118323780e-01, -2.118322698e-01, -4.236646516e-01
7.73e+01, -2.118323296e-01, -2.118323778e-01, -2.118322698e-01, -4.236646515e-01
7.74e+01, -2.118323295e-01, -2.118323777e-01, -2.118322698e-01, -4.236646513e-01
7.75e+01, -2.118323294e-01, -2.118323776e-01, -2.118322698e-01, -4.236646512e-01
7.76e+01, -2.118323294e-01, -2.118323774e-01, -2.118322698e-01, -4.236646510e-01
7.77e+01, -2.118323293e-01, -2.118323773e-01, -2.118322698e-01, -4.236646509e-01
7.78e+01, -2.118323292e-01, -2.118323771e-01, -2.118322698e-01, -4.236646507e-01
7.79e+01, -2.118323291e-01, -2.118323770e-01, -2.118322698e-01, -4.236646506e-01
7.80e+01, -2.118323290e-01, -2.118323769e-01, -2.118322698e-01, -4.236646504e-01
7.81e+01, -2.118323290e-01, -2.118323767e-01, -2.118322698e-01, -4.236646503e-01
7.82e+01, -2.118323289e-01, -2.118323766e-01, -2.118322698e-01, -4.236646502e-01
7.83e+01, -2.118323288e-01, -2.118323764e-01, -2.118322698e-01, -4.236646500e-01
7.84e+01, -2.118323287e-01, -2.118323763e-01, -2.118322698e-01, -4.236646499e-01
7.85e+01, -2.118323287e-01, -2.118323762e-01, -2.118322698e-01, -4.236646497e-01
7.86e+01, -2.118323286e-01, -2.118323760e-01, -2.118322698e-01, -4.236646496e-01
7.87e+01, -2.118323285e-01, -2.118323759e-01, -2.118322698e-01, -4.236646494e-01
7.88e+01, -2.118323284e-01, -2.118323757e-01, -2.118322698e-01, -4.236646493e-01
7.89e+01, -2.118323284e-01, -2.118323756e-01, -2.118322698e-01, -4.236646492e-01
7.90e+01, -2.118323283e-01, -2.118323755e-01, -2.118322698e-01, -4.236646490e-01
7.91e+01, -2.118323282e-01, -2.118323753e-01, -2.118322698e-01, -4.236646489e-01
7.92e+01, -2.118323281e-01, -2.118323752e-01, -2.118322698e-01, -4.236646487e-01
7.93e+01, -2.118323281e-01, -2.118323751e-01, -2.118322698e-01, -4.236646486e-01
7.94e+01, -2.118323280e-01, -2.118323749e-01, -2.118322698e-01, -4.236646485e-01
7.95e+01, -2.118323279e-01, -2.118323748e-01, -2.118322698e-01, -4.236646483e-01
7.96e+01, -2.118323278e-01, -2.118323747e-01, -2.118322698e-01, -4.236646482e-01
7.97e+01, -2.118323278e-01, -2.118323745e-01, -2.118322698e-01, -4.236646480e-01
7.98e+01, -2.118323277e-01, -2.118323744e-01, -2.118322698e-01, -4.236646479e-01
7.99e+01, -2.118323276e-01, -2.118323743e-01, -2.118322698e-01, -4.236646478e-01
8.00e+01, -2.118323276e-01, -2.118323741e-01, -2.118322698e-01, -4.236646476e-01
8.01e+01, -2.118323275e-01, -2.118323740e-01, -2.118322698e-01, -4.236646475e-01
8.02e+01, -2.118323274e-01, -2.118323739e-01, -2.118322698e-01, -4.236646474e-01
8.03e+01, -2.118323273e-01, -2.118323737e-01, -2.118322698e-01, -4.236646472e-01
8.04e+01, -2.118323273e-01, -2.118323736e-01, -2.118322698e-01, -4.236646471e-01
8.05e+01, -2.118323272e-01, -2.118323735e-01, -2.118322698e-01, -4.236646470e-01
8.06e+01, -2.118323271e-01, -2.118323734e-01, -2.118322698e-01, -4.236646469e-01
8.07e+01, -2.118323271e-01, -2.118323732e-01, -2.118322698e-01, -4.236646467e-01
8.08e+01, -2.118323270e-01, -2.118323731e-01, -2.118322698e-01, -4.236646466e-01
8.09e+01, -2.118323269e-01, -2.118323730e-01, -2.118322698e-01, -4.236646465e-01
8.10e+01, -2.118323269e-01, -2.118323728e-01, -2.118322698e-01, -4.236646463e-01
8.11e+01, -2.118323268e-01, -2.118323727e-01, -2.118322698e-01, -4.236646462e-01
8.12e+01, -2.118323267e-01, -2.118323726e-01, -2.118322698e-01, -4.236646461e-01
8.13e+01, -2.118323267e-01, -2.118323725e-01, -2.118322698e-01, -4.236646460e-01
8.14e+01, -2.118323266e-01, -2.118323723e-01, -2.118322699e-01, -4.236646458e-01
8.15e+01, -2.118323265e-01, -2.118323722e-01, -2.118322699e-01, -4.236646457e-01
8.16e+01, -2.118323265e-01, -2.118323721e-01, -2.118322699e-01, -4.236646456e-01
8.17e+01, -2.118323264e-01, -2.118323720e-01, -2.118322699e-01, -4.236646455e-01
8.18e+01, -2.118323263e-01, -2.118323718e-01, -2.118322699e-01, -4.236646454e-01
8.19e+01, -2.118323263e-01, -2.118323717e-01, -2.118322699e-01, -4.236646452e-01
8.20e+01, -2.118323262e-01, -2.118323716e-01, -2.118322699e-01, -4.236646451e-01
8.21e+01, -2.118323261e-01, -2.118323715e-01, -2.118322699e-01, -4.236646450e-01
8.22e+01, -2.118323261e-01, -2.118323713e-01, -2.118322699e-01, -4.236646449e-01
8.23e+01, -2.118323260e-01, -2.118323712e-01, -2.118322699e-01, -4.236646448e-01
8.24e+01, -2.118323259e-01, -2.118323711e-01, -2.118322699e-01, -4.236646446e-01
8.25e+01, -2.118323259e-01, -2.118323710e-01, -2.118322699e-01, -4.236646445e-01
8.26e+01, -2.118323258e-01, -2.118323708e-01, -2.118322699e-01, -4.236646444e-01
8.27e+01, -2.118323257e-01, -2.118323707e-01, -2.118322700e-01, -4.236646443e-01
8.28e+01, -2.118323257e-01, -2.118323706e-01, -2.118322700e-01, -4.236646442e-01
8.29e+01, -2.118323256e-01, -2.118323705e-01, -2.118322700e-01, -4.236646441e-01
8.30e+01, -2.118323256e-01, -2.118323704e-01, -2.118322700e-01, -4.236646439e-01
8.31e+01, -2.118323255e-01, -2.118323702e-01, -2.118322700e-01, -4.236646438e-01
8.32e+01, -2.118323254e-01, -2.118323701e-01, -2.118322700e-01, -4.236646437e-01
8.33e+01, -2.118323254e-01, -2.118323700e-01, -2.118322700e-01, -4.236646436e-01
8.34e+01, -2.118323253e-01, -2.118323699e-01, -2.118322700e-01, -4.236646435e-01
8.35e+01, -2.118323252e-01, -2.118323698e-01, -2.118322700e-01, -4.236646434e-01
8.36e+01, -2.118323252e-01, -2.118323697e-01, -2.118322700e-01, -4.236646433e-01
8.37e+01, -2.118323251e-01, -2.118323695e-01, -2.118322701e-01, -4.236646431e-01
8.38e+01, -2.118323251e-01, -2.118323694e-01, -2.118322701e-01, -4.236646430e-01
8.39e+01, -2.118323250e-01, -2.118323693e-01, -2.118322701e-01, -4.236646429e-01
8.40e+01, -2.118323249e-01, -2.118323692e-01, -2.118322701e-01, -4.236646428e-01
8.41e+01, -2.118323249e-01, -2.118323691e-01, -2.118322701e-01, -4.236646427e-01
8.42e+01, -2.118323248e-01, -2.118323690e-01, -2.118322701e-01, -4.236646426e-01
8.43e+01, -2.118323248e-01, -2.118323688e-01, -2.118322701e-01, -4.236646425e-01
8.44e+01, -2.118323247e-01, -2.118323687e-01, -2.118322701e-01, -4.236646424e-01
8.45e+01, -2.118323247e-01, -2.118323686e-01, -2.118322702e-01, -4.236646423e-01
8.46e+01, -2.118323246e-01, -2.118323685e-01, -2.118322702e-01, -4.236646422e-01
8.47e+01, -2.118323245e-01, -2.118323684e-01, -2.118322702e-01, -4.236646421e-01
8.48e+01, -2.118323245e-01, -2.118323683e-01, -2.118322702e-01, -4.236646420e-01
8.49e+01, -2.118323244e-01, -2.118323682e-01, -2.118322702e-01, -4.236646419e-01
8.50e+01, -2.118323244e-01, -2.118323680e-01, -2.118322702e-01, -4.236646418e-01
8.51e+01, -2.118323243e-01, -2.118323679e-01, -2.118322702e-01, -4.236646416e-01
8.52e+01, -2.118323243e-01, -2.118323678e-01, -2.118322702e-01, -4.236646415e-01
8.53e+01, -2.118323242e-01, -2.118323677e-01, -2.118322703e-01, -4.236646414e-01
8.54e+01, -2.118323241e-01, -2.118323676e-01, -2.118322703e-01, -4.236646413e-01
8.55e+01, -2.118323241e-01, -2.118323675e-01, -2.118322703e-01, -4.236646412e-01
8.56e+01, -2.118323240e-01, -2.118323674e-01, -2.118322703e-01, -4.236646411e-01
8.57e+01, -2.118323240e-01, -2.118323673e-01, -2.118322703e-01, -4.236646410e-01
8.58e+01, -2.118323239e-01, -2.118323671e-01, -2.118322703e-01, -4.236646409e-01
8.59e+01, -2.118323239e-01, -2.118323670e-01, -2.118322704e-01, -4.236646408e-01
8.60e+01, -2.118323238e-01, -2.118323669e-01, -2.118322704e-01, -4.236646407e-01
8.61e+01, -2.118323238e-01, -2.118323668e-01, -2.118322704e-01, -4.236646406e-01
8.62e+01, -2.118323237e-01, -2.118323667e-01, -2.118322704e-01, -4.236646405e-01
8.63e+01, -2.118323237e-01, -2.118323666e-01, -2.118322704e-01, -4.236646404e-01
8.64e+01, -2.118323236e-01, -2.118323665e-01, -2.118322704e-01, -4.236646404e-01
8.65e+01, -2.118323236e-01, -2.118323664e-01, -2.118322704e-01, -4.236646403e-01
8.66e+01, -2.118323235e-01, -2.118323663e-01, -2.118322705e-01, -4.236646402e-01
8.67e+01, -2.118323234e-01, -2.118323662e-01, -2.118322705e-01, -4.236646401e-01
8.68e+01, -2.118323234e-01, -2.118323661e-01, -2.118322705e-01, -4.236646400e-01
8.69e+01, -2.118323233e-01, -2.118323660e-01, -2.118322705e-01, -4.236646399e-01
8.70e+01, -2.118323233e-01, -2.118323658e-01, -2.118322705e-01, -4.236646398e-01
8.71e+01, -2.118323232e-01, -2.118323657e-01, -2.118322705e-01, -4.236646397e-01
8.72e+01, -2.118323232e-01, -2.118323656e-01, -2.118322706e-01, -4.236646396e-01
8.73e+01, -2.118323231e-01, -2.118323655e-01, -2.118322706e-01, -4.236646395e-01
8.74e+01, -2.118323231e-01, -2.118323654e-01, -2.118322706e-01, -4.236646394e-01
8.75e+01, -2.118323230e-01, -2.118323653e-01, -2.118322706e-01, -4.236646393e-01
8.76e+01, -2.118323230e-01, -2.118323652e-01, -2.118322706e-01, -4.236646392e-01
8.77e+01, -2.118323229e-01, -2.118323651e-01, -2.118322706e-01, -4.236646391e-01
8.78e+01, -2.118323229e-01, -2.118323650e-01, -2.118322707e-01, -4.236646390e-01
8.79e+01, -2.118323228e-01, -2.118323649e-01, -2.118322707e-01, -4.236646390e-01
8.80e+01, -2.118323228e-01, -2.118323648e-01, -2.118322707e-01, -4.236646389e-01
8.81e+01, -2.118323227e-01, -2.118323647e-01, -2.118322707e-01, -4.236646388e-01
8.82e+01, -2.118323227e-01, -2.118323646e-01, -2.118322707e-01, -4.236646387e-01
8.83e+01, -2.118323226e-01, -2.118323645e-01, -2.118322708e-01, -4.236646386e-01
8.84e+01, -2.118323226e-01, -2.118323644e-01, -2.118322708e-01, -4.236646385e-01
8.85e+01, -2.118323226e-01, -2.118323643e-01, -2.118322708e-01, -4.236646384e-01
8.86e+01, -2.118323225e-01, -2.118323642e-01, -2.118322708e-01, -4.236646383e-01
8.87e+01, -2.118323225e-01, -2.118323641e-01, -2.118322708e-01, -4.236646382e-01
8.88e+01, -2.118323224e-01, -2.118323640e-01, -2.118322709e-01, -4.236646382e-01
8.89e+01, -2.118323224e-01, -2.118323639e-01, -2.118322709e-01, -4.236646381e-01
8.90e+01, -2.118323223e-01, -2.118323638e-01, -2.118322709e-01, -4.236646380e-01
8.91e+01, -2.118323223e-01, -2.118323637e-01, -2.118322709e-01, -4.236646379e-01
8.92e+01, -2.118323222e-01, -2.118323636e-01, -2.118322709e-01, -4.236646378e-01
8.93e+01, -2.118323222e-01, -2.118323635e-01, -2.118322710e-01, -4.236646377e-01
8.94e+01, -2.118323221e-01, -2.118323634e-01, -2.118322710e-01, -4.236646377e-01
8.95e+01, -2.118323221e-01, -2.118323633e-01, -2.118322710e-01, -4.236646376e-01
8.96e+01, -2.118323220e-01, -2.118323632e-01, -2.118322710e-01, -4.236646375e-01
8.97e+01, -2.118323220e-01, -2.118323631e-01, -2.118322710e-01, -4.236646374e-01
8.98e+01, -2.118323219e-01, -2.118323630e-01, -2.118322711e-01, -4.236646373e-01
8.99e+01, -2.118323219e-01, -2.118323629e-01, -2.118322711e-01, -4.236646372e-01
9.00e+01, -2.118323219e-01, -2.118323628e-01, -2.118322711e-01, -4.236646372e-01
9.01e+01, -2.118323218e-01, -2.118323627e-01, -2.118322711e-01, -4.236646371e-01
9.02e+01, -2.118323218e-01, -2.118323626e-01, -2.118322711e-01, -4.236646370e-01
9.03e+01, -2.118323217e-01, -2.118323625e-01, -2.118322712e-01, -4.236646369e-01
9.04e+01, -2.118323217e-01, -2.118323624e-01, -2.118322712e-01, -4.236646368e-01
9.05e+01, -2.118323216e-01, -2.118323623e-01, -2.118322712e-01, -4.236646368e-01
9.06e+01, -2.118323216e-01, -2.118323622e-01, -2.118322712e-01, -4.236646367e-01
9.07e+01, -2.118323215e-01, -2.118323621e-01, -2.118322712e-01, -4.236646366e-01
9.08e+01, -2.118323215e-01, -2.118323620e-01, -2.118322713e-01, -4.236646365e-01
9.09e+01, -2.118323215e-01, -2.118323619e-01, -2.118322713e-01, -4.236646365e-01
9.10e+01, -2.118323214e-01, -2.118323618e-01, -2.118322713e-01, -4.236646364e-01
9.11e+01, -2.118323214e-01, -2.118323617e-01, -2.118322713e-01, -4.236646363e-01
9.12e+01, -2.118323213e-01, -2.118323616e-01, -2.118322714e-01, -4.236646362e-01
9.13e+01, -2.118323213e-01, -2.118323615e-01, -2.118322714e-01, -4.236646361e-01
9.14e+01, -2.118323213e-01, -2.118323614e-01, -2.118322714e-01, -4.236646361e-01
9.15e+01, -2.118323212e-01, -2.118323614e-01, -2.118322714e-01, -4.236646360e-01
9.16e+01, -2.118323212e-01, -2.118323613e-01, -2.118322715e-01, -4.236646359e-01
9.17e+01, -2.118323211e-01, -2.118323612e-01, -2.118322715e-01, -4.236646358e-01
9.18e+01, -2.118323211e-01, -2.118323611e-01, -2.118322715e-01, -4.236646358e-01
9.19e+01, -2.118323210e-01, -2.118323610e-01, -2.118322715e-01, -4.236646357e-01
9.20e+01, -2.118323210e-01, -2.118323609e-01, -2.118322715e-01, -4.236646356e-01
9.21e+01, -2.118323210e-01, -2.118323608e-01, -2.118322716e-01, -4.236646356e-01
9.22e+01, -2.118323209e-01, -2.118323607e-01, -2.118322716e-01, -4.236646355e-01
9.23e+01, -2.118323209e-01, -2.118323606e-01, -2.118322716e-01, -4.236646354e-01
9.24e+01, -2.118323208e-01, -2.118323605e-01, -2.118322716e-01, -4.236646353e-01
9.25e+01, -2.118323208e-01, -2.118323604e-01, -2.118322717e-01, -4.236646353e-01
9.26e+01, -2.118323208e-01, -2.118323603e-01, -2.118322717e-01, -4.236646352e-01
9.27e+01, -2.118323207e-01, -2.118323603e-01, -2.118322717e-01, -4.236646351e-01
9.28e+01, -2.118323207e-01, -2.118323602e-01, -2.118322717e-01, -4.236646351e-01
9.29e+01, -2.118323206e-01, -2.118323601e-01, -2.118322718e-01, -4.236646350e-01
9.30e+01, -2.118323206e-01, -2.118323600e-01, -2.118322718e-01, -4.236646349e-01
9.31e+01, -2.118323206e-01, -2.118323599e-01, -2.118322718e-01, -4.236646348e-01
9.32e+01, -2.118323205e-01, -2.118323598e-01, -2.118322718e-01, -4.236646348e-01
9.33e+01, -2.118323205e-01, -2.118323597e-01, -2.118322719e-01, -4.236646347e-01
9.34e+01, -2.118323205e-01, -2.118323596e-01, -2.118322719e-01, -4.236646346e-01
9.35e+01, -2.118323204e-01, -2.118323595e-01, -2.118322719e-01, -4.236646346e-01
9.36e+01, -2.118323204e-01, -2.118323594e-01, -2.118322719e-01, -4.236646345e-01
9.37e+01, -2.118323203e-01, -2.118323594e-01, -2.118322720e-01, -4.236646344e-01
9.38e+01, -2.118323203e-01, -2.118323593e-01, -2.118322720e-01, -4.236646344e-01
9.39e+01, -2.118323203e-01, -2.118323592e-01, -2.118322720e-01, -4.236646343e-01
9.40e+01, -2.118323202e-01, -2.118323591e-01, -2.118322720e-01, -4.236646342e-01
9.41e+01, -2.118323202e-01, -2.118323590e-01, -2.118322721e-01, -4.236646342e-01
9.42e+01, -2.118323202e-01, -2.118323589e-01, -2.118322721e-01, -4.236646341e-01
9.43e+01, -2.118323201e-01, -2.118323588e-01, -2.118322721e-01, -4.236646340e-01
9.44e+01, -2.118323201e-01, -2.118323587e-01, -2.118322721e-01, -4.236646340e-01
9.45e+01, -2.118323200e-01, -2.118323587e-01, -2.118322722e-01, -4.236646339e-01
9.46e+01, -2.118323200e-01, -2.118323586e-01, -2.118322722e-01, -4.236646338e-01
9.47e+01, -2.118323200e-01, -2.118323585e-01, -2.118322722e-01, -4.236646338e-01
9.48e+01, -2.118323199e-01, -2.118323584e-01, -2.118322722e-01, -4.236646337e-01
9.49e+01, -2.118323199e-01, -2.118323583e-01, -2.118322723e-01, -4.236646337e-01
9.50e+01, -2.118323199e-01, -2.118323582e-01, -2.118322723e-01, -4.236646336e-01
9.51e+01, -2.118323198e-01, -2.118323581e-01, -2.118322723e-01, -4.236646335e-01
9.52e+01, -2.118323198e-01, -2.118323581e-01, -2.118322723e-01, -4.236646335e-01
9.53e+01, -2.118323198e-01, -2.118323580e-01, -2.118322724e-01, -4.236646334e-01
9.54e+01, -2.118323197e-01, -2.118323579e-01, -2.118322724e-01, -4.236646333e-01
9.55e+01, -2.118323197e-01, -2.118323578e-01, -2.118322724e-01, -4.236646333e-01
9.56e+01, -2.118323197e-01, -2.118323577e-01, -2.118322724e-01, -4.236646332e-01
9.57e+01, -2.118323196e-01, -2.118323576e-01, -2.118322725e-01, -4.236646332e-01
9.58e+01, -2.118323196e-01, -2.118323576e-01, -2.118322725e-01, -4.236646331e-01
9.59e+01, -2.118323196e-01, -2.118323575e-01, -2.118322725e-01, -4.236646330e-01
9.60e+01, -2.118323195e-01, -2.118323574e-01, -2.118322726e-01, -4.236646330e-01
9.61e+01, -2.118323195e-01, -2.118323573e-01, -2.118322726e-01, -4.236646329e-01
9.62e+01, -2.118323195e-01, -2.118323572e-01, -2.118322726e-01, -4.236646329e-01
9.63e+01, -2.118323194e-01, -2.118323571e-01, -2.118322726e-01, -4.236646328e-01
9.64e+01, -2.118323194e-01, -2.118323571e-01, -2.118322727e-01, -4.236646327e-01
9.65e+01, -2.118323194e-01, -2.118323570e-01, -2.118322727e-01, -4.236646327e-01
9.66e+01, -2.118323193e-01, -2.118323569e-01, -2.118322727e-01, -4.236646326e-01
9.67e+01, -2.118323193e-01, -2.118323568e-01, -2.118322727e-01, -4.236646326e-01
9.68e+01, -2.118323193e-01, -2.118323567e-01, -2.118322728e-01, -4.236646325e-01
9.69e+01, -2.118323192e-01, -2.118323567e-01, -2.118322728e-01, -4.236646325e-01
9.70e+01, -2.118323192e-01, -2.118323566e-01, -2.118322728e-01, -4.236646324e-01
9.71e+01, -2.118323192e-01, -2.118323565e-01, -2.118322729e-01, -4.236646323e-01
9.72e+01, -2.118323191e-01, -2.118323564e-01, -2.118322729e-01, -4.236646323e-01
9.73e+01, -2.118323191e-01, -2.118323563e-01, -2.118322729e-01, -4.236646322e-01
9.74e+01, -2.118323191e-01, -2.118323563e-01, -2.118322729e-01, -4.236646322e-01
9.75e+01, -2.118323190e-01, -2.118323562e-01, -2.118322730e-01, -4.236646321e-01
9.76e+01, -2.118323190e-01, -2.118323561e-01, -2.118322730e-01, -4.236646321e-01
9.77e+01, -2.118323190e-01, -2.118323560e-01, -2.118322730e-01, -4.236646320e-01
9.78e+01, -2.118323189e-01, -2.118323559e-01, -2.118322731e-01, -4.236646319e-01
9.79e+01, -2.118323189e-01, -2.118323559e-01, -2.118322731e-01, -4.236646319e-01
9.80e+01, -2.118323189e-01, -2.118323558e-01, -2.118322731e-01, -4.236646318e-01
9.81e+01, -2.118323188e-01, -2.118323557e-01, -2.118322731e-01, -4.236646318e-01
9.82e+01, -2.118323188e-01, -2.118323556e-01, -2.118322732e-01, -4.236646317e-01
9.83e+01, -2.118323188e-01, -2.118323555e-01, -2.118322732e-01, -4.236646317e-01
9.84e+01, -2.118323188e-01, -2.118323555e-01, -2.118322732e-01, -4.236646316e-01
9.85e+01, -2.118323187e-01, -2.118323554e-01, -2.118322733e-01, -4.236646316e-01
9.86e+01, -2.118323187e-01, -2.118323553e-01, -2.118322733e-01, -4.236646315e-01
9.87e+01, -2.118323187e-01, -2.118323552e-01, -2.118322733e-01, -4.236646315e-01
9.88e+01, -2.118323186e-01, -2.118323552e-01, -2.118322733e-01, -4.236646314e-01
9.89e+01, -2.118323186e-01, -2.118323551e-01, -2.118322734e-01, -4.236646314e-01
9.90e+01, -2.118323186e-01, -2.118323550e-01, -2.118322734e-01, -4.236646313e-01
9.91e+01, -2.118323185e-01, -2.118323549e-01, -2.118322734e-01, -4.236646313e-01
9.92e+01, -2.118323185e-01, -2.118323549e-01, -2.118322735e-01, -4.236646312e-01
9.93e+01, -2.118323185e-01, -2.118323548e-01, -2.118322735e-01, -4.236646312e-01
9.94e+01, -2.118323185e-01, -2.118323547e-01, -2.118322735e-01, -4.236646311e-01
9.95e+01, -2.118323184e-01, -2.118323546e-01, -2.118322735e-01, -4.236646311e-01
9.96e+01, -2.118323184e-01, -2.118323545e-01, -2.118322736e-01, -4.236646310e-01
9.97e+01, -2.118323184e-01, -2.118323545e-01, -2.118322736e-01, -4.236646310e-01
9.98e+01, -2.118323183e-01, -2.118323544e-01, -2.118322736e-01, -4.236646309e-01
9.99e+01, -2.118323183e-01, -2.118323543e-01, -2.118322737e-01, -4.236646309e-01
1.00e+02, -2.118323183e-01, -2.118323542e-01, -2.118322737e-01, -4.236646308e-01
