0.00e+00, -1.874999180e-04, -1.874999180e-04, -1.874999180e-04, -3.749998359e-04
1.00e-01, -1.886918901e-02, -1.886918600e-02, -1.886918534e-02, -3.773837356e-02
2.00e-01, -3.715813983e-02, -3.715812824e-02, -3.715812612e-02, -7.431626280e-02
3.00e-01, -5.470391612e-02, -5.470389344e-02, -5.470388845e-02, -1.094077987e-01
4.00e-01, -7.122315215e-02, -7.122311645e-02, -7.122310388e-02, -1.424462483e-01
5.00e-01, -8.651558957e-02, -8.651553923e-02, -8.651550710e-02, -1.730310906e-01
6.00e-01, -1.004663186e-01, -1.004662525e-01, -1.004661766e-01, -2.009324984e-01
7.00e-01, -1.130370916e-01, -1.130370098e-01, -1.130368490e-01, -2.260739670e-01
8.00e-01, -1.242512031e-01, -1.242511079e-01, -1.242508003e-01, -2.485020741e-01
9.00e-01, -1.341762680e-01, -1.341761652e-01, -1.341756266e-01, -2.683520399e-01
1.00e+00, -1.429080449e-01, -1.429079455e-01, -1.429070696e-01, -2.858153734e-01
1.10e+00, -1.505570220e-01, -1.505569431e-01, -1.505556042e-01, -3.011130462e-01
1.20e+00, -1.572383216e-01, -1.572382878e-01, -1.572363449e-01, -3.144753029e-01
1.30e+00, -1.630647440e-01, -1.630647879e-01, -1.630620898e-01, -3.261277478e-01
1.40e+00, -1.681424113e-01, -1.681425734e-01, -1.681389647e-01, -3.362826330e-01
1.50e+00, -1.725683803e-01, -1.725687092e-01, -1.725640363e-01, -3.451340839e-01
1.60e+00, -1.764296415e-01, -1.764301931e-01, -1.764243099e-01, -3.528560963e-01
1.70e+00, -1.798030300e-01, -1.798038664e-01, -1.797966394e-01, -3.596023572e-01
1.80e+00, -1.827556916e-01, -1.827568802e-01, -1.827481928e-01, -3.655071764e-01
1.90e+00, -1.853458534e-01, -1.853474653e-01, -1.853372216e-01, -3.706870269e-01
2.00e+00, -1.876237308e-01, -1.876258396e-01, -1.876139669e-01, -3.752423582e-01
2.10e+00, -1.896324642e-01, -1.896351445e-01, -1.896215949e-01, -3.792594691e-01
2.20e+00, -1.914090217e-01, -1.914123477e-01, -1.913970995e-01, -3.828123126e-01
2.30e+00, -1.929850337e-01, -1.929890782e-01, -1.929721355e-01, -3.859641649e-01
2.40e+00, -1.943875433e-01, -1.943923761e-01, -1.943737688e-01, -3.887691255e-01
2.50e+00, -1.956396684e-01, -1.956453557e-01, -1.956251384e-01, -3.912734417e-01
2.60e+00, -1.967611785e-01, -1.967677818e-01, -1.967460325e-01, -3.935166619e-01
2.70e+00, -1.977689924e-01, -1.977765680e-01, -1.977533859e-01, -3.955326308e-01
2.80e+00, -1.986776042e-01, -1.986862027e-01, -1.986617064e-01, -3.973503422e-01
2.90e+00, -1.994994471e-01, -1.995091130e-01, -1.994834384e-01, -3.989946657e-01
3.00e+00, -2.002452027e-01, -2.002559741e-01, -2.002292718e-01, -4.004869657e-01
3.10e+00, -2.009240624e-01, -2.009359712e-01, -2.009084044e-01, -4.018456253e-01
3.20e+00, -2.015439500e-01, -2.015570219e-01, -2.015287636e-01, -4.030864903e-01
3.30e+00, -2.021117095e-01, -2.021259640e-01, -2.020971950e-01, -4.042232456e-01
3.40e+00, -2.026332636e-01, -2.026487145e-01, -2.026196214e-01, -4.052677330e-01
3.50e+00, -2.031137488e-01, -2.031304046e-01, -2.031011773e-01, -4.062302205e-01
3.60e+00, -2.035576291e-01, -2.035754932e-01, -2.035463232e-01, -4.071196303e-01
3.70e+00, -2.039687926e-01, -2.039878637e-01, -2.039589424e-01, -4.079437324e-01
3.80e+00, -2.043506332e-01, -2.043709060e-01, -2.043424231e-01, -4.087093081e-01
3.90e+00, -2.047061203e-01, -2.047275858e-01, -2.046997279e-01, -4.094222894e-01
4.00e+00, -2.050378580e-01, -2.050605042e-01, -2.050334536e-01, -4.100878772e-01
4.10e+00, -2.053481354e-01, -2.053719474e-01, -2.053458811e-01, -4.107106426e-01
4.20e+00, -2.056389692e-01, -2.056639300e-01, -2.056390190e-01, -4.112946121e-01
4.30e+00, -2.059121408e-01, -2.059382315e-01, -2.059146398e-01, -4.118433414e-01
4.40e+00, -2.061692275e-01, -2.061964276e-01, -2.061743119e-01, -4.123599780e-01
4.50e+00, -2.064116289e-01, -2.064399169e-01, -2.064194263e-01, -4.128473147e-01
4.60e+00, -2.066405906e-01, -2.066699440e-01, -2.066512196e-01, -4.133078361e-01
4.70e+00, -2.068572234e-01, -2.068876192e-01, -2.068707938e-01, -4.137437576e-01
4.80e+00, -2.070625207e-01, -2.070939354e-01, -2.070791335e-01, -4.141570598e-01
4.90e+00, -2.072573728e-01, -2.072897827e-01, -2.072771207e-01, -4.145495174e-01
5.00e+00, -2.074425798e-01, -2.074759610e-01, -2.074655470e-01, -4.149227252e-01
5.10e+00, -2.076188626e-01, -2.076531910e-01, -2.076451249e-01, -4.152781189e-01
5.20e+00, -2.077868719e-01, -2.078221235e-01, -2.078164971e-01, -4.156169950e-01
5.30e+00, -2.079471969e-01, -2.079833476e-01, -2.079802449e-01, -4.159405263e-01
5.40e+00, -2.081003723e-01, -2.081373978e-01, -2.081368949e-01, -4.162497767e-01
5.50e+00, -2.082468842e-01, -2.082847602e-01, -2.082869254e-01, -4.165457132e-01
5.60e+00, -2.083871758e-01, -2.084258777e-01, -2.084307717e-01, -4.168292168e-01
5.70e+00, -2.085216518e-01, -2.085611549e-01, -2.085688307e-01, -4.171010916e-01
5.80e+00, -2.086506829e-01, -2.086909618e-01, -2.087014650e-01, -4.173620732e-01
5.90e+00, -2.087746087e-01, -2.088156379e-01, -2.088290063e-01, -4.176128353e-01
6.00e+00, -2.088937414e-01, -2.089354947e-01, -2.089517587e-01, -4.178539965e-01
6.10e+00, -2.090083682e-01, -2.090508189e-01, -2.090700011e-01, -4.180861254e-01
6.20e+00, -2.091187536e-01, -2.091618744e-01, -2.091839897e-01, -4.183097452e-01
6.30e+00, -2.092251418e-01, -2.092689047e-01, -2.092939604e-01, -4.185253380e-01
6.40e+00, -2.093277581e-01, -2.093721346e-01, -2.094001300e-01, -4.187333485e-01
6.50e+00, -2.094268108e-01, -2.094717717e-01, -2.095026982e-01, -4.189341872e-01
6.60e+00, -2.095224924e-01, -2.095680079e-01, -2.096018493e-01, -4.191282331e-01
6.70e+00, -2.096149810e-01, -2.096610210e-01, -2.096977530e-01, -4.193158367e-01
6.80e+00, -2.097044412e-01, -2.097509753e-01, -2.097905657e-01, -4.194973215e-01
6.90e+00, -2.097910253e-01, -2.098380229e-01, -2.098804319e-01, -4.196729867e-01
7.00e+00, -2.098748742e-01, -2.099223046e-01, -2.099674848e-01, -4.198431090e-01
7.10e+00, -2.099561181e-01, -2.100039508e-01, -2.100518471e-01, -4.200079440e-01
7.20e+00, -2.100348775e-01, -2.100830822e-01, -2.101336323e-01, -4.201677281e-01
7.30e+00, -2.101112637e-01, -2.101598107e-01, -2.102129450e-01, -4.203226797e-01
7.40e+00, -2.101853796e-01, -2.102342399e-01, -2.102898817e-01, -4.204730008e-01
7.50e+00, -2.102573205e-01, -2.103064657e-01, -2.103645316e-01, -4.206188785e-01
7.60e+00, -2.103271745e-01, -2.103765774e-01, -2.104369767e-01, -4.207604857e-01
7.70e+00, -2.103950235e-01, -2.104446578e-01, -2.105072933e-01, -4.208979830e-01
7.80e+00, -2.104609437e-01, -2.105107840e-01, -2.105755513e-01, -4.210315193e-01
7.90e+00, -2.105250059e-01, -2.105750283e-01, -2.106418158e-01, -4.211612333e-01
8.00e+00, -2.105872764e-01, -2.106374581e-01, -2.107061469e-01, -4.212872543e-01
8.10e+00, -2.106478176e-01, -2.106981369e-01, -2.107686004e-01, -4.214097032e-01
8.20e+00, -2.107066883e-01, -2.107571246e-01, -2.108292281e-01, -4.215286940e-01
8.30e+00, -2.107639443e-01, -2.108144780e-01, -2.108880785e-01, -4.216443339e-01
8.40e+00, -2.108196388e-01, -2.108702514e-01, -2.109451967e-01, -4.217567246e-01
8.50e+00, -2.108738226e-01, -2.109244965e-01, -2.110006254e-01, -4.218659630e-01
8.60e+00, -2.109265447e-01, -2.109772634e-01, -2.110544047e-01, -4.219721418e-01
8.70e+00, -2.109778525e-01, -2.110286002e-01, -2.111065727e-01, -4.220753502e-01
8.80e+00, -2.110277920e-01, -2.110785538e-01, -2.111571659e-01, -4.221756745e-01
8.90e+00, -2.110764079e-01, -2.111271700e-01, -2.112062194e-01, -4.222731982e-01
9.00e+00, -2.111237438e-01, -2.111744935e-01, -2.112537673e-01, -4.223680031e-01
9.10e+00, -2.111698424e-01, -2.112205681e-01, -2.112998425e-01, -4.224601687e-01
9.20e+00, -2.112147453e-01, -2.112654371e-01, -2.113444776e-01, -4.225497733e-01
9.30e+00, -2.112584935e-01, -2.113091430e-01, -2.113877045e-01, -4.226368940e-01
9.40e+00, -2.113011269e-01, -2.113517280e-01, -2.114295548e-01, -4.227216064e-01
9.50e+00, -2.113426846e-01, -2.113932335e-01, -2.114700600e-01, -4.228039854e-01
9.60e+00, -2.113832050e-01, -2.114337006e-01, -2.115092512e-01, -4.228841046e-01
9.70e+00, -2.114227255e-01, -2.114731701e-01, -2.115471598e-01, -4.229620369e-01
9.80e+00, -2.114612826e-01, -2.115116822e-01, -2.115838168e-01, -4.230378544e-01
9.90e+00, -2.114989122e-01, -2.115492765e-01, -2.116192535e-01, -4.231116281e-01
1.00e+01, -2.115356490e-01, -2.115859923e-01, -2.116535010e-01, -4.231834282e-01
1.01e+01, -2.115715269e-01, -2.116218683e-01, -2.116865904e-01, -4.232533237e-01
1.02e+01, -2.116065790e-01, -2.116569424e-01, -2.117185530e-01, -4.233213829e-01
1.03e+01, -2.116408376e-01, -2.116912520e-01, -2.117494199e-01, -4.233876730e-01
1.04e+01, -2.116743338e-01, -2.117248335e-01, -2.117792224e-01, -4.234522598e-01
1.05e+01, -2.117070982e-01, -2.117577225e-01, -2.118079918e-01, -4.235152083e-01
1.06e+01, -2.117391604e-01, -2.117899533e-01, -2.118357594e-01, -4.235765820e-01
1.07e+01, -2.117705492e-01, -2.118215590e-01, -2.118625568e-01, -4.236364433e-01
1.08e+01, -2.118012928e-01, -2.118525716e-01, -2.118884156e-01, -4.236948533e-01
1.09e+01, -2.118314185e-01, -2.118830210e-01, -2.119133678e-01, -4.237518715e-01
1.10e+01, -2.118609529e-01, -2.119129356e-01, -2.119374457e-01, -4.238075561e-01
1.11e+01, -2.118899220e-01, -2.119423419e-01, -2.119606818e-01, -4.238619638e-01
1.12e+01, -2.119183512e-01, -2.119712640e-01, -2.119831091e-01, -4.239151495e-01
1.13e+01, -2.119462651e-01, -2.119997238e-01, -2.120047613e-01, -4.239671668e-01
1.14e+01, -2.119736878e-01, -2.120277408e-01, -2.120256723e-01, -4.240180673e-01
1.15e+01, -2.120006428e-01, -2.120553318e-01, -2.120458768e-01, -4.240679009e-01
1.16e+01, -2.120271529e-01, -2.120825109e-01, -2.120654098e-01, -4.241167156e-01
1.17e+01, -2.120532400e-01, -2.121092895e-01, -2.120843067e-01, -4.241645575e-01
1.18e+01, -2.120789255e-01, -2.121356765e-01, -2.121026034e-01, -4.242114703e-01
1.19e+01, -2.121042296e-01, -2.121616780e-01, -2.121203360e-01, -4.242574958e-01
1.20e+01, -2.121291718e-01, -2.121872979e-01, -2.121375403e-01, -4.243026734e-01
1.21e+01, -2.121537702e-01, -2.122125378e-01, -2.121542522e-01, -4.243470402e-01
1.22e+01, -2.121780415e-01, -2.122373976e-01, -2.121705070e-01, -4.243906307e-01
1.23e+01, -2.122020009e-01, -2.122618755e-01, -2.121863391e-01, -4.244334770e-01
1.24e+01, -2.122256619e-01, -2.122859691e-01, -2.122017820e-01, -4.244756087e-01
1.25e+01, -2.122490362e-01, -2.123096751e-01, -2.122168676e-01, -4.245170526e-01
1.26e+01, -2.122721331e-01, -2.123329901e-01, -2.122316266e-01, -4.245578332e-01
1.27e+01, -2.122949600e-01, -2.123559111e-01, -2.122460872e-01, -4.245979722e-01
1.28e+01, -2.123175217e-01, -2.123784357e-01, -2.122602761e-01, -4.246374890e-01
1.29e+01, -2.123398207e-01, -2.124005625e-01, -2.122742175e-01, -4.246764005e-01
1.30e+01, -2.123618571e-01, -2.124222913e-01, -2.122879332e-01, -4.247147211e-01
1.31e+01, -2.123836288e-01, -2.124436231e-01, -2.123014428e-01, -4.247524631e-01
1.32e+01, -2.124051311e-01, -2.124645604e-01, -2.123147634e-01, -4.247896365e-01
1.33e+01, -2.124263572e-01, -2.124851067e-01, -2.123279098e-01, -4.248262492e-01
1.34e+01, -2.124472985e-01, -2.125052666e-01, -2.123408950e-01, -4.248623067e-01
1.35e+01, -2.124679443e-01, -2.125250456e-01, -2.123537295e-01, -4.248978130e-01
1.36e+01, -2.124882825e-01, -2.125444496e-01, -2.123664224e-01, -4.249327696e-01
1.37e+01, -2.125082993e-01, -2.125634846e-01, -2.123789808e-01, -4.249671765e-01
1.38e+01, -2.125279800e-01, -2.125821565e-01, -2.123914108e-01, -4.250010316e-01
1.39e+01, -2.125473089e-01, -2.126004707e-01, -2.124037170e-01, -4.250343311e-01
1.40e+01, -2.125662693e-01, -2.126184319e-01, -2.124159030e-01, -4.250670694e-01
1.41e+01, -2.125848442e-01, -2.126360435e-01, -2.124279716e-01, -4.250992395e-01
1.42e+01, -2.126030164e-01, -2.126533079e-01, -2.124399249e-01, -4.251308328e-01
1.43e+01, -2.126207684e-01, -2.126702259e-01, -2.124517643e-01, -4.251618391e-01
1.44e+01, -2.126380828e-01, -2.126867973e-01, -2.124634909e-01, -4.251922474e-01
1.45e+01, -2.126549429e-01, -2.127030200e-01, -2.124751053e-01, -4.252220455e-01
1.46e+01, -2.126713322e-01, -2.127188909e-01, -2.124866076e-01, -4.252512205e-01
1.47e+01, -2.126872352e-01, -2.127344056e-01, -2.124979978e-01, -4.252797590e-01
1.48e+01, -2.127026373e-01, -2.127495588e-01, -2.125092755e-01, -4.253076477e-01
1.49e+01, -2.127175254e-01, -2.127643443e-01, -2.125204402e-01, -4.253348732e-01
1.50e+01, -2.127318876e-01, -2.127787557e-01, -2.125314910e-01, -4.253614228e-01
1.51e+01, -2.127457138e-01, -2.127927862e-01, -2.125424270e-01, -4.253872847e-01
1.52e+01, -2.127589957e-01, -2.128064294e-01, -2.125532470e-01, -4.254124481e-01
1.53e+01, -2.127717272e-01, -2.128196792e-01, -2.125639497e-01, -4.254369041e-01
1.54e+01, -2.127839040e-01, -2.128325302e-01, -2.125745337e-01, -4.254606453e-01
1.55e+01, -2.127955243e-01, -2.128449780e-01, -2.125849977e-01, -4.254836666e-01
1.56e+01, -2.128065884e-01, -2.128570194e-01, -2.125953400e-01, -4.255059652e-01
1.57e+01, -2.128170990e-01, -2.128686523e-01, -2.126055592e-01, -4.255275403e-01
1.58e+01, -2.128270609e-01, -2.128798764e-01, -2.126156537e-01, -4.255483939e-01
1.59e+01, -2.128364810e-01, -2.128906925e-01, -2.126256221e-01, -4.255685304e-01
1.60e+01, -2.128453685e-01, -2.129011031e-01, -2.126354631e-01, -4.255879565e-01
1.61e+01, -2.128537342e-01, -2.129111122e-01, -2.126451753e-01, -4.256066812e-01
1.62e+01, -2.128615907e-01, -2.129207252e-01, -2.126547576e-01, -4.256247156e-01
1.63e+01, -2.128689519e-01, -2.129299487e-01, -2.126642090e-01, -4.256420731e-01
1.64e+01, -2.128758335e-01, -2.129387906e-01, -2.126735284e-01, -4.256587683e-01
1.65e+01, -2.128822518e-01, -2.129472599e-01, -2.126827151e-01, -4.256748179e-01
1.66e+01, -2.128882242e-01, -2.129553667e-01, -2.126917685e-01, -4.256902396e-01
1.67e+01, -2.128937688e-01, -2.129631215e-01, -2.127006880e-01, -4.257050522e-01
1.68e+01, -2.128989041e-01, -2.129705360e-01, -2.127094732e-01, -4.257192755e-01
1.69e+01, -2.129036491e-01, -2.129776218e-01, -2.127181238e-01, -4.257329298e-01
1.70e+01, -2.129080226e-01, -2.129843915e-01, -2.127266397e-01, -4.257460358e-01
1.71e+01, -2.129120436e-01, -2.129908574e-01, -2.127350207e-01, -4.257586145e-01
1.72e+01, -2.129157311e-01, -2.129970323e-01, -2.127432669e-01, -4.257706869e-01
1.73e+01, -2.129191033e-01, -2.130029289e-01, -2.127513785e-01, -4.257822739e-01
1.74e+01, -2.129221787e-01, -2.130085599e-01, -2.127593557e-01, -4.257933961e-01
1.75e+01, -2.129249747e-01, -2.130139377e-01, -2.127671987e-01, -4.258040740e-01
1.76e+01, -2.129275085e-01, -2.130190745e-01, -2.127749078e-01, -4.258143273e-01
1.77e+01, -2.129297968e-01, -2.130239824e-01, -2.127824837e-01, -4.258241753e-01
1.78e+01, -2.129318553e-01, -2.130286731e-01, -2.127899267e-01, -4.258336367e-01
1.79e+01, -2.129336994e-01, -2.130331579e-01, -2.127972373e-01, -4.258427297e-01
1.80e+01, -2.129353435e-01, -2.130374476e-01, -2.128044163e-01, -4.258514716e-01
1.81e+01, -2.129368016e-01, -2.130415528e-01, -2.128114643e-01, -4.258598791e-01
1.82e+01, -2.129380867e-01, -2.130454835e-01, -2.128183819e-01, -4.258679681e-01
1.83e+01, -2.129392113e-01, -2.130492495e-01, -2.128251700e-01, -4.258757538e-01
1.84e+01, -2.129401871e-01, -2.130528598e-01, -2.128318294e-01, -4.258832509e-01
1.85e+01, -2.129410252e-01, -2.130563233e-01, -2.128383609e-01, -4.258904730e-01
1.86e+01, -2.129417360e-01, -2.130596483e-01, -2.128447655e-01, -4.258974332e-01
1.87e+01, -2.129423293e-01, -2.130628428e-01, -2.128510441e-01, -4.259041441e-01
1.88e+01, -2.129428141e-01, -2.130659141e-01, -2.128571977e-01, -4.259106173e-01
1.89e+01, -2.129431992e-01, -2.130688696e-01, -2.128632273e-01, -4.259168640e-01
1.90e+01, -2.129434923e-01, -2.130717157e-01, -2.128691341e-01, -4.259228948e-01
1.91e+01, -2.129437012e-01, -2.130744590e-01, -2.128749191e-01, -4.259287195e-01
1.92e+01, -2.129438325e-01, -2.130771054e-01, -2.128805835e-01, -4.259343476e-01
1.93e+01, -2.129438929e-01, -2.130796606e-01, -2.128861284e-01, -4.259397880e-01
1.94e+01, -2.129438884e-01, -2.130821300e-01, -2.128915552e-01, -4.259450490e-01
1.95e+01, -2.129438244e-01, -2.130845185e-01, -2.128968651e-01, -4.259501387e-01
1.96e+01, -2.129437063e-01, -2.130868309e-01, -2.129020593e-01, -4.259550643e-01
1.97e+01, -2.129435387e-01, -2.130890717e-01, -2.129071392e-01, -4.259598331e-01
1.98e+01, -2.129433262e-01, -2.130912452e-01, -2.129121062e-01, -4.259644517e-01
1.99e+01, -2.129430728e-01, -2.130933552e-01, -2.129169616e-01, -4.259689264e-01
2.00e+01, -2.129427824e-01, -2.130954056e-01, -2.129217068e-01, -4.259732632e-01
2.01e+01, -2.129424584e-01, -2.130973999e-01, -2.129263433e-01, -4.259774677e-01
2.02e+01, -2.129421041e-01, -2.130993414e-01, -2.129308725e-01, -4.259815453e-01
2.03e+01, -2.129417225e-01, -2.131012333e-01, -2.129352958e-01, -4.259855010e-01
2.04e+01, -2.129413163e-01, -2.131030784e-01, -2.129396148e-01, -4.259893397e-01
2.05e+01, -2.129408882e-01, -2.131048797e-01, -2.129438309e-01, -4.259930658e-01
2.06e+01, -2.129404403e-01, -2.131066397e-01, -2.129479456e-01, -4.259966838e-01
2.07e+01, -2.129399750e-01, -2.131083609e-01, -2.129519605e-01, -4.260001976e-01
2.08e+01, -2.129394941e-01, -2.131100457e-01, -2.129558771e-01, -4.260036113e-01
2.09e+01, -2.129389995e-01, -2.131116964e-01, -2.129596969e-01, -4.260069285e-01
2.10e+01, -2.129384929e-01, -2.131133149e-01, -2.129634215e-01, -4.260101528e-01
2.11e+01, -2.129379758e-01, -2.131149033e-01, -2.129670523e-01, -4.260132876e-01
2.12e+01, -2.129374496e-01, -2.131164635e-01, -2.129705909e-01, -4.260163360e-01
2.13e+01, -2.129369157e-01, -2.131179972e-01, -2.129740389e-01, -4.260193012e-01
2.14e+01, -2.129363751e-01, -2.131195061e-01, -2.129773978e-01, -4.260221860e-01
2.15e+01, -2.129358290e-01, -2.131209918e-01, -2.129806691e-01, -4.260249933e-01
2.16e+01, -2.129352785e-01, -2.131224559e-01, -2.129838543e-01, -4.260277258e-01
2.17e+01, -2.129347243e-01, -2.131238996e-01, -2.129869550e-01, -4.260303860e-01
2.18e+01, -2.129341674e-01, -2.131253245e-01, -2.129899727e-01, -4.260329764e-01
2.19e+01, -2.129336085e-01, -2.131267317e-01, -2.129929088e-01, -4.260354993e-01
2.20e+01, -2.129330482e-01, -2.131281226e-01, -2.129957649e-01, -4.260379571e-01
2.21e+01, -2.129324873e-01, -2.131294982e-01, -2.129985424e-01, -4.260403519e-01
2.22e+01, -2.129319263e-01, -2.131308596e-01, -2.130012428e-01, -4.260426858e-01
2.23e+01, -2.129313657e-01, -2.131322079e-01, -2.130038675e-01, -4.260449607e-01
2.24e+01, -2.129308060e-01, -2.131335441e-01, -2.130064180e-01, -4.260471787e-01
2.25e+01, -2.129302476e-01, -2.131348690e-01, -2.130088957e-01, -4.260493415e-01
2.26e+01, -2.129296909e-01, -2.131361837e-01, -2.130113020e-01, -4.260514511e-01
2.27e+01, -2.129291363e-01, -2.131374889e-01, -2.130136383e-01, -4.260535090e-01
2.28e+01, -2.129285841e-01, -2.131387855e-01, -2.130159059e-01, -4.260555170e-01
2.29e+01, -2.129280346e-01, -2.131400741e-01, -2.130181062e-01, -4.260574766e-01
2.30e+01, -2.129274880e-01, -2.131413556e-01, -2.130202406e-01, -4.260593895e-01
2.31e+01, -2.129269445e-01, -2.131426306e-01, -2.130223103e-01, -4.260612570e-01
2.32e+01, -2.129264044e-01, -2.131438998e-01, -2.130243167e-01, -4.260630806e-01
2.33e+01, -2.129258679e-01, -2.131451638e-01, -2.130262610e-01, -4.260648618e-01
2.34e+01, -2.129253350e-01, -2.131464232e-01, -2.130281444e-01, -4.260666018e-01
2.35e+01, -2.129248060e-01, -2.131476785e-01, -2.130299683e-01, -4.260683019e-01
2.36e+01, -2.129242810e-01, -2.131489303e-01, -2.130317338e-01, -4.260699634e-01
2.37e+01, -2.129237601e-01, -2.131501791e-01, -2.130334421e-01, -4.260715876e-01
2.38e+01, -2.129232433e-01, -2.131514254e-01, -2.130350944e-01, -4.260731754e-01
2.39e+01, -2.129227308e-01, -2.131526696e-01, -2.130366919e-01, -4.260747282e-01
2.40e+01, -2.129222226e-01, -2.131539122e-01, -2.130382357e-01, -4.260762470e-01
2.41e+01, -2.129217188e-01, -2.131551535e-01, -2.130397268e-01, -4.260777328e-01
2.42e+01, -2.129212194e-01, -2.131563940e-01, -2.130411665e-01, -4.260791866e-01
2.43e+01, -2.129207245e-01, -2.131576341e-01, -2.130425557e-01, -4.260806095e-01
2.44e+01, -2.129202340e-01, -2.131588740e-01, -2.130438956e-01, -4.260820024e-01
2.45e+01, -2.129197481e-01, -2.131601141e-01, -2.130451871e-01, -4.260833662e-01
2.46e+01, -2.129192666e-01, -2.131613548e-01, -2.130464313e-01, -4.260847018e-01
2.47e+01, -2.129187897e-01, -2.131625963e-01, -2.130476292e-01, -4.260860101e-01
2.48e+01, -2.129183174e-01, -2.131638389e-01, -2.130487817e-01, -4.260872919e-01
2.49e+01, -2.129178495e-01, -2.131650828e-01, -2.130498898e-01, -4.260885481e-01
2.50e+01, -2.129173862e-01, -2.131663284e-01, -2.130509544e-01, -4.260897793e-01
2.51e+01, -2.129169273e-01, -2.131675759e-01, -2.130519765e-01, -4.260909865e-01
2.52e+01, -2.129164729e-01, -2.131688254e-01, -2.130529570e-01, -4.260921702e-01
2.53e+01, -2.129160230e-01, -2.131700773e-01, -2.130538967e-01, -4.260933313e-01
2.54e+01, -2.129155775e-01, -2.131713316e-01, -2.130547964e-01, -4.260944703e-01
2.55e+01, -2.129151363e-01, -2.131725887e-01, -2.130556571e-01, -4.260955881e-01
2.56e+01, -2.129146996e-01, -2.131738486e-01, -2.130564796e-01, -4.260966852e-01
2.57e+01, -2.129142672e-01, -2.131751115e-01, -2.130572647e-01, -4.260977622e-01
2.58e+01, -2.129138390e-01, -2.131763776e-01, -2.130580131e-01, -4.260988198e-01
2.59e+01, -2.129134152e-01, -2.131776470e-01, -2.130587257e-01, -4.260998586e-01
2.60e+01, -2.129129955e-01, -2.131789199e-01, -2.130594031e-01, -4.261008790e-01
2.61e+01, -2.129125801e-01, -2.131801963e-01, -2.130600462e-01, -4.261018818e-01
2.62e+01, -2.129121688e-01, -2.131814765e-01, -2.130606557e-01, -4.261028673e-01
2.63e+01, -2.129117616e-01, -2.131827605e-01, -2.130612322e-01, -4.261038362e-01
2.64e+01, -2.129113584e-01, -2.131840484e-01, -2.130617766e-01, -4.261047889e-01
2.65e+01, -2.129109592e-01, -2.131853403e-01, -2.130622893e-01, -4.261057259e-01
2.66e+01, -2.129105641e-01, -2.131866363e-01, -2.130627712e-01, -4.261066477e-01
2.67e+01, -2.129101728e-01, -2.131879365e-01, -2.130632228e-01, -4.261075548e-01
2.68e+01, -2.129097855e-01, -2.131892409e-01, -2.130636449e-01, -4.261084475e-01
2.69e+01, -2.129094019e-01, -2.131905496e-01, -2.130640379e-01, -4.261093263e-01
2.70e+01, -2.129090222e-01, -2.131918628e-01, -2.130644026e-01, -4.261101917e-01
2.71e+01, -2.129086462e-01, -2.131931803e-01, -2.130647395e-01, -4.261110440e-01
2.72e+01, -2.129082740e-01, -2.131945023e-01, -2.130650492e-01, -4.261118836e-01
2.73e+01, -2.129079054e-01, -2.131958288e-01, -2.130653322e-01, -4.261127109e-01
2.74e+01, -2.129075404e-01, -2.131971599e-01, -2.130655892e-01, -4.261135263e-01
2.75e+01, -2.129071790e-01, -2.131984956e-01, -2.130658206e-01, -4.261143301e-01
2.76e+01, -2.129068211e-01, -2.131998359e-01, -2.130660270e-01, -4.261151227e-01
2.77e+01, -2.129064668e-01, -2.132011809e-01, -2.130662089e-01, -4.261159044e-01
2.78e+01, -2.129061158e-01, -2.132025305e-01, -2.130663668e-01, -4.261166754e-01
2.79e+01, -2.129057683e-01, -2.132038849e-01, -2.130665012e-01, -4.261174363e-01
2.80e+01, -2.129054242e-01, -2.132052439e-01, -2.130666126e-01, -4.261181871e-01
2.81e+01, -2.129050834e-01, -2.132066076e-01, -2.130667014e-01, -4.261189283e-01
2.82e+01, -2.129047459e-01, -2.132079760e-01, -2.130667682e-01, -4.261196601e-01
2.83e+01, -2.129044116e-01, -2.132093492e-01, -2.130668133e-01, -4.261203828e-01
2.84e+01, -2.129040806e-01, -2.132107270e-01, -2.130668372e-01, -4.261210966e-01
2.85e+01, -2.129037527e-01, -2.132121096e-01, -2.130668404e-01, -4.261218019e-01
2.86e+01, -2.129034280e-01, -2.132134969e-01, -2.130668232e-01, -4.261224988e-01
2.87e+01, -2.129031064e-01, -2.132148889e-01, -2.130667861e-01, -4.261231876e-01
2.88e+01, -2.129027879e-01, -2.132162855e-01, -2.130667294e-01, -4.261238686e-01
2.89e+01, -2.129024724e-01, -2.132176869e-01, -2.130666536e-01, -4.261245419e-01
2.90e+01, -2.129021600e-01, -2.132190929e-01, -2.130665590e-01, -4.261252079e-01
2.91e+01, -2.129018505e-01, -2.132205035e-01, -2.130664460e-01, -4.261258666e-01
2.92e+01, -2.129015439e-01, -2.132219187e-01, -2.130663150e-01, -4.261265184e-01
2.93e+01, -2.129012403e-01, -2.132233385e-01, -2.130661663e-01, -4.261271634e-01
2.94e+01, -2.129009396e-01, -2.132247629e-01, -2.130660003e-01, -4.261278018e-01
2.95e+01, -2.129006417e-01, -2.132261918e-01, -2.130658173e-01, -4.261284338e-01
2.96e+01, -2.129003466e-01, -2.132276252e-01, -2.130656176e-01, -4.261290596e-01
2.97e+01, -2.129000544e-01, -2.132290632e-01, -2.130654016e-01, -4.261296794e-01
2.98e+01, -2.128997649e-01, -2.132305055e-01, -2.130651696e-01, -4.261302933e-01
2.99e+01, -2.128994782e-01, -2.132319523e-01, -2.130649218e-01, -4.261309015e-01
3.00e+01, -2.128991942e-01, -2.132334034e-01, -2.130646587e-01, -4.261315042e-01
3.01e+01, -2.128989129e-01, -2.132348589e-01, -2.130643804e-01, -4.261321015e-01
3.02e+01, -2.128986342e-01, -2.132363187e-01, -2.130640874e-01, -4.261326936e-01
3.03e+01, -2.128983583e-01, -2.132377828e-01, -2.130637797e-01, -4.261332806e-01
3.04e+01, -2.128980849e-01, -2.132392511e-01, -2.130634579e-01, -4.261338626e-01
3.05e+01, -2.128978142e-01, -2.132407236e-01, -2.130631220e-01, -4.261344399e-01
3.06e+01, -2.128975461e-01, -2.132422003e-01, -2.130627723e-01, -4.261350125e-01
3.07e+01, -2.128972806e-01, -2.132436810e-01, -2.130624092e-01, -4.261355805e-01
3.08e+01, -2.128970176e-01, -2.132451658e-01, -2.130620329e-01, -4.261361442e-01
3.09e+01, -2.128967571e-01, -2.132466547e-01, -2.130616435e-01, -4.261367035e-01
3.10e+01, -2.128964992e-01, -2.132481475e-01, -2.130612414e-01, -4.261372587e-01
3.11e+01, -2.128962437e-01, -2.132496443e-01, -2.130608268e-01, -4.261378099e-01
3.12e+01, -2.128959908e-01, -2.132511449e-01, -2.130603999e-01, -4.261383570e-01
3.13e+01, -2.128957403e-01, -2.132526494e-01, -2.130599609e-01, -4.261389004e-01
3.14e+01, -2.128954923e-01, -2.132541577e-01, -2.130595100e-01, -4.261394400e-01
3.15e+01, -2.128952468e-01, -2.132556697e-01, -2.130590475e-01, -4.261399760e-01
3.16e+01, -2.128950036e-01, -2.132571855e-01, -2.130585736e-01, -4.261405085e-01
3.17e+01, -2.128947629e-01, -2.132587049e-01, -2.130580884e-01, -4.261410375e-01
3.18e+01, -2.128945246e-01, -2.132602279e-01, -2.130575922e-01, -4.261415631e-01
3.19e+01, -2.128942887e-01, -2.132617545e-01, -2.130570851e-01, -4.261420855e-01
3.20e+01, -2.128940552e-01, -2.132632846e-01, -2.130565673e-01, -4.261426047e-01
3.21e+01, -2.128938241e-01, -2.132648181e-01, -2.130560391e-01, -4.261431209e-01
3.22e+01, -2.128935953e-01, -2.132663551e-01, -2.130555006e-01, -4.261436340e-01
3.23e+01, -2.128933689e-01, -2.132678954e-01, -2.130549520e-01, -4.261441442e-01
3.24e+01, -2.128931448e-01, -2.132694390e-01, -2.130543934e-01, -4.261446515e-01
3.25e+01, -2.128929231e-01, -2.132709859e-01, -2.130538250e-01, -4.261451560e-01
3.26e+01, -2.128927038e-01, -2.132725361e-01, -2.130532469e-01, -4.261456578e-01
3.27e+01, -2.128924867e-01, -2.132740893e-01, -2.130526594e-01, -4.261461570e-01
3.28e+01, -2.128922720e-01, -2.132756458e-01, -2.130520626e-01, -4.261466536e-01
3.29e+01, -2.128920596e-01, -2.132772052e-01, -2.130514567e-01, -4.261471477e-01
3.30e+01, -2.128918496e-01, -2.132787677e-01, -2.130508417e-01, -4.261476393e-01
3.31e+01, -2.128916418e-01, -2.132803332e-01, -2.130502178e-01, -4.261481285e-01
3.32e+01, -2.128914364e-01, -2.132819016e-01, -2.130495852e-01, -4.261486154e-01
3.33e+01, -2.128912332e-01, -2.132834728e-01, -2.130489440e-01, -4.261491001e-01
3.34e+01, -2.128910324e-01, -2.132850469e-01, -2.130482944e-01, -4.261495825e-01
3.35e+01, -2.128908338e-01, -2.132866238e-01, -2.130476364e-01, -4.261500627e-01
3.36e+01, -2.128906376e-01, -2.132882033e-01, -2.130469702e-01, -4.261505408e-01
3.37e+01, -2.128904437e-01, -2.132897856e-01, -2.130462960e-01, -4.261510168e-01
3.38e+01, -2.128902520e-01, -2.132913705e-01, -2.130456138e-01, -4.261514908e-01
3.39e+01, -2.128900627e-01, -2.132929579e-01, -2.130449237e-01, -4.261519629e-01
3.40e+01, -2.128898757e-01, -2.132945479e-01, -2.130442259e-01, -4.261524330e-01
3.41e+01, -2.128896909e-01, -2.132961403e-01, -2.130435206e-01, -4.261529012e-01
3.42e+01, -2.128895085e-01, -2.132977352e-01, -2.130428077e-01, -4.261533676e-01
3.43e+01, -2.128893284e-01, -2.132993324e-01, -2.130420874e-01, -4.261538321e-01
3.44e+01, -2.128891505e-01, -2.133009320e-01, -2.130413599e-01, -4.261542950e-01
3.45e+01, -2.128889750e-01, -2.133025339e-01, -2.130406251e-01, -4.261547560e-01
3.46e+01, -2.128888018e-01, -2.133041380e-01, -2.130398833e-01, -4.261552154e-01
3.47e+01, -2.128886309e-01, -2.133057443e-01, -2.130391345e-01, -4.261556732e-01
3.48e+01, -2.128884623e-01, -2.133073528e-01, -2.130383788e-01, -4.261561293e-01
3.49e+01, -2.128882961e-01, -2.133089633e-01, -2.130376163e-01, -4.261565838e-01
3.50e+01, -2.128881322e-01, -2.133105759e-01, -2.130368471e-01, -4.261570368e-01
3.51e+01, -2.128879706e-01, -2.133121905e-01, -2.130360713e-01, -4.261574882e-01
3.52e+01, -2.128878113e-01, -2.133138071e-01, -2.130352889e-01, -4.261579382e-01
3.53e+01, -2.128876544e-01, -2.133154255e-01, -2.130345001e-01, -4.261583867e-01
3.54e+01, -2.128874998e-01, -2.133170459e-01, -2.130337050e-01, -4.261588337e-01
3.55e+01, -2.128873476e-01, -2.133186680e-01, -2.130329035e-01, -4.261592794e-01
3.56e+01, -2.128871977e-01, -2.133202919e-01, -2.130320958e-01, -4.261597237e-01
3.57e+01, -2.128870502e-01, -2.133219176e-01, -2.130312820e-01, -4.261601666e-01
3.58e+01, -2.128869051e-01, -2.133235449e-01, -2.130304622e-01, -4.261606082e-01
3.59e+01, -2.128867623e-01, -2.133251739e-01, -2.130296364e-01, -4.261610484e-01
3.60e+01, -2.128866220e-01, -2.133268045e-01, -2.130288046e-01, -4.261614874e-01
3.61e+01, -2.128864840e-01, -2.133284367e-01, -2.130279670e-01, -4.261619252e-01
3.62e+01, -2.128863485e-01, -2.133300703e-01, -2.130271237e-01, -4.261623616e-01
3.63e+01, -2.128862153e-01, -2.133317054e-01, -2.130262746e-01, -4.261627969e-01
3.64e+01, -2.128860846e-01, -2.133333420e-01, -2.130254198e-01, -4.261632310e-01
3.65e+01, -2.128859564e-01, -2.133349799e-01, -2.130245595e-01, -4.261636639e-01
3.66e+01, -2.128858305e-01, -2.133366192e-01, -2.130236937e-01, -4.261640956e-01
3.67e+01, -2.128857071e-01, -2.133382598e-01, -2.130228224e-01, -4.261645262e-01
3.68e+01, -2.128855862e-01, -2.133399016e-01, -2.130219456e-01, -4.261649556e-01
3.69e+01, -2.128854677e-01, -2.133415447e-01, -2.130210636e-01, -4.261653840e-01
3.70e+01, -2.128853518e-01, -2.133431889e-01, -2.130201762e-01, -4.261658112e-01
3.71e+01, -2.128852383e-01, -2.133448342e-01, -2.130192836e-01, -4.261662374e-01
3.72e+01, -2.128851273e-01, -2.133464807e-01, -2.130183858e-01, -4.261666625e-01
3.73e+01, -2.128850188e-01, -2.133481282e-01, -2.130174828e-01, -4.261670866e-01
3.74e+01, -2.128849129e-01, -2.133497768e-01, -2.130165748e-01, -4.261675096e-01
3.75e+01, -2.128848095e-01, -2.133514263e-01, -2.130156617e-01, -4.261679316e-01
3.76e+01, -2.128847086e-01, -2.133530767e-01, -2.130147436e-01, -4.261683526e-01
3.77e+01, -2.128846103e-01, -2.133547281e-01, -2.130138205e-01, -4.261687726e-01
3.78e+01, -2.128845146e-01, -2.133563803e-01, -2.130128926e-01, -4.261691917e-01
3.79e+01, -2.128844215e-01, -2.133580333e-01, -2.130119598e-01, -4.261696097e-01
3.80e+01, -2.128843310e-01, -2.133596872e-01, -2.130110221e-01, -4.261700268e-01
3.81e+01, -2.128842430e-01, -2.133613417e-01, -2.130100797e-01, -4.261704430e-01
3.82e+01, -2.128841578e-01, -2.133629970e-01, -2.130091325e-01, -4.261708582e-01
3.83e+01, -2.128840751e-01, -2.133646530e-01, -2.130081806e-01, -4.261712725e-01
3.84e+01, -2.128839951e-01, -2.133663096e-01, -2.130072241e-01, -4.261716859e-01
3.85e+01, -2.128839178e-01, -2.133679668e-01, -2.130062629e-01, -4.261720983e-01
3.86e+01, -2.128838431e-01, -2.133696246e-01, -2.130052971e-01, -4.261725099e-01
3.87e+01, -2.128837712e-01, -2.133712829e-01, -2.130043268e-01, -4.261729206e-01
3.88e+01, -2.128837019e-01, -2.133729417e-01, -2.130033520e-01, -4.261733304e-01
3.89e+01, -2.128836354e-01, -2.133746010e-01, -2.130023726e-01, -4.261737393e-01
3.90e+01, -2.128835716e-01, -2.133762607e-01, -2.130013888e-01, -4.261741474e-01
3.91e+01, -2.128835105e-01, -2.133779208e-01, -2.130004005e-01, -4.261745546e-01
3.92e+01, -2.128834523e-01, -2.133795813e-01, -2.129994079e-01, -4.261749610e-01
3.93e+01, -2.128833968e-01, -2.133812421e-01, -2.129984109e-01, -4.261753665e-01
3.94e+01, -2.128833441e-01, -2.133829031e-01, -2.129974095e-01, -4.261757712e-01
3.95e+01, -2.128832942e-01, -2.133845645e-01, -2.129964038e-01, -4.261761750e-01
3.96e+01, -2.128832472e-01, -2.133862261e-01, -2.129953939e-01, -4.261765781e-01
3.97e+01, -2.128832030e-01, -2.133878878e-01, -2.129943796e-01, -4.261769803e-01
3.98e+01, -2.128831616e-01, -2.133895498e-01, -2.129933611e-01, -4.261773817e-01
3.99e+01, -2.128831231e-01, -2.133912118e-01, -2.129923385e-01, -4.261777823e-01
4.00e+01, -2.128830875e-01, -2.133928740e-01, -2.129913116e-01, -4.261781821e-01
4.01e+01, -2.128830549e-01, -2.133945363e-01, -2.129902805e-01, -4.261785811e-01
4.02e+01, -2.128830251e-01, -2.133961985e-01, -2.129892453e-01, -4.261789793e-01
4.03e+01, -2.128829983e-01, -2.133978608e-01, -2.129882060e-01, -4.261793768e-01
4.04e+01, -2.128829745e-01, -2.133995231e-01, -2.129871626e-01, -4.261797734e-01
4.05e+01, -2.128829536e-01, -2.134011853e-01, -2.129861151e-01, -4.261801693e-01
4.06e+01, -2.128829357e-01, -2.134028475e-01, -2.129850635e-01, -4.261805644e-01
4.07e+01, -2.128829208e-01, -2.134045095e-01, -2.129840079e-01, -4.261809588e-01
4.08e+01, -2.128829089e-01, -2.134061714e-01, -2.129829483e-01, -4.261813524e-01
4.09e+01, -2.128829001e-01, -2.134078331e-01, -2.129818846e-01, -4.261817452e-01
4.10e+01, -2.128828944e-01, -2.134094946e-01, -2.129808170e-01, -4.261821373e-01
4.11e+01, -2.128828917e-01, -2.134111560e-01, -2.129797453e-01, -4.261825286e-01
4.12e+01, -2.128828921e-01, -2.134128170e-01, -2.129786698e-01, -4.261829192e-01
4.13e+01, -2.128828956e-01, -2.134144778e-01, -2.129775902e-01, -4.261833091e-01
4.14e+01, -2.128829023e-01, -2.134161382e-01, -2.129765068e-01, -4.261836982e-01
4.15e+01, -2.128829121e-01, -2.134177984e-01, -2.129754194e-01, -4.261840866e-01
4.16e+01, -2.128829250e-01, -2.134194581e-01, -2.129743282e-01, -4.261844742e-01
4.17e+01, -2.128829411e-01, -2.134211175e-01, -2.129732330e-01, -4.261848611e-01
4.18e+01, -2.128829605e-01, -2.134227765e-01, -2.129721340e-01, -4.261852473e-01
4.19e+01, -2.128829830e-01, -2.134244350e-01, -2.129710311e-01, -4.261856327e-01
4.20e+01, -2.128830088e-01, -2.134260931e-01, -2.129699244e-01, -4.261860175e-01
4.21e+01, -2.128830379e-01, -2.134277506e-01, -2.129688138e-01, -4.261864015e-01
4.22e+01, -2.128830702e-01, -2.134294077e-01, -2.129676994e-01, -4.261867848e-01
4.23e+01, -2.128831058e-01, -2.134310642e-01, -2.129665812e-01, -4.261871674e-01
4.24e+01, -2.128831447e-01, -2.134327201e-01, -2.129654591e-01, -4.261875493e-01
4.25e+01, -2.128831869e-01, -2.134343754e-01, -2.129643333e-01, -4.261879304e-01
4.26e+01, -2.128832325e-01, -2.134360302e-01, -2.129632037e-01, -4.261883109e-01
4.27e+01, -2.128832814e-01, -2.134376842e-01, -2.129620703e-01, -4.261886907e-01
4.28e+01, -2.128833337e-01, -2.134393377e-01, -2.129609332e-01, -4.261890697e-01
4.29e+01, -2.128833894e-01, -2.134409904e-01, -2.129597923e-01, -4.261894481e-01
4.30e+01, -2.128834486e-01, -2.134426424e-01, -2.129586476e-01, -4.261898257e-01
4.31e+01, -2.128835111e-01, -2.134442937e-01, -2.129574992e-01, -4.261902027e-01
4.32e+01, -2.128835772e-01, -2.134459442e-01, -2.129563470e-01, -4.261905789e-01
4.33e+01, -2.128836467e-01, -2.134475939e-01, -2.129551911e-01, -4.261909545e-01
4.34e+01, -2.128837197e-01, -2.134492429e-01, -2.129540315e-01, -4.261913294e-01
4.35e+01, -2.128837962e-01, -2.134508910e-01, -2.129528682e-01, -4.261917036e-01
4.36e+01, -2.128838762e-01, -2.134525382e-01, -2.129517012e-01, -4.261920771e-01
4.37e+01, -2.128839598e-01, -2.134541846e-01, -2.129505304e-01, -4.261924499e-01
4.38e+01, -2.128840469e-01, -2.134558301e-01, -2.129493560e-01, -4.261928220e-01
4.39e+01, -2.128841377e-01, -2.134574747e-01, -2.129481778e-01, -4.261931935e-01
4.40e+01, -2.128842320e-01, -2.134591184e-01, -2.129469960e-01, -4.261935642e-01
4.41e+01, -2.128843300e-01, -2.134607611e-01, -2.129458105e-01, -4.261939343e-01
4.42e+01, -2.128844316e-01, -2.134624028e-01, -2.129446213e-01, -4.261943037e-01
4.43e+01, -2.128845369e-01, -2.134640435e-01, -2.129434284e-01, -4.261946725e-01
4.44e+01, -2.128846458e-01, -2.134656832e-01, -2.129422318e-01, -4.261950405e-01
4.45e+01, -2.128847585e-01, -2.134673219e-01, -2.129410316e-01, -4.261954079e-01
4.46e+01, -2.128848748e-01, -2.134689595e-01, -2.129398277e-01, -4.261957746e-01
4.47e+01, -2.128849949e-01, -2.134705960e-01, -2.129386201e-01, -4.261961407e-01
4.48e+01, -2.128851188e-01, -2.134722314e-01, -2.129374089e-01, -4.261965061e-01
4.49e+01, -2.128852465e-01, -2.134738658e-01, -2.129361940e-01, -4.261968708e-01
4.50e+01, -2.128853779e-01, -2.134754989e-01, -2.129349754e-01, -4.261972348e-01
4.51e+01, -2.128855131e-01, -2.134771310e-01, -2.129337532e-01, -4.261975982e-01
4.52e+01, -2.128856522e-01, -2.134787618e-01, -2.129325273e-01, -4.261979609e-01
4.53e+01, -2.128857952e-01, -2.134803915e-01, -2.129312978e-01, -4.261983230e-01
4.54e+01, -2.128859420e-01, -2.134820199e-01, -2.129300646e-01, -4.261986843e-01
4.55e+01, -2.128860927e-01, -2.134836471e-01, -2.129288278e-01, -4.261990451e-01
4.56e+01, -2.128862473e-01, -2.134852731e-01, -2.129275873e-01, -4.261994051e-01
4.57e+01, -2.128864058e-01, -2.134868978e-01, -2.129263432e-01, -4.261997646e-01
4.58e+01, -2.128865683e-01, -2.134885213e-01, -2.129250954e-01, -4.262001233e-01
4.59e+01, -2.128867347e-01, -2.134901434e-01, -2.129238440e-01, -4.262004814e-01
4.60e+01, -2.128869051e-01, -2.134917642e-01, -2.129225890e-01, -4.262008389e-01
4.61e+01, -2.128870796e-01, -2.134933837e-01, -2.129213303e-01, -4.262011957e-01
4.62e+01, -2.128872580e-01, -2.134950018e-01, -2.129200679e-01, -4.262015518e-01
4.63e+01, -2.128874405e-01, -2.134966186e-01, -2.129188019e-01, -4.262019073e-01
4.64e+01, -2.128876270e-01, -2.134982340e-01, -2.129175323e-01, -4.262022622e-01
4.65e+01, -2.128878177e-01, -2.134998479e-01, -2.129162590e-01, -4.262026164e-01
4.66e+01, -2.128880124e-01, -2.135014605e-01, -2.129149820e-01, -4.262029699e-01
4.67e+01, -2.128882112e-01, -2.135030716e-01, -2.129137014e-01, -4.262033228e-01
4.68e+01, -2.128884142e-01, -2.135046813e-01, -2.129124172e-01, -4.262036751e-01
4.69e+01, -2.128886213e-01, -2.135062895e-01, -2.129111293e-01, -4.262040268e-01
4.70e+01, -2.128888326e-01, -2.135078963e-01, -2.129098378e-01, -4.262043777e-01
4.71e+01, -2.128890480e-01, -2.135095015e-01, -2.129085426e-01, -4.262047281e-01
4.72e+01, -2.128892677e-01, -2.135111052e-01, -2.129072438e-01, -4.262050778e-01
4.73e+01, -2.128894916e-01, -2.135127075e-01, -2.129059413e-01, -4.262054269e-01
4.74e+01, -2.128897198e-01, -2.135143081e-01, -2.129046351e-01, -4.262057753e-01
4.75e+01, -2.128899522e-01, -2.135159072e-01, -2.129033253e-01, -4.262061232e-01
4.76e+01, -2.128901889e-01, -2.135175048e-01, -2.129020119e-01, -4.262064703e-01
4.77e+01, -2.128904299e-01, -2.135191007e-01, -2.129006947e-01, -4.262068169e-01
4.78e+01, -2.128906752e-01, -2.135206951e-01, -2.128993740e-01, -4.262071628e-01
4.79e+01, -2.128909248e-01, -2.135222878e-01, -2.128980495e-01, -4.262075081e-01
4.80e+01, -2.128911788e-01, -2.135238790e-01, -2.128967214e-01, -4.262078528e-01
4.81e+01, -2.128914371e-01, -2.135254684e-01, -2.128953897e-01, -4.262081968e-01
4.82e+01, -2.128916999e-01, -2.135270563e-01, -2.128940542e-01, -4.262085403e-01
4.83e+01, -2.128919670e-01, -2.135286424e-01, -2.128927151e-01, -4.262088831e-01
4.84e+01, -2.128922386e-01, -2.135302269e-01, -2.128913724e-01, -4.262092253e-01
4.85e+01, -2.128925146e-01, -2.135318097e-01, -2.128900259e-01, -4.262095668e-01
4.86e+01, -2.128927951e-01, -2.135333908e-01, -2.128886758e-01, -4.262099078e-01
4.87e+01, -2.128930800e-01, -2.135349702e-01, -2.128873220e-01, -4.262102481e-01
4.88e+01, -2.128933695e-01, -2.135365478e-01, -2.128859645e-01, -4.262105878e-01
4.89e+01, -2.128936634e-01, -2.135381237e-01, -2.128846033e-01, -4.262109269e-01
4.90e+01, -2.128939619e-01, -2.135396978e-01, -2.128832385e-01, -4.262112654e-01
4.91e+01, -2.128942649e-01, -2.135412702e-01, -2.128818700e-01, -4.262116033e-01
4.92e+01, -2.128945724e-01, -2.135428408e-01, -2.128804977e-01, -4.262119406e-01
4.93e+01, -2.128948846e-01, -2.135444095e-01, -2.128791218e-01, -4.262122773e-01
4.94e+01, -2.128952013e-01, -2.135459765e-01, -2.128777422e-01, -4.262126134e-01
4.95e+01, -2.128955227e-01, -2.135475417e-01, -2.128763589e-01, -4.262129489e-01
4.96e+01, -2.128958487e-01, -2.135491050e-01, -2.128749719e-01, -4.262132837e-01
4.97e+01, -2.128961793e-01, -2.135506665e-01, -2.128735812e-01, -4.262136180e-01
4.98e+01, -2.128965146e-01, -2.135522262e-01, -2.128721868e-01, -4.262139517e-01
4.99e+01, -2.128968545e-01, -2.135537839e-01, -2.128707887e-01, -4.262142848e-01
5.00e+01, -2.128971992e-01, -2.135553398e-01, -2.128693869e-01, -4.262146173e-01
5.01e+01, -2.128975485e-01, -2.135568939e-01, -2.128679814e-01, -4.262149492e-01
5.02e+01, -2.128979026e-01, -2.135584460e-01, -2.128665721e-01, -4.262152805e-01
5.03e+01, -2.128982614e-01, -2.135599962e-01, -2.128651592e-01, -4.262156112e-01
5.04e+01, -2.128986250e-01, -2.135615445e-01, -2.128637425e-01, -4.262159414e-01
5.05e+01, -2.128989934e-01, -2.135630909e-01, -2.128623221e-01, -4.262162709e-01
5.06e+01, -2.128993665e-01, -2.135646353e-01, -2.128608980e-01, -4.262165999e-01
5.07e+01, -2.128997444e-01, -2.135661778e-01, -2.128594702e-01, -4.262169283e-01
5.08e+01, -2.129001272e-01, -2.135677184e-01, -2.128580386e-01, -4.262172561e-01
5.09e+01, -2.129005148e-01, -2.135692569e-01, -2.128566033e-01, -4.262175833e-01
5.10e+01, -2.129009072e-01, -2.135707935e-01, -2.128551643e-01, -4.262179100e-01
5.11e+01, -2.129013045e-01, -2.135723281e-01, -2.128537215e-01, -4.262182361e-01
5.12e+01, -2.129017067e-01, -2.135738607e-01, -2.128522750e-01, -4.262185616e-01
5.13e+01, -2.129021138e-01, -2.135753913e-01, -2.128508248e-01, -4.262188866e-01
5.14e+01, -2.129025258e-01, -2.135769199e-01, -2.128493708e-01, -4.262192110e-01
5.15e+01, -2.129029427e-01, -2.135784465e-01, -2.128479131e-01, -4.262195348e-01
5.16e+01, -2.129033645e-01, -2.135799710e-01, -2.128464516e-01, -4.262198581e-01
5.17e+01, -2.129037913e-01, -2.135814935e-01, -2.128449864e-01, -4.262201808e-01
5.18e+01, -2.129042230e-01, -2.135830139e-01, -2.128435174e-01, -4.262205029e-01
5.19e+01, -2.129046598e-01, -2.135845323e-01, -2.128420447e-01, -4.262208245e-01
5.20e+01, -2.129051015e-01, -2.135860486e-01, -2.128405683e-01, -4.262211456e-01
5.21e+01, -2.129055482e-01, -2.135875628e-01, -2.128390880e-01, -4.262214661e-01
5.22e+01, -2.129060000e-01, -2.135890750e-01, -2.128376041e-01, -4.262217860e-01
5.23e+01, -2.129064568e-01, -2.135905850e-01, -2.128361163e-01, -4.262221054e-01
5.24e+01, -2.129069186e-01, -2.135920930e-01, -2.128346248e-01, -4.262224242e-01
5.25e+01, -2.129073855e-01, -2.135935988e-01, -2.128331296e-01, -4.262227426e-01
5.26e+01, -2.129078574e-01, -2.135951025e-01, -2.128316305e-01, -4.262230603e-01
5.27e+01, -2.129083345e-01, -2.135966041e-01, -2.128301278e-01, -4.262233776e-01
5.28e+01, -2.129088166e-01, -2.135981036e-01, -2.128286212e-01, -4.262236943e-01
5.29e+01, -2.129093039e-01, -2.135996009e-01, -2.128271109e-01, -4.262240104e-01
5.30e+01, -2.129097962e-01, -2.136010961e-01, -2.128255968e-01, -4.262243260e-01
5.31e+01, -2.129102937e-01, -2.136025891e-01, -2.128240789e-01, -4.262246412e-01
5.32e+01, -2.129107964e-01, -2.136040799e-01, -2.128225573e-01, -4.262249557e-01
5.33e+01, -2.129113042e-01, -2.136055686e-01, -2.128210318e-01, -4.262252698e-01
5.34e+01, -2.129118172e-01, -2.136070551e-01, -2.128195026e-01, -4.262255833e-01
5.35e+01, -2.129123354e-01, -2.136085395e-01, -2.128179697e-01, -4.262258963e-01
5.36e+01, -2.129128587e-01, -2.136100216e-01, -2.128164329e-01, -4.262262088e-01
5.37e+01, -2.129133873e-01, -2.136115015e-01, -2.128148924e-01, -4.262265208e-01
5.38e+01, -2.129139211e-01, -2.136129792e-01, -2.128133481e-01, -4.262268323e-01
5.39e+01, -2.129144601e-01, -2.136144548e-01, -2.128118000e-01, -4.262271433e-01
5.40e+01, -2.129150044e-01, -2.136159281e-01, -2.128102481e-01, -4.262274537e-01
5.41e+01, -2.129155539e-01, -2.136173991e-01, -2.128086925e-01, -4.262277637e-01
5.42e+01, -2.129161086e-01, -2.136188680e-01, -2.128071331e-01, -4.262280731e-01
5.43e+01, -2.129166687e-01, -2.136203346e-01, -2.128055698e-01, -4.262283821e-01
5.44e+01, -2.129172340e-01, -2.136217990e-01, -2.128040028e-01, -4.262286905e-01
5.45e+01, -2.129178046e-01, -2.136232611e-01, -2.128024321e-01, -4.262289985e-01
5.46e+01, -2.129183805e-01, -2.136247210e-01, -2.128008575e-01, -4.262293060e-01
5.47e+01, -2.129189617e-01, -2.136261786e-01, -2.127992791e-01, -4.262296129e-01
5.48e+01, -2.129195482e-01, -2.136276339e-01, -2.127976970e-01, -4.262299194e-01
5.49e+01, -2.129201401e-01, -2.136290870e-01, -2.127961111e-01, -4.262302255e-01
5.50e+01, -2.129207373e-01, -2.136305378e-01, -2.127945214e-01, -4.262305310e-01
5.51e+01, -2.129213399e-01, -2.136319863e-01, -2.127929279e-01, -4.262308360e-01
5.52e+01, -2.129219478e-01, -2.136334325e-01, -2.127913306e-01, -4.262311406e-01
5.53e+01, -2.129225611e-01, -2.136348765e-01, -2.127897296e-01, -4.262314447e-01
5.54e+01, -2.129231797e-01, -2.136363181e-01, -2.127881247e-01, -4.262317484e-01
5.55e+01, -2.129238037e-01, -2.136377575e-01, -2.127865161e-01, -4.262320515e-01
5.56e+01, -2.129244332e-01, -2.136391945e-01, -2.127849037e-01, -4.262323542e-01
5.57e+01, -2.129250680e-01, -2.136406292e-01, -2.127832875e-01, -4.262326565e-01
5.58e+01, -2.129257082e-01, -2.136420616e-01, -2.127816675e-01, -4.262329583e-01
5.59e+01, -2.129263539e-01, -2.136434917e-01, -2.127800438e-01, -4.262332596e-01
5.60e+01, -2.129270050e-01, -2.136449195e-01, -2.127784163e-01, -4.262335605e-01
5.61e+01, -2.129276615e-01, -2.136463449e-01, -2.127767850e-01, -4.262338609e-01
5.62e+01, -2.129283234e-01, -2.136477680e-01, -2.127751499e-01, -4.262341609e-01
5.63e+01, -2.129289908e-01, -2.136491887e-01, -2.127735111e-01, -4.262344604e-01
5.64e+01, -2.129296636e-01, -2.136506072e-01, -2.127718684e-01, -4.262347595e-01
5.65e+01, -2.129303419e-01, -2.136520232e-01, -2.127702220e-01, -4.262350581e-01
5.66e+01, -2.129310257e-01, -2.136534369e-01, -2.127685719e-01, -4.262353563e-01
5.67e+01, -2.129317149e-01, -2.136548483e-01, -2.127669179e-01, -4.262356541e-01
5.68e+01, -2.129324096e-01, -2.136562573e-01, -2.127652603e-01, -4.262359515e-01
5.69e+01, -2.129331098e-01, -2.136576640e-01, -2.127635988e-01, -4.262362484e-01
5.70e+01, -2.129338155e-01, -2.136590682e-01, -2.127619336e-01, -4.262365449e-01
5.71e+01, -2.129345267e-01, -2.136604701e-01, -2.127602646e-01, -4.262368409e-01
5.72e+01, -2.129352434e-01, -2.136618697e-01, -2.127585918e-01, -4.262371366e-01
5.73e+01, -2.129359655e-01, -2.136632668e-01, -2.127569154e-01, -4.262374318e-01
5.74e+01, -2.129366932e-01, -2.136646616e-01, -2.127552351e-01, -4.262377266e-01
5.75e+01, -2.129374264e-01, -2.136660540e-01, -2.127535511e-01, -4.262380210e-01
5.76e+01, -2.129381652e-01, -2.136674440e-01, -2.127518634e-01, -4.262383150e-01
5.77e+01, -2.129389094e-01, -2.136688317e-01, -2.127501719e-01, -4.262386086e-01
5.78e+01, -2.129396592e-01, -2.136702169e-01, -2.127484766e-01, -4.262389018e-01
5.79e+01, -2.129404145e-01, -2.136715997e-01, -2.127467777e-01, -4.262391946e-01
5.80e+01, -2.129411754e-01, -2.136729802e-01, -2.127450750e-01, -4.262394870e-01
5.81e+01, -2.129419418e-01, -2.136743582e-01, -2.127433685e-01, -4.262397790e-01
5.82e+01, -2.129427137e-01, -2.136757338e-01, -2.127416584e-01, -4.262400707e-01
5.83e+01, -2.129434912e-01, -2.136771071e-01, -2.127399445e-01, -4.262403619e-01
5.84e+01, -2.129442743e-01, -2.136784779e-01, -2.127382269e-01, -4.262406527e-01
5.85e+01, -2.129450629e-01, -2.136798463e-01, -2.127365056e-01, -4.262409432e-01
5.86e+01, -2.129458571e-01, -2.136812123e-01, -2.127347805e-01, -4.262412333e-01
5.87e+01, -2.129466568e-01, -2.136825759e-01, -2.127330518e-01, -4.262415230e-01
5.88e+01, -2.129474621e-01, -2.136839371e-01, -2.127313194e-01, -4.262418123e-01
5.89e+01, -2.129482729e-01, -2.136852958e-01, -2.127295832e-01, -4.262421013e-01
5.90e+01, -2.129490894e-01, -2.136866521e-01, -2.127278434e-01, -4.262423899e-01
5.91e+01, -2.129499114e-01, -2.136880060e-01, -2.127260998e-01, -4.262426782e-01
5.92e+01, -2.129507389e-01, -2.136893575e-01, -2.127243526e-01, -4.262429660e-01
5.93e+01, -2.129515721e-01, -2.136907066e-01, -2.127226017e-01, -4.262432536e-01
5.94e+01, -2.129524108e-01, -2.136920532e-01, -2.127208471e-01, -4.262435407e-01
5.95e+01, -2.129532551e-01, -2.136933974e-01, -2.127190889e-01, -4.262438276e-01
5.96e+01, -2.129541050e-01, -2.136947391e-01, -2.127173269e-01, -4.262441141e-01
5.97e+01, -2.129549604e-01, -2.136960785e-01, -2.127155614e-01, -4.262444002e-01
5.98e+01, -2.129558215e-01, -2.136974154e-01, -2.127137921e-01, -4.262446860e-01
5.99e+01, -2.129566881e-01, -2.136987498e-01, -2.127120192e-01, -4.262449714e-01
6.00e+01, -2.129575603e-01, -2.137000818e-01, -2.127102427e-01, -4.262452566e-01
6.01e+01, -2.129584381e-01, -2.137014114e-01, -2.127084625e-01, -4.262455414e-01
6.02e+01, -2.129593215e-01, -2.137027385e-01, -2.127066787e-01, -4.262458258e-01
6.03e+01, -2.129602104e-01, -2.137040632e-01, -2.127048913e-01, -4.262461100e-01
6.04e+01, -2.129611050e-01, -2.137053855e-01, -2.127031002e-01, -4.262463938e-01
6.05e+01, -2.129620051e-01, -2.137067053e-01, -2.127013056e-01, -4.262466773e-01
6.06e+01, -2.129629108e-01, -2.137080227e-01, -2.126995073e-01, -4.262469605e-01
6.07e+01, -2.129638220e-01, -2.137093376e-01, -2.126977054e-01, -4.262472433e-01
6.08e+01, -2.129647389e-01, -2.137106500e-01, -2.126958999e-01, -4.262475259e-01
6.09e+01, -2.129656613e-01, -2.137119601e-01, -2.126940908e-01, -4.262478082e-01
6.10e+01, -2.129665893e-01, -2.137132676e-01, -2.126922782e-01, -4.262480901e-01
6.11e+01, -2.129675229e-01, -2.137145728e-01, -2.126904620e-01, -4.262483718e-01
6.12e+01, -2.129684621e-01, -2.137158754e-01, -2.126886422e-01, -4.262486531e-01
6.13e+01, -2.129694068e-01, -2.137171757e-01, -2.126868188e-01, -4.262489342e-01
6.14e+01, -2.129703571e-01, -2.137184734e-01, -2.126849919e-01, -4.262492150e-01
6.15e+01, -2.129713130e-01, -2.137197688e-01, -2.126831614e-01, -4.262494955e-01
6.16e+01, -2.129722744e-01, -2.137210616e-01, -2.126813274e-01, -4.262497757e-01
6.17e+01, -2.129732414e-01, -2.137223521e-01, -2.126794899e-01, -4.262500556e-01
6.18e+01, -2.129742140e-01, -2.137236400e-01, -2.126776488e-01, -4.262503353e-01
6.19e+01, -2.129751921e-01, -2.137249256e-01, -2.126758043e-01, -4.262506146e-01
6.20e+01, -2.129761758e-01, -2.137262086e-01, -2.126739562e-01, -4.262508937e-01
6.21e+01, -2.129771650e-01, -2.137274893e-01, -2.126721046e-01, -4.262511726e-01
6.22e+01, -2.129781598e-01, -2.137287674e-01, -2.126702495e-01, -4.262514512e-01
6.23e+01, -2.129791601e-01, -2.137300431e-01, -2.126683910e-01, -4.262517295e-01
6.24e+01, -2.129801660e-01, -2.137313164e-01, -2.126665290e-01, -4.262520075e-01
6.25e+01, -2.129811774e-01, -2.137325872e-01, -2.126646635e-01, -4.262522854e-01
6.26e+01, -2.129821943e-01, -2.137338556e-01, -2.126627945e-01, -4.262525629e-01
6.27e+01, -2.129832167e-01, -2.137351215e-01, -2.126609221e-01, -4.262528402e-01
6.28e+01, -2.129842447e-01, -2.137363849e-01, -2.126590463e-01, -4.262531173e-01
6.29e+01, -2.129852782e-01, -2.137376460e-01, -2.126571670e-01, -4.262533941e-01
6.30e+01, -2.129863172e-01, -2.137389045e-01, -2.126552843e-01, -4.262536707e-01
6.31e+01, -2.129873618e-01, -2.137401606e-01, -2.126533982e-01, -4.262539471e-01
6.32e+01, -2.129884118e-01, -2.137414143e-01, -2.126515087e-01, -4.262542232e-01
6.33e+01, -2.129894673e-01, -2.137426655e-01, -2.126496158e-01, -4.262544991e-01
6.34e+01, -2.129905283e-01, -2.137439143e-01, -2.126477195e-01, -4.262547748e-01
6.35e+01, -2.129915949e-01, -2.137451606e-01, -2.126458198e-01, -4.262550502e-01
6.36e+01, -2.129926669e-01, -2.137464045e-01, -2.126439168e-01, -4.262553255e-01
6.37e+01, -2.129937443e-01, -2.137476459e-01, -2.126420104e-01, -4.262556005e-01
6.38e+01, -2.129948273e-01, -2.137488849e-01, -2.126401007e-01, -4.262558753e-01
6.39e+01, -2.129959157e-01, -2.137501215e-01, -2.126381877e-01, -4.262561499e-01
6.40e+01, -2.129970096e-01, -2.137513556e-01, -2.126362713e-01, -4.262564243e-01
6.41e+01, -2.129981089e-01, -2.137525873e-01, -2.126343516e-01, -4.262566985e-01
6.42e+01, -2.129992137e-01, -2.137538165e-01, -2.126324286e-01, -4.262569725e-01
6.43e+01, -2.130003239e-01, -2.137550433e-01, -2.126305023e-01, -4.262572463e-01
6.44e+01, -2.130014395e-01, -2.137562676e-01, -2.126285727e-01, -4.262575199e-01
6.45e+01, -2.130025606e-01, -2.137574895e-01, -2.126266399e-01, -4.262577934e-01
6.46e+01, -2.130036871e-01, -2.137587090e-01, -2.126247038e-01, -4.262580666e-01
6.47e+01, -2.130048190e-01, -2.137599261e-01, -2.126227645e-01, -4.262583397e-01
6.48e+01, -2.130059563e-01, -2.137611407e-01, -2.126208219e-01, -4.262586126e-01
6.49e+01, -2.130070990e-01, -2.137623529e-01, -2.126188761e-01, -4.262588853e-01
6.50e+01, -2.130082471e-01, -2.137635626e-01, -2.126169271e-01, -4.262591578e-01
6.51e+01, -2.130094006e-01, -2.137647699e-01, -2.126149748e-01, -4.262594302e-01
6.52e+01, -2.130105594e-01, -2.137659748e-01, -2.126130194e-01, -4.262597024e-01
6.53e+01, -2.130117236e-01, -2.137671773e-01, -2.126110608e-01, -4.262599745e-01
6.54e+01, -2.130128932e-01, -2.137683774e-01, -2.126090991e-01, -4.262602464e-01
6.55e+01, -2.130140681e-01, -2.137695750e-01, -2.126071341e-01, -4.262605182e-01
6.56e+01, -2.130152483e-01, -2.137707702e-01, -2.126051661e-01, -4.262607897e-01
6.57e+01, -2.130164339e-01, -2.137719630e-01, -2.126031949e-01, -4.262610612e-01
6.58e+01, -2.130176248e-01, -2.137731534e-01, -2.126012206e-01, -4.262613325e-01
6.59e+01, -2.130188210e-01, -2.137743413e-01, -2.125992431e-01, -4.262616037e-01
6.60e+01, -2.130200225e-01, -2.137755269e-01, -2.125972626e-01, -4.262618747e-01
6.61e+01, -2.130212293e-01, -2.137767100e-01, -2.125952790e-01, -4.262621456e-01
6.62e+01, -2.130224414e-01, -2.137778907e-01, -2.125932924e-01, -4.262624164e-01
6.63e+01, -2.130236588e-01, -2.137790691e-01, -2.125913026e-01, -4.262626870e-01
6.64e+01, -2.130248814e-01, -2.137802450e-01, -2.125893099e-01, -4.262629575e-01
6.65e+01, -2.130261093e-01, -2.137814185e-01, -2.125873141e-01, -4.262632279e-01
6.66e+01, -2.130273424e-01, -2.137825896e-01, -2.125853153e-01, -4.262634982e-01
6.67e+01, -2.130285808e-01, -2.137837583e-01, -2.125833134e-01, -4.262637684e-01
6.68e+01, -2.130298244e-01, -2.137849246e-01, -2.125813086e-01, -4.262640384e-01
6.69e+01, -2.130310732e-01, -2.137860885e-01, -2.125793008e-01, -4.262643084e-01
6.70e+01, -2.130323272e-01, -2.137872501e-01, -2.125772901e-01, -4.262645782e-01
6.71e+01, -2.130335864e-01, -2.137884092e-01, -2.125752764e-01, -4.262648480e-01
6.72e+01, -2.130348508e-01, -2.137895659e-01, -2.125732597e-01, -4.262651176e-01
6.73e+01, -2.130361203e-01, -2.137907203e-01, -2.125712402e-01, -4.262653872e-01
6.74e+01, -2.130373950e-01, -2.137918723e-01, -2.125692177e-01, -4.262656566e-01
6.75e+01, -2.130386749e-01, -2.137930219e-01, -2.125671923e-01, -4.262659260e-01
6.76e+01, -2.130399599e-01, -2.137941691e-01, -2.125651640e-01, -4.262661953e-01
6.77e+01, -2.130412500e-01, -2.137953139e-01, -2.125631329e-01, -4.262664645e-01
6.78e+01, -2.130425452e-01, -2.137964564e-01, -2.125610989e-01, -4.262667337e-01
6.79e+01, -2.130438455e-01, -2.137975965e-01, -2.125590621e-01, -4.262670028e-01
6.80e+01, -2.130451510e-01, -2.137987342e-01, -2.125570225e-01, -4.262672718e-01
6.81e+01, -2.130464615e-01, -2.137998696e-01, -2.125549800e-01, -4.262675407e-01
6.82e+01, -2.130477771e-01, -2.138010026e-01, -2.125529347e-01, -4.262678096e-01
6.83e+01, -2.130490977e-01, -2.138021332e-01, -2.125508867e-01, -4.262680784e-01
6.84e+01, -2.130504234e-01, -2.138032615e-01, -2.125488359e-01, -4.262683471e-01
6.85e+01, -2.130517541e-01, -2.138043874e-01, -2.125467823e-01, -4.262686158e-01
6.86e+01, -2.130530898e-01, -2.138055109e-01, -2.125447260e-01, -4.262688845e-01
6.87e+01, -2.130544305e-01, -2.138066321e-01, -2.125426670e-01, -4.262691531e-01
6.88e+01, -2.130557763e-01, -2.138077510e-01, -2.125406053e-01, -4.262694217e-01
6.89e+01, -2.130571270e-01, -2.138088675e-01, -2.125385408e-01, -4.262696902e-01
6.90e+01, -2.130584826e-01, -2.138099817e-01, -2.125364737e-01, -4.262699587e-01
6.91e+01, -2.130598433e-01, -2.138110935e-01, -2.125344040e-01, -4.262702272e-01
6.92e+01, -2.130612088e-01, -2.138122030e-01, -2.125323316e-01, -4.262704956e-01
6.93e+01, -2.130625793e-01, -2.138133101e-01, -2.125302565e-01, -4.262707640e-01
6.94e+01, -2.130639548e-01, -2.138144150e-01, -2.125281788e-01, -4.262710324e-01
6.95e+01, -2.130653351e-01, -2.138155175e-01, -2.125260986e-01, -4.262713008e-01
6.96e+01, -2.130667203e-01, -2.138166176e-01, -2.125240157e-01, -4.262715691e-01
6.97e+01, -2.130681104e-01, -2.138177155e-01, -2.125219303e-01, -4.262718374e-01
6.98e+01, -2.130695053e-01, -2.138188110e-01, -2.125198423e-01, -4.262721058e-01
6.99e+01, -2.130709051e-01, -2.138199042e-01, -2.125177518e-01, -4.262723741e-01
7.00e+01, -2.130723098e-01, -2.138209951e-01, -2.125156588e-01, -4.262726424e-01
7.01e+01, -2.130737192e-01, -2.138220837e-01, -2.125135632e-01, -4.262729107e-01
7.02e+01, -2.130751335e-01, -2.138231699e-01, -2.125114652e-01, -4.262731791e-01
7.03e+01, -2.130765525e-01, -2.138242539e-01, -2.125093646e-01, -4.262734474e-01
7.04e+01, -2.130779764e-01, -2.138253356e-01, -2.125072617e-01, -4.262737157e-01
7.05e+01, -2.130794050e-01, -2.138264149e-01, -2.125051563e-01, -4.262739841e-01
7.06e+01, -2.130808383e-01, -2.138274920e-01, -2.125030484e-01, -4.262742525e-01
7.07e+01, -2.130822764e-01, -2.138285668e-01, -2.125009381e-01, -4.262745209e-01
7.08e+01, -2.130837192e-01, -2.138296392e-01, -2.124988255e-01, -4.262747893e-01
7.09e+01, -2.130851667e-01, -2.138307094e-01, -2.124967105e-01, -4.262750577e-01
7.10e+01, -2.130866189e-01, -2.138317773e-01, -2.124945931e-01, -4.262753262e-01
7.11e+01, -2.130880758e-01, -2.138328429e-01, -2.124924733e-01, -4.262755947e-01
7.12e+01, -2.130895374e-01, -2.138339063e-01, -2.124903513e-01, -4.262758633e-01
7.13e+01, -2.130910036e-01, -2.138349674e-01, -2.124882269e-01, -4.262761319e-01
7.14e+01, -2.130924744e-01, -2.138360262e-01, -2.124861002e-01, -4.262764005e-01
7.15e+01, -2.130939499e-01, -2.138370827e-01, -2.124839713e-01, -4.262766692e-01
7.16e+01, -2.130954299e-01, -2.138381369e-01, -2.124818401e-01, -4.262769379e-01
7.17e+01, -2.130969146e-01, -2.138391889e-01, -2.124797066e-01, -4.262772067e-01
7.18e+01, -2.130984038e-01, -2.138402387e-01, -2.124775709e-01, -4.262774756e-01
7.19e+01, -2.130998975e-01, -2.138412862e-01, -2.124754330e-01, -4.262777445e-01
7.20e+01, -2.131013959e-01, -2.138423314e-01, -2.124732929e-01, -4.262780135e-01
7.21e+01, -2.131028987e-01, -2.138433744e-01, -2.124711507e-01, -4.262782825e-01
7.22e+01, -2.131044061e-01, -2.138444151e-01, -2.124690062e-01, -4.262785516e-01
7.23e+01, -2.131059179e-01, -2.138454536e-01, -2.124668597e-01, -4.262788208e-01
7.24e+01, -2.131074343e-01, -2.138464898e-01, -2.124647110e-01, -4.262790900e-01
7.25e+01, -2.131089551e-01, -2.138475238e-01, -2.124625602e-01, -4.262793594e-01
7.26e+01, -2.131104803e-01, -2.138485556e-01, -2.124604073e-01, -4.262796288e-01
7.27e+01, -2.131120100e-01, -2.138495852e-01, -2.124582523e-01, -4.262798983e-01
7.28e+01, -2.131135441e-01, -2.138506125e-01, -2.124560953e-01, -4.262801679e-01
7.29e+01, -2.131150826e-01, -2.138516376e-01, -2.124539363e-01, -4.262804376e-01
7.30e+01, -2.131166255e-01, -2.138526604e-01, -2.124517752e-01, -4.262807074e-01
7.31e+01, -2.131181727e-01, -2.138536811e-01, -2.124496121e-01, -4.262809773e-01
7.32e+01, -2.131197244e-01, -2.138546995e-01, -2.124474471e-01, -4.262812473e-01
7.33e+01, -2.131212803e-01, -2.138557158e-01, -2.124452800e-01, -4.262815174e-01
7.34e+01, -2.131228406e-01, -2.138567298e-01, -2.124431110e-01, -4.262817876e-01
7.35e+01, -2.131244052e-01, -2.138577416e-01, -2.124409401e-01, -4.262820579e-01
7.36e+01, -2.131259740e-01, -2.138587512e-01, -2.124387673e-01, -4.262823284e-01
7.37e+01, -2.131275472e-01, -2.138597586e-01, -2.124365926e-01, -4.262825989e-01
7.38e+01, -2.131291246e-01, -2.138607639e-01, -2.124344160e-01, -4.262828696e-01
7.39e+01, -2.131307062e-01, -2.138617669e-01, -2.124322375e-01, -4.262831404e-01
7.40e+01, -2.131322921e-01, -2.138627677e-01, -2.124300572e-01, -4.262834113e-01
7.41e+01, -2.131338821e-01, -2.138637664e-01, -2.124278751e-01, -4.262836824e-01
7.42e+01, -2.131354764e-01, -2.138647629e-01, -2.124256911e-01, -4.262839536e-01
7.43e+01, -2.131370748e-01, -2.138657572e-01, -2.124235054e-01, -4.262842250e-01
7.44e+01, -2.131386774e-01, -2.138667493e-01, -2.124213179e-01, -4.262844964e-01
7.45e+01, -2.131402842e-01, -2.138677393e-01, -2.124191287e-01, -4.262847681e-01
7.46e+01, -2.131418950e-01, -2.138687271e-01, -2.124169377e-01, -4.262850398e-01
7.47e+01, -2.131435100e-01, -2.138697127e-01, -2.124147450e-01, -4.262853118e-01
7.48e+01, -2.131451290e-01, -2.138706962e-01, -2.124125506e-01, -4.262855839e-01
7.49e+01, -2.131467522e-01, -2.138716775e-01, -2.124103545e-01, -4.262858561e-01
7.50e+01, -2.131483794e-01, -2.138726566e-01, -2.124081567e-01, -4.262861285e-01
7.51e+01, -2.131500106e-01, -2.138736336e-01, -2.124059574e-01, -4.262864011e-01
7.52e+01, -2.131516458e-01, -2.138746085e-01, -2.124037563e-01, -4.262866738e-01
7.53e+01, -2.131532851e-01, -2.138755812e-01, -2.124015537e-01, -4.262869467e-01
7.54e+01, -2.131549284e-01, -2.138765518e-01, -2.123993495e-01, -4.262872198e-01
7.55e+01, -2.131565756e-01, -2.138775202e-01, -2.123971437e-01, -4.262874930e-01
7.56e+01, -2.131582268e-01, -2.138784865e-01, -2.123949364e-01, -4.262877664e-01
7.57e+01, -2.131598819e-01, -2.138794507e-01, -2.123927275e-01, -4.262880401e-01
7.58e+01, -2.131615409e-01, -2.138804127e-01, -2.123905172e-01, -4.262883139e-01
7.59e+01, -2.131632038e-01, -2.138813726e-01, -2.123883053e-01, -4.262885878e-01
7.60e+01, -2.131648707e-01, -2.138823304e-01, -2.123860919e-01, -4.262888620e-01
7.61e+01, -2.131665414e-01, -2.138832861e-01, -2.123838771e-01, -4.262891364e-01
7.62e+01, -2.131682159e-01, -2.138842397e-01, -2.123816609e-01, -4.262894110e-01
7.63e+01, -2.131698943e-01, -2.138851911e-01, -2.123794432e-01, -4.262896858e-01
7.64e+01, -2.131715765e-01, -2.138861405e-01, -2.123772241e-01, -4.262899607e-01
7.65e+01, -2.131732625e-01, -2.138870877e-01, -2.123750036e-01, -4.262902359e-01
7.66e+01, -2.131749523e-01, -2.138880329e-01, -2.123727818e-01, -4.262905113e-01
7.67e+01, -2.131766459e-01, -2.138889759e-01, -2.123705586e-01, -4.262907869e-01
7.68e+01, -2.131783432e-01, -2.138899169e-01, -2.123683341e-01, -4.262910628e-01
7.69e+01, -2.131800442e-01, -2.138908558e-01, -2.123661083e-01, -4.262913388e-01
7.70e+01, -2.131817489e-01, -2.138917925e-01, -2.123638812e-01, -4.262916151e-01
7.71e+01, -2.131834574e-01, -2.138927272e-01, -2.123616528e-01, -4.262918916e-01
7.72e+01, -2.131851695e-01, -2.138936599e-01, -2.123594231e-01, -4.262921683e-01
7.73e+01, -2.131868853e-01, -2.138945904e-01, -2.123571922e-01, -4.262924453e-01
7.74e+01, -2.131886047e-01, -2.138955189e-01, -2.123549601e-01, -4.262927225e-01
7.75e+01, -2.131903278e-01, -2.138964453e-01, -2.123527268e-01, -4.262929999e-01
7.76e+01, -2.131920545e-01, -2.138973696e-01, -2.123504924e-01, -4.262932776e-01
7.77e+01, -2.131937847e-01, -2.138982918e-01, -2.123482567e-01, -4.262935555e-01
7.78e+01, -2.131955186e-01, -2.138992121e-01, -2.123460199e-01, -4.262938337e-01
7.79e+01, -2.131972560e-01, -2.139001302e-01, -2.123437820e-01, -4.262941121e-01
7.80e+01, -2.131989969e-01, -2.139010463e-01, -2.123415430e-01, -4.262943908e-01
7.81e+01, -2.132007414e-01, -2.139019603e-01, -2.123393029e-01, -4.262946697e-01
7.82e+01, -2.132024893e-01, -2.139028723e-01, -2.123370617e-01, -4.262949489e-01
7.83e+01, -2.132042408e-01, -2.139037823e-01, -2.123348195e-01, -4.262952284e-01
7.84e+01, -2.132059957e-01, -2.139046902e-01, -2.123325763e-01, -4.262955081e-01
7.85e+01, -2.132077541e-01, -2.139055961e-01, -2.123303320e-01, -4.262957881e-01
7.86e+01, -2.132095159e-01, -2.139064999e-01, -2.123280868e-01, -4.262960684e-01
7.87e+01, -2.132112811e-01, -2.139074017e-01, -2.123258405e-01, -4.262963489e-01
7.88e+01, -2.132130497e-01, -2.139083015e-01, -2.123235933e-01, -4.262966297e-01
7.89e+01, -2.132148217e-01, -2.139091992e-01, -2.123213452e-01, -4.262969108e-01
7.90e+01, -2.132165971e-01, -2.139100950e-01, -2.123190962e-01, -4.262971922e-01
7.91e+01, -2.132183758e-01, -2.139109887e-01, -2.123168462e-01, -4.262974738e-01
7.92e+01, -2.132201579e-01, -2.139118804e-01, -2.123145954e-01, -4.262977558e-01
7.93e+01, -2.132219433e-01, -2.139127701e-01, -2.123123437e-01, -4.262980380e-01
7.94e+01, -2.132237319e-01, -2.139136578e-01, -2.123100912e-01, -4.262983206e-01
7.95e+01, -2.132255238e-01, -2.139145434e-01, -2.123078379e-01, -4.262986034e-01
7.96e+01, -2.132273190e-01, -2.139154271e-01, -2.123055837e-01, -4.262988866e-01
7.97e+01, -2.132291175e-01, -2.139163088e-01, -2.123033288e-01, -4.262991700e-01
7.98e+01, -2.132309191e-01, -2.139171885e-01, -2.123010731e-01, -4.262994538e-01
7.99e+01, -2.132327240e-01, -2.139180662e-01, -2.122988166e-01, -4.262997378e-01
8.00e+01, -2.132345321e-01, -2.139189419e-01, -2.122965594e-01, -4.263000222e-01
8.01e+01, -2.132363433e-01, -2.139198156e-01, -2.122943015e-01, -4.263003069e-01
8.02e+01, -2.132381577e-01, -2.139206873e-01, -2.122920429e-01, -4.263005919e-01
8.03e+01, -2.132399752e-01, -2.139215570e-01, -2.122897836e-01, -4.263008773e-01
8.04e+01, -2.132417958e-01, -2.139224248e-01, -2.122875237e-01, -4.263011629e-01
8.05e+01, -2.132436196e-01, -2.139232906e-01, -2.122852632e-01, -4.263014489e-01
8.06e+01, -2.132454464e-01, -2.139241544e-01, -2.122830020e-01, -4.263017352e-01
8.07e+01, -2.132472763e-01, -2.139250163e-01, -2.122807402e-01, -4.263020219e-01
8.08e+01, -2.132491092e-01, -2.139258762e-01, -2.122784779e-01, -4.263023089e-01
8.09e+01, -2.132509452e-01, -2.139267341e-01, -2.122762149e-01, -4.263025962e-01
8.10e+01, -2.132527842e-01, -2.139275901e-01, -2.122739515e-01, -4.263028839e-01
8.11e+01, -2.132546262e-01, -2.139284441e-01, -2.122716875e-01, -4.263031719e-01
8.12e+01, -2.132564712e-01, -2.139292962e-01, -2.122694230e-01, -4.263034602e-01
8.13e+01, -2.132583191e-01, -2.139301463e-01, -2.122671580e-01, -4.263037489e-01
8.14e+01, -2.132601700e-01, -2.139309945e-01, -2.122648925e-01, -4.263040380e-01
8.15e+01, -2.132620238e-01, -2.139318407e-01, -2.122626266e-01, -4.263043274e-01
8.16e+01, -2.132638805e-01, -2.139326850e-01, -2.122603603e-01, -4.263046172e-01
8.17e+01, -2.132657401e-01, -2.139335274e-01, -2.122580936e-01, -4.263049073e-01
8.18e+01, -2.132676026e-01, -2.139343678e-01, -2.122558264e-01, -4.263051979e-01
8.19e+01, -2.132694679e-01, -2.139352063e-01, -2.122535589e-01, -4.263054887e-01
8.20e+01, -2.132713361e-01, -2.139360429e-01, -2.122512910e-01, -4.263057800e-01
8.21e+01, -2.132732071e-01, -2.139368775e-01, -2.122490228e-01, -4.263060716e-01
8.22e+01, -2.132750809e-01, -2.139377102e-01, -2.122467543e-01, -4.263063636e-01
8.23e+01, -2.132769575e-01, -2.139385410e-01, -2.122444854e-01, -4.263066560e-01
8.24e+01, -2.132788369e-01, -2.139393699e-01, -2.122422163e-01, -4.263069487e-01
8.25e+01, -2.132807190e-01, -2.139401969e-01, -2.122399469e-01, -4.263072419e-01
8.26e+01, -2.132826039e-01, -2.139410219e-01, -2.122376773e-01, -4.263075354e-01
8.27e+01, -2.132844914e-01, -2.139418451e-01, -2.122354074e-01, -4.263078293e-01
8.28e+01, -2.132863817e-01, -2.139426663e-01, -2.122331373e-01, -4.263081236e-01
8.29e+01, -2.132882747e-01, -2.139434857e-01, -2.122308671e-01, -4.263084183e-01
8.30e+01, -2.132901703e-01, -2.139443031e-01, -2.122285966e-01, -4.263087134e-01
8.31e+01, -2.132920686e-01, -2.139451187e-01, -2.122263260e-01, -4.263090089e-01
8.32e+01, -2.132939696e-01, -2.139459324e-01, -2.122240553e-01, -4.263093048e-01
8.33e+01, -2.132958731e-01, -2.139467441e-01, -2.122217845e-01, -4.263096011e-01
8.34e+01, -2.132977793e-01, -2.139475540e-01, -2.122195135e-01, -4.263098979e-01
8.35e+01, -2.132996880e-01, -2.139483620e-01, -2.122172425e-01, -4.263101950e-01
8.36e+01, -2.133015993e-01, -2.139491682e-01, -2.122149714e-01, -4.263104925e-01
8.37e+01, -2.133035131e-01, -2.139499724e-01, -2.122127002e-01, -4.263107905e-01
8.38e+01, -2.133054295e-01, -2.139507748e-01, -2.122104291e-01, -4.263110889e-01
8.39e+01, -2.133073484e-01, -2.139515753e-01, -2.122081579e-01, -4.263113877e-01
8.40e+01, -2.133092698e-01, -2.139523739e-01, -2.122058867e-01, -4.263116869e-01
8.41e+01, -2.133111936e-01, -2.139531707e-01, -2.122036156e-01, -4.263119866e-01
8.42e+01, -2.133131200e-01, -2.139539656e-01, -2.122013445e-01, -4.263122867e-01
8.43e+01, -2.133150488e-01, -2.139547586e-01, -2.121990735e-01, -4.263125872e-01
8.44e+01, -2.133169800e-01, -2.139555498e-01, -2.121968025e-01, -4.263128882e-01
8.45e+01, -2.133189136e-01, -2.139563391e-01, -2.121945317e-01, -4.263131896e-01
8.46e+01, -2.133208496e-01, -2.139571266e-01, -2.121922609e-01, -4.263134914e-01
8.47e+01, -2.133227880e-01, -2.139579122e-01, -2.121899903e-01, -4.263137937e-01
8.48e+01, -2.133247288e-01, -2.139586960e-01, -2.121877199e-01, -4.263140964e-01
8.49e+01, -2.133266719e-01, -2.139594779e-01, -2.121854496e-01, -4.263143996e-01
8.50e+01, -2.133286174e-01, -2.139602580e-01, -2.121831795e-01, -4.263147032e-01
8.51e+01, -2.133305651e-01, -2.139610362e-01, -2.121809096e-01, -4.263150073e-01
8.52e+01, -2.133325152e-01, -2.139618127e-01, -2.121786400e-01, -4.263153119e-01
8.53e+01, -2.133344675e-01, -2.139625872e-01, -2.121763706e-01, -4.263156169e-01
8.54e+01, -2.133364221e-01, -2.139633600e-01, -2.121741014e-01, -4.263159224e-01
8.55e+01, -2.133383790e-01, -2.139641309e-01, -2.121718325e-01, -4.263162283e-01
8.56e+01, -2.133403381e-01, -2.139649000e-01, -2.121695640e-01, -4.263165347e-01
8.57e+01, -2.133422994e-01, -2.139656673e-01, -2.121672957e-01, -4.263168416e-01
8.58e+01, -2.133442628e-01, -2.139664328e-01, -2.121650278e-01, -4.263171489e-01
8.59e+01, -2.133462285e-01, -2.139671964e-01, -2.121627602e-01, -4.263174567e-01
8.60e+01, -2.133481964e-01, -2.139679582e-01, -2.121604929e-01, -4.263177650e-01
8.61e+01, -2.133501664e-01, -2.139687182e-01, -2.121582261e-01, -4.263180738e-01
8.62e+01, -2.133521385e-01, -2.139694764e-01, -2.121559597e-01, -4.263183831e-01
8.63e+01, -2.133541127e-01, -2.139702328e-01, -2.121536937e-01, -4.263186928e-01
8.64e+01, -2.133560890e-01, -2.139709874e-01, -2.121514281e-01, -4.263190030e-01
8.65e+01, -2.133580675e-01, -2.139717402e-01, -2.121491630e-01, -4.263193138e-01
8.66e+01, -2.133600480e-01, -2.139724912e-01, -2.121468983e-01, -4.263196250e-01
8.67e+01, -2.133620305e-01, -2.139732404e-01, -2.121446341e-01, -4.263199367e-01
8.68e+01, -2.133640151e-01, -2.139739878e-01, -2.121423705e-01, -4.263202489e-01
8.69e+01, -2.133660017e-01, -2.139747335e-01, -2.121401073e-01, -4.263205616e-01
8.70e+01, -2.133679902e-01, -2.139754773e-01, -2.121378447e-01, -4.263208748e-01
8.71e+01, -2.133699808e-01, -2.139762193e-01, -2.121355827e-01, -4.263211886e-01
8.72e+01, -2.133719734e-01, -2.139769596e-01, -2.121333212e-01, -4.263215028e-01
8.73e+01, -2.133739679e-01, -2.139776981e-01, -2.121310604e-01, -4.263218175e-01
8.74e+01, -2.133759643e-01, -2.139784348e-01, -2.121288001e-01, -4.263221328e-01
8.75e+01, -2.133779627e-01, -2.139791697e-01, -2.121265405e-01, -4.263224486e-01
8.76e+01, -2.133799630e-01, -2.139799029e-01, -2.121242815e-01, -4.263227649e-01
8.77e+01, -2.133819651e-01, -2.139806342e-01, -2.121220232e-01, -4.263230817e-01
8.78e+01, -2.133839691e-01, -2.139813639e-01, -2.121197655e-01, -4.263233990e-01
8.79e+01, -2.133859750e-01, -2.139820917e-01, -2.121175086e-01, -4.263237169e-01
8.80e+01, -2.133879828e-01, -2.139828178e-01, -2.121152523e-01, -4.263240353e-01
8.81e+01, -2.133899923e-01, -2.139835422e-01, -2.121129968e-01, -4.263243542e-01
8.82e+01, -2.133920037e-01, -2.139842647e-01, -2.121107420e-01, -4.263246736e-01
8.83e+01, -2.133940169e-01, -2.139849856e-01, -2.121084880e-01, -4.263249936e-01
8.84e+01, -2.133960318e-01, -2.139857046e-01, -2.121062348e-01, -4.263253142e-01
8.85e+01, -2.133980485e-01, -2.139864219e-01, -2.121039824e-01, -4.263256352e-01
8.86e+01, -2.134000670e-01, -2.139871375e-01, -2.121017307e-01, -4.263259568e-01
8.87e+01, -2.134020872e-01, -2.139878514e-01, -2.120994800e-01, -4.263262790e-01
8.88e+01, -2.134041091e-01, -2.139885634e-01, -2.120972300e-01, -4.263266017e-01
8.89e+01, -2.134061327e-01, -2.139892738e-01, -2.120949809e-01, -4.263269250e-01
8.90e+01, -2.134081580e-01, -2.139899824e-01, -2.120927328e-01, -4.263272488e-01
8.91e+01, -2.134101850e-01, -2.139906893e-01, -2.120904855e-01, -4.263275731e-01
8.92e+01, -2.134122136e-01, -2.139913944e-01, -2.120882391e-01, -4.263278981e-01
8.93e+01, -2.134142439e-01, -2.139920979e-01, -2.120859936e-01, -4.263282236e-01
8.94e+01, -2.134162758e-01, -2.139927995e-01, -2.120837491e-01, -4.263285496e-01
8.95e+01, -2.134183092e-01, -2.139934995e-01, -2.120815056e-01, -4.263288762e-01
8.96e+01, -2.134203443e-01, -2.139941978e-01, -2.120792630e-01, -4.263292034e-01
8.97e+01, -2.134223810e-01, -2.139948943e-01, -2.120770214e-01, -4.263295311e-01
8.98e+01, -2.134244192e-01, -2.139955891e-01, -2.120747809e-01, -4.263298595e-01
8.99e+01, -2.134264590e-01, -2.139962822e-01, -2.120725413e-01, -4.263301884e-01
9.00e+01, -2.134285003e-01, -2.139969736e-01, -2.120703028e-01, -4.263305178e-01
9.01e+01, -2.134305431e-01, -2.139976632e-01, -2.120680654e-01, -4.263308479e-01
9.02e+01, -2.134325875e-01, -2.139983512e-01, -2.120658291e-01, -4.263311785e-01
9.03e+01, -2.134346333e-01, -2.139990375e-01, -2.120635938e-01, -4.263315097e-01
9.04e+01, -2.134366806e-01, -2.139997220e-01, -2.120613597e-01, -4.263318415e-01
9.05e+01, -2.134387293e-01, -2.140004049e-01, -2.120591267e-01, -4.263321739e-01
9.06e+01, -2.134407795e-01, -2.140010860e-01, -2.120568948e-01, -4.263325069e-01
9.07e+01, -2.134428311e-01, -2.140017655e-01, -2.120546641e-01, -4.263328405e-01
9.08e+01, -2.134448841e-01, -2.140024433e-01, -2.120524345e-01, -4.263331746e-01
9.09e+01, -2.134469385e-01, -2.140031194e-01, -2.120502062e-01, -4.263335094e-01
9.10e+01, -2.134489944e-01, -2.140037938e-01, -2.120479790e-01, -4.263338448e-01
9.11e+01, -2.134510515e-01, -2.140044665e-01, -2.120457531e-01, -4.263341807e-01
9.12e+01, -2.134531100e-01, -2.140051375e-01, -2.120435284e-01, -4.263345173e-01
9.13e+01, -2.134551699e-01, -2.140058069e-01, -2.120413050e-01, -4.263348545e-01
9.14e+01, -2.134572311e-01, -2.140064745e-01, -2.120390828e-01, -4.263351923e-01
9.15e+01, -2.134592936e-01, -2.140071405e-01, -2.120368619e-01, -4.263355307e-01
9.16e+01, -2.134613573e-01, -2.140078049e-01, -2.120346424e-01, -4.263358697e-01
9.17e+01, -2.134634224e-01, -2.140084675e-01, -2.120324241e-01, -4.263362093e-01
9.18e+01, -2.134654887e-01, -2.140091285e-01, -2.120302072e-01, -4.263365496e-01
9.19e+01, -2.134675563e-01, -2.140097878e-01, -2.120279916e-01, -4.263368904e-01
9.20e+01, -2.134696251e-01, -2.140104455e-01, -2.120257774e-01, -4.263372319e-01
9.21e+01, -2.134716951e-01, -2.140111015e-01, -2.120235645e-01, -4.263375741e-01
9.22e+01, -2.134737663e-01, -2.140117558e-01, -2.120213531e-01, -4.263379168e-01
9.23e+01, -2.134758388e-01, -2.140124085e-01, -2.120191431e-01, -4.263382602e-01
9.24e+01, -2.134779123e-01, -2.140130595e-01, -2.120169344e-01, -4.263386042e-01
9.25e+01, -2.134799871e-01, -2.140137089e-01, -2.120147273e-01, -4.263389488e-01
9.26e+01, -2.134820630e-01, -2.140143566e-01, -2.120125216e-01, -4.263392941e-01
9.27e+01, -2.134841400e-01, -2.140150027e-01, -2.120103173e-01, -4.263396400e-01
9.28e+01, -2.134862182e-01, -2.140156471e-01, -2.120081146e-01, -4.263399866e-01
9.29e+01, -2.134882974e-01, -2.140162899e-01, -2.120059133e-01, -4.263403338e-01
9.30e+01, -2.134903778e-01, -2.140169310e-01, -2.120037136e-01, -4.263406816e-01
9.31e+01, -2.134924592e-01, -2.140175706e-01, -2.120015154e-01, -4.263410301e-01
9.32e+01, -2.134945417e-01, -2.140182084e-01, -2.119993188e-01, -4.263413793e-01
9.33e+01, -2.134966252e-01, -2.140188447e-01, -2.119971237e-01, -4.263417291e-01
9.34e+01, -2.134987098e-01, -2.140194793e-01, -2.119949302e-01, -4.263420795e-01
9.35e+01, -2.135007954e-01, -2.140201123e-01, -2.119927383e-01, -4.263424306e-01
9.36e+01, -2.135028819e-01, -2.140207437e-01, -2.119905480e-01, -4.263427824e-01
9.37e+01, -2.135049695e-01, -2.140213734e-01, -2.119883593e-01, -4.263431348e-01
9.38e+01, -2.135070581e-01, -2.140220015e-01, -2.119861722e-01, -4.263434879e-01
9.39e+01, -2.135091476e-01, -2.140226280e-01, -2.119839868e-01, -4.263438416e-01
9.40e+01, -2.135112380e-01, -2.140232529e-01, -2.119818031e-01, -4.263441961e-01
9.41e+01, -2.135133294e-01, -2.140238762e-01, -2.119796211e-01, -4.263445511e-01
9.42e+01, -2.135154217e-01, -2.140244979e-01, -2.119774408e-01, -4.263449069e-01
9.43e+01, -2.135175150e-01, -2.140251179e-01, -2.119752621e-01, -4.263452633e-01
9.44e+01, -2.135196091e-01, -2.140257364e-01, -2.119730852e-01, -4.263456204e-01
9.45e+01, -2.135217040e-01, -2.140263532e-01, -2.119709101e-01, -4.263459782e-01
9.46e+01, -2.135237999e-01, -2.140269685e-01, -2.119687367e-01, -4.263463367e-01
9.47e+01, -2.135258966e-01, -2.140275821e-01, -2.119665650e-01, -4.263466958e-01
9.48e+01, -2.135279941e-01, -2.140281942e-01, -2.119643952e-01, -4.263470557e-01
9.49e+01, -2.135300925e-01, -2.140288046e-01, -2.119622272e-01, -4.263474162e-01
9.50e+01, -2.135321917e-01, -2.140294135e-01, -2.119600609e-01, -4.263477774e-01
9.51e+01, -2.135342916e-01, -2.140300208e-01, -2.119578965e-01, -4.263481393e-01
9.52e+01, -2.135363924e-01, -2.140306265e-01, -2.119557340e-01, -4.263485019e-01
9.53e+01, -2.135384939e-01, -2.140312306e-01, -2.119535733e-01, -4.263488652e-01
9.54e+01, -2.135405961e-01, -2.140318331e-01, -2.119514145e-01, -4.263492292e-01
9.55e+01, -2.135426991e-01, -2.140324341e-01, -2.119492576e-01, -4.263495938e-01
9.56e+01, -2.135448029e-01, -2.140330334e-01, -2.119471025e-01, -4.263499592e-01
9.57e+01, -2.135469073e-01, -2.140336312e-01, -2.119449494e-01, -4.263503253e-01
9.58e+01, -2.135490125e-01, -2.140342274e-01, -2.119427982e-01, -4.263506921e-01
9.59e+01, -2.135511183e-01, -2.140348221e-01, -2.119406490e-01, -4.263510596e-01
9.60e+01, -2.135532248e-01, -2.140354152e-01, -2.119385017e-01, -4.263514278e-01
9.61e+01, -2.135553319e-01, -2.140360067e-01, -2.119363564e-01, -4.263517967e-01
9.62e+01, -2.135574397e-01, -2.140365966e-01, -2.119342131e-01, -4.263521663e-01
9.63e+01, -2.135595482e-01, -2.140371850e-01, -2.119320718e-01, -4.263525367e-01
9.64e+01, -2.135616572e-01, -2.140377719e-01, -2.119299325e-01, -4.263529077e-01
9.65e+01, -2.135637669e-01, -2.140383572e-01, -2.119277952e-01, -4.263532795e-01
9.66e+01, -2.135658771e-01, -2.140389409e-01, -2.119256600e-01, -4.263536520e-01
9.67e+01, -2.135679880e-01, -2.140395231e-01, -2.119235268e-01, -4.263540252e-01
9.68e+01, -2.135700994e-01, -2.140401037e-01, -2.119213957e-01, -4.263543992e-01
9.69e+01, -2.135722113e-01, -2.140406828e-01, -2.119192667e-01, -4.263547739e-01
9.70e+01, -2.135743238e-01, -2.140412603e-01, -2.119171398e-01, -4.263551493e-01
9.71e+01, -2.135764368e-01, -2.140418364e-01, -2.119150150e-01, -4.263555254e-01
9.72e+01, -2.135785503e-01, -2.140424108e-01, -2.119128923e-01, -4.263559023e-01
9.73e+01, -2.135806643e-01, -2.140429838e-01, -2.119107718e-01, -4.263562799e-01
9.74e+01, -2.135827788e-01, -2.140435551e-01, -2.119086534e-01, -4.263566583e-01
9.75e+01, -2.135848938e-01, -2.140441250e-01, -2.119065372e-01, -4.263570373e-01
9.76e+01, -2.135870092e-01, -2.140446934e-01, -2.119044232e-01, -4.263574172e-01
9.77e+01, -2.135891251e-01, -2.140452602e-01, -2.119023114e-01, -4.263577977e-01
9.78e+01, -2.135912414e-01, -2.140458255e-01, -2.119002017e-01, -4.263581791e-01
9.79e+01, -2.135933581e-01, -2.140463892e-01, -2.118980943e-01, -4.263585611e-01
9.80e+01, -2.135954753e-01, -2.140469515e-01, -2.118959892e-01, -4.263589439e-01
9.81e+01, -2.135975928e-01, -2.140475122e-01, -2.118938863e-01, -4.263593275e-01
9.82e+01, -2.135997107e-01, -2.140480714e-01, -2.118917856e-01, -4.263597118e-01
9.83e+01, -2.136018290e-01, -2.140486291e-01, -2.118896872e-01, -4.263600969e-01
9.84e+01, -2.136039476e-01, -2.140491853e-01, -2.118875912e-01, -4.263604827e-01
9.85e+01, -2.136060666e-01, -2.140497400e-01, -2.118854974e-01, -4.263608693e-01
9.86e+01, -2.136081859e-01, -2.140502932e-01, -2.118834059e-01, -4.263612567e-01
9.87e+01, -2.136103055e-01, -2.140508449e-01, -2.118813168e-01, -4.263616448e-01
9.88e+01, -2.136124254e-01, -2.140513951e-01, -2.118792300e-01, -4.263620337e-01
9.89e+01, -2.136145456e-01, -2.140519438e-01, -2.118771456e-01, -4.263624233e-01
9.90e+01, -2.136166661e-01, -2.140524910e-01, -2.118750635e-01, -4.263628137e-01
9.91e+01, -2.136187868e-01, -2.140530367e-01, -2.118729838e-01, -4.263632049e-01
9.92e+01, -2.136209078e-01, -2.140535810e-01, -2.118709066e-01, -4.263635969e-01
9.93e+01, -2.136230290e-01, -2.140541237e-01, -2.118688317e-01, -4.263639896e-01
9.94e+01, -2.136251505e-01, -2.140546650e-01, -2.118667593e-01, -4.263643831e-01
9.95e+01, -2.136272721e-01, -2.140552047e-01, -2.118646892e-01, -4.263647774e-01
9.96e+01, -2.136293940e-01, -2.140557430e-01, -2.118626217e-01, -4.263651725e-01
9.97e+01, -2.136315161e-01, -2.140562799e-01, -2.118605566e-01, -4.263655683e-01
9.98e+01, -2.136336383e-01, -2.140568152e-01, -2.118584940e-01, -4.263659650e-01
9.99e+01, -2.136357607e-01, -2.140573491e-01, -2.118564338e-01, -4.263663624e-01
1.00e+02, -2.136378832e-01, -2.140578815e-01, -2.118543762e-01, -4.263667606e-01
